<?xml version="1.0" encoding="UTF-8"?>
<testsuite xmlns:xsi="http://www.w3.org/2001/XMLSchema-instance" xsi:noNamespaceSchemaLocation="https://maven.apache.org/surefire/maven-surefire-plugin/xsd/surefire-test-report-3.0.xsd" version="3.0" name="tests.PlanTest" time="0.07" tests="5" errors="0" skipped="0" failures="0">
  <properties>
    <property name="java.specification.version" value="23"/>
    <property name="sun.jnu.encoding" value="UTF-8"/>
    <property name="java.class.path" value="/Users/morganenaibo/4IF/AGILE/PLD_AGILE/target/test-classes:/Users/morganenaibo/4IF/AGILE/PLD_AGILE/target/classes:/Users/morganenaibo/.m2/repository/org/openjfx/javafx-controls/23.0.1/javafx-controls-23.0.1.jar:/Users/morganenaibo/.m2/repository/org/openjfx/javafx-controls/23.0.1/javafx-controls-23.0.1-mac-aarch64.jar:/Users/morganenaibo/.m2/repository/org/openjfx/javafx-graphics/23.0.1/javafx-graphics-23.0.1.jar:/Users/morganenaibo/.m2/repository/org/openjfx/javafx-graphics/23.0.1/javafx-graphics-23.0.1-mac-aarch64.jar:/Users/morganenaibo/.m2/repository/org/openjfx/javafx-base/23.0.1/javafx-base-23.0.1.jar:/Users/morganenaibo/.m2/repository/org/openjfx/javafx-base/23.0.1/javafx-base-23.0.1-mac-aarch64.jar:/Users/morganenaibo/.m2/repository/org/openjfx/javafx-fxml/23.0.1/javafx-fxml-23.0.1.jar:/Users/morganenaibo/.m2/repository/org/openjfx/javafx-fxml/23.0.1/javafx-fxml-23.0.1-mac-aarch64.jar:/Users/morganenaibo/.m2/repository/org/junit/jupiter/junit-jupiter-api/5.9.3/junit-jupiter-api-5.9.3.jar:/Users/morganenaibo/.m2/repository/org/opentest4j/opentest4j/1.2.0/opentest4j-1.2.0.jar:/Users/morganenaibo/.m2/repository/org/junit/platform/junit-platform-commons/1.9.3/junit-platform-commons-1.9.3.jar:/Users/morganenaibo/.m2/repository/org/apiguardian/apiguardian-api/1.1.2/apiguardian-api-1.1.2.jar:/Users/morganenaibo/.m2/repository/org/junit/jupiter/junit-jupiter-engine/5.9.3/junit-jupiter-engine-5.9.3.jar:/Users/morganenaibo/.m2/repository/org/junit/platform/junit-platform-engine/1.9.3/junit-platform-engine-1.9.3.jar:"/>
    <property name="java.vm.vendor" value="Homebrew"/>
    <property name="sun.arch.data.model" value="64"/>
    <property name="java.vendor.url" value="https://github.com/Homebrew/homebrew-core/issues"/>
    <property name="os.name" value="Mac OS X"/>
    <property name="java.vm.specification.version" value="23"/>
    <property name="sun.java.launcher" value="SUN_STANDARD"/>
    <property name="user.country" value="GB"/>
    <property name="sun.boot.library.path" value="/opt/homebrew/Cellar/openjdk/23/libexec/openjdk.jdk/Contents/Home/lib"/>
    <property name="sun.java.command" value="/Users/morganenaibo/4IF/AGILE/PLD_AGILE/target/surefire/surefirebooter-20241108095456077_3.jar /Users/morganenaibo/4IF/AGILE/PLD_AGILE/target/surefire 2024-11-08T09-54-56_022-jvmRun1 surefire-20241108095456077_1tmp surefire_0-20241108095456077_2tmp"/>
    <property name="http.nonProxyHosts" value="local|*.local|169.254/16|*.169.254/16"/>
    <property name="jdk.debug" value="release"/>
    <property name="surefire.test.class.path" value="/Users/morganenaibo/4IF/AGILE/PLD_AGILE/target/test-classes:/Users/morganenaibo/4IF/AGILE/PLD_AGILE/target/classes:/Users/morganenaibo/.m2/repository/org/openjfx/javafx-controls/23.0.1/javafx-controls-23.0.1.jar:/Users/morganenaibo/.m2/repository/org/openjfx/javafx-controls/23.0.1/javafx-controls-23.0.1-mac-aarch64.jar:/Users/morganenaibo/.m2/repository/org/openjfx/javafx-graphics/23.0.1/javafx-graphics-23.0.1.jar:/Users/morganenaibo/.m2/repository/org/openjfx/javafx-graphics/23.0.1/javafx-graphics-23.0.1-mac-aarch64.jar:/Users/morganenaibo/.m2/repository/org/openjfx/javafx-base/23.0.1/javafx-base-23.0.1.jar:/Users/morganenaibo/.m2/repository/org/openjfx/javafx-base/23.0.1/javafx-base-23.0.1-mac-aarch64.jar:/Users/morganenaibo/.m2/repository/org/openjfx/javafx-fxml/23.0.1/javafx-fxml-23.0.1.jar:/Users/morganenaibo/.m2/repository/org/openjfx/javafx-fxml/23.0.1/javafx-fxml-23.0.1-mac-aarch64.jar:/Users/morganenaibo/.m2/repository/org/junit/jupiter/junit-jupiter-api/5.9.3/junit-jupiter-api-5.9.3.jar:/Users/morganenaibo/.m2/repository/org/opentest4j/opentest4j/1.2.0/opentest4j-1.2.0.jar:/Users/morganenaibo/.m2/repository/org/junit/platform/junit-platform-commons/1.9.3/junit-platform-commons-1.9.3.jar:/Users/morganenaibo/.m2/repository/org/apiguardian/apiguardian-api/1.1.2/apiguardian-api-1.1.2.jar:/Users/morganenaibo/.m2/repository/org/junit/jupiter/junit-jupiter-engine/5.9.3/junit-jupiter-engine-5.9.3.jar:/Users/morganenaibo/.m2/repository/org/junit/platform/junit-platform-engine/1.9.3/junit-platform-engine-1.9.3.jar:"/>
    <property name="sun.cpu.endian" value="little"/>
    <property name="user.home" value="/Users/morganenaibo"/>
    <property name="user.language" value="en"/>
    <property name="java.specification.vendor" value="Oracle Corporation"/>
    <property name="java.version.date" value="2024-09-17"/>
    <property name="java.home" value="/opt/homebrew/Cellar/openjdk/23/libexec/openjdk.jdk/Contents/Home"/>
    <property name="file.separator" value="/"/>
    <property name="basedir" value="/Users/morganenaibo/4IF/AGILE/PLD_AGILE"/>
    <property name="java.vm.compressedOopsMode" value="Zero based"/>
    <property name="line.separator" value="&#10;"/>
    <property name="java.vm.specification.vendor" value="Oracle Corporation"/>
    <property name="java.specification.name" value="Java Platform API Specification"/>
    <property name="apple.awt.application.name" value="ForkedBooter"/>
    <property name="surefire.real.class.path" value="/Users/morganenaibo/4IF/AGILE/PLD_AGILE/target/surefire/surefirebooter-20241108095456077_3.jar"/>
    <property name="sun.management.compiler" value="HotSpot 64-Bit Tiered Compilers"/>
    <property name="ftp.nonProxyHosts" value="local|*.local|169.254/16|*.169.254/16"/>
    <property name="java.runtime.version" value="23"/>
    <property name="user.name" value="morganenaibo"/>
    <property name="stdout.encoding" value="UTF-8"/>
    <property name="path.separator" value=":"/>
    <property name="os.version" value="15.0.1"/>
    <property name="java.runtime.name" value="OpenJDK Runtime Environment"/>
    <property name="file.encoding" value="UTF-8"/>
    <property name="java.vm.name" value="OpenJDK 64-Bit Server VM"/>
    <property name="java.vendor.version" value="Homebrew"/>
    <property name="localRepository" value="/Users/morganenaibo/.m2/repository"/>
    <property name="java.vendor.url.bug" value="https://github.com/Homebrew/homebrew-core/issues"/>
    <property name="java.io.tmpdir" value="/var/folders/vy/k_by2v7578q71z77zl27r9km0000gn/T/"/>
    <property name="java.version" value="23"/>
    <property name="user.dir" value="/Users/morganenaibo/4IF/AGILE/PLD_AGILE"/>
    <property name="os.arch" value="aarch64"/>
    <property name="java.vm.specification.name" value="Java Virtual Machine Specification"/>
    <property name="native.encoding" value="UTF-8"/>
    <property name="java.library.path" value="/Users/morganenaibo/Library/Java/Extensions:/Library/Java/Extensions:/Network/Library/Java/Extensions:/System/Library/Java/Extensions:/usr/lib/java:."/>
    <property name="java.vm.info" value="mixed mode, sharing"/>
    <property name="stderr.encoding" value="UTF-8"/>
    <property name="java.vendor" value="Homebrew"/>
    <property name="java.vm.version" value="23"/>
    <property name="sun.io.unicode.encoding" value="UnicodeBig"/>
    <property name="socksNonProxyHosts" value="local|*.local|169.254/16|*.169.254/16"/>
    <property name="java.class.version" value="67.0"/>
  </properties>
  <testcase name="testAjouterTroncon" classname="tests.PlanTest" time="0.017"/>
  <testcase name="testAjouterIntersection" classname="tests.PlanTest" time="0.001"/>
  <testcase name="testChercherIntersectionParId" classname="tests.PlanTest" time="0.001"/>
  <testcase name="testChercherPlusCourtChemin" classname="tests.PlanTest" time="0.001"/>
  <testcase name="testChargerPlanDepuisXML" classname="tests.PlanTest" time="0.037">
    <system-out><![CDATA[Tronçon: 1 -> 2, Longueur: 10.0m, Rue: Rue A*
Tronçon: 1 -> 3, Longueur: 10.0m, Rue: Rue B*
Tronçon: 1 -> 4, Longueur: 10.0m, Rue: Rue C*
Tronçon: 1 -> 5, Longueur: 10.0m, Rue: Rue D*
Tronçon: 1 -> 6, Longueur: 10.0m, Rue: Rue E*
Tronçon: 1 -> 7, Longueur: 10.0m, Rue: Rue F*
Tronçon: 1 -> 8, Longueur: 10.0m, Rue: Rue G*
Tronçon: 1 -> 9, Longueur: 10.0m, Rue: Rue H*
Tronçon: 2 -> 1, Longueur: 10.0m, Rue: Rue A*
Tronçon: 3 -> 1, Longueur: 10.0m, Rue: Rue B*
Tronçon: 4 -> 1, Longueur: 10.0m, Rue: Rue C*
Tronçon: 5 -> 1, Longueur: 10.0m, Rue: Rue D*
Tronçon: 6 -> 1, Longueur: 10.0m, Rue: Rue E*
Tronçon: 7 -> 1, Longueur: 10.0m, Rue: Rue F*
Tronçon: 8 -> 1, Longueur: 10.0m, Rue: Rue G*
Tronçon: 9 -> 1, Longueur: 10.0m, Rue: Rue H*
Tronçon: 3 -> 2, Longueur: 3.0m, Rue: Rue I
Tronçon: 2 -> 3, Longueur: 3.0m, Rue: Rue I
Tronçon: 3 -> 4, Longueur: 8.0m, Rue: Rue J
Tronçon: 4 -> 3, Longueur: 8.0m, Rue: Rue J
Tronçon: 5 -> 4, Longueur: 4.0m, Rue: Rue K
Tronçon: 4 -> 5, Longueur: 4.0m, Rue: Rue K
Tronçon: 6 -> 5, Longueur: 12.0m, Rue: Rue L
Tronçon: 5 -> 6, Longueur: 12.0m, Rue: Rue L
Tronçon: 6 -> 7, Longueur: 1.0m, Rue: Rue M
Tronçon: 7 -> 6, Longueur: 1.0m, Rue: Rue M
Tronçon: 8 -> 7, Longueur: 5.0m, Rue: Rue N
Tronçon: 7 -> 8, Longueur: 5.0m, Rue: Rue N
Tronçon: 8 -> 9, Longueur: 2.0m, Rue: Rue O
Tronçon: 9 -> 8, Longueur: 2.0m, Rue: Rue O
Tronçon: 9 -> 2, Longueur: 7.0m, Rue: Rue P
Tronçon: 2 -> 9, Longueur: 7.0m, Rue: Rue P
]]></system-out>
  </testcase>
</testsuite>