<?xml version="1.0" encoding="UTF-8"?>
<testsuite xmlns:xsi="http://www.w3.org/2001/XMLSchema-instance" xsi:noNamespaceSchemaLocation="https://maven.apache.org/surefire/maven-surefire-plugin/xsd/surefire-test-report-3.0.xsd" version="3.0" name="tests.PlanTest" time="0.483" tests="5" errors="0" skipped="0" failures="0">
  <properties>
    <property name="java.specification.version" value="23"/>
    <property name="sun.jnu.encoding" value="UTF-8"/>
    <property name="java.class.path" value="/Users/morganenaibo/4IF/AGILE/PLD_AGILE/target/test-classes:/Users/morganenaibo/4IF/AGILE/PLD_AGILE/target/classes:/Users/morganenaibo/.m2/repository/org/openjfx/javafx-controls/23.0.1/javafx-controls-23.0.1.jar:/Users/morganenaibo/.m2/repository/org/openjfx/javafx-controls/23.0.1/javafx-controls-23.0.1-mac-aarch64.jar:/Users/morganenaibo/.m2/repository/org/openjfx/javafx-graphics/23.0.1/javafx-graphics-23.0.1.jar:/Users/morganenaibo/.m2/repository/org/openjfx/javafx-graphics/23.0.1/javafx-graphics-23.0.1-mac-aarch64.jar:/Users/morganenaibo/.m2/repository/org/openjfx/javafx-base/23.0.1/javafx-base-23.0.1.jar:/Users/morganenaibo/.m2/repository/org/openjfx/javafx-base/23.0.1/javafx-base-23.0.1-mac-aarch64.jar:/Users/morganenaibo/.m2/repository/org/openjfx/javafx-fxml/23.0.1/javafx-fxml-23.0.1.jar:/Users/morganenaibo/.m2/repository/org/openjfx/javafx-fxml/23.0.1/javafx-fxml-23.0.1-mac-aarch64.jar:/Users/morganenaibo/.m2/repository/org/junit/jupiter/junit-jupiter-api/5.9.3/junit-jupiter-api-5.9.3.jar:/Users/morganenaibo/.m2/repository/org/opentest4j/opentest4j/1.2.0/opentest4j-1.2.0.jar:/Users/morganenaibo/.m2/repository/org/junit/platform/junit-platform-commons/1.9.3/junit-platform-commons-1.9.3.jar:/Users/morganenaibo/.m2/repository/org/apiguardian/apiguardian-api/1.1.2/apiguardian-api-1.1.2.jar:/Users/morganenaibo/.m2/repository/org/junit/jupiter/junit-jupiter-engine/5.9.3/junit-jupiter-engine-5.9.3.jar:/Users/morganenaibo/.m2/repository/org/junit/platform/junit-platform-engine/1.9.3/junit-platform-engine-1.9.3.jar:"/>
    <property name="java.vm.vendor" value="Homebrew"/>
    <property name="sun.arch.data.model" value="64"/>
    <property name="java.vendor.url" value="https://github.com/Homebrew/homebrew-core/issues"/>
    <property name="os.name" value="Mac OS X"/>
    <property name="java.vm.specification.version" value="23"/>
    <property name="sun.java.launcher" value="SUN_STANDARD"/>
    <property name="user.country" value="GB"/>
    <property name="sun.boot.library.path" value="/opt/homebrew/Cellar/openjdk/23/libexec/openjdk.jdk/Contents/Home/lib"/>
    <property name="sun.java.command" value="/Users/morganenaibo/4IF/AGILE/PLD_AGILE/target/surefire/surefirebooter-20241105111649422_3.jar /Users/morganenaibo/4IF/AGILE/PLD_AGILE/target/surefire 2024-11-05T11-16-49_371-jvmRun1 surefire-20241105111649422_1tmp surefire_0-20241105111649422_2tmp"/>
    <property name="http.nonProxyHosts" value="local|*.local|169.254/16|*.169.254/16"/>
    <property name="jdk.debug" value="release"/>
    <property name="surefire.test.class.path" value="/Users/morganenaibo/4IF/AGILE/PLD_AGILE/target/test-classes:/Users/morganenaibo/4IF/AGILE/PLD_AGILE/target/classes:/Users/morganenaibo/.m2/repository/org/openjfx/javafx-controls/23.0.1/javafx-controls-23.0.1.jar:/Users/morganenaibo/.m2/repository/org/openjfx/javafx-controls/23.0.1/javafx-controls-23.0.1-mac-aarch64.jar:/Users/morganenaibo/.m2/repository/org/openjfx/javafx-graphics/23.0.1/javafx-graphics-23.0.1.jar:/Users/morganenaibo/.m2/repository/org/openjfx/javafx-graphics/23.0.1/javafx-graphics-23.0.1-mac-aarch64.jar:/Users/morganenaibo/.m2/repository/org/openjfx/javafx-base/23.0.1/javafx-base-23.0.1.jar:/Users/morganenaibo/.m2/repository/org/openjfx/javafx-base/23.0.1/javafx-base-23.0.1-mac-aarch64.jar:/Users/morganenaibo/.m2/repository/org/openjfx/javafx-fxml/23.0.1/javafx-fxml-23.0.1.jar:/Users/morganenaibo/.m2/repository/org/openjfx/javafx-fxml/23.0.1/javafx-fxml-23.0.1-mac-aarch64.jar:/Users/morganenaibo/.m2/repository/org/junit/jupiter/junit-jupiter-api/5.9.3/junit-jupiter-api-5.9.3.jar:/Users/morganenaibo/.m2/repository/org/opentest4j/opentest4j/1.2.0/opentest4j-1.2.0.jar:/Users/morganenaibo/.m2/repository/org/junit/platform/junit-platform-commons/1.9.3/junit-platform-commons-1.9.3.jar:/Users/morganenaibo/.m2/repository/org/apiguardian/apiguardian-api/1.1.2/apiguardian-api-1.1.2.jar:/Users/morganenaibo/.m2/repository/org/junit/jupiter/junit-jupiter-engine/5.9.3/junit-jupiter-engine-5.9.3.jar:/Users/morganenaibo/.m2/repository/org/junit/platform/junit-platform-engine/1.9.3/junit-platform-engine-1.9.3.jar:"/>
    <property name="sun.cpu.endian" value="little"/>
    <property name="user.home" value="/Users/morganenaibo"/>
    <property name="user.language" value="en"/>
    <property name="java.specification.vendor" value="Oracle Corporation"/>
    <property name="java.version.date" value="2024-09-17"/>
    <property name="java.home" value="/opt/homebrew/Cellar/openjdk/23/libexec/openjdk.jdk/Contents/Home"/>
    <property name="file.separator" value="/"/>
    <property name="basedir" value="/Users/morganenaibo/4IF/AGILE/PLD_AGILE"/>
    <property name="java.vm.compressedOopsMode" value="Zero based"/>
    <property name="line.separator" value="&#10;"/>
    <property name="java.vm.specification.vendor" value="Oracle Corporation"/>
    <property name="java.specification.name" value="Java Platform API Specification"/>
    <property name="apple.awt.application.name" value="ForkedBooter"/>
    <property name="surefire.real.class.path" value="/Users/morganenaibo/4IF/AGILE/PLD_AGILE/target/surefire/surefirebooter-20241105111649422_3.jar"/>
    <property name="sun.management.compiler" value="HotSpot 64-Bit Tiered Compilers"/>
    <property name="ftp.nonProxyHosts" value="local|*.local|169.254/16|*.169.254/16"/>
    <property name="java.runtime.version" value="23"/>
    <property name="user.name" value="morganenaibo"/>
    <property name="stdout.encoding" value="UTF-8"/>
    <property name="path.separator" value=":"/>
    <property name="os.version" value="15.0.1"/>
    <property name="java.runtime.name" value="OpenJDK Runtime Environment"/>
    <property name="file.encoding" value="UTF-8"/>
    <property name="java.vm.name" value="OpenJDK 64-Bit Server VM"/>
    <property name="java.vendor.version" value="Homebrew"/>
    <property name="localRepository" value="/Users/morganenaibo/.m2/repository"/>
    <property name="java.vendor.url.bug" value="https://github.com/Homebrew/homebrew-core/issues"/>
    <property name="java.io.tmpdir" value="/var/folders/vy/k_by2v7578q71z77zl27r9km0000gn/T/"/>
    <property name="java.version" value="23"/>
    <property name="user.dir" value="/Users/morganenaibo/4IF/AGILE/PLD_AGILE"/>
    <property name="os.arch" value="aarch64"/>
    <property name="java.vm.specification.name" value="Java Virtual Machine Specification"/>
    <property name="native.encoding" value="UTF-8"/>
    <property name="java.library.path" value="/Users/morganenaibo/Library/Java/Extensions:/Library/Java/Extensions:/Network/Library/Java/Extensions:/System/Library/Java/Extensions:/usr/lib/java:."/>
    <property name="java.vm.info" value="mixed mode, sharing"/>
    <property name="stderr.encoding" value="UTF-8"/>
    <property name="java.vendor" value="Homebrew"/>
    <property name="java.vm.version" value="23"/>
    <property name="sun.io.unicode.encoding" value="UnicodeBig"/>
    <property name="socksNonProxyHosts" value="local|*.local|169.254/16|*.169.254/16"/>
    <property name="java.class.version" value="67.0"/>
  </properties>
  <testcase name="testAjouterTroncon" classname="tests.PlanTest" time="0.022"/>
  <testcase name="testAjouterIntersection" classname="tests.PlanTest" time="0.001"/>
  <testcase name="testChercherIntersectionParId" classname="tests.PlanTest" time="0.0"/>
  <testcase name="testChercherPlusCourtChemin" classname="tests.PlanTest" time="0.008">
    <system-out><![CDATA[1
Intersection [id=2, latitude=45.755, longitude=4.832]
2
Intersection [id=3, latitude=45.756, longitude=4.833]
2
Intersection [id=3, latitude=45.756, longitude=4.833]
3
Intersection [id=4, latitude=45.757, longitude=4.834]
]]></system-out>
  </testcase>
  <testcase name="testChargerPlanDepuisXML" classname="tests.PlanTest" time="0.438">
    <system-out><![CDATA[Tronçon: 2684668925 -> 2509481775, Longueur: 97.249695m, Rue: Rue Château-Gaillard
Tronçon: 2684668925 -> 190823183, Longueur: 62.401424m, Rue: Rue Château-Gaillard
Tronçon: 2684668925 -> 190825078, Longueur: 77.52319m, Rue: Rue Château-Gaillard
Tronçon: 25319182 -> 34385840, Longueur: 245.00311m, Rue: Cours Lafayette
Tronçon: 25319182 -> 264496810, Longueur: 70.75526m, Rue: Rue Duguesclin
Tronçon: 25319181 -> 25319177, Longueur: 82.31676m, Rue: Rue Juliette Récamier
Tronçon: 25319181 -> 25319178, Longueur: 64.50571m, Rue: Cours Lafayette
Tronçon: 25319183 -> 25327137, Longueur: 54.148617m, Rue: Rue de Créqui
Tronçon: 25319183 -> 25319182, Longueur: 95.71332m, Rue: Cours Lafayette
Tronçon: 1850080438 -> 251049182, Longueur: 86.854355m, Rue: Rue de la Fraternité
Tronçon: 1850080438 -> 25611395, Longueur: 89.326126m, Rue: Route de Genas
Tronçon: 25319177 -> 25310897, Longueur: 41.39296m, Rue: Rue Juliette Récamier
Tronçon: 25319177 -> 25310898, Longueur: 28.05534m, Rue: Rue Tête d'Or
Tronçon: 25319178 -> 25319177, Longueur: 60.551334m, Rue: Rue Tête d'Or
Tronçon: 25319178 -> 1682324863, Longueur: 136.3551m, Rue: Cours Lafayette
Tronçon: 2292223595 -> 245023120, Longueur: 64.90494m, Rue: Rue Jean Jaurès
Tronçon: 2292223595 -> 2066074371, Longueur: 217.54007m, Rue: Rue Emile Bender
Tronçon: 2292223595 -> 245023123, Longueur: 70.26581m, Rue: Rue Jean Jaurès
Tronçon: 239601996 -> 240470314, Longueur: 221.16014m, Rue: Avenue Doyen Jean Lépine
Tronçon: 239601996 -> 2858197804, Longueur: 140.8508m, Rue: Avenue Doyen Jean Lépine
Tronçon: 239601996 -> 239602381, Longueur: 179.74854m, Rue: Rue des Genêts
Tronçon: 25610684 -> 25610688, Longueur: 13.393311m, Rue: Boulevard Pinel
Tronçon: 25610684 -> 1921830160, Longueur: 178.51085m, Rue: Boulevard Pinel
Tronçon: 25610684 -> 25610709, Longueur: 22.654398m, Rue: Boulevard Pinel
Tronçon: 25610688 -> 25610707, Longueur: 35.041103m, Rue: Boulevard Pinel
Tronçon: 25610688 -> 25610684, Longueur: 13.393311m, Rue: Boulevard Pinel
Tronçon: 35221958 -> 35221969, Longueur: 83.152885m, Rue: Rue Jean-Baptiste Say
Tronçon: 3932053909 -> 252626816, Longueur: 234.13585m, Rue: Rue d'HanoïRue Henri Rolland
Tronçon: 3932053909 -> 25618218, Longueur: 123.68092m, Rue: Avenue Antoine Dutrievoz Avenue Thiers
Tronçon: 3932053909 -> 25618436, Longueur: 52.751087m, Rue: Rue d'Hanoï
Tronçon: 3932053909 -> 24644518, Longueur: 132.26596m, Rue: Avenue Antoine Dutrievoz
Tronçon: 3095792653 -> 3095792647, Longueur: 69.62637m, Rue: Rue Anna Marly
Tronçon: 3095792653 -> 26120306, Longueur: 78.154526m, Rue: Passage Faugier
Tronçon: 3095792653 -> 26120310, Longueur: 69.047966m, Rue: Passage Faugier
Tronçon: 270298921 -> 270298919, Longueur: 125.58841m, Rue: Rue Louis Tixier
Tronçon: 270298921 -> 270298916, Longueur: 237.68938m, Rue: Rue Albert Morel Rue Gaston Cotte
Tronçon: 270298921 -> 270298918, Longueur: 78.20654m, Rue: Rue Albert Morel
Tronçon: 3095792647 -> 3095792653, Longueur: 69.62637m, Rue: Rue Anna Marly
Tronçon: 3095792647 -> 569061956, Longueur: 78.57565m, Rue: Impasse de l'Asphalte
Tronçon: 3095792647 -> 26120310, Longueur: 146.88342m, Rue: Impasse de l'Asphalte
Tronçon: 26053894 -> 26053248, Longueur: 52.640385m, Rue: Rue de la Part-Dieu
Tronçon: 26053894 -> 25719220, Longueur: 90.57062m, Rue: Cours de la Liberté
Tronçon: 25321469 -> 25321456, Longueur: 90.44906m, Rue: Rue Feuillat
Tronçon: 55435089 -> 191134633, Longueur: 154.78743m, Rue: Rue Burais
Tronçon: 55435089 -> 55435003, Longueur: 64.29078m, Rue: Rue Léon Blum
Tronçon: 55435089 -> 55435139, Longueur: 98.5397m, Rue: Rue Léon Blum
Tronçon: 21703589 -> 21703587, Longueur: 120.261284m, Rue: Rue du Docteur Victor Despeignes
Tronçon: 21703589 -> 21703590, Longueur: 13.686849m, Rue: Place du Professeur Joseph Renaut
Tronçon: 21703589 -> 21703591, Longueur: 36.09041m, Rue: Place du Professeur Joseph Renaut
Tronçon: 95836805 -> 26058995, Longueur: 107.75901m, Rue: Place Jean Macé
Tronçon: 95836805 -> 2365927996, Longueur: 139.7962m, Rue: Avenue Jean Jaurès
Tronçon: 21703587 -> 21702422, Longueur: 137.8041m, Rue: Passage des Alouettes
Tronçon: 21703587 -> 21703594, Longueur: 86.98997m, Rue: Passage des Alouettes
Tronçon: 21703587 -> 21703589, Longueur: 120.261284m, Rue: Rue du Docteur Victor Despeignes
Tronçon: 55447043 -> 55447041, Longueur: 80.0538m, Rue: Rue du 4 Août 1789
Tronçon: 55447043 -> 55457354, Longueur: 198.94957m, Rue: Rue Racine
Tronçon: 55447043 -> 1439751395, Longueur: 94.62796m, Rue: Rue Racine
Tronçon: 55447041 -> 55447040, Longueur: 97.26225m, Rue: Rue du 4 Août 1789
Tronçon: 55447041 -> 55447043, Longueur: 80.0538m, Rue: Rue du 4 Août 1789
Tronçon: 55447041 -> 249081135, Longueur: 259.66147m, Rue: Rue Baudelaire
Tronçon: 55447040 -> 58584528, Longueur: 62.26294m, Rue: Rue Paul Verlaine
Tronçon: 55447040 -> 55447041, Longueur: 97.26225m, Rue: Rue du 4 Août 1789
Tronçon: 55447040 -> 58584538, Longueur: 59.4986m, Rue: Rue du 4 Août 1789
Tronçon: 55447040 -> 249122723, Longueur: 114.7658m, Rue: Rue Paul Verlaine
Tronçon: 1433928362 -> 60685048, Longueur: 32.259502m, Rue: Rue Melzet
Tronçon: 1433928362 -> 1433928351, Longueur: 71.52899m, Rue: Place Wilson
Tronçon: 55447034 -> 60491712, Longueur: 96.50716m, Rue: Avenue Auguste Blanqui
Tronçon: 55447034 -> 58584489, Longueur: 157.56934m, Rue: Rue du 4 Août 1789
Tronçon: 55447034 -> 58584503, Longueur: 193.32808m, Rue: Rue Docteur Rollet
Tronçon: 2606641710 -> 25722297, Longueur: 19.941236m, Rue: Rue Duquesne
Tronçon: 2606641710 -> 2606667675, Longueur: 14.748209m, Rue: Avenue de Grande-Bretagne
Tronçon: 2606641710 -> 2606641713, Longueur: 46.311558m, Rue: Avenue de Grande-Bretagne
Tronçon: 55447039 -> 55447037, Longueur: 99.05025m, Rue: Rue du 4 Août 1789
Tronçon: 55447037 -> 60491716, Longueur: 7.945504m, Rue: Rue du 4 Août 1789
Tronçon: 25319190 -> 25319196, Longueur: 87.59757m, Rue: Avenue du Maréchal de Saxe
Tronçon: 25319190 -> 25319302, Longueur: 82.42917m, Rue: Cours Lafayette
Tronçon: 25319193 -> 25327136, Longueur: 53.318466m, Rue: Rue Vendôme
Tronçon: 25319193 -> 1606993790, Longueur: 18.947857m, Rue: Rue Louis Blanc
Tronçon: 25319195 -> 639567628, Longueur: 32.22235m, Rue: Avenue du Maréchal de Saxe
Tronçon: 25319194 -> 21604552, Longueur: 84.30736m, Rue: Rue Vauban
Tronçon: 25319194 -> 25319193, Longueur: 70.440254m, Rue: Rue Vendôme
Tronçon: 25319196 -> 21604552, Longueur: 69.36976m, Rue: Avenue du Maréchal de Saxe
Tronçon: 25319196 -> 25319193, Longueur: 83.11867m, Rue: Rue Fénelon
Tronçon: 21703591 -> 21703598, Longueur: 37.43976m, Rue: Rue Nungesser et Coli
Tronçon: 21703591 -> 21703590, Longueur: 23.8622m, Rue: Place du Professeur Joseph Renaut
Tronçon: 21703591 -> 21703589, Longueur: 36.09041m, Rue: Place du Professeur Joseph Renaut
Tronçon: 21703590 -> 21703595, Longueur: 91.51855m, Rue: Rue du Professeur Joseph Renaut
Tronçon: 21703590 -> 21703589, Longueur: 13.686849m, Rue: Place du Professeur Joseph Renaut
Tronçon: 21703590 -> 21703591, Longueur: 23.8622m, Rue: Place du Professeur Joseph Renaut
Tronçon: 21703596 -> 21703595, Longueur: 81.20731m, Rue: Rue Louis Cézard
Tronçon: 21703596 -> 21703598, Longueur: 106.17174m, Rue: Rue Gabriel Sarrazin
Tronçon: 21703595 -> 21703596, Longueur: 81.20731m, Rue: Rue Louis Cézard
Tronçon: 21703595 -> 21703594, Longueur: 126.292145m, Rue: Rue Louis Cézard
Tronçon: 21703595 -> 21704335, Longueur: 107.66819m, Rue: Rue Président Krüger
Tronçon: 21703594 -> 2920302042, Longueur: 129.51945m, Rue: Passage des Alouettes
Tronçon: 21703594 -> 21703587, Longueur: 86.98997m, Rue: Passage des Alouettes
Tronçon: 21703594 -> 21703595, Longueur: 126.292145m, Rue: Rue Louis Cézard
Tronçon: 2606641713 -> 25316194, Longueur: 62.841774m, Rue: Place d'Helvétie
Tronçon: 2606641713 -> 746310128, Longueur: 131.96497m, Rue: Avenue de Grande-Bretagne
Tronçon: 21703598 -> 21704344, Longueur: 86.61062m, Rue: Rue Nungesser et Coli
Tronçon: 21703598 -> 21703591, Longueur: 37.43976m, Rue: Rue Nungesser et Coli
Tronçon: 55435051 -> 55435003, Longueur: 23.662397m, Rue: Rue Léon Blum
Tronçon: 55435051 -> 191134642, Longueur: 151.08218m, Rue: Rue Général Leclerc
Tronçon: 55435051 -> 55463781, Longueur: 259.3823m, Rue: Place Jules Grandclément
Tronçon: 55447029 -> 55447024, Longueur: 169.93988m, Rue: Rue du 4 Août 1789
Tronçon: 55447029 -> 60491713, Longueur: 313.27414m, Rue: Rue Camille Koechlin
Tronçon: 1042749170 -> 1042749309, Longueur: 91.65983m, Rue: 
Tronçon: 1042749170 -> 25316191, Longueur: 40.403606m, Rue: Avenue Maréchal Foch
Tronçon: 55429279 -> 602510192, Longueur: 130.1075m, Rue: 
Tronçon: 55429279 -> 1637479782, Longueur: 176.79564m, Rue: 
Tronçon: 25321422 -> 25321408, Longueur: 15.331951m, Rue: Rue du Docteur Rebatel
Tronçon: 25321422 -> 1288817934, Longueur: 250.5025m, Rue: Rue de Montbrillant
Tronçon: 25152159 -> 26576961, Longueur: 41.47423m, Rue: Rue Claude Veyron
Tronçon: 25152159 -> 1036842122, Longueur: 173.61807m, Rue: Boulevard des Tchécoslovaques
Tronçon: 382011406 -> 21855792, Longueur: 115.74817m, Rue: Avenue Berthelot
Tronçon: 382011406 -> 25468085, Longueur: 20.11262m, Rue: Boulevard des États-Unis
Tronçon: 4428355731 -> 195263, Longueur: 13.370239m, Rue: Rue du Général Mouton-Duvernet
Tronçon: 4428355731 -> 195261, Longueur: 348.3609m, Rue: Rue du Général Mouton-Duvernet
Tronçon: 4428355731 -> 25336175, Longueur: 514.477m, Rue: Rue Jeanne Hachette
Tronçon: 382011402 -> 21992645, Longueur: 49.655235m, Rue: Rue Audibert et Lavirotte
Tronçon: 382011402 -> 382011406, Longueur: 34.71358m, Rue: Avenue Berthelot
Tronçon: 382011401 -> 25470916, Longueur: 21.197094m, Rue: Rue Audibert et Lavirotte
Tronçon: 382011401 -> 1643908326, Longueur: 54.218502m, Rue: Rue Audibert et Lavirotte
Tronçon: 1042749162 -> 761253220, Longueur: 64.14251m, Rue: Place Edgar Quinet
Tronçon: 25321433 -> 25321422, Longueur: 77.777405m, Rue: Rue du Docteur Rebatel
Tronçon: 16050062 -> 21674798, Longueur: 86.47221m, Rue: Rue Vendôme
Tronçon: 16050062 -> 25719223, Longueur: 89.21843m, Rue: Cours Franklin Roosevelt
Tronçon: 1433928351 -> 252626869, Longueur: 80.58995m, Rue: Place Wilson
Tronçon: 475003534 -> 25334284, Longueur: 121.22236m, Rue: Rue du Premier Film
Tronçon: 475003534 -> 25334263, Longueur: 56.788273m, Rue: Rue du Premier Film
Tronçon: 692874633 -> 26106489, Longueur: 12.757768m, Rue: Rue du Président Édouard Herriot
Tronçon: 692874633 -> 692874653, Longueur: 72.61111m, Rue: Rue Saint-Nizier
Tronçon: 4295013306 -> 195241, Longueur: 30.179918m, Rue: Rue Garibaldi
Tronçon: 4295013306 -> 195242, Longueur: 12.497278m, Rue: Rue Garibaldi
Tronçon: 4295013306 -> 1502674588, Longueur: 23.91031m, Rue: Rue Camille Roy
Tronçon: 25321447 -> 2129259178, Longueur: 50.40357m, Rue: Avenue Lacassagne
Tronçon: 25321447 -> 25336247, Longueur: 32.53504m, Rue: Rue du Docteur Rebatel
Tronçon: 4295013309 -> 195242, Longueur: 9.7660475m, Rue: Rue Garibaldi
Tronçon: 4295013309 -> 1502674588, Longueur: 16.318165m, Rue: Rue Camille Roy
Tronçon: 26576932 -> 25152159, Longueur: 176.41335m, Rue: Boulevard des Tchécoslovaques
Tronçon: 25152142 -> 25152442, Longueur: 106.956116m, Rue: Rue Claude Veyron
Tronçon: 25152142 -> 25152444, Longueur: 147.01945m, Rue: Rue du Docteur Crestin
Tronçon: 25321456 -> 25321433, Longueur: 174.66516m, Rue: Rue Fiol
Tronçon: 25321456 -> 25303831, Longueur: 64.89446m, Rue: Rue Feuillat
Tronçon: 1395793341 -> 245054761, Longueur: 70.45756m, Rue: Rue Sigismond Brissy
Tronçon: 1395793336 -> 21714985, Longueur: 74.025635m, Rue: Rue Lionel Terray
Tronçon: 26575616 -> 195231, Longueur: 80.52355m, Rue: Quai du Docteur Gailleton
Tronçon: 26575616 -> 1037257431, Longueur: 139.07611m, Rue: Rue Sala
Tronçon: 1395793339 -> 1778329200, Longueur: 5.533777m, Rue: Avenue Jean Mermoz
Tronçon: 1395793338 -> 245054756, Longueur: 37.436825m, Rue: Rue de Solesmes
Tronçon: 26575615 -> 26575616, Longueur: 90.99193m, Rue: Quai du Docteur Gailleton
Tronçon: 26014245 -> 26016372, Longueur: 19.679756m, Rue: Pont du Maréchal Juin
Tronçon: 26014245 -> 26016370, Longueur: 38.02566m, Rue: Pont du Maréchal Juin
Tronçon: 24485922 -> 24485763, Longueur: 96.18068m, Rue: Rue de la Charité
Tronçon: 55429236 -> 55416694, Longueur: 208.42361m, Rue: 
Tronçon: 194609787 -> 194605282, Longueur: 72.37379m, Rue: Avenue Franklin Roosevelt
Tronçon: 692874655 -> 26106488, Longueur: 5.8443303m, Rue: Rue du Président Édouard Herriot
Tronçon: 1291421577 -> 58584515, Longueur: 78.30088m, Rue: Rue Racine
Tronçon: 1291421577 -> 866520453, Longueur: 114.3221m, Rue: Rue Racine
Tronçon: 1291421577 -> 1291421565, Longueur: 66.95444m, Rue: Rue Malherbe
Tronçon: 26576954 -> 3393859904, Longueur: 197.8001m, Rue: Boulevard Vivier-Merle
Tronçon: 26576954 -> 26121686, Longueur: 115.87691m, Rue: Boulevard des Tchécoslovaques
Tronçon: 26575623 -> 26575622, Longueur: 137.58585m, Rue: Quai du Docteur Gailleton
Tronçon: 26576955 -> 26576953, Longueur: 26.196728m, Rue: Grande Rue de la Guillotière
Tronçon: 26576955 -> 2477791932, Longueur: 10.054522m, Rue: Boulevard des Tchécoslovaques
Tronçon: 692874653 -> 692874633, Longueur: 72.61111m, Rue: Rue Saint-Nizier
Tronçon: 26576953 -> 26576954, Longueur: 26.16321m, Rue: Grande Rue de la Guillotière
Tronçon: 26576953 -> 18697372, Longueur: 34.76711m, Rue: Grande Rue de la Guillotière
Tronçon: 26575622 -> 3101723973, Longueur: 8.918993m, Rue: Quai du Docteur Gailleton
Tronçon: 3208799313 -> 26059102, Longueur: 108.74578m, Rue: Rue Garibaldi
Tronçon: 1291421565 -> 87883332, Longueur: 48.738377m, Rue: Rue Michel Servet
Tronçon: 26576965 -> 33065924, Longueur: 27.023342m, Rue: Avenue Georges Pompidou
Tronçon: 26576965 -> 2069548756, Longueur: 343.10223m, Rue: Boulevard Vivier-Merle
Tronçon: 26576965 -> 254580798, Longueur: 432.52563m, Rue: Boulevard Vivier-Merle Rue Servient
Tronçon: 26576961 -> 25152142, Longueur: 211.57678m, Rue: Rue Claude Veyron
Tronçon: 26576963 -> 2117622739, Longueur: 47.98013m, Rue: Rue Lavoisier
Tronçon: 26576963 -> 26057055, Longueur: 214.2913m, Rue: Boulevard Vivier-Merle
Tronçon: 26576964 -> 26086273, Longueur: 170.0761m, Rue: Rue Desaix
Tronçon: 26576964 -> 33065924, Longueur: 122.99652m, Rue: Boulevard Vivier-Merle
Tronçon: 26576964 -> 26576965, Longueur: 123.08343m, Rue: Boulevard Vivier-Merle
Tronçon: 1042749196 -> 1606993794, Longueur: 60.281635m, Rue: Place Edgar Quinet
Tronçon: 1042749196 -> 25327132, Longueur: 29.504574m, Rue: Rue de Créqui
Tronçon: 25321408 -> 25321469, Longueur: 191.91711m, Rue: Rue Élie Paris
Tronçon: 25321408 -> 25321407, Longueur: 46.197845m, Rue: Rue du Docteur Rebatel
Tronçon: 25321407 -> 25321359, Longueur: 85.53022m, Rue: Rue du Docteur Rebatel
Tronçon: 1603856892 -> 640541652, Longueur: 96.13519m, Rue: 
Tronçon: 1603856892 -> 25336254, Longueur: 96.2063m, Rue: Avenue Lacassagne
Tronçon: 194609753 -> 244499768, Longueur: 266.86826m, Rue: 
Tronçon: 194609753 -> 194609787, Longueur: 221.90567m, Rue: 
Tronçon: 2465004181 -> 59654830, Longueur: 67.70757m, Rue: 
Tronçon: 649791305 -> 649791301, Longueur: 129.587m, Rue: 
Tronçon: 190817699 -> 190823168, Longueur: 184.64114m, Rue: Rue Antoine Bernoux
Tronçon: 190817699 -> 1637473441, Longueur: 93.22329m, Rue: Rue Francis de Pressensé
Tronçon: 190817699 -> 1608224794, Longueur: 169.40483m, Rue: Rue de la Prévoyance
Tronçon: 190817699 -> 1637473443, Longueur: 145.49454m, Rue: Rue Francis de Pressensé
Tronçon: 649791301 -> 649791305, Longueur: 129.587m, Rue: 
Tronçon: 649791301 -> 25303806, Longueur: 87.625015m, Rue: Rue Trarieux
Tronçon: 4034132513 -> 868438829, Longueur: 93.40485m, Rue: Place du Château
Tronçon: 4034132513 -> 26155423, Longueur: 72.23583m, Rue: Cours Eugénie
Tronçon: 1036842196 -> 1036842114, Longueur: 118.46849m, Rue: Boulevard Vivier-Merle
Tronçon: 1036842196 -> 479185301, Longueur: 50.411644m, Rue: Rue de l'Abbé Boisard
Tronçon: 2234398946 -> 1468823679, Longueur: 20.455454m, Rue: 
Tronçon: 2234398946 -> 1468823683, Longueur: 15.052049m, Rue: Cours d'Herbouville
Tronçon: 26058690 -> 21674903, Longueur: 61.41536m, Rue: Quai Claude Bernard
Tronçon: 2600872714 -> 2600872721, Longueur: 39.35213m, Rue: Route de Vienne
Tronçon: 2600872714 -> 9214813, Longueur: 43.242165m, Rue: Avenue Berthelot
Tronçon: 26058685 -> 26058652, Longueur: 66.58742m, Rue: Place Gabriel Péri
Tronçon: 2628204947 -> 26086306, Longueur: 55.656025m, Rue: Rue Jules Jusserand
Tronçon: 2628204947 -> 2628204935, Longueur: 23.173843m, Rue: Rue Jules Jusserand
Tronçon: 26058687 -> 195282, Longueur: 103.77906m, Rue: Place Raspail
Tronçon: 277046124 -> 26059236, Longueur: 34.538048m, Rue: Rue Salomon Reinach
Tronçon: 1472054610 -> 26106464, Longueur: 30.70738m, Rue: Rue Pizay
Tronçon: 1036842184 -> 25306024, Longueur: 136.5443m, Rue: Rue Alphonse Daudet
Tronçon: 1036842184 -> 25306030, Longueur: 141.14146m, Rue: Rue Rachais
Tronçon: 1036842184 -> 15925438, Longueur: 106.73586m, Rue: Rue Rachais
Tronçon: 71262664 -> 71261880, Longueur: 259.1043m, Rue: Rue Marteret Rue Marguerite
Tronçon: 71262664 -> 71263057, Longueur: 80.88128m, Rue: Rue de Bruxelles
Tronçon: 71262664 -> 71261882, Longueur: 182.23048m, Rue: Rue de Bruxelles
Tronçon: 71262664 -> 110422060, Longueur: 114.800476m, Rue: Rue Marteret
Tronçon: 1608270646 -> 197310460, Longueur: 246.14716m, Rue: 
Tronçon: 190817691 -> 190817734, Longueur: 11.395242m, Rue: Rue Francis de Pressensé
Tronçon: 190817691 -> 190817752, Longueur: 65.21393m, Rue: Rue Francis de Pressensé
Tronçon: 190817691 -> 2471166661, Longueur: 111.726494m, Rue: Avenue du Commandant L'Herminier
Tronçon: 26058664 -> 663650234, Longueur: 60.15949m, Rue: Rue Basse Combalot
Tronçon: 26058664 -> 26058685, Longueur: 79.4686m, Rue: Rue Basse Combalot
Tronçon: 959373590 -> 2865332640, Longueur: 14.583651m, Rue: Rue Antoine Salles
Tronçon: 959373590 -> 959373467, Longueur: 25.950638m, Rue: Place des Cordeliers
Tronçon: 7300874 -> 25321323, Longueur: 163.53062m, Rue: Rue Feuillat
Tronçon: 7300874 -> 7300862, Longueur: 116.611374m, Rue: Cours Albert Thomas
Tronçon: 1703401805 -> 25451370, Longueur: 110.58808m, Rue: Rue des Tuiliers
Tronçon: 1703401805 -> 25334442, Longueur: 85.21657m, Rue: Rue Saint-Maximin
Tronçon: 33062369 -> 26294955, Longueur: 57.136112m, Rue: Rue Curtelin
Tronçon: 33062369 -> 33062371, Longueur: 46.169643m, Rue: Avenue Thiers
Tronçon: 316534721 -> 1370403178, Longueur: 151.04948m, Rue: 
Tronçon: 316534721 -> 240348244, Longueur: 142.90846m, Rue: 
Tronçon: 7300862 -> 1519682890, Longueur: 102.612526m, Rue: Cours Albert Thomas
Tronçon: 7300862 -> 293585811, Longueur: 60.165756m, Rue: Rue du Docteur Bonhomme
Tronçon: 7300867 -> 21704353, Longueur: 32.789703m, Rue: Avenue des Frères Lumière
Tronçon: 7300869 -> 21604592, Longueur: 64.421974m, Rue: Avenue des Frères Lumière
Tronçon: 7300869 -> 7300874, Longueur: 120.29001m, Rue: Rue Maryse Bastié
Tronçon: 3760142306 -> 452908361, Longueur: 7.621921m, Rue: 
Tronçon: 3760142306 -> 245026019, Longueur: 53.75648m, Rue: Avenue Édouard Herriot
Tronçon: 3760142308 -> 452908361, Longueur: 27.062717m, Rue: 
Tronçon: 8358135 -> 7470129, Longueur: 240.46532m, Rue: Pont Wilson
Tronçon: 8358135 -> 26009837, Longueur: 101.68714m, Rue: Quai Victor Augagneur
Tronçon: 33062371 -> 25618218, Longueur: 77.128426m, Rue: Avenue Thiers
Tronçon: 33062371 -> 378212445, Longueur: 105.28068m, Rue: Rue des Émeraudes
Tronçon: 1475230728 -> 25153076, Longueur: 82.78729m, Rue: Rue Saint-Lazare
Tronçon: 1475230727 -> 18697411, Longueur: 32.494328m, Rue: Rue Saint-Lazare
Tronçon: 1475230727 -> 25153102, Longueur: 6.215994m, Rue: Rue de la Thibaudière
Tronçon: 1475230727 -> 25153103, Longueur: 106.88424m, Rue: Rue de la Thibaudière
Tronçon: 1475230723 -> 18697411, Longueur: 6.810487m, Rue: Rue du Béguin
Tronçon: 1475230723 -> 25153102, Longueur: 32.348866m, Rue: Rue de la Madeleine
Tronçon: 25478602 -> 25478600, Longueur: 74.567635m, Rue: Rue des Capucins
Tronçon: 25478602 -> 25478604, Longueur: 51.480854m, Rue: Rue Coustou
Tronçon: 25478600 -> 26726770, Longueur: 154.72166m, Rue: Rue Sergent Blandan Rue des Capucins
Tronçon: 25478600 -> 35224285, Longueur: 37.699158m, Rue: Rue de l'Abbé Rozier
Tronçon: 25478604 -> 35224314, Longueur: 72.45003m, Rue: Rue Romarin
Tronçon: 25478608 -> 25478610, Longueur: 68.630806m, Rue: Rue Terraille
Tronçon: 25478608 -> 25478604, Longueur: 44.6756m, Rue: Rue Romarin
Tronçon: 26033312 -> 26033320, Longueur: 17.776052m, Rue: Rue Léon Jouhaux
Tronçon: 26033312 -> 4543355753, Longueur: 57.78458m, Rue: Place des Martyrs de la Résistance
Tronçon: 26033313 -> 26033460, Longueur: 75.71828m, Rue: Rue André Philip
Tronçon: 26033313 -> 25258759, Longueur: 77.971504m, Rue: Rue Mazenod
Tronçon: 21703544 -> 21703552, Longueur: 22.184088m, Rue: Rue Bataille
Tronçon: 25610704 -> 25610707, Longueur: 10.947163m, Rue: Boulevard Pinel
Tronçon: 25610704 -> 25610709, Longueur: 15.771056m, Rue: Boulevard Pinel
Tronçon: 411275577 -> 21604559, Longueur: 201.30579m, Rue: Avenue du Château de Gerland
Tronçon: 26033310 -> 26033322, Longueur: 57.594784m, Rue: Rue de la Bannière
Tronçon: 26033310 -> 26033311, Longueur: 74.43178m, Rue: Rue de la Rize
Tronçon: 25610709 -> 25610704, Longueur: 15.771056m, Rue: Boulevard Pinel
Tronçon: 25610709 -> 25610684, Longueur: 22.654398m, Rue: Boulevard Pinel
Tronçon: 25610709 -> 26464255, Longueur: 97.84345m, Rue: Avenue Esquirol
Tronçon: 26033311 -> 26033312, Longueur: 76.4319m, Rue: Rue de la Rize
Tronçon: 26033311 -> 26033234, Longueur: 65.70454m, Rue: Rue du Lac
Tronçon: 25610707 -> 25610704, Longueur: 10.947163m, Rue: Boulevard Pinel
Tronçon: 25610707 -> 25610688, Longueur: 35.041103m, Rue: Boulevard Pinel
Tronçon: 25610707 -> 25611046, Longueur: 141.30153m, Rue: Boulevard Pinel
Tronçon: 25478610 -> 25478613, Longueur: 42.43363m, Rue: Rue Terraille
Tronçon: 25478613 -> 35291281, Longueur: 45.105824m, Rue: Rue du Griffon
Tronçon: 25478611 -> 25478610, Longueur: 44.583275m, Rue: Rue Saint-Claude
Tronçon: 25478611 -> 2637313119, Longueur: 26.222342m, Rue: Rue Lorette
Tronçon: 25478618 -> 3370408164, Longueur: 35.80819m, Rue: Rue Romarin
Tronçon: 1036842122 -> 3393859904, Longueur: 271.85742m, Rue: Boulevard Vivier-Merle
Tronçon: 1036842122 -> 2841904735, Longueur: 273.7198m, Rue: Boulevard des Tchécoslovaques
Tronçon: 26033326 -> 26033277, Longueur: 65.436676m, Rue: Rue des Rancy
Tronçon: 26033326 -> 92375974, Longueur: 69.9046m, Rue: Rue Lavoisier
Tronçon: 26033323 -> 26033236, Longueur: 34.939575m, Rue: Rue d'Essling
Tronçon: 26033323 -> 26033310, Longueur: 67.87121m, Rue: Rue de la Rize
Tronçon: 1036842114 -> 1036842078, Longueur: 26.84361m, Rue: 
Tronçon: 1036842114 -> 2841904730, Longueur: 28.104166m, Rue: Boulevard Vivier-Merle
Tronçon: 26033324 -> 975886496, Longueur: 22.768776m, Rue: Rue Danton
Tronçon: 26033324 -> 362076524, Longueur: 68.8328m, Rue: Rue Paul Bert
Tronçon: 26033324 -> 92375975, Longueur: 29.939322m, Rue: Rue Paul Bert
Tronçon: 26033321 -> 26033320, Longueur: 70.58979m, Rue: Rue Paul Bert
Tronçon: 26033321 -> 26033322, Longueur: 70.9815m, Rue: Rue Paul Bert
Tronçon: 26033321 -> 26033311, Longueur: 38.587482m, Rue: Rue du Lac
Tronçon: 26033322 -> 26033321, Longueur: 70.9815m, Rue: Rue Paul Bert
Tronçon: 26033322 -> 362076524, Longueur: 71.00682m, Rue: Rue Paul Bert
Tronçon: 26033320 -> 26033321, Longueur: 70.58979m, Rue: Rue Paul Bert
Tronçon: 26033320 -> 4543355754, Longueur: 63.69394m, Rue: Rue Paul Bert
Tronçon: 55435139 -> 191134610, Longueur: 165.10846m, Rue: Rue Poizat
Tronçon: 55435139 -> 55435089, Longueur: 98.5397m, Rue: Rue Léon Blum
Tronçon: 55435139 -> 55444018, Longueur: 179.7698m, Rue: Rue Léon Blum
Tronçon: 27359754 -> 27359824, Longueur: 12.433764m, Rue: Route de Vienne
Tronçon: 3760085988 -> 644880770, Longueur: 7.9133387m, Rue: Rue Nungesser et Coli
Tronçon: 27359753 -> 600873562, Longueur: 55.561947m, Rue: Route de Vienne
Tronçon: 27359753 -> 27359754, Longueur: 135.72275m, Rue: Route de Vienne
Tronçon: 197310460 -> 1608270646, Longueur: 246.14716m, Rue: 
Tronçon: 197310460 -> 197288369, Longueur: 102.83602m, Rue: Rue des Jardins
Tronçon: 197310460 -> 197395453, Longueur: 60.392612m, Rue: Rue des Jardins
Tronçon: 21703552 -> 143431, Longueur: 57.092308m, Rue: Rue Marius Berliet
Tronçon: 27359745 -> 27359746, Longueur: 167.06676m, Rue: Rue Benoît Bernard
Tronçon: 27359745 -> 25549075, Longueur: 82.10423m, Rue: Route de Vienne
Tronçon: 27359745 -> 25549077, Longueur: 86.06249m, Rue: Route de Vienne
Tronçon: 27359746 -> 21604585, Longueur: 75.148865m, Rue: Rue Auguste Chollat
Tronçon: 270298916 -> 270298921, Longueur: 237.68938m, Rue: Rue Albert Morel Rue Gaston Cotte
Tronçon: 270298916 -> 270298919, Longueur: 116.7751m, Rue: Rue de Narvik
Tronçon: 270298916 -> 27362911, Longueur: 21.632996m, Rue: Rue de Narvik
Tronçon: 270298919 -> 270298921, Longueur: 125.58841m, Rue: Rue Louis Tixier
Tronçon: 270298919 -> 270298916, Longueur: 116.7751m, Rue: Rue de Narvik
Tronçon: 270298919 -> 27362917, Longueur: 37.965347m, Rue: Rue de Narvik
Tronçon: 270298918 -> 270298921, Longueur: 78.20654m, Rue: Rue Albert Morel
Tronçon: 270298918 -> 1297007321, Longueur: 138.05183m, Rue: Rue Louis Hugonnencq
Tronçon: 270298918 -> 270298879, Longueur: 61.843884m, Rue: Rue Louis Hugonnencq
Tronçon: 1468818354 -> 130144281, Longueur: 88.560616m, Rue: Montée de la Boucle
Tronçon: 1468818354 -> 3020991190, Longueur: 67.58928m, Rue: Montée de la Boucle
Tronçon: 26058651 -> 195253, Longueur: 24.089443m, Rue: Cours Gambetta
Tronçon: 26058651 -> 26058685, Longueur: 36.296955m, Rue: Place Gabriel Péri
Tronçon: 26058653 -> 21674904, Longueur: 61.74081m, Rue: Rue de Marseille
Tronçon: 26058653 -> 26058160, Longueur: 81.47149m, Rue: Rue d'Aguesseau
Tronçon: 26058652 -> 26058653, Longueur: 71.88263m, Rue: Rue de Marseille
Tronçon: 26058652 -> 26058174, Longueur: 79.654884m, Rue: Rue Passet
Tronçon: 26058652 -> 26079757, Longueur: 80.66894m, Rue: Rue Béchevelin
Tronçon: 1297040323 -> 1297040320, Longueur: 15.747314m, Rue: Rue Robert
Tronçon: 1297040320 -> 34385832, Longueur: 42.035843m, Rue: Rue Robert
Tronçon: 1297040321 -> 25327138, Longueur: 42.007122m, Rue: Rue Robert
Tronçon: 1297040327 -> 1297040311, Longueur: 57.62582m, Rue: Rue Dussaussoy
Tronçon: 1297040327 -> 25327143, Longueur: 70.92833m, Rue: Rue Vauban
Tronçon: 1036025445 -> 26054497, Longueur: 23.156942m, Rue: Cours de la Liberté
Tronçon: 1036025445 -> 1036025386, Longueur: 33.848526m, Rue: Cours de la Liberté
Tronçon: 35221969 -> 35291579, Longueur: 156.67216m, Rue: Rue Lemot Rue Pouteau
Tronçon: 35221969 -> 1513320571, Longueur: 242.11798m, Rue: Rue Général de Sève Rue Vaucanson
Tronçon: 2628204935 -> 25173843, Longueur: 25.827948m, Rue: Cours Gambetta
Tronçon: 2628204930 -> 2628204947, Longueur: 27.737946m, Rue: Rue Jules Jusserand
Tronçon: 2628204930 -> 2628204935, Longueur: 24.119152m, Rue: Cours Gambetta
Tronçon: 1297040311 -> 1297040317, Longueur: 62.532154m, Rue: Rue Amédée Bonnet
Tronçon: 1297040311 -> 1297040310, Longueur: 56.7956m, Rue: Rue Dussaussoy
Tronçon: 1297040310 -> 25327131, Longueur: 70.93206m, Rue: Rue Bugeaud
Tronçon: 25614299 -> 26057008, Longueur: 136.64671m, Rue: Quai Victor Augagneur
Tronçon: 25614299 -> 25614303, Longueur: 29.487001m, Rue: Cours Lafayette
Tronçon: 1297040317 -> 1297040311, Longueur: 62.532154m, Rue: Rue Amédée Bonnet
Tronçon: 1297040317 -> 25327144, Longueur: 57.24442m, Rue: Rue Boileau
Tronçon: 1297040317 -> 1297040313, Longueur: 96.01771m, Rue: Rue Amédée Bonnet
Tronçon: 1297040318 -> 554199961, Longueur: 52.30101m, Rue: Rue Boileau
Tronçon: 1297040318 -> 21674895, Longueur: 133.14977m, Rue: Cours Franklin Roosevelt
Tronçon: 2600872721 -> 25495298, Longueur: 12.07206m, Rue: Route de Vienne
Tronçon: 26022694 -> 25733776, Longueur: 175.51793m, Rue: Avenue Verguin
Tronçon: 26022694 -> 270473912, Longueur: 122.2366m, Rue: Avenue Verguin
Tronçon: 27359819 -> 27359813, Longueur: 146.39784m, Rue: Rue du Général de Miribel
Tronçon: 27359819 -> 27359824, Longueur: 56.878143m, Rue: Rue Faidherbe
Tronçon: 27359816 -> 27359819, Longueur: 136.2239m, Rue: Rue du Général de Miribel
Tronçon: 27359816 -> 4251081819, Longueur: 58.978085m, Rue: Avenue Berthelot
Tronçon: 27359813 -> 27359753, Longueur: 52.40513m, Rue: Rue du Repos
Tronçon: 27359810 -> 974116113, Longueur: 126.29565m, Rue: Rue Sabine et Miron Zlatin
Tronçon: 27359810 -> 27359813, Longueur: 69.39882m, Rue: Rue du Repos
Tronçon: 26480607 -> 1037257442, Longueur: 109.02679m, Rue: Quai du Docteur Gailleton
Tronçon: 26480607 -> 959438333, Longueur: 135.82962m, Rue: Quai du Docteur Gailleton
Tronçon: 21855792 -> 21851032, Longueur: 96.17695m, Rue: Rue Saint-Agnan
Tronçon: 21855792 -> 143412, Longueur: 104.391655m, Rue: Avenue Berthelot
Tronçon: 1373825334 -> 245031137, Longueur: 64.82694m, Rue: Rue Paul Pic
Tronçon: 1373825334 -> 245026011, Longueur: 160.1769m, Rue: Rue Paul Pic
Tronçon: 1373825334 -> 1373825343, Longueur: 138.79553m, Rue: Rue de la Genièvre
Tronçon: 25622530 -> 25622551, Longueur: 10.800442m, Rue: Rue Raoul Servant
Tronçon: 25622530 -> 1468760675, Longueur: 61.863335m, Rue: Avenue Leclerc
Tronçon: 21600355 -> 21600354, Longueur: 109.829926m, Rue: Rue Marius Berliet
Tronçon: 21600355 -> 21600350, Longueur: 59.294033m, Rue: Rue Saint-Gervais
Tronçon: 1036025386 -> 25319261, Longueur: 81.509865m, Rue: Rue de Bonnel
Tronçon: 197310504 -> 629225129, Longueur: 28.205616m, Rue: Rue du Canal
Tronçon: 197310504 -> 197310506, Longueur: 9.135568m, Rue: 
Tronçon: 197310504 -> 197310518, Longueur: 19.903315m, Rue: 
Tronçon: 21600353 -> 18697393, Longueur: 182.2734m, Rue: Rue Marius Berliet
Tronçon: 21600353 -> 21600354, Longueur: 56.340656m, Rue: Rue Marius Berliet
Tronçon: 21600353 -> 21600350, Longueur: 145.76974m, Rue: Rue Saint-Romain
Tronçon: 21600354 -> 21600353, Longueur: 56.340656m, Rue: Rue Marius Berliet
Tronçon: 21600354 -> 21992709, Longueur: 112.29348m, Rue: Rue de l'Épargne
Tronçon: 242163349 -> 26740277, Longueur: 39.129314m, Rue: Pont de Lattre de Tassigny
Tronçon: 242163349 -> 25498533, Longueur: 28.311625m, Rue: Pont de Lattre de Tassigny
Tronçon: 197310506 -> 197310504, Longueur: 9.135568m, Rue: 
Tronçon: 197310506 -> 197310510, Longueur: 14.344651m, Rue: 
Tronçon: 21600350 -> 21600353, Longueur: 145.76974m, Rue: Rue Saint-Romain
Tronçon: 21600350 -> 18232178, Longueur: 171.89679m, Rue: Rue Saint-Romain
Tronçon: 21600350 -> 187824746, Longueur: 47.378006m, Rue: Rue Saint-Gervais
Tronçon: 25622551 -> 25622530, Longueur: 10.800442m, Rue: Rue Raoul Servant
Tronçon: 25622551 -> 26131895, Longueur: 103.153915m, Rue: Avenue Leclerc
Tronçon: 26022624 -> 26022619, Longueur: 76.2872m, Rue: Boulevard Anatole France
Tronçon: 26022624 -> 25310859, Longueur: 52.2639m, Rue: Rue Tronchet
Tronçon: 25335981 -> 195272, Longueur: 72.58715m, Rue: Rue du Professeur Paul Sisley
Tronçon: 25321354 -> 195278, Longueur: 154.25768m, Rue: Rue du Docteur Rebatel
Tronçon: 25321358 -> 195277, Longueur: 138.50798m, Rue: Cours Albert Thomas
Tronçon: 25321358 -> 25321357, Longueur: 139.37416m, Rue: Rue Jeanne Koehler
Tronçon: 25321357 -> 25321354, Longueur: 129.94539m, Rue: Rue Guilloud
Tronçon: 25321359 -> 25321334, Longueur: 20.22657m, Rue: Rue du Docteur Rebatel
Tronçon: 25321359 -> 25335974, Longueur: 341.72525m, Rue: Rue Saint-Maximin
Tronçon: 1025987757 -> 26731882, Longueur: 165.9316m, Rue: Rue Challemel-Lacour
Tronçon: 34829067 -> 34829078, Longueur: 22.254873m, Rue: 
Tronçon: 34829067 -> 34829069, Longueur: 39.339546m, Rue: Route de Genas
Tronçon: 34829069 -> 34829070, Longueur: 33.081356m, Rue: Route de Genas
Tronçon: 34829070 -> 4140288660, Longueur: 30.620916m, Rue: Route de Genas
Tronçon: 34829070 -> 34829076, Longueur: 5.228902m, Rue: Rue de la Marne
Tronçon: 25622515 -> 25622530, Longueur: 166.83954m, Rue: Avenue Leclerc
Tronçon: 34829073 -> 240470332, Longueur: 44.905598m, Rue: Route de Genas
Tronçon: 34829073 -> 191134374, Longueur: 3.873108m, Rue: Route de Genas
Tronçon: 34829074 -> 4140288663, Longueur: 27.82475m, Rue: Route de Genas
Tronçon: 34829071 -> 34829074, Longueur: 6.605389m, Rue: Rue du Maréchal Foch
Tronçon: 34829071 -> 240470333, Longueur: 10.568116m, Rue: Route de Genas
Tronçon: 1373825343 -> 245023129, Longueur: 26.987032m, Rue: Rue Jean Jaurès
Tronçon: 1373825343 -> 245026021, Longueur: 93.93172m, Rue: Rue Jean Jaurès
Tronçon: 1373825343 -> 1373825334, Longueur: 138.79553m, Rue: Rue de la Genièvre
Tronçon: 2924143717 -> 18697393, Longueur: 73.255264m, Rue: Rue Marius Berliet
Tronçon: 34829077 -> 34830591, Longueur: 69.57115m, Rue: 
Tronçon: 34829077 -> 34829078, Longueur: 47.506096m, Rue: Route de Genas
Tronçon: 34829078 -> 2284006481, Longueur: 20.765495m, Rue: Route de Genas
Tronçon: 34829078 -> 34830591, Longueur: 38.860073m, Rue: 
Tronçon: 34829076 -> 34829077, Longueur: 27.956244m, Rue: Route de Genas
Tronçon: 26022614 -> 25327121, Longueur: 120.80454m, Rue: Rue Sully
Tronçon: 26022614 -> 26022694, Longueur: 91.4885m, Rue: Boulevard Anatole France
Tronçon: 27359824 -> 25549076, Longueur: 49.903328m, Rue: Route de Vienne
Tronçon: 34829088 -> 4150019169, Longueur: 29.805027m, Rue: Rue Émile Decorps
Tronçon: 34829088 -> 4150019149, Longueur: 22.205711m, Rue: Route de Genas
Tronçon: 34829088 -> 34829086, Longueur: 43.61647m, Rue: Route de Genas
Tronçon: 54803872 -> 208822503, Longueur: 102.19639m, Rue: Rue du Milieu
Tronçon: 54803872 -> 54803427, Longueur: 120.38836m, Rue: Rue de la Convention Rue Saint-Antoine
Tronçon: 34829086 -> 240470316, Longueur: 114.15333m, Rue: Route de Genas
Tronçon: 34829086 -> 34829088, Longueur: 43.61647m, Rue: Route de Genas
Tronçon: 34829086 -> 240470322, Longueur: 211.45428m, Rue: Rue Georges Clemenceau
Tronçon: 26022619 -> 26022614, Longueur: 49.087646m, Rue: Boulevard Anatole France
Tronçon: 25321302 -> 21993017, Longueur: 194.25832m, Rue: Rue Saint-Théodore
Tronçon: 25321302 -> 195266, Longueur: 54.717278m, Rue: Rue du Dauphiné
Tronçon: 25321302 -> 195262, Longueur: 256.8284m, Rue: Rue du Dauphiné
Tronçon: 1933378821 -> 26583882, Longueur: 111.84961m, Rue: Rue Henri Germain
Tronçon: 25321304 -> 195275, Longueur: 165.48785m, Rue: Rue Guilloud
Tronçon: 25321304 -> 1703401805, Longueur: 115.59021m, Rue: Rue des Tuiliers
Tronçon: 25321309 -> 1519682880, Longueur: 88.36117m, Rue: Rue du Docteur Bonhomme
Tronçon: 25321309 -> 25321323, Longueur: 110.644356m, Rue: Rue du Palais d'Été
Tronçon: 657813231 -> 657813243, Longueur: 84.60947m, Rue: Avenue Franklin Roosevelt
Tronçon: 657813231 -> 21715068, Longueur: 64.49048m, Rue: Avenue Franklin Roosevelt
Tronçon: 657813243 -> 2453716845, Longueur: 118.62567m, Rue: Boulevard Pinel
Tronçon: 1028231661 -> 34499745, Longueur: 224.0172m, Rue: Rue de la Doua
Tronçon: 1028231661 -> 71262774, Longueur: 85.87831m, Rue: Avenue Roger Salengro
Tronçon: 1028231661 -> 2705418281, Longueur: 91.65926m, Rue: Avenue Roger Salengro
Tronçon: 197395453 -> 1109063433, Longueur: 101.50101m, Rue: Petite Rue du Roulet
Tronçon: 197395453 -> 1109063468, Longueur: 33.078773m, Rue: Rue des Jardins
Tronçon: 197395453 -> 197310460, Longueur: 60.392612m, Rue: Rue des Jardins
Tronçon: 25321323 -> 25321327, Longueur: 136.54433m, Rue: Rue Feuillat
Tronçon: 918297329 -> 838347921, Longueur: 36.29116m, Rue: Rue de la Charité
Tronçon: 918297329 -> 24809679, Longueur: 89.579025m, Rue: Rue de la Charité
Tronçon: 25321327 -> 25321330, Longueur: 99.70037m, Rue: Rue de l'Harmonie
Tronçon: 25321327 -> 251167391, Longueur: 58.375137m, Rue: Rue Feuillat
Tronçon: 254581659 -> 254580798, Longueur: 288.48892m, Rue: Boulevard Vivier-Merle Rue Servient
Tronçon: 25321330 -> 25321309, Longueur: 150.75447m, Rue: Rue du Docteur Bonhomme
Tronçon: 25321330 -> 25321334, Longueur: 129.78181m, Rue: Rue de l'Harmonie
Tronçon: 25321330 -> 25321327, Longueur: 99.70037m, Rue: Rue de l'Harmonie
Tronçon: 25321334 -> 25321330, Longueur: 129.78181m, Rue: Rue de l'Harmonie
Tronçon: 25321334 -> 25321354, Longueur: 91.695206m, Rue: Rue du Docteur Rebatel
Tronçon: 253415075 -> 130144280, Longueur: 25.437016m, Rue: Rue Joséphin Soulary
Tronçon: 25335974 -> 195273, Longueur: 85.42524m, Rue: Rue du Professeur Paul Sisley
Tronçon: 25335974 -> 195274, Longueur: 16.124802m, Rue: Rue Saint-Maximin
Tronçon: 25622571 -> 25622570, Longueur: 15.325094m, Rue: Avenue Leclerc
Tronçon: 25622571 -> 25622551, Longueur: 79.15302m, Rue: Avenue Leclerc
Tronçon: 25622571 -> 1683287879, Longueur: 4.506594m, Rue: Avenue Leclerc
Tronçon: 2553957835 -> 2553957836, Longueur: 9.648642m, Rue: Rue Commandant Caroline Aigle
Tronçon: 2553957835 -> 270298879, Longueur: 63.760372m, Rue: Avenue Jean Mermoz
Tronçon: 2553957836 -> 2388251442, Longueur: 145.43053m, Rue: Rue Commandant Caroline Aigle
Tronçon: 2553957836 -> 1382784515, Longueur: 163.4151m, Rue: Avenue Jean Mermoz
Tronçon: 2553957836 -> 2553957835, Longueur: 9.648642m, Rue: Rue Commandant Caroline Aigle
Tronçon: 2483668732 -> 34389257, Longueur: 81.60154m, Rue: Rue Garibaldi
Tronçon: 2456932713 -> 342867241, Longueur: 113.9548m, Rue: Rue Lafontaine
Tronçon: 2456932713 -> 55474978, Longueur: 107.5206m, Rue: Rue Lafontaine
Tronçon: 2456932713 -> 342872879, Longueur: 24.71337m, Rue: Rue Richelieu
Tronçon: 2456932713 -> 1423439485, Longueur: 169.0433m, Rue: Rue Richelieu
Tronçon: 959373476 -> 959373323, Longueur: 26.538233m, Rue: Rue du Président Carnot
Tronçon: 959373476 -> 7469501, Longueur: 14.848997m, Rue: Quai Jules Courmont
Tronçon: 1368366537 -> 26035111, Longueur: 53.77262m, Rue: Rue Lalande
Tronçon: 1368366537 -> 1368366540, Longueur: 25.18382m, Rue: 
Tronçon: 265809740 -> 26057008, Longueur: 49.044205m, Rue: Rue Rabelais
Tronçon: 265809740 -> 25614303, Longueur: 133.05888m, Rue: Cours de la Liberté
Tronçon: 26033277 -> 26079800, Longueur: 114.86338m, Rue: Rue Danton
Tronçon: 26033277 -> 26033236, Longueur: 60.276375m, Rue: Rue des Rancy
Tronçon: 3832656458 -> 21597808, Longueur: 26.368351m, Rue: Place Bellecour
Tronçon: 3832656458 -> 838347933, Longueur: 175.76953m, Rue: Place Bellecour
Tronçon: 276635164 -> 277046124, Longueur: 80.73444m, Rue: Rue Saint-André
Tronçon: 276635164 -> 276635165, Longueur: 37.656223m, Rue: Rue Jangot
Tronçon: 1291379525 -> 25306020, Longueur: 88.83525m, Rue: Rue de Créqui
Tronçon: 1291379525 -> 26059302, Longueur: 152.58124m, Rue: Avenue Félix Faure
Tronçon: 276635165 -> 26058156, Longueur: 78.04178m, Rue: Rue de Marseille
Tronçon: 71262774 -> 71263057, Longueur: 84.28846m, Rue: Rue Spréafico
Tronçon: 71262774 -> 110422060, Longueur: 82.52285m, Rue: Avenue Roger Salengro
Tronçon: 71262774 -> 1028231661, Longueur: 85.68548m, Rue: Avenue Roger Salengro
Tronçon: 71262774 -> 1028229153, Longueur: 189.0563m, Rue: Rue Paul Cambon
Tronçon: 1368366540 -> 1368366537, Longueur: 25.18382m, Rue: 
Tronçon: 1368366540 -> 26035070, Longueur: 48.3705m, Rue: Place Jules Ferry Boulevard Jules Favre
Tronçon: 959373467 -> 26106449, Longueur: 157.99586m, Rue: Rue de la Bourse
Tronçon: 24485888 -> 24485922, Longueur: 62.774826m, Rue: Rue Sainte-Hélène
Tronçon: 24485888 -> 958117915, Longueur: 24.542439m, Rue: Place Gailleton
Tronçon: 1036842269 -> 26086284, Longueur: 100.42283m, Rue: Rue Rachais
Tronçon: 2856413708 -> 279629283, Longueur: 25.479721m, Rue: Rue Léon Bourgeois
Tronçon: 2856413708 -> 1678996781, Longueur: 139.24837m, Rue: Rue Marcel Sembat
Tronçon: 25173843 -> 25173749, Longueur: 134.08533m, Rue: Rue Victorien Sardou
Tronçon: 25173843 -> 34402209, Longueur: 119.01391m, Rue: Cours Gambetta
Tronçon: 25173835 -> 2628204930, Longueur: 104.76673m, Rue: Cours Gambetta
Tronçon: 25173835 -> 479185290, Longueur: 98.039276m, Rue: Rue de l'Abbé Boisard
Tronçon: 26294955 -> 1678246930, Longueur: 59.71767m, Rue: Rue Pétrequin
Tronçon: 26294955 -> 26290948, Longueur: 52.07479m, Rue: Rue Curtelin
Tronçon: 25173820 -> 21712143, Longueur: 144.76486m, Rue: Rue Pierre Robin
Tronçon: 25173820 -> 25173835, Longueur: 112.63291m, Rue: Cours Gambetta
Tronçon: 1504023584 -> 26106382, Longueur: 39.223873m, Rue: Rue Tupin
Tronçon: 2587463836 -> 2117622721, Longueur: 72.46447m, Rue: Avenue Félix Faure
Tronçon: 2587463836 -> 25175819, Longueur: 120.29985m, Rue: Boulevard Vivier-Merle
Tronçon: 35220564 -> 35224305, Longueur: 86.00912m, Rue: Rue René Leynaud
Tronçon: 35220564 -> 35224286, Longueur: 21.653687m, Rue: Rue Coysevox
Tronçon: 35220563 -> 35220564, Longueur: 75.4597m, Rue: Rue René Leynaud
Tronçon: 1036842225 -> 25306030, Longueur: 204.58505m, Rue: Rue André Philip
Tronçon: 25495299 -> 1148982723, Longueur: 5.626764m, Rue: Rue du Repos
Tronçon: 25495299 -> 25495298, Longueur: 160.04771m, Rue: Rue Lamothe
Tronçon: 25495298 -> 2605393520, Longueur: 113.76306m, Rue: Route de Vienne
Tronçon: 25495295 -> 195241, Longueur: 66.96848m, Rue: Route de Vienne
Tronçon: 25495295 -> 26058917, Longueur: 65.077385m, Rue: Route de Vienne
Tronçon: 25495294 -> 1148982742, Longueur: 15.335281m, Rue: Rue du Repos
Tronçon: 25495294 -> 2139361023, Longueur: 31.808687m, Rue: Rue du Repos
Tronçon: 251055443 -> 251053981, Longueur: 71.56846m, Rue: Rue de l'Amitié
Tronçon: 251055443 -> 1835868022, Longueur: 86.6855m, Rue: Rue George Sand
Tronçon: 249084445 -> 1384133080, Longueur: 119.83225m, Rue: Avenue Henri Barbusse
Tronçon: 249084445 -> 58584529, Longueur: 51.690434m, Rue: Rue Anatole France
Tronçon: 249084445 -> 249084446, Longueur: 153.12106m, Rue: Avenue Henri Barbusse
Tronçon: 249084446 -> 87883332, Longueur: 50.48321m, Rue: Avenue Aristide Briand
Tronçon: 249084446 -> 249084445, Longueur: 153.12106m, Rue: Avenue Henri Barbusse
Tronçon: 249084446 -> 87883334, Longueur: 51.39974m, Rue: Avenue Aristide Briand
Tronçon: 320914499 -> 26079710, Longueur: 46.961994m, Rue: Rue Villeroy
Tronçon: 320914499 -> 320914498, Longueur: 68.61886m, Rue: Rue Saint-Jacques
Tronçon: 320914498 -> 320914499, Longueur: 68.61886m, Rue: Rue Saint-Jacques
Tronçon: 320914498 -> 3351626551, Longueur: 25.266098m, Rue: Rue Saint-Jacques
Tronçon: 197310510 -> 197310506, Longueur: 14.344651m, Rue: 
Tronçon: 197310510 -> 197310515, Longueur: 14.771538m, Rue: 
Tronçon: 197310510 -> 197310545, Longueur: 46.783237m, Rue: Petite Rue du Roulet
Tronçon: 26033235 -> 26033234, Longueur: 69.99104m, Rue: Rue des Rancy
Tronçon: 26033235 -> 26033310, Longueur: 45.913944m, Rue: Rue de la Bannière
Tronçon: 26033236 -> 26079797, Longueur: 130.02635m, Rue: Rue d'Essling
Tronçon: 26033236 -> 26033235, Longueur: 64.787254m, Rue: Rue des Rancy
Tronçon: 197310515 -> 197310518, Longueur: 7.61342m, Rue: 
Tronçon: 197310515 -> 197310510, Longueur: 14.771538m, Rue: 
Tronçon: 197310515 -> 197477463, Longueur: 13.966288m, Rue: Rue du Canal
Tronçon: 197310518 -> 197310504, Longueur: 19.903315m, Rue: 
Tronçon: 197310518 -> 197310515, Longueur: 7.61342m, Rue: 
Tronçon: 26033233 -> 26033312, Longueur: 85.083694m, Rue: Rue Léon Jouhaux
Tronçon: 26033233 -> 34401553, Longueur: 77.91985m, Rue: Rue des Rancy
Tronçon: 1106229027 -> 26084554, Longueur: 83.18081m, Rue: Rue Pré Gaudry
Tronçon: 1106229027 -> 21674912, Longueur: 53.24369m, Rue: Rue Pré Gaudry
Tronçon: 26033234 -> 26079789, Longueur: 136.10226m, Rue: Rue du Lac
Tronçon: 26033234 -> 26033233, Longueur: 68.89535m, Rue: Rue des Rancy
Tronçon: 62026451 -> 2234398946, Longueur: 298.15384m, Rue: Cours d'Herbouville
Tronçon: 35220546 -> 25478618, Longueur: 187.12938m, Rue: Rue Romarin Rue du Puits Gaillot
Tronçon: 35220546 -> 868450669, Longueur: 55.47323m, Rue: Place de la Comédie
Tronçon: 1385942314 -> 1109063402, Longueur: 110.23485m, Rue: Rue Léon Piat
Tronçon: 2089661573 -> 1468553185, Longueur: 107.31304m, Rue: Pont de la Guillotière
Tronçon: 2089661573 -> 195222, Longueur: 97.2012m, Rue: Pont de la Guillotière
Tronçon: 25495293 -> 25499141, Longueur: 35.222992m, Rue: Rue de la Madeleine
Tronçon: 25495293 -> 25499134, Longueur: 144.54858m, Rue: Rue Marc Bloch
Tronçon: 197310545 -> 2479685608, Longueur: 260.95428m, Rue: Petite Rue du Roulet
Tronçon: 197310545 -> 197310510, Longueur: 46.783237m, Rue: Petite Rue du Roulet
Tronçon: 253868661 -> 35224293, Longueur: 60.526176m, Rue: Rue des Tables Claudiennes
Tronçon: 25303836 -> 2865054509, Longueur: 70.8819m, Rue: Rue Lamartine
Tronçon: 25303836 -> 1383027249, Longueur: 199.94739m, Rue: Rue Amiral Courbet
Tronçon: 25303836 -> 2365376404, Longueur: 116.822136m, Rue: Rue Amiral Courbet
Tronçon: 25303836 -> 2365376415, Longueur: 201.18849m, Rue: Rue Lamartine Rue de Bonnefond
Tronçon: 25303839 -> 3405342345, Longueur: 102.57354m, Rue: Cours Docteur Long
Tronçon: 25303839 -> 2865054509, Longueur: 93.59785m, Rue: Rue Lamartine
Tronçon: 25303839 -> 26155366, Longueur: 126.79813m, Rue: Rue Saint-Isidore
Tronçon: 26086130 -> 208776568, Longueur: 67.38149m, Rue: Rue Sainte-Anne de Baraban
Tronçon: 974116096 -> 974116113, Longueur: 65.92115m, Rue: Rue Sabine et Miron Zlatin
Tronçon: 25611760 -> 26317233, Longueur: 26.020561m, Rue: Avenue Félix Faure
Tronçon: 25611760 -> 26317214, Longueur: 73.66637m, Rue: Avenue Lacassagne
Tronçon: 25611760 -> 250042857, Longueur: 214.0224m, Rue: Avenue Félix Faure
Tronçon: 25303831 -> 25321456, Longueur: 64.89446m, Rue: Rue Feuillat
Tronçon: 25303831 -> 25321689, Longueur: 153.72511m, Rue: Rue Feuillat
Tronçon: 25303831 -> 2129259180, Longueur: 122.619156m, Rue: Rue Bara
Tronçon: 25303831 -> 25303832, Longueur: 91.81539m, Rue: Avenue Lacassagne
Tronçon: 3651418949 -> 191134587, Longueur: 40.870102m, Rue: Rue Pierre Baratin
Tronçon: 25303832 -> 25303833, Longueur: 104.95519m, Rue: Avenue Lacassagne
Tronçon: 25303833 -> 2365376415, Longueur: 59.433758m, Rue: Avenue Lacassagne
Tronçon: 33066088 -> 33066313, Longueur: 7.2110343m, Rue: Avenue Georges Pompidou
Tronçon: 33066088 -> 25468073, Longueur: 423.97205m, Rue: Rue de la Villette
Tronçon: 3160860325 -> 3160860329, Longueur: 63.49425m, Rue: Rue Paul Duvivier
Tronçon: 3160860324 -> 602038487, Longueur: 227.71596m, Rue: Avenue Berthelot
Tronçon: 3160860329 -> 27359754, Longueur: 203.72238m, Rue: Rue de Toulon
Tronçon: 3160860329 -> 27359753, Longueur: 254.83682m, Rue: Rue Paul Duvivier
Tronçon: 26086121 -> 26086122, Longueur: 136.39932m, Rue: Rue Roposte
Tronçon: 26086121 -> 48833743, Longueur: 62.881767m, Rue: Rue Étienne Richerand
Tronçon: 26086122 -> 48833747, Longueur: 61.05543m, Rue: Rue Baraban
Tronçon: 26086122 -> 26086117, Longueur: 104.15767m, Rue: Rue Baraban
Tronçon: 26086120 -> 25468067, Longueur: 77.947m, Rue: Rue Ternois
Tronçon: 26086120 -> 26086119, Longueur: 63.36733m, Rue: Rue d'Aubigny
Tronçon: 26086120 -> 26086115, Longueur: 60.97287m, Rue: Rue d'Aubigny
Tronçon: 21715353 -> 3760085988, Longueur: 1.8100863m, Rue: Rue Nungesser et Coli
Tronçon: 21715353 -> 2320613216, Longueur: 176.59666m, Rue: Avenue Rockefeller
Tronçon: 26086126 -> 26086124, Longueur: 193.08192m, Rue: Avenue Georges Pompidou
Tronçon: 26086126 -> 48833748, Longueur: 94.98224m, Rue: Rue Gandolière
Tronçon: 26086126 -> 26086127, Longueur: 48.14814m, Rue: Avenue Georges Pompidou
Tronçon: 26086123 -> 26086116, Longueur: 102.24986m, Rue: Rue Baraban
Tronçon: 26086123 -> 26086117, Longueur: 104.1326m, Rue: Rue Baraban
Tronçon: 2202205400 -> 25611156, Longueur: 66.17866m, Rue: Boulevard Pinel
Tronçon: 2202205400 -> 25611158, Longueur: 26.85869m, Rue: Boulevard Pinel
Tronçon: 26086124 -> 26079656, Longueur: 57.778957m, Rue: Rue Maurice Flandin
Tronçon: 26086124 -> 80311393, Longueur: 32.83932m, Rue: Avenue Georges Pompidou
Tronçon: 26086124 -> 26086126, Longueur: 193.08192m, Rue: Avenue Georges Pompidou
Tronçon: 26086129 -> 26086128, Longueur: 29.557299m, Rue: Rue Baraban
Tronçon: 26086129 -> 2587460577, Longueur: 47.348785m, Rue: Rue Baraban
Tronçon: 26086127 -> 26086128, Longueur: 140.42914m, Rue: Avenue Georges Pompidou
Tronçon: 26086127 -> 2587460578, Longueur: 51.051052m, Rue: Rue Étienne Richerand
Tronçon: 26086127 -> 26086126, Longueur: 48.14814m, Rue: Avenue Georges Pompidou
Tronçon: 26086128 -> 208769112, Longueur: 106.253914m, Rue: Avenue Georges Pompidou
Tronçon: 26086128 -> 26086129, Longueur: 29.557299m, Rue: Rue Baraban
Tronçon: 26086128 -> 48833747, Longueur: 53.631104m, Rue: Rue Baraban
Tronçon: 26086128 -> 26086127, Longueur: 140.42914m, Rue: Avenue Georges Pompidou
Tronçon: 21510475 -> 21595834, Longueur: 102.583694m, Rue: Rue Henri Pensier
Tronçon: 21510475 -> 18697378, Longueur: 198.31831m, Rue: Rue Santos Dumont
Tronçon: 25303803 -> 25303804, Longueur: 62.328133m, Rue: Avenue Lacassagne
Tronçon: 25303804 -> 624172864, Longueur: 19.770752m, Rue: Avenue Lacassagne
Tronçon: 25303804 -> 25303805, Longueur: 242.54411m, Rue: Rue Omer Louis
Tronçon: 25303805 -> 25303798, Longueur: 67.76077m, Rue: Rue Trarieux
Tronçon: 25303806 -> 25303805, Longueur: 70.32379m, Rue: Rue Trarieux
Tronçon: 25303806 -> 25303807, Longueur: 207.38918m, Rue: Rue Jean Bart
Tronçon: 25303807 -> 325213179, Longueur: 105.98958m, Rue: Avenue Lacassagne
Tronçon: 25303800 -> 25303833, Longueur: 148.15503m, Rue: Rue du Professeur Rochaix
Tronçon: 25303800 -> 25303801, Longueur: 220.9156m, Rue: Rue Germain David
Tronçon: 25303801 -> 25303796, Longueur: 115.67163m, Rue: Rue du Professeur Florence
Tronçon: 60685060 -> 60685057, Longueur: 144.41853m, Rue: Rue Jean Ottavi
Tronçon: 60685060 -> 60685053, Longueur: 150.13472m, Rue: Rue Descartes
Tronçon: 822274655 -> 190866549, Longueur: 26.621851m, Rue: Rue Alexis Perroncel
Tronçon: 822274655 -> 190817774, Longueur: 87.55065m, Rue: Rue Charles Gounod
Tronçon: 60685056 -> 1801085331, Longueur: 59.51832m, Rue: Rue Alexis Perroncel
Tronçon: 60685056 -> 1028231661, Longueur: 203.76526m, Rue: Rue Colin
Tronçon: 60685057 -> 60685056, Longueur: 167.95122m, Rue: Rue Colin
Tronçon: 60685057 -> 60685060, Longueur: 144.41853m, Rue: Rue Jean Ottavi
Tronçon: 60685054 -> 1423419205, Longueur: 135.79211m, Rue: Rue Gervais Bussière
Tronçon: 60685054 -> 252628606, Longueur: 65.45743m, Rue: Rue Gervais Bussière
Tronçon: 60685054 -> 60685055, Longueur: 189.20395m, Rue: Rue Alexis Perroncel
Tronçon: 60685055 -> 1028229153, Longueur: 72.24518m, Rue: Rue Alexis Perroncel
Tronçon: 60685055 -> 60685060, Longueur: 163.92482m, Rue: Rue Descartes
Tronçon: 18232187 -> 34235998, Longueur: 97.02868m, Rue: Rue Saint-Gervais
Tronçon: 18232187 -> 143417, Longueur: 173.92714m, Rue: Rue Saint-Nestor
Tronçon: 18232186 -> 18232187, Longueur: 119.63905m, Rue: Rue Saint-Gervais
Tronçon: 18232186 -> 18697395, Longueur: 157.25653m, Rue: Rue Saint-Mathieu
Tronçon: 4092061493 -> 93856096, Longueur: 65.601906m, Rue: Rue de Montagny
Tronçon: 4092061493 -> 1026030476, Longueur: 146.97728m, Rue: Rue Henri Barbusse
Tronçon: 4092061493 -> 4020676717, Longueur: 11.669525m, Rue: Rue Henri Barbusse
Tronçon: 60685053 -> 2774590476, Longueur: 91.880775m, Rue: Rue Francis de Pressensé
Tronçon: 60685053 -> 383733796, Longueur: 100.518745m, Rue: Rue Francis de Pressensé
Tronçon: 18232184 -> 18232182, Longueur: 120.95558m, Rue: Impasse Berchet
Tronçon: 18232183 -> 21702433, Longueur: 47.507317m, Rue: Rue Antoine Lumière
Tronçon: 18232182 -> 18232184, Longueur: 120.95558m, Rue: Impasse Berchet
Tronçon: 18232182 -> 18232180, Longueur: 75.07464m, Rue: Rue Berchet
Tronçon: 1036025279 -> 26079707, Longueur: 56.06032m, Rue: Rue Villeroy
Tronçon: 1036025279 -> 26053570, Longueur: 118.36518m, Rue: Rue Pierre Bourdan
Tronçon: 26058936 -> 95836805, Longueur: 100.932686m, Rue: Place Jean Macé
Tronçon: 26058935 -> 2365928001, Longueur: 20.725393m, Rue: Rue Raoul Servant
Tronçon: 26058935 -> 2365927999, Longueur: 7.8692255m, Rue: Place Jean Macé
Tronçon: 26058937 -> 26058936, Longueur: 79.90622m, Rue: Rue du Professeur Grignard
Tronçon: 26058937 -> 2365928001, Longueur: 81.84019m, Rue: Rue Raoul Servant
Tronçon: 26058937 -> 26059066, Longueur: 111.370346m, Rue: Rue Raoul Servant
Tronçon: 60685047 -> 383733804, Longueur: 125.60411m, Rue: Rue Gervais Bussière
Tronçon: 60685047 -> 252628606, Longueur: 69.79026m, Rue: Rue Gervais Bussière
Tronçon: 60685048 -> 60685047, Longueur: 48.872795m, Rue: Rue Melzet
Tronçon: 60685048 -> 60685043, Longueur: 103.48925m, Rue: Rue Hector Berlioz
Tronçon: 60685045 -> 26296433, Longueur: 55.055706m, Rue: Rue Hector Berlioz
Tronçon: 60685045 -> 60685043, Longueur: 94.98868m, Rue: Rue Hector Berlioz
Tronçon: 18232179 -> 143416, Longueur: 171.48755m, Rue: Rue Saint-Mathieu
Tronçon: 18232179 -> 21696191, Longueur: 120.04204m, Rue: Rue Saint-Maurice
Tronçon: 60685046 -> 1433928362, Longueur: 18.104597m, Rue: Place Wilson
Tronçon: 18232178 -> 143415, Longueur: 77.211784m, Rue: Rue Villon
Tronçon: 18232178 -> 21600350, Longueur: 171.89679m, Rue: Rue Saint-Romain
Tronçon: 18232178 -> 9214911, Longueur: 172.85042m, Rue: Rue Saint-Romain
Tronçon: 60685043 -> 383733802, Longueur: 102.6739m, Rue: Rue Francis de Pressensé
Tronçon: 60685043 -> 60685036, Longueur: 51.629513m, Rue: Rue Francis de Pressensé
Tronçon: 60685043 -> 60685045, Longueur: 94.98868m, Rue: Rue Hector Berlioz
Tronçon: 18232180 -> 18232179, Longueur: 142.3561m, Rue: Rue Saint-Mathieu
Tronçon: 18232180 -> 9214915, Longueur: 140.69615m, Rue: Rue Antoine Lumière
Tronçon: 796918016 -> 796917509, Longueur: 59.115536m, Rue: Impasse Rival
Tronçon: 3020982382 -> 1362781062, Longueur: 19.983597m, Rue: Pont Winston Churchill
Tronçon: 3020982382 -> 3020993750, Longueur: 13.620912m, Rue: Place Adrien Godien
Tronçon: 321238837 -> 110422048, Longueur: 110.06684m, Rue: Rue Branly
Tronçon: 321238837 -> 110422035, Longueur: 153.73137m, Rue: Rue Branly
Tronçon: 321238837 -> 2471166661, Longueur: 259.95966m, Rue: Rue Julien Peyhorgue
Tronçon: 26731889 -> 26731892, Longueur: 28.90536m, Rue: Boulevard du Parc d'Artillerie
Tronçon: 26731889 -> 26731893, Longueur: 35.265015m, Rue: Boulevard du Parc d'Artillerie
Tronçon: 60685036 -> 60685043, Longueur: 51.629513m, Rue: Rue Francis de Pressensé
Tronçon: 60685036 -> 60685046, Longueur: 100.56929m, Rue: Rue Pierre Larousse
Tronçon: 60685036 -> 1513948135, Longueur: 51.537525m, Rue: Cours André Philip
Tronçon: 60685035 -> 26296512, Longueur: 22.659779m, Rue: Cours Émile Zola
Tronçon: 60685035 -> 34500651, Longueur: 174.24553m, Rue: Rue des Charmettes
Tronçon: 60685035 -> 60685036, Longueur: 189.13841m, Rue: Rue Jubin
Tronçon: 60685035 -> 26295419, Longueur: 99.455894m, Rue: Cours Émile Zola
Tronçon: 26731884 -> 26731885, Longueur: 14.803741m, Rue: Rue Challemel-Lacour
Tronçon: 26731884 -> 21604566, Longueur: 71.64879m, Rue: Rue Challemel-Lacour
Tronçon: 26086114 -> 3370328152, Longueur: 67.72544m, Rue: Rue d'Aubigny
Tronçon: 26086114 -> 26086115, Longueur: 70.569046m, Rue: Rue d'Aubigny
Tronçon: 26086114 -> 26086124, Longueur: 252.46027m, Rue: Rue Maurice Flandin
Tronçon: 26731883 -> 26731890, Longueur: 112.57844m, Rue: Boulevard du Parc d'Artillerie
Tronçon: 26731883 -> 26731882, Longueur: 135.19951m, Rue: Rue Saint-Jean de Dieu
Tronçon: 26086115 -> 26086120, Longueur: 60.97287m, Rue: Rue d'Aubigny
Tronçon: 26086115 -> 26086114, Longueur: 70.569046m, Rue: Rue d'Aubigny
Tronçon: 26058917 -> 3208799313, Longueur: 14.533233m, Rue: Rue Garibaldi
Tronçon: 26731882 -> 26731883, Longueur: 135.19951m, Rue: Rue Saint-Jean de Dieu
Tronçon: 26731882 -> 25625383, Longueur: 399.4517m, Rue: Rue Challemel-Lacour
Tronçon: 26086118 -> 26086119, Longueur: 79.10604m, Rue: Rue d'Aubigny
Tronçon: 26086118 -> 26086121, Longueur: 79.720085m, Rue: Rue Étienne Richerand
Tronçon: 26086118 -> 26086117, Longueur: 138.79436m, Rue: Rue d'Aubigny
Tronçon: 26731887 -> 1025987757, Longueur: 20.887302m, Rue: Rue Challemel-Lacour
Tronçon: 26731887 -> 26731886, Longueur: 9.837542m, Rue: Rue Challemel-Lacour
Tronçon: 26086119 -> 26086120, Longueur: 63.36733m, Rue: Rue d'Aubigny
Tronçon: 26086119 -> 26086118, Longueur: 79.10604m, Rue: Rue d'Aubigny
Tronçon: 26731886 -> 26731884, Longueur: 35.74335m, Rue: Rue Challemel-Lacour
Tronçon: 26086116 -> 54803872, Longueur: 47.572834m, Rue: Rue Saint-Antoine
Tronçon: 26086116 -> 25468066, Longueur: 141.69069m, Rue: Rue Saint-Antoine
Tronçon: 26086116 -> 26416315, Longueur: 65.320335m, Rue: Rue Baraban
Tronçon: 26086116 -> 26086123, Longueur: 102.24986m, Rue: Rue Baraban
Tronçon: 26731885 -> 26731889, Longueur: 28.979805m, Rue: Boulevard du Parc d'Artillerie
Tronçon: 26731885 -> 26731887, Longueur: 44.13091m, Rue: Rue Challemel-Lacour
Tronçon: 26086117 -> 26086122, Longueur: 104.15767m, Rue: Rue Baraban
Tronçon: 26086117 -> 26086123, Longueur: 104.1326m, Rue: Rue Baraban
Tronçon: 26086117 -> 26086118, Longueur: 138.79436m, Rue: Rue d'Aubigny
Tronçon: 26086117 -> 208769279, Longueur: 128.86993m, Rue: Rue Saint-Victorien
Tronçon: 26731890 -> 26731883, Longueur: 112.57844m, Rue: Boulevard du Parc d'Artillerie
Tronçon: 26731890 -> 26731893, Longueur: 116.41035m, Rue: Boulevard du Parc d'Artillerie
Tronçon: 257061763 -> 60728860, Longueur: 12.165956m, Rue: Boulevard de la Bataille de Stalingrad
Tronçon: 529122835 -> 35224293, Longueur: 32.099533m, Rue: Rue des Tables Claudiennes
Tronçon: 25303840 -> 25321687, Longueur: 76.26666m, Rue: Rue du Docteur Paul Diday
Tronçon: 25303840 -> 251050719, Longueur: 50.582382m, Rue: Impasse Jeanne d'Arc
Tronçon: 25303841 -> 25303840, Longueur: 151.94449m, Rue: Rue Jeanne d'Arc
Tronçon: 25303841 -> 25321689, Longueur: 83.108986m, Rue: Rue Feuillat
Tronçon: 25303841 -> 26317293, Longueur: 111.942184m, Rue: Rue Feuillat
Tronçon: 26731893 -> 26731890, Longueur: 116.41035m, Rue: Boulevard du Parc d'Artillerie
Tronçon: 26731893 -> 26731892, Longueur: 32.89448m, Rue: Boulevard du Parc d'Artillerie
Tronçon: 26731892 -> 1025987757, Longueur: 33.139072m, Rue: Boulevard du Parc d'Artillerie
Tronçon: 26731892 -> 26731887, Longueur: 21.819996m, Rue: Boulevard du Parc d'Artillerie
Tronçon: 444583124 -> 190889770, Longueur: 3.6794012m, Rue: 
Tronçon: 444583124 -> 190889787, Longueur: 9.739723m, Rue: 
Tronçon: 25525253 -> 21703544, Longueur: 192.66084m, Rue: Impasse Bazat
Tronçon: 25525253 -> 143431, Longueur: 115.15767m, Rue: Rue Antoine Lumière
Tronçon: 505061092 -> 1835841713, Longueur: 177.86421m, Rue: Rue de la Ligne de l'Est
Tronçon: 505061092 -> 505061101, Longueur: 24.685703m, Rue: Rue Émile Decorps
Tronçon: 505061092 -> 191134429, Longueur: 195.15364m, Rue: Rue Émile Decorps
Tronçon: 2520964231 -> 55457360, Longueur: 89.32776m, Rue: Rue Persoz
Tronçon: 2520964231 -> 55447024, Longueur: 215.39256m, Rue: Rue du 1 Mars 1943
Tronçon: 4020676717 -> 4020676714, Longueur: 14.074087m, Rue: Rue Henri Barbusse
Tronçon: 4020676717 -> 4092061493, Longueur: 11.669525m, Rue: Rue Henri Barbusse
Tronçon: 4020676717 -> 1655683917, Longueur: 82.333435m, Rue: Rue Henri Barbusse
Tronçon: 663650206 -> 2100687400, Longueur: 16.806696m, Rue: Quai Claude Bernard
Tronçon: 663650206 -> 26058690, Longueur: 45.195545m, Rue: Rue d'Aguesseau
Tronçon: 25306034 -> 25306035, Longueur: 86.03402m, Rue: Rue André Philip
Tronçon: 25306034 -> 975232215, Longueur: 102.38585m, Rue: Avenue Félix Faure
Tronçon: 25306036 -> 25306035, Longueur: 134.18398m, Rue: Rue de l'Abondance
Tronçon: 25306036 -> 15925447, Longueur: 70.168106m, Rue: Rue Duguesclin
Tronçon: 25306035 -> 34401983, Longueur: 100.00017m, Rue: Rue de l'Abondance
Tronçon: 25306035 -> 25258525, Longueur: 116.97634m, Rue: Rue André Philip
Tronçon: 342906826 -> 342906618, Longueur: 109.15968m, Rue: 
Tronçon: 342906826 -> 342906843, Longueur: 11.629453m, Rue: 
Tronçon: 342906826 -> 342907028, Longueur: 141.82251m, Rue: 
Tronçon: 342869317 -> 342867241, Longueur: 67.77638m, Rue: Allée de l'Enfance
Tronçon: 342869317 -> 342869875, Longueur: 150.91774m, Rue: Allée du Levant
Tronçon: 342869317 -> 342868447, Longueur: 147.80559m, Rue: Allée du Couchant Allée de l'Enfance
Tronçon: 191134750 -> 2858132258, Longueur: 132.21178m, Rue: Rue Victor Basch
Tronçon: 191134750 -> 60492628, Longueur: 98.00572m, Rue: Boulevard Eugène Réguillon
Tronçon: 191134750 -> 191134754, Longueur: 56.839367m, Rue: Boulevard Eugène Réguillon
Tronçon: 25306030 -> 15925446, Longueur: 41.516823m, Rue: Rue André Philip
Tronçon: 191134754 -> 459797856, Longueur: 120.8228m, Rue: Impasse Bayet
Tronçon: 191134754 -> 191134750, Longueur: 56.839367m, Rue: Boulevard Eugène Réguillon
Tronçon: 26480569 -> 26575616, Longueur: 658.2834m, Rue: Quai du Docteur Gailleton Quai Jules Courmont
Tronçon: 26480569 -> 26480401, Longueur: 241.91093m, Rue: Quai Jules Courmont
Tronçon: 1676885834 -> 1026030617, Longueur: 9.763474m, Rue: Rue Henri Barbusse
Tronçon: 1676885834 -> 4020676714, Longueur: 162.80026m, Rue: Rue Henri Barbusse
Tronçon: 1676885834 -> 1026030476, Longueur: 13.612118m, Rue: Route de Vienne
Tronçon: 34401979 -> 26079788, Longueur: 91.75097m, Rue: Rue du Pensionnat
Tronçon: 34401979 -> 25258525, Longueur: 107.69261m, Rue: Rue d'Arménie
Tronçon: 34401979 -> 34401984, Longueur: 59.858894m, Rue: Rue Garibaldi
Tronçon: 25306020 -> 991648001, Longueur: 6.81335m, Rue: Rue de Créqui
Tronçon: 25306020 -> 25306164, Longueur: 93.01468m, Rue: Cours Gambetta
Tronçon: 4020676714 -> 60755977, Longueur: 82.31187m, Rue: Rue Henri Barbusse
Tronçon: 4020676714 -> 1676885834, Longueur: 162.80026m, Rue: Rue Henri Barbusse
Tronçon: 4020676714 -> 4020676717, Longueur: 14.074087m, Rue: Rue Henri Barbusse
Tronçon: 25306024 -> 1036842184, Longueur: 136.5443m, Rue: Rue Alphonse Daudet
Tronçon: 25306024 -> 1291379525, Longueur: 80.12307m, Rue: Rue de Créqui
Tronçon: 25321687 -> 25321689, Longueur: 153.3693m, Rue: Passage Feuillat
Tronçon: 25321687 -> 459797860, Longueur: 101.035904m, Rue: Passage Feuillat
Tronçon: 25321687 -> 25321447, Longueur: 103.34052m, Rue: Rue du Docteur Paul Diday
Tronçon: 25321689 -> 25321687, Longueur: 153.3693m, Rue: Passage Feuillat
Tronçon: 25321689 -> 25303841, Longueur: 83.108986m, Rue: Rue Feuillat
Tronçon: 25321689 -> 25303831, Longueur: 153.72511m, Rue: Rue Feuillat
Tronçon: 34401989 -> 26079790, Longueur: 153.56767m, Rue: Rue de l'AbondanceRue Garibaldi
Tronçon: 34401988 -> 34401987, Longueur: 18.621817m, Rue: Rue Garibaldi
Tronçon: 34401988 -> 34401989, Longueur: 17.924046m, Rue: Rue Garibaldi
Tronçon: 34401987 -> 25306034, Longueur: 100.629295m, Rue: Avenue Félix Faure
Tronçon: 34401987 -> 34402383, Longueur: 100.510765m, Rue: Rue Garibaldi
Tronçon: 34401986 -> 25174226, Longueur: 264.82983m, Rue: Rue Garibaldi
Tronçon: 34401986 -> 34401987, Longueur: 15.318038m, Rue: Avenue Félix Faure
Tronçon: 34401986 -> 34401989, Longueur: 17.926199m, Rue: Rue Garibaldi
Tronçon: 34401984 -> 25174226, Longueur: 403.2181m, Rue: Rue Garibaldi
Tronçon: 34401984 -> 34401983, Longueur: 59.28932m, Rue: Rue Garibaldi
Tronçon: 34401983 -> 34401988, Longueur: 61.73676m, Rue: Rue Garibaldi
Tronçon: 26052731 -> 26052730, Longueur: 79.823715m, Rue: Rue Commandant Faurax
Tronçon: 26052731 -> 26052732, Longueur: 24.255074m, Rue: Avenue de Grande-Bretagne
Tronçon: 26052731 -> 25722293, Longueur: 126.65026m, Rue: Avenue de Grande-Bretagne
Tronçon: 26052732 -> 26052731, Longueur: 24.255074m, Rue: Avenue de Grande-Bretagne
Tronçon: 26052732 -> 25722294, Longueur: 93.169205m, Rue: Avenue de Grande-Bretagne
Tronçon: 191134733 -> 191134720, Longueur: 60.118122m, Rue: Petite Rue Pasteur
Tronçon: 191134733 -> 191134729, Longueur: 115.33837m, Rue: Rue Chevreul
Tronçon: 191134733 -> 1608528160, Longueur: 81.35362m, Rue: Rue Chevreul
Tronçon: 26052730 -> 25495339, Longueur: 82.4339m, Rue: Rue Commandant Faurax
Tronçon: 26052730 -> 26052731, Longueur: 79.823715m, Rue: Rue Commandant Faurax
Tronçon: 26052730 -> 25316183, Longueur: 97.23519m, Rue: Rue Vendôme
Tronçon: 581678 -> 195237, Longueur: 85.50466m, Rue: Rue de l'Université
Tronçon: 581678 -> 26059183, Longueur: 78.73217m, Rue: Avenue Jean Jaurès
Tronçon: 191134741 -> 191134782, Longueur: 177.56535m, Rue: Cours Émile Zola
Tronçon: 191134741 -> 25932598, Longueur: 62.674774m, Rue: Cours Émile Zola
Tronçon: 4365928347 -> 26470089, Longueur: 140.45544m, Rue: Rue Alfred de Vigny
Tronçon: 4365928347 -> 26463667, Longueur: 153.39073m, Rue: Rue Trarieux
Tronçon: 1368366577 -> 26035018, Longueur: 88.184784m, Rue: Rue Curie
Tronçon: 1368366577 -> 26035011, Longueur: 24.142887m, Rue: Boulevard des Belges
Tronçon: 191134717 -> 191134720, Longueur: 120.182205m, Rue: Rue Charles Robin
Tronçon: 191134717 -> 191134729, Longueur: 61.995464m, Rue: Rue Victor Basch
Tronçon: 191134717 -> 191134724, Longueur: 60.810886m, Rue: Rue Victor Basch
Tronçon: 191134717 -> 191134707, Longueur: 63.149654m, Rue: Rue Charles Robin
Tronçon: 1368366566 -> 1368366577, Longueur: 21.188885m, Rue: Boulevard des Belges
Tronçon: 1368366566 -> 378175582, Longueur: 25.139019m, Rue: Rue des Émeraudes
Tronçon: 191134726 -> 2858132259, Longueur: 88.654724m, Rue: Rue Bergonier
Tronçon: 191134726 -> 191134741, Longueur: 117.28744m, Rue: Petite Rue Pasteur
Tronçon: 1368366564 -> 1368366566, Longueur: 25.681402m, Rue: Rue Juliette Récamier
Tronçon: 1368366564 -> 1778350879, Longueur: 216.49583m, Rue: Place Jules Ferry
Tronçon: 191134724 -> 191134705, Longueur: 64.53669m, Rue: Rue Bergonier
Tronçon: 191134724 -> 191134717, Longueur: 60.810886m, Rue: Rue Victor Basch
Tronçon: 191134724 -> 2858132259, Longueur: 38.21682m, Rue: Rue Bergonier
Tronçon: 191134724 -> 55446987, Longueur: 89.807304m, Rue: Rue Victor Basch
Tronçon: 191134729 -> 191134717, Longueur: 61.995464m, Rue: Rue Victor Basch
Tronçon: 191134729 -> 2858132258, Longueur: 97.0959m, Rue: Rue Victor Basch
Tronçon: 191134729 -> 191134733, Longueur: 115.33837m, Rue: Rue Chevreul
Tronçon: 191134720 -> 191134717, Longueur: 120.182205m, Rue: Rue Charles Robin
Tronçon: 191134720 -> 191134726, Longueur: 62.125217m, Rue: Petite Rue Pasteur
Tronçon: 2181616448 -> 2181616436, Longueur: 94.238235m, Rue: Rue de la Part-Dieu
Tronçon: 2181616448 -> 25306183, Longueur: 20.371832m, Rue: Rue de Créqui
Tronçon: 2485871064 -> 55435016, Longueur: 9.768958m, Rue: 
Tronçon: 2485871064 -> 55434918, Longueur: 19.510443m, Rue: 
Tronçon: 1471827643 -> 26740278, Longueur: 74.60085m, Rue: Quai André Lassagne
Tronçon: 24644374 -> 24644347, Longueur: 99.41488m, Rue: Rue Jean Novel
Tronçon: 24644374 -> 25618436, Longueur: 62.72037m, Rue: Rue de Genève
Tronçon: 342906843 -> 342906826, Longueur: 11.629453m, Rue: 
Tronçon: 342906843 -> 190823177, Longueur: 262.17374m, Rue: Rue Michel Dupeuble
Tronçon: 342906843 -> 190903102, Longueur: 107.96507m, Rue: Rue Michel Dupeuble
Tronçon: 796918086 -> 1475230723, Longueur: 25.567122m, Rue: Rue de la Madeleine
Tronçon: 796918086 -> 1475230728, Longueur: 8.182912m, Rue: 
Tronçon: 191134705 -> 191134707, Longueur: 41.22942m, Rue: Rue Charles Robin
Tronçon: 191134705 -> 191134724, Longueur: 64.53669m, Rue: Rue Bergonier
Tronçon: 191134705 -> 55446995, Longueur: 41.496403m, Rue: Rue Charles Robin
Tronçon: 2181616436 -> 25258724, Longueur: 65.63478m, Rue: Rue Vendôme
Tronçon: 24644383 -> 24644242, Longueur: 82.64019m, Rue: Boulevard de la Bataille de Stalingrad
Tronçon: 24644383 -> 24644347, Longueur: 62.983185m, Rue: Rue Jean Novel
Tronçon: 24009837 -> 195251, Longueur: 53.041683m, Rue: Grande Rue de la Guillotière
Tronçon: 24009837 -> 195254, Longueur: 174.54126m, Rue: Avenue Jean Jaurès
Tronçon: 191134707 -> 191134705, Longueur: 41.22942m, Rue: Rue Charles Robin
Tronçon: 191134707 -> 1848025104, Longueur: 39.05926m, Rue: Rue François Jacob
Tronçon: 191134707 -> 191134717, Longueur: 63.149654m, Rue: Rue Charles Robin
Tronçon: 24009841 -> 25337460, Longueur: 47.39701m, Rue: Rue d'Anvers
Tronçon: 24009841 -> 24009837, Longueur: 51.090633m, Rue: Avenue Jean Jaurès
Tronçon: 191134701 -> 191134679, Longueur: 319.48196m, Rue: Avenue Marcel Cerdan Rue Baudin
Tronçon: 191134701 -> 34499743, Longueur: 62.501617m, Rue: Cours Émile Zola
Tronçon: 55474924 -> 55457314, Longueur: 225.82951m, Rue: Rue Louis Braille
Tronçon: 55474924 -> 398398299, Longueur: 62.88187m, Rue: Rue Valentin Hauy
Tronçon: 55474924 -> 4025995466, Longueur: 127.81875m, Rue: Rue Lafontaine
Tronçon: 273218195 -> 273218201, Longueur: 31.823263m, Rue: Rue Gentil
Tronçon: 24644347 -> 1384310580, Longueur: 57.100685m, Rue: Rue Louis Guérin
Tronçon: 24644347 -> 24644374, Longueur: 99.41488m, Rue: Rue Jean Novel
Tronçon: 24644347 -> 24644270, Longueur: 77.869484m, Rue: Rue Louis Guérin
Tronçon: 24644347 -> 24644383, Longueur: 62.983185m, Rue: Rue Jean Novel
Tronçon: 663650280 -> 25337459, Longueur: 94.81282m, Rue: Rue Chalopin
Tronçon: 663650280 -> 24009837, Longueur: 38.71699m, Rue: Grande Rue de la Guillotière
Tronçon: 3923935917 -> 3923936250, Longueur: 35.44177m, Rue: 
Tronçon: 1608222757 -> 1608222754, Longueur: 110.354126m, Rue: Rue Paret
Tronçon: 1608222757 -> 190823192, Longueur: 109.05094m, Rue: Rue Louis Fort
Tronçon: 1608222757 -> 190817740, Longueur: 170.12038m, Rue: Rue Louis Fort
Tronçon: 55474916 -> 2282805720, Longueur: 27.940016m, Rue: Rue Jean Jaurès
Tronçon: 55474916 -> 60493268, Longueur: 81.181366m, Rue: Rue Jean Jaurès
Tronçon: 55474916 -> 55474924, Longueur: 231.42119m, Rue: Rue Louis Braille
Tronçon: 1471827637 -> 26480365, Longueur: 144.93214m, Rue: Quai Jean Moulin
Tronçon: 1471827637 -> 1471827643, Longueur: 455.34402m, Rue: Quai André Lassagne Quai Jean Moulin
Tronçon: 1608222754 -> 1608222757, Longueur: 110.354126m, Rue: Rue Paret
Tronçon: 1608222754 -> 190817736, Longueur: 160.334m, Rue: Rue Pélisson
Tronçon: 1608222754 -> 190823204, Longueur: 132.52826m, Rue: Rue Pélisson
Tronçon: 25310913 -> 26035104, Longueur: 108.29161m, Rue: Rue Waldeck-Rousseau
Tronçon: 25310913 -> 25310910, Longueur: 92.91569m, Rue: Rue Vauban
Tronçon: 25310913 -> 26035040, Longueur: 160.59161m, Rue: Rue Waldeck-Rousseau Place du Général Brosset
Tronçon: 25310910 -> 2319500305, Longueur: 58.895588m, Rue: Rue Vauban
Tronçon: 25310910 -> 25310909, Longueur: 73.051926m, Rue: Boulevard des Brotteaux
Tronçon: 2109113577 -> 190951514, Longueur: 15.88851m, Rue: Impasse des Soeurs
Tronçon: 2109113578 -> 190951514, Longueur: 92.22122m, Rue: Impasse des Soeurs
Tronçon: 25310911 -> 25310872, Longueur: 83.83696m, Rue: Rue Professeur Weill
Tronçon: 25310911 -> 25310874, Longueur: 79.29725m, Rue: Rue Bugeaud
Tronçon: 55474940 -> 459797872, Longueur: 8.869261m, Rue: Rue Antonin Perrin
Tronçon: 55474940 -> 398398299, Longueur: 149.63223m, Rue: Rue Valentin Hauy
Tronçon: 55474940 -> 1918509931, Longueur: 104.0505m, Rue: Rue Antonin Perrin
Tronçon: 25310907 -> 25310908, Longueur: 84.36393m, Rue: Cours Lafayette
Tronçon: 25310907 -> 25310894, Longueur: 99.33223m, Rue: Rue Ney
Tronçon: 25310909 -> 2072612784, Longueur: 32.274574m, Rue: Boulevard des Brotteaux
Tronçon: 25310908 -> 25932612, Longueur: 45.95226m, Rue: Boulevard Vivier-Merle
Tronçon: 25310908 -> 26035087, Longueur: 58.381054m, Rue: Cours Lafayette
Tronçon: 55474949 -> 2282805720, Longueur: 185.87515m, Rue: Avenue Antoine de Saint-Exupéry
Tronçon: 55474949 -> 2392360249, Longueur: 142.3364m, Rue: Rue Florian
Tronçon: 55474949 -> 342869875, Longueur: 131.22498m, Rue: Rue Florian
Tronçon: 55474949 -> 2586814494, Longueur: 157.74042m, Rue: Avenue Antoine de Saint-Exupéry
Tronçon: 33235334 -> 1395793336, Longueur: 28.737423m, Rue: Rue Lionel Terray
Tronçon: 33235334 -> 33235335, Longueur: 217.89125m, Rue: 
Tronçon: 25310903 -> 1381860426, Longueur: 71.60093m, Rue: Rue Barrier
Tronçon: 25310903 -> 25327146, Longueur: 77.69695m, Rue: Rue Vauban
Tronçon: 25310902 -> 25327152, Longueur: 82.87472m, Rue: Rue Barrier
Tronçon: 25310902 -> 25327147, Longueur: 77.59283m, Rue: Rue Bugeaud
Tronçon: 25310905 -> 25310904, Longueur: 72.3938m, Rue: Rue Barrier
Tronçon: 25310905 -> 34385832, Longueur: 75.04506m, Rue: Rue Robert
Tronçon: 25310904 -> 25310899, Longueur: 78.88115m, Rue: Rue Louis Blanc
Tronçon: 25310904 -> 25310903, Longueur: 73.64487m, Rue: Rue Barrier
Tronçon: 25310901 -> 25310885, Longueur: 81.67557m, Rue: Rue Tête d'Or
Tronçon: 25310901 -> 25310902, Longueur: 77.58369m, Rue: Rue Bugeaud
Tronçon: 25310900 -> 1381860427, Longueur: 73.40598m, Rue: Rue Tête d'Or
Tronçon: 25310900 -> 25310903, Longueur: 78.48749m, Rue: Rue Vauban
Tronçon: 1643908326 -> 25468089, Longueur: 243.9503m, Rue: Boulevard des États-Unis
Tronçon: 25319302 -> 1621556354, Longueur: 17.709778m, Rue: Cours Lafayette
Tronçon: 25319302 -> 21674802, Longueur: 92.166985m, Rue: Rue Vendôme
Tronçon: 663650234 -> 26058664, Longueur: 60.15949m, Rue: Rue Basse Combalot
Tronçon: 55474983 -> 55474989, Longueur: 12.930663m, Rue: Place Marengo
Tronçon: 55474983 -> 55475038, Longueur: 23.662092m, Rue: Place Marengo
Tronçon: 55474989 -> 48830474, Longueur: 119.83992m, Rue: Avenue Marc Sangnier
Tronçon: 55474989 -> 55475004, Longueur: 14.101396m, Rue: Place Marengo
Tronçon: 55474989 -> 55474983, Longueur: 12.930663m, Rue: Place Marengo
Tronçon: 1921830160 -> 2453716845, Longueur: 12.683293m, Rue: Boulevard Pinel
Tronçon: 1921830160 -> 21715072, Longueur: 160.61214m, Rue: Boulevard Pinel
Tronçon: 191134778 -> 3651418949, Longueur: 169.6099m, Rue: Rue Pierre Baratin
Tronçon: 55474973 -> 54803905, Longueur: 103.20281m, Rue: Rue Lafontaine
Tronçon: 55474973 -> 55474978, Longueur: 109.96871m, Rue: Rue Lafontaine
Tronçon: 55474973 -> 208769039, Longueur: 109.41269m, Rue: Rue Pascal
Tronçon: 55474978 -> 208769499, Longueur: 79.801414m, Rue: Rue Édouard Aynard
Tronçon: 55474978 -> 2456932713, Longueur: 107.5206m, Rue: Rue Lafontaine
Tronçon: 55474978 -> 55457281, Longueur: 190.42087m, Rue: Rue Édouard Aynard
Tronçon: 55474978 -> 55474973, Longueur: 109.96871m, Rue: Rue Lafontaine
Tronçon: 191134782 -> 191134778, Longueur: 66.392876m, Rue: Rue Pierre Baratin
Tronçon: 191134782 -> 3230088380, Longueur: 42.35709m, Rue: Cours Émile Zola
Tronçon: 191134782 -> 191134741, Longueur: 177.56535m, Rue: Cours Émile Zola
Tronçon: 25310932 -> 21674804, Longueur: 76.23956m, Rue: Rue Pierre Corneille
Tronçon: 25310932 -> 21604550, Longueur: 87.42015m, Rue: Rue Dunoir
Tronçon: 25310931 -> 25310932, Longueur: 78.28766m, Rue: Rue Pierre Corneille
Tronçon: 25310931 -> 25310933, Longueur: 85.56106m, Rue: Rue de Bonnel
Tronçon: 25310933 -> 25319257, Longueur: 61.52486m, Rue: Avenue Maréchal de Saxe
Tronçon: 25310933 -> 25319258, Longueur: 78.22729m, Rue: Rue de Bonnel
Tronçon: 62026543 -> 1468823683, Longueur: 20.463095m, Rue: 
Tronçon: 62026543 -> 1468823679, Longueur: 14.557721m, Rue: Cours d'Herbouville
Tronçon: 25303795 -> 226202090, Longueur: 82.09995m, Rue: Rue Trarieux
Tronçon: 25303795 -> 25303799, Longueur: 263.59998m, Rue: Rue du Professeur Rochaix
Tronçon: 25303796 -> 25303797, Longueur: 129.64995m, Rue: Rue du Professeur Florence
Tronçon: 25303796 -> 25303799, Longueur: 195.79736m, Rue: Rue Balthazar
Tronçon: 21717943 -> 21717941, Longueur: 55.997116m, Rue: Rue Genton
Tronçon: 21717943 -> 21717933, Longueur: 172.63002m, Rue: Rue Genton
Tronçon: 21717943 -> 2388251449, Longueur: 115.70186m, Rue: Passage Ranvier
Tronçon: 25303797 -> 2018719148, Longueur: 173.79593m, Rue: Rue du Professeur Florence
Tronçon: 21717942 -> 21718297, Longueur: 125.49228m, Rue: Rue Colette
Tronçon: 21717942 -> 21718245, Longueur: 55.77458m, Rue: Rue Genton
Tronçon: 21717942 -> 21717941, Longueur: 62.4934m, Rue: Rue Genton
Tronçon: 25303798 -> 25303803, Longueur: 302.64557m, Rue: Rue Roux-Soignat
Tronçon: 25303798 -> 25303797, Longueur: 132.70631m, Rue: Rue Trarieux
Tronçon: 21717941 -> 21717946, Longueur: 160.79332m, Rue: Rue Gaston Brissac
Tronçon: 21717941 -> 21717942, Longueur: 62.4934m, Rue: Rue Genton
Tronçon: 21717941 -> 21717943, Longueur: 55.997116m, Rue: Rue Genton
Tronçon: 25303799 -> 26570167, Longueur: 55.239407m, Rue: Rue du Professeur Rochaix
Tronçon: 21717946 -> 21717941, Longueur: 160.79332m, Rue: Rue Gaston Brissac
Tronçon: 21717946 -> 21718291, Longueur: 19.840118m, Rue: Rue du Professeur Joseph Nicolas
Tronçon: 21717946 -> 21717939, Longueur: 127.222176m, Rue: Rue du Professeur Joseph Nicolas
Tronçon: 21717939 -> 21718033, Longueur: 304.35153m, Rue: Boulevard Ambroise Paré
Tronçon: 21717939 -> 21717946, Longueur: 127.222176m, Rue: Rue du Professeur Joseph Nicolas
Tronçon: 21717939 -> 21717931, Longueur: 85.56476m, Rue: Rue du Professeur Joseph Nicolas
Tronçon: 21717939 -> 471133022, Longueur: 41.212082m, Rue: Boulevard Ambroise Paré
Tronçon: 62026530 -> 252466525, Longueur: 5.743965m, Rue: Montée Bonafous
Tronçon: 62026530 -> 26740271, Longueur: 438.27957m, Rue: Quai André Lassagne Cours d'Herbouville
Tronçon: 21717933 -> 21717936, Longueur: 75.345924m, Rue: Rue Bataille
Tronçon: 21717933 -> 21717943, Longueur: 172.63002m, Rue: Rue Genton
Tronçon: 21717932 -> 2388251460, Longueur: 19.179264m, Rue: Boulevard Ambroise Paré
Tronçon: 21717932 -> 471133022, Longueur: 76.54216m, Rue: Boulevard Ambroise Paré
Tronçon: 21717931 -> 21718288, Longueur: 385.02692m, Rue: Rue Professeur Morat
Tronçon: 21717931 -> 3552894977, Longueur: 114.40306m, Rue: Rue Bataille
Tronçon: 21717931 -> 21717939, Longueur: 85.56476m, Rue: Rue du Professeur Joseph Nicolas
Tronçon: 21717931 -> 21717932, Longueur: 97.847244m, Rue: Rue Bataille
Tronçon: 21717930 -> 21717929, Longueur: 41.57947m, Rue: Rue Laennec
Tronçon: 21717930 -> 21717916, Longueur: 26.042063m, Rue: Rue Laennec
Tronçon: 21717936 -> 2388251460, Longueur: 40.89357m, Rue: Rue Bataille
Tronçon: 21717936 -> 21717934, Longueur: 33.199818m, Rue: Rue Bataille
Tronçon: 245957281 -> 7300867, Longueur: 36.57954m, Rue: Avenue des Frères Lumière
Tronçon: 21717934 -> 2388251460, Longueur: 26.576775m, Rue: Boulevard Ambroise Paré
Tronçon: 21717934 -> 21717927, Longueur: 72.0598m, Rue: Boulevard Ambroise Paré
Tronçon: 2034547839 -> 25719228, Longueur: 53.609547m, Rue: Rue du Général Mouton-Duvernet Cours Albert Thomas
Tronçon: 21717929 -> 21717930, Longueur: 41.57947m, Rue: Rue Laennec
Tronçon: 21717929 -> 21717928, Longueur: 84.67725m, Rue: Rue Thomas Blanchet
Tronçon: 21717929 -> 21717912, Longueur: 67.470406m, Rue: Rue Laennec
Tronçon: 21717928 -> 21729400, Longueur: 41.154457m, Rue: Rue Thomas Blanchet
Tronçon: 21717928 -> 21717912, Longueur: 86.87499m, Rue: Boulevard Ambroise Paré
Tronçon: 21717928 -> 21717927, Longueur: 62.809677m, Rue: Boulevard Ambroise Paré
Tronçon: 21717928 -> 21717929, Longueur: 84.67725m, Rue: Rue Thomas Blanchet
Tronçon: 21717927 -> 21717934, Longueur: 72.0598m, Rue: Boulevard Ambroise Paré
Tronçon: 21717927 -> 21729400, Longueur: 47.35024m, Rue: Boulevard Ambroise Paré
Tronçon: 21717927 -> 21717928, Longueur: 62.809677m, Rue: Boulevard Ambroise Paré
Tronçon: 21717927 -> 21717916, Longueur: 150.11787m, Rue: Rue des Artisans
Tronçon: 2034547834 -> 3393859920, Longueur: 73.04839m, Rue: Cours Albert Thomas
Tronçon: 2034547834 -> 25719228, Longueur: 70.048775m, Rue: Cours Albert Thomas
Tronçon: 474605986 -> 21993017, Longueur: 54.14699m, Rue: Cours Albert Thomas
Tronçon: 474605986 -> 474605980, Longueur: 84.36449m, Rue: Rue Rossan
Tronçon: 1954994787 -> 1954994784, Longueur: 6.591936m, Rue: Place René Deroudille
Tronçon: 1954994787 -> 2319500306, Longueur: 15.793434m, Rue: Rue Juliette Récamier
Tronçon: 1954994787 -> 1954994821, Longueur: 3.6177402m, Rue: Place René Deroudille
Tronçon: 474605980 -> 474605974, Longueur: 9.721205m, Rue: Rue Rossan
Tronçon: 1954994784 -> 25310874, Longueur: 112.536896m, Rue: Rue Ney
Tronçon: 1954994784 -> 1954994809, Longueur: 8.378013m, Rue: Place René Deroudille
Tronçon: 1954994784 -> 1954994787, Longueur: 6.591936m, Rue: Place René Deroudille
Tronçon: 1954994781 -> 1954994779, Longueur: 6.63068m, Rue: Place René Deroudille
Tronçon: 1954994781 -> 1954994821, Longueur: 17.225723m, Rue: Place René Deroudille
Tronçon: 60902278 -> 452908352, Longueur: 214.41359m, Rue: 
Tronçon: 60902278 -> 143385, Longueur: 406.71573m, Rue: 
Tronçon: 342872879 -> 2456932713, Longueur: 24.71337m, Rue: Rue Richelieu
Tronçon: 342872879 -> 342873658, Longueur: 37.097897m, Rue: Rue Richelieu
Tronçon: 342872879 -> 342873532, Longueur: 51.028988m, Rue: Impasse Lafontaine
Tronçon: 60902260 -> 60902262, Longueur: 300.8853m, Rue: 
Tronçon: 60902260 -> 21741454, Longueur: 848.5112m, Rue: Boulevard Laurent Bonnevay
Tronçon: 1954994779 -> 1954994809, Longueur: 10.630799m, Rue: Place René Deroudille
Tronçon: 1954994779 -> 1954994781, Longueur: 6.63068m, Rue: Place René Deroudille
Tronçon: 62026553 -> 1362781049, Longueur: 174.39648m, Rue: Cours d'Herbouville
Tronçon: 474605974 -> 25321304, Longueur: 83.31093m, Rue: Rue Guilloud
Tronçon: 474605974 -> 474605980, Longueur: 9.721205m, Rue: Rue Rossan
Tronçon: 60902263 -> 60902264, Longueur: 66.78109m, Rue: 
Tronçon: 60902263 -> 1395793339, Longueur: 483.44165m, Rue: 
Tronçon: 60902264 -> 143370, Longueur: 609.2704m, Rue: 
Tronçon: 60902264 -> 21741454, Longueur: 283.5001m, Rue: 
Tronçon: 60902262 -> 60902263, Longueur: 197.15866m, Rue: 
Tronçon: 21717954 -> 21717953, Longueur: 9.953976m, Rue: Rue Bataille
Tronçon: 21717954 -> 21704340, Longueur: 119.040665m, Rue: Rue Auguste Pinton
Tronçon: 21717953 -> 21704339, Longueur: 54.97757m, Rue: Rue Bataille
Tronçon: 21717956 -> 21717954, Longueur: 163.45201m, Rue: Rue Bataille
Tronçon: 21717956 -> 21704340, Longueur: 152.78879m, Rue: Rue Président Krüger
Tronçon: 4011909750 -> 4011909755, Longueur: 172.6142m, Rue: 
Tronçon: 4011909750 -> 191134658, Longueur: 207.14316m, Rue: Rue Docteur Frappaz
Tronçon: 1171867296 -> 322191195, Longueur: 20.655159m, Rue: Place de la Croix-Rousse
Tronçon: 21717904 -> 21717905, Longueur: 120.09027m, Rue: Rue Longefer
Tronçon: 21717904 -> 21704346, Longueur: 160.7465m, Rue: Rue Longefer
Tronçon: 21717904 -> 21704345, Longueur: 239.97775m, Rue: Rue Laennec
Tronçon: 270473912 -> 270473914, Longueur: 101.24978m, Rue: Avenue Verguin
Tronçon: 270473912 -> 26022694, Longueur: 122.2366m, Rue: Avenue Verguin
Tronçon: 270473914 -> 25327118, Longueur: 87.40248m, Rue: Boulevard des Belges
Tronçon: 270473915 -> 270473912, Longueur: 37.193996m, Rue: Avenue Verguin
Tronçon: 1860559399 -> 251167391, Longueur: 84.843506m, Rue: Impasse Gazagnon
Tronçon: 4011909756 -> 4011909755, Longueur: 36.991425m, Rue: 
Tronçon: 1613914187 -> 1613914197, Longueur: 7.120734m, Rue: 
Tronçon: 1613914187 -> 1613914199, Longueur: 6.2363815m, Rue: 
Tronçon: 1613914187 -> 3760142306, Longueur: 28.512524m, Rue: Avenue Édouard Herriot
Tronçon: 4011909755 -> 4011909756, Longueur: 36.991425m, Rue: 
Tronçon: 4011909755 -> 1485840029, Longueur: 112.43858m, Rue: 
Tronçon: 4011909755 -> 4011909750, Longueur: 172.6142m, Rue: 
Tronçon: 253416306 -> 130143385, Longueur: 39.191017m, Rue: Rue du Chariot d'Or
Tronçon: 1613914194 -> 1613914198, Longueur: 6.2105927m, Rue: 
Tronçon: 1613914194 -> 1613914199, Longueur: 12.073503m, Rue: 
Tronçon: 1613914194 -> 2856413708, Longueur: 148.09076m, Rue: Rue Léon Bourgeois
Tronçon: 1613914199 -> 1613914194, Longueur: 12.073503m, Rue: 
Tronçon: 1613914199 -> 1613914187, Longueur: 6.2363815m, Rue: 
Tronçon: 1613914197 -> 1613914187, Longueur: 7.120734m, Rue: 
Tronçon: 1613914197 -> 1613914198, Longueur: 7.538821m, Rue: 
Tronçon: 1613914198 -> 1613914194, Longueur: 6.2105927m, Rue: 
Tronçon: 1613914198 -> 1613914197, Longueur: 7.538821m, Rue: 
Tronçon: 25615380 -> 26064162, Longueur: 118.379486m, Rue: Quai Général Sarrail
Tronçon: 25615380 -> 25319204, Longueur: 81.561424m, Rue: Rue Bugeaud
Tronçon: 25615380 -> 26064143, Longueur: 115.76883m, Rue: Quai Général Sarrail
Tronçon: 175379380 -> 7469500, Longueur: 41.3352m, Rue: Quai Jean Moulin
Tronçon: 21717919 -> 2790259884, Longueur: 429.4972m, Rue: Rue du Professeur Ranvier
Tronçon: 21717919 -> 21717933, Longueur: 121.36501m, Rue: Rue Bataille
Tronçon: 21717918 -> 1201354422, Longueur: 22.591179m, Rue: Rue Laennec
Tronçon: 21717918 -> 21717919, Longueur: 89.52144m, Rue: Rue du Professeur Ranvier
Tronçon: 21717916 -> 1201354435, Longueur: 9.1776705m, Rue: Rue des Artisans
Tronçon: 21717916 -> 21717918, Longueur: 29.13474m, Rue: Rue Laennec
Tronçon: 54803905 -> 54803119, Longueur: 124.02671m, Rue: Rue du 4 Septembre 1797
Tronçon: 54803905 -> 208769039, Longueur: 157.37244m, Rue: Avenue Marc Sangnier
Tronçon: 54803905 -> 55474973, Longueur: 103.20281m, Rue: Rue Lafontaine
Tronçon: 54803905 -> 1679901326, Longueur: 92.98088m, Rue: Avenue Marc Sangnier
Tronçon: 21717915 -> 21715080, Longueur: 503.41928m, Rue: Rue Guillaume Paradin
Tronçon: 21717915 -> 21717913, Longueur: 111.143425m, Rue: Rue Guillaume Paradin
Tronçon: 21717915 -> 21717909, Longueur: 197.03235m, Rue: Rue Volney Rue Victor de Laprade
Tronçon: 21717915 -> 257682550, Longueur: 200.07085m, Rue: Rue Victor de Laprade
Tronçon: 21717913 -> 21717909, Longueur: 125.619m, Rue: Boulevard Ambroise Paré
Tronçon: 21717913 -> 21715425, Longueur: 176.08267m, Rue: Boulevard Ambroise Paré
Tronçon: 21717913 -> 21717915, Longueur: 111.143425m, Rue: Rue Guillaume Paradin
Tronçon: 21717912 -> 21717928, Longueur: 86.87499m, Rue: Boulevard Ambroise Paré
Tronçon: 21717912 -> 21717929, Longueur: 67.470406m, Rue: Rue Laennec
Tronçon: 21717912 -> 21717907, Longueur: 187.37152m, Rue: Rue Laennec
Tronçon: 21717912 -> 21717909, Longueur: 65.603874m, Rue: Boulevard Ambroise Paré
Tronçon: 21717908 -> 21704347, Longueur: 184.35991m, Rue: Rue Pierre Sonnerat
Tronçon: 21717908 -> 21717904, Longueur: 59.91965m, Rue: Rue Laennec
Tronçon: 21717907 -> 21717906, Longueur: 88.447815m, Rue: Rue de l'Abbé Laurent Remilleux
Tronçon: 21717907 -> 21717908, Longueur: 38.509235m, Rue: Rue Laennec
Tronçon: 21717906 -> 21717907, Longueur: 88.447815m, Rue: Rue de l'Abbé Laurent Remilleux
Tronçon: 21717906 -> 21717909, Longueur: 132.40022m, Rue: Rue Volney
Tronçon: 21717905 -> 21717906, Longueur: 92.29713m, Rue: Rue Volney
Tronçon: 21717905 -> 21717904, Longueur: 120.09027m, Rue: Rue Longefer
Tronçon: 21717905 -> 1156367438, Longueur: 18.09807m, Rue: Rue Volney
Tronçon: 21717909 -> 21717913, Longueur: 125.619m, Rue: Boulevard Ambroise Paré
Tronçon: 21717909 -> 21717912, Longueur: 65.603874m, Rue: Boulevard Ambroise Paré
Tronçon: 21717909 -> 21717915, Longueur: 197.03235m, Rue: Rue Volney Rue Victor de Laprade
Tronçon: 1028380059 -> 25624666, Longueur: 76.32744m, Rue: Avenue Général Frère
Tronçon: 1028380059 -> 25624662, Longueur: 27.671791m, Rue: Avenue Général Frère
Tronçon: 26009844 -> 21674898, Longueur: 33.41166m, Rue: Rue Aimé Collomb
Tronçon: 26009844 -> 26009843, Longueur: 36.94997m, Rue: Rue Aimé Collomb
Tronçon: 26009844 -> 26009828, Longueur: 76.8832m, Rue: Rue Jean Larrivé
Tronçon: 26009843 -> 249717498, Longueur: 68.44477m, Rue: Quai Victor Augagneur
Tronçon: 26009843 -> 26009844, Longueur: 36.94997m, Rue: Rue Aimé Collomb
Tronçon: 26009841 -> 26053894, Longueur: 83.23302m, Rue: Rue de la Part-Dieu
Tronçon: 26316433 -> 26086130, Longueur: 43.43769m, Rue: Rue Sainte-Anne de Baraban
Tronçon: 1028380042 -> 25624662, Longueur: 34.035744m, Rue: Rue Maryse Bastié
Tronçon: 1028380042 -> 1028380059, Longueur: 28.872715m, Rue: Rue Maryse Bastié
Tronçon: 26009833 -> 21674896, Longueur: 63.380608m, Rue: Quai Victor Augagneur
Tronçon: 26009837 -> 26009841, Longueur: 37.365704m, Rue: Rue de la Part-Dieu
Tronçon: 26009837 -> 26009833, Longueur: 77.09512m, Rue: Quai Victor Augagneur
Tronçon: 2284488019 -> 1370403200, Longueur: 101.103355m, Rue: Rue Émile Decorps
Tronçon: 2284488019 -> 1370403192, Longueur: 117.10929m, Rue: Rue Émile Decorps
Tronçon: 2284488019 -> 191134429, Longueur: 65.13197m, Rue: Rue Émile Decorps
Tronçon: 26316432 -> 26316433, Longueur: 129.96458m, Rue: Rue Sainte-Anne de Baraban
Tronçon: 190823204 -> 190823200, Longueur: 90.15205m, Rue: Rue Château-Gaillard
Tronçon: 190823204 -> 1608222754, Longueur: 132.52826m, Rue: Rue Pélisson
Tronçon: 190823204 -> 1226411365, Longueur: 132.67352m, Rue: Rue Pierre-Joseph Proudhon
Tronçon: 190823204 -> 190823174, Longueur: 122.26499m, Rue: Rue Château-Gaillard
Tronçon: 190823200 -> 1608224786, Longueur: 23.531622m, Rue: Rue Joseph Gillet
Tronçon: 190823200 -> 190823204, Longueur: 90.15205m, Rue: Rue Château-Gaillard
Tronçon: 190823200 -> 1226411789, Longueur: 145.9015m, Rue: Rue Château-Gaillard
Tronçon: 26316429 -> 26057109, Longueur: 117.094574m, Rue: Rue Antoine Charial
Tronçon: 2705418281 -> 1028231661, Longueur: 91.95989m, Rue: Avenue Roger Salengro
Tronçon: 2705418281 -> 3400498621, Longueur: 103.176384m, Rue: Avenue Roger Salengro
Tronçon: 270298879 -> 2924219000, Longueur: 9.508767m, Rue: Rue Louis Hugonnencq
Tronçon: 270298879 -> 270298918, Longueur: 61.843884m, Rue: Rue Louis Hugonnencq
Tronçon: 270298879 -> 1250985279, Longueur: 143.29752m, Rue: Avenue Jean Mermoz
Tronçon: 1838556327 -> 1608528160, Longueur: 129.39825m, Rue: Impasse Chevreul
Tronçon: 252645518 -> 1384310579, Longueur: 172.607m, Rue: Rue Michel Rambaud
Tronçon: 252645518 -> 24644383, Longueur: 25.776484m, Rue: Boulevard de la Bataille de Stalingrad
Tronçon: 252645520 -> 25618197, Longueur: 151.07272m, Rue: Boulevard Stalingrad
Tronçon: 252645520 -> 252645518, Longueur: 35.30771m, Rue: Boulevard de la Bataille de Stalingrad
Tronçon: 26480401 -> 26584185, Longueur: 96.15062m, Rue: Rue de la Barre
Tronçon: 26480401 -> 959438333, Longueur: 112.65991m, Rue: Quai du Docteur Gailleton
Tronçon: 26480401 -> 195222, Longueur: 30.342552m, Rue: Rue de la Barre
Tronçon: 2465004202 -> 2465004193, Longueur: 33.547478m, Rue: 
Tronçon: 2465004202 -> 2465004194, Longueur: 26.310587m, Rue: 
Tronçon: 2465004202 -> 2465004217, Longueur: 96.978424m, Rue: 
Tronçon: 25471028 -> 25470914, Longueur: 114.35743m, Rue: Rue Pierre Delore
Tronçon: 25471028 -> 59640255, Longueur: 98.54697m, Rue: Rue Pierre Delore
Tronçon: 249725347 -> 249725346, Longueur: 94.50989m, Rue: Boulevard Honoré de Balzac
Tronçon: 249725346 -> 1835868027, Longueur: 26.347387m, Rue: Rue Antonin Perrin
Tronçon: 249725346 -> 249740340, Longueur: 116.68213m, Rue: Boulevard Honoré de Balzac
Tronçon: 249725346 -> 55463831, Longueur: 365.70596m, Rue: Rue Antonin Perrin
Tronçon: 1028380064 -> 1028380043, Longueur: 17.242727m, Rue: Avenue Pierre Millon
Tronçon: 194610463 -> 194605201, Longueur: 155.09645m, Rue: Avenue Franklin Roosevelt
Tronçon: 2465004217 -> 59654829, Longueur: 22.42454m, Rue: Rue de Champagneux
Tronçon: 2465004217 -> 2465004202, Longueur: 96.978424m, Rue: 
Tronçon: 2465004217 -> 59654830, Longueur: 94.58011m, Rue: Rue de Champagneux
Tronçon: 342911231 -> 190903024, Longueur: 50.793537m, Rue: Rue du 8 Mai 1945
Tronçon: 342911231 -> 190951246, Longueur: 49.923054m, Rue: Rue du 8 Mai 1945
Tronçon: 342911231 -> 342910908, Longueur: 125.598465m, Rue: Allée des Enfants
Tronçon: 25525378 -> 25525377, Longueur: 69.28792m, Rue: Impasse Paul Cazeneuve
Tronçon: 25525378 -> 25471715, Longueur: 32.97337m, Rue: Rue Paul Cazeneuve
Tronçon: 25525378 -> 25471761, Longueur: 174.37424m, Rue: Rue Paul Cazeneuve
Tronçon: 25525377 -> 25525378, Longueur: 69.28792m, Rue: Impasse Paul Cazeneuve
Tronçon: 2858132265 -> 2858132260, Longueur: 117.79332m, Rue: Impasse des Glycines
Tronçon: 26053967 -> 26053928, Longueur: 61.429977m, Rue: Cours de la Liberté
Tronçon: 26053967 -> 26053540, Longueur: 62.37813m, Rue: Rue Chaponnay
Tronçon: 2858132264 -> 2858132259, Longueur: 50.574142m, Rue: Impasse Bergonier
Tronçon: 2858132260 -> 55447001, Longueur: 28.00045m, Rue: Rue du 4 Août 1789
Tronçon: 2858132260 -> 2858132265, Longueur: 117.79332m, Rue: Impasse des Glycines
Tronçon: 25450957 -> 565447496, Longueur: 76.37807m, Rue: Rue Sébastien Gryphe
Tronçon: 25450957 -> 25450963, Longueur: 60.620575m, Rue: Rue Salomon Reinach
Tronçon: 25310884 -> 25310883, Longueur: 78.82055m, Rue: Rue Viricel
Tronçon: 25310884 -> 25310878, Longueur: 93.749306m, Rue: Rue de Sèze
Tronçon: 25310883 -> 25310882, Longueur: 46.410023m, Rue: Rue Bossuet
Tronçon: 25310886 -> 25327153, Longueur: 82.128006m, Rue: Rue Viricel
Tronçon: 25310886 -> 25310876, Longueur: 93.1013m, Rue: Rue Cuvier
Tronçon: 25450959 -> 25450960, Longueur: 66.901115m, Rue: Rue Sébastien Gryphe
Tronçon: 25450959 -> 318711370, Longueur: 38.733418m, Rue: Rue Jangot
Tronçon: 25310885 -> 25310882, Longueur: 54.222412m, Rue: Rue Tête d'Or
Tronçon: 25310885 -> 25310886, Longueur: 46.413933m, Rue: Rue Cuvier
Tronçon: 25310880 -> 25310857, Longueur: 88.459465m, Rue: Rue Tête d'Or
Tronçon: 25310880 -> 25327127, Longueur: 153.66945m, Rue: Cours Vitton
Tronçon: 25310882 -> 25310888, Longueur: 154.41884m, Rue: Rue Bossuet
Tronçon: 25310882 -> 25310881, Longueur: 78.42083m, Rue: Rue Tête d'Or
Tronçon: 25310881 -> 25310880, Longueur: 86.45015m, Rue: Rue Tête d'Or
Tronçon: 25310881 -> 25310884, Longueur: 46.188534m, Rue: Rue de Sèze
Tronçon: 25310888 -> 25316384, Longueur: 109.53656m, Rue: Rue Bossuet
Tronçon: 25310888 -> 25310887, Longueur: 53.77684m, Rue: Rue Garibaldi
Tronçon: 25310887 -> 25327152, Longueur: 77.58615m, Rue: Rue Cuvier
Tronçon: 25310887 -> 25327147, Longueur: 82.975m, Rue: Rue Garibaldi
Tronçon: 25310889 -> 25310888, Longueur: 77.852295m, Rue: Rue Garibaldi
Tronçon: 25310889 -> 25310881, Longueur: 154.18593m, Rue: Rue de Sèze
Tronçon: 25319212 -> 25319205, Longueur: 66.86483m, Rue: Rue Vauban
Tronçon: 25319212 -> 25319211, Longueur: 68.800514m, Rue: Rue Pierre Corneille
Tronçon: 25319211 -> 25319196, Longueur: 81.30345m, Rue: Rue Fénelon
Tronçon: 25319211 -> 25319208, Longueur: 78.28593m, Rue: Rue Pierre Corneille
Tronçon: 2365376404 -> 25303836, Longueur: 116.822136m, Rue: Rue Amiral Courbet
Tronçon: 2365376404 -> 2365376413, Longueur: 53.546932m, Rue: Avenue Lacassagne
Tronçon: 25310873 -> 270733389, Longueur: 84.635475m, Rue: Boulevard des Brotteaux
Tronçon: 25310873 -> 26035015, Longueur: 88.460655m, Rue: Rue Cuvier
Tronçon: 25310872 -> 25310865, Longueur: 51.77229m, Rue: Rue Professeur Weill
Tronçon: 25310872 -> 25310873, Longueur: 34.834118m, Rue: Rue Cuvier
Tronçon: 25310875 -> 25327153, Longueur: 92.77848m, Rue: Rue Bugeaud
Tronçon: 25310875 -> 25310891, Longueur: 114.662315m, Rue: Rue Masséna
Tronçon: 25310874 -> 25310875, Longueur: 78.278786m, Rue: Rue Bugeaud
Tronçon: 25310874 -> 25310871, Longueur: 82.44165m, Rue: Rue Ney
Tronçon: 25310871 -> 25310872, Longueur: 78.746544m, Rue: Rue Cuvier
Tronçon: 25310871 -> 25310870, Longueur: 52.410652m, Rue: Rue Ney
Tronçon: 34387221 -> 2483668732, Longueur: 81.81411m, Rue: Rue Garibaldi
Tronçon: 34387221 -> 2290246566, Longueur: 318.63028m, Rue: Rue de Bonnel
Tronçon: 25310870 -> 25310869, Longueur: 80.34405m, Rue: Rue Ney
Tronçon: 25310870 -> 25310877, Longueur: 77.65789m, Rue: Rue Bossuet
Tronçon: 25319207 -> 25319206, Longueur: 68.93474m, Rue: Rue Molière
Tronçon: 25319207 -> 25319208, Longueur: 68.13042m, Rue: Cours Lafayette
Tronçon: 25319206 -> 25319211, Longueur: 65.65196m, Rue: Rue Fénelon
Tronçon: 25319206 -> 25319205, Longueur: 69.34824m, Rue: Rue Molière
Tronçon: 25319208 -> 21674803, Longueur: 111.46837m, Rue: Rue Pierre Corneille
Tronçon: 25319208 -> 25319190, Longueur: 83.252045m, Rue: Cours Lafayette
Tronçon: 25310877 -> 25310876, Longueur: 53.074093m, Rue: Rue Masséna
Tronçon: 25310877 -> 25310883, Longueur: 94.04653m, Rue: Rue Bossuet
Tronçon: 25310876 -> 25310875, Longueur: 82.50064m, Rue: Rue Masséna
Tronçon: 25310876 -> 25310871, Longueur: 78.38704m, Rue: Rue Cuvier
Tronçon: 25310879 -> 25310878, Longueur: 85.97575m, Rue: Rue Masséna
Tronçon: 25310879 -> 25310880, Longueur: 140.75546m, Rue: Cours Vitton
Tronçon: 25310878 -> 25310877, Longueur: 79.65761m, Rue: Rue Masséna
Tronçon: 25310878 -> 25310869, Longueur: 78.48368m, Rue: Rue de Sèze
Tronçon: 25319201 -> 25319203, Longueur: 66.9961m, Rue: Rue Cuvier
Tronçon: 25319201 -> 25319202, Longueur: 83.52953m, Rue: Rue Pierre Corneille
Tronçon: 25319203 -> 1042749297, Longueur: 131.52127m, Rue: Rue Molière
Tronçon: 25319203 -> 26052934, Longueur: 77.805756m, Rue: Rue Cuvier
Tronçon: 25319202 -> 25319195, Longueur: 79.366165m, Rue: Rue Bugeaud
Tronçon: 25319202 -> 25319212, Longueur: 115.15762m, Rue: Rue Pierre Corneille
Tronçon: 25319205 -> 2814161519, Longueur: 87.84022m, Rue: Rue Molière
Tronçon: 25319205 -> 26064143, Longueur: 85.08465m, Rue: Rue Vauban
Tronçon: 25319204 -> 25319202, Longueur: 66.491646m, Rue: Rue Bugeaud
Tronçon: 25319204 -> 25319203, Longueur: 83.75462m, Rue: Rue Molière
Tronçon: 1734636083 -> 252467947, Longueur: 66.67811m, Rue: Place Bellevue Rue Lebrun
Tronçon: 25310862 -> 25310858, Longueur: 89.830284m, Rue: Rue Ney
Tronçon: 25310862 -> 25310879, Longueur: 77.95802m, Rue: Cours Vitton
Tronçon: 25310861 -> 25327121, Longueur: 60.056606m, Rue: Boulevard des Belges
Tronçon: 25310861 -> 26022619, Longueur: 91.53375m, Rue: Rue Crillon
Tronçon: 25310864 -> 25310867, Longueur: 58.81763m, Rue: Rue de Sèze
Tronçon: 25310864 -> 25310863, Longueur: 84.96992m, Rue: Rue Professeur Weill
Tronçon: 25310863 -> 25310862, Longueur: 77.30768m, Rue: Cours Vitton
Tronçon: 25310860 -> 25327122, Longueur: 49.93299m, Rue: Rue Ney
Tronçon: 25310860 -> 25310861, Longueur: 58.19194m, Rue: Rue Crillon
Tronçon: 25310869 -> 25310862, Longueur: 85.50276m, Rue: Rue Ney
Tronçon: 25310869 -> 25310864, Longueur: 77.87421m, Rue: Rue de Sèze
Tronçon: 974116113 -> 974116096, Longueur: 65.92115m, Rue: Rue Sabine et Miron Zlatin
Tronçon: 974116113 -> 27359810, Longueur: 126.29565m, Rue: Rue Sabine et Miron Zlatin
Tronçon: 974116113 -> 974116109, Longueur: 113.10943m, Rue: Rue Jean Gay
Tronçon: 25310866 -> 25310873, Longueur: 52.725105m, Rue: Boulevard des Brotteaux
Tronçon: 25310866 -> 25310865, Longueur: 43.091602m, Rue: Rue Bossuet
Tronçon: 25310865 -> 25310864, Longueur: 82.36701m, Rue: Rue Professeur Weill
Tronçon: 25310865 -> 25310870, Longueur: 78.39531m, Rue: Rue Bossuet
Tronçon: 25310868 -> 2171168185, Longueur: 20.74379m, Rue: Boulevard Anatole France
Tronçon: 25310868 -> 25310859, Longueur: 102.83518m, Rue: Boulevard des Belges
Tronçon: 25310868 -> 2291375539, Longueur: 34.232094m, Rue: Boulevard des Brotteaux
Tronçon: 25310868 -> 25310863, Longueur: 72.10396m, Rue: Cours Vitton
Tronçon: 25310867 -> 25310866, Longueur: 82.96309m, Rue: Boulevard des Brotteaux
Tronçon: 25310867 -> 26035006, Longueur: 66.476425m, Rue: Rue de Sèze
Tronçon: 2858132259 -> 191134724, Longueur: 38.21682m, Rue: Rue Bergonier
Tronçon: 2858132259 -> 191134726, Longueur: 88.654724m, Rue: Rue Bergonier
Tronçon: 2858132259 -> 2858132264, Longueur: 50.574142m, Rue: Impasse Bergonier
Tronçon: 2858132258 -> 191134750, Longueur: 132.21178m, Rue: Rue Victor Basch
Tronçon: 2858132258 -> 191134729, Longueur: 97.0959m, Rue: Rue Victor Basch
Tronçon: 2858132258 -> 2858132252, Longueur: 45.008106m, Rue: Rue Frédéric et Irène Joliot Curie
Tronçon: 2858132252 -> 2858132258, Longueur: 45.008106m, Rue: Rue Frédéric et Irène Joliot Curie
Tronçon: 2490241911 -> 21717953, Longueur: 5.3579383m, Rue: Rue Jean Desparmet
Tronçon: 2490241911 -> 21717954, Longueur: 8.763569m, Rue: Rue Jean Desparmet
Tronçon: 25310859 -> 25310858, Longueur: 98.96103m, Rue: Rue Tronchet
Tronçon: 25310859 -> 25310861, Longueur: 86.17413m, Rue: Boulevard des Belges
Tronçon: 25310858 -> 25310860, Longueur: 79.64914m, Rue: Rue Ney
Tronçon: 25310858 -> 25310854, Longueur: 76.535934m, Rue: Rue Tronchet
Tronçon: 25310855 -> 25310860, Longueur: 75.305954m, Rue: Rue Crillon
Tronçon: 25310855 -> 25310854, Longueur: 80.36422m, Rue: Rue Masséna
Tronçon: 25310854 -> 25310879, Longueur: 90.06333m, Rue: Rue Masséna
Tronçon: 25310854 -> 25310857, Longueur: 143.73006m, Rue: Rue Tronchet
Tronçon: 25310857 -> 2814082596, Longueur: 39.303955m, Rue: Rue Tête d'Or
Tronçon: 25310857 -> 25327129, Longueur: 152.21739m, Rue: Rue Tronchet
Tronçon: 25310856 -> 25310824, Longueur: 50.26363m, Rue: Rue Tête d'Or
Tronçon: 25310856 -> 25310855, Longueur: 144.78195m, Rue: Rue Crillon
Tronçon: 637043151 -> 26084600, Longueur: 81.40663m, Rue: Rue des Bons Enfants
Tronçon: 637043151 -> 26084598, Longueur: 76.79997m, Rue: Rue Lortet
Tronçon: 637043151 -> 26084606, Longueur: 108.58478m, Rue: Rue Lortet
Tronçon: 25319261 -> 25310931, Longueur: 66.335205m, Rue: Rue de Bonnel
Tronçon: 25319261 -> 25319260, Longueur: 117.23118m, Rue: Rue Molière
Tronçon: 25319260 -> 265809740, Longueur: 97.12468m, Rue: Rue Rabelais
Tronçon: 25319260 -> 25319207, Longueur: 121.12773m, Rue: Rue Molière
Tronçon: 24644270 -> 252644561, Longueur: 8.667194m, Rue: Rue Louis Guérin
Tronçon: 24644270 -> 24644347, Longueur: 77.869484m, Rue: Rue Louis Guérin
Tronçon: 24644270 -> 24644404, Longueur: 98.76269m, Rue: Cours André Philip
Tronçon: 388568803 -> 26155498, Longueur: 212.73853m, Rue: Rue Viala
Tronçon: 388568803 -> 325213183, Longueur: 87.94591m, Rue: Avenue Lacassagne
Tronçon: 1368674810 -> 1368674809, Longueur: 11.871078m, Rue: Place des Maisons Neuves
Tronçon: 1368674810 -> 1368674811, Longueur: 11.389846m, Rue: Rue Frédéric Mistral
Tronçon: 1368674810 -> 55463805, Longueur: 52.7486m, Rue: Avenue Félix Faure
Tronçon: 1368674811 -> 1368674810, Longueur: 11.389846m, Rue: Rue Frédéric Mistral
Tronçon: 1368674811 -> 2672660419, Longueur: 150.36613m, Rue: Rue Paul Bert
Tronçon: 1368674811 -> 48830470, Longueur: 116.254364m, Rue: Rue Frédéric Mistral
Tronçon: 25319255 -> 25319257, Longueur: 78.88912m, Rue: Rue Le Royer
Tronçon: 25319255 -> 25319258, Longueur: 62.288784m, Rue: Rue Vendôme
Tronçon: 25319258 -> 25319259, Longueur: 80.808586m, Rue: Rue Vendôme
Tronçon: 25319258 -> 26027231, Longueur: 80.25572m, Rue: Rue de Bonnel
Tronçon: 25319257 -> 21604551, Longueur: 58.4964m, Rue: Avenue Maréchal de Saxe
Tronçon: 25319259 -> 26027221, Longueur: 76.804695m, Rue: Rue Vendôme
Tronçon: 25319259 -> 26027230, Longueur: 83.69124m, Rue: Rue Dunoir
Tronçon: 974116109 -> 30267248, Longueur: 109.42336m, Rue: Avenue Berthelot
Tronçon: 974116109 -> 974116113, Longueur: 113.10943m, Rue: Rue Jean Gay
Tronçon: 2365376415 -> 25303836, Longueur: 201.18849m, Rue: Rue Lamartine Rue de Bonnefond
Tronçon: 2365376415 -> 2365376404, Longueur: 90.37459m, Rue: Avenue Lacassagne
Tronçon: 2365376413 -> 434308458, Longueur: 46.439487m, Rue: Avenue Lacassagne
Tronçon: 2365376413 -> 2365376404, Longueur: 53.546932m, Rue: Avenue Lacassagne
Tronçon: 26009822 -> 26009841, Longueur: 77.35182m, Rue: Rue Jean Larrivé
Tronçon: 26009822 -> 728283326, Longueur: 9.080124m, Rue: Rue Jean Larrivé
Tronçon: 26009822 -> 26009833, Longueur: 37.2843m, Rue: Rue Mazenod
Tronçon: 26053988 -> 26053967, Longueur: 41.33814m, Rue: Cours de la Liberté
Tronçon: 26009828 -> 21674897, Longueur: 32.98295m, Rue: Rue Chaponnay
Tronçon: 26009828 -> 728283326, Longueur: 53.880676m, Rue: Rue Jean Larrivé
Tronçon: 1368674809 -> 1368674810, Longueur: 11.871078m, Rue: Place des Maisons Neuves
Tronçon: 1368674809 -> 55463789, Longueur: 30.600428m, Rue: Place des Maisons Neuves
Tronçon: 1368674809 -> 1368674806, Longueur: 49.524254m, Rue: Place des Maisons Neuves
Tronçon: 25450960 -> 25337464, Longueur: 60.729797m, Rue: Rue Sébastien Gryphe
Tronçon: 25450960 -> 25337458, Longueur: 64.385506m, Rue: Rue Montesquieu
Tronçon: 25450963 -> 25450964, Longueur: 36.293133m, Rue: Rue Salomon Reinach
Tronçon: 25450964 -> 25451944, Longueur: 78.918816m, Rue: Rue d'Anvers
Tronçon: 25450964 -> 26059185, Longueur: 77.07797m, Rue: Rue Salomon Reinach
Tronçon: 25450962 -> 25450964, Longueur: 91.99282m, Rue: Rue d'Anvers
Tronçon: 25450962 -> 565447495, Longueur: 39.92642m, Rue: Rue de la Thibaudière
Tronçon: 25450967 -> 26059219, Longueur: 168.19322m, Rue: Rue du Capitaine Robert Cluzan
Tronçon: 25450967 -> 318711366, Longueur: 30.428951m, Rue: Rue Salomon Reinach
Tronçon: 25450965 -> 25450966, Longueur: 69.940506m, Rue: Rue Jangot
Tronçon: 25450965 -> 25450967, Longueur: 89.27429m, Rue: Rue du Capitaine Robert Cluzan
Tronçon: 25450966 -> 276635164, Longueur: 39.17269m, Rue: Rue Jangot
Tronçon: 25450966 -> 26059236, Longueur: 84.25887m, Rue: Rue Béchevelin
Tronçon: 25310895 -> 25310894, Longueur: 82.67794m, Rue: Rue Robert
Tronçon: 25310895 -> 254580774, Longueur: 60.07432m, Rue: Boulevard des Brotteaux
Tronçon: 25310894 -> 25310896, Longueur: 78.7051m, Rue: Rue Robert
Tronçon: 25310894 -> 26035106, Longueur: 66.17996m, Rue: Rue Ney
Tronçon: 25310897 -> 25310898, Longueur: 33.33698m, Rue: Rue Robert
Tronçon: 25310897 -> 2450713228, Longueur: 26.720959m, Rue: Rue Juliette Récamier
Tronçon: 273218201 -> 26106449, Longueur: 25.437113m, Rue: Rue Gentil
Tronçon: 273218201 -> 959373590, Longueur: 156.78719m, Rue: Rue Antoine Salles
Tronçon: 25310896 -> 2450713202, Longueur: 78.077065m, Rue: Rue Robert
Tronçon: 25310896 -> 1682324863, Longueur: 94.400566m, Rue: Rue Masséna
Tronçon: 25310891 -> 25310890, Longueur: 72.28575m, Rue: Rue Masséna
Tronçon: 25310891 -> 25310900, Longueur: 137.35114m, Rue: Rue Vauban
Tronçon: 25310890 -> 25310896, Longueur: 89.60765m, Rue: Rue Masséna
Tronçon: 25310890 -> 1954994779, Longueur: 95.89807m, Rue: Rue Juliette Récamier
Tronçon: 25310890 -> 25310893, Longueur: 79.93287m, Rue: Rue Louis Blanc
Tronçon: 25310893 -> 1954994781, Longueur: 58.562977m, Rue: Rue Ney
Tronçon: 25310893 -> 25310909, Longueur: 86.5844m, Rue: Rue Louis Blanc
Tronçon: 1368674802 -> 25611428, Longueur: 39.089375m, Rue: Rue du Dauphiné
Tronçon: 1678997028 -> 292655293, Longueur: 64.29065m, Rue: Impasse Bel-Air
Tronçon: 1368674800 -> 1368674799, Longueur: 36.126144m, Rue: Route de Genas
Tronçon: 1368674800 -> 55463812, Longueur: 68.41653m, Rue: Route de Genas
Tronçon: 1368674800 -> 1368674806, Longueur: 33.922108m, Rue: Place des Maisons Neuves
Tronçon: 25310899 -> 25310890, Longueur: 136.50146m, Rue: Rue Louis Blanc
Tronçon: 25310899 -> 25310900, Longueur: 74.23099m, Rue: Rue Tête d'Or
Tronçon: 1368674806 -> 1368674800, Longueur: 33.922108m, Rue: Place des Maisons Neuves
Tronçon: 1368674806 -> 1368674809, Longueur: 49.524254m, Rue: Place des Maisons Neuves
Tronçon: 1368674806 -> 1368674802, Longueur: 75.2092m, Rue: Rue du Dauphiné
Tronçon: 25310898 -> 25310905, Longueur: 79.91042m, Rue: Rue Robert
Tronçon: 25310898 -> 25310899, Longueur: 77.04748m, Rue: Rue Tête d'Or
Tronçon: 190889748 -> 1242516434, Longueur: 115.405365m, Rue: Rue Denis Papin
Tronçon: 190889748 -> 190889751, Longueur: 182.03575m, Rue: Rue Château-Gaillard
Tronçon: 190889748 -> 190904335, Longueur: 31.021467m, Rue: Rue Château-Gaillard
Tronçon: 1421966792 -> 54704542, Longueur: 103.54139m, Rue: Rue Anatole France
Tronçon: 1421966792 -> 1421966743, Longueur: 253.29826m, Rue: Rue Songieu
Tronçon: 1036842078 -> 195259, Longueur: 123.36402m, Rue: Boulevard Vivier-Merle
Tronçon: 2465004194 -> 2465004202, Longueur: 26.310587m, Rue: 
Tronçon: 2465004193 -> 2465004202, Longueur: 33.547478m, Rue: 
Tronçon: 1954994809 -> 1954994784, Longueur: 8.378013m, Rue: Place René Deroudille
Tronçon: 1954994809 -> 1954994779, Longueur: 10.630799m, Rue: Place René Deroudille
Tronçon: 1954994809 -> 25310891, Longueur: 71.75304m, Rue: Rue Vauban
Tronçon: 21850766 -> 21852320, Longueur: 92.56026m, Rue: Rue des Hérideaux
Tronçon: 21850766 -> 21852326, Longueur: 109.72688m, Rue: Rue de la Rosière
Tronçon: 3370408163 -> 25478608, Longueur: 36.844437m, Rue: Rue Romarin
Tronçon: 3370408163 -> 868450761, Longueur: 52.849556m, Rue: Impasse Saint-Polycarpe
Tronçon: 3370408163 -> 25478600, Longueur: 96.139305m, Rue: Rue Saint-Polycarpe
Tronçon: 270733389 -> 1400710127, Longueur: 46.378937m, Rue: Boulevard des Brotteaux
Tronçon: 270733389 -> 25310911, Longueur: 18.048933m, Rue: Rue Bugeaud
Tronçon: 24644242 -> 25733776, Longueur: 10.512912m, Rue: Avenue Verguin
Tronçon: 24644242 -> 25618149, Longueur: 190.71646m, Rue: Boulevard de la Bataille de Stalingrad
Tronçon: 24644242 -> 24644270, Longueur: 63.15232m, Rue: Cours André Philip
Tronçon: 3370408164 -> 3370408163, Longueur: 4.774615m, Rue: Rue Romarin
Tronçon: 3370408164 -> 25478613, Longueur: 179.70836m, Rue: Rue Désirée Rue du Griffon
Tronçon: 1349383079 -> 245031103, Longueur: 71.41139m, Rue: Avenue des Colonnes
Tronçon: 190889761 -> 1361474568, Longueur: 36.388813m, Rue: Rue Francis de Pressensé
Tronçon: 190889761 -> 190889770, Longueur: 17.484138m, Rue: 
Tronçon: 190889761 -> 190889751, Longueur: 12.4857235m, Rue: 
Tronçon: 1954994821 -> 1954994787, Longueur: 3.6177402m, Rue: Place René Deroudille
Tronçon: 1954994821 -> 1954994781, Longueur: 17.225723m, Rue: Place René Deroudille
Tronçon: 48830472 -> 55475052, Longueur: 54.468452m, Rue: Rue de l'Espérance
Tronçon: 48830472 -> 208769069, Longueur: 112.53927m, Rue: Rue Sainte-Anne de Baraban
Tronçon: 48830470 -> 1368674811, Longueur: 116.254364m, Rue: Rue Frédéric Mistral
Tronçon: 48830470 -> 48830471, Longueur: 90.98456m, Rue: Rue Frédéric Mistral
Tronçon: 48830471 -> 48830472, Longueur: 126.28599m, Rue: Rue Sainte-Anne de Baraban
Tronçon: 48830471 -> 48830474, Longueur: 90.38153m, Rue: Rue Frédéric Mistral
Tronçon: 48830471 -> 48830470, Longueur: 90.98456m, Rue: Rue Frédéric Mistral
Tronçon: 190889770 -> 190889761, Longueur: 17.484138m, Rue: 
Tronçon: 190889770 -> 444583124, Longueur: 3.6794012m, Rue: 
Tronçon: 190889770 -> 1825010866, Longueur: 10.871304m, Rue: Rue Greuze
Tronçon: 1368674799 -> 1368674800, Longueur: 36.126144m, Rue: Route de Genas
Tronçon: 1368674799 -> 1368674802, Longueur: 26.501734m, Rue: Rue du Dauphiné
Tronçon: 1368674799 -> 26317259, Longueur: 187.75513m, Rue: Rue Girié
Tronçon: 190889751 -> 190889748, Longueur: 182.03575m, Rue: Rue Château-Gaillard
Tronçon: 190889751 -> 190889761, Longueur: 12.4857235m, Rue: 
Tronçon: 190889751 -> 190889787, Longueur: 10.057884m, Rue: 
Tronçon: 48830474 -> 55474989, Longueur: 119.83992m, Rue: Avenue Marc Sangnier
Tronçon: 48830474 -> 208769334, Longueur: 86.07172m, Rue: Rue Richelieu
Tronçon: 48830474 -> 48830471, Longueur: 90.38153m, Rue: Rue Frédéric Mistral
Tronçon: 729763332 -> 58584500, Longueur: 59.807236m, Rue: 
Tronçon: 729763332 -> 1575752049, Longueur: 60.743618m, Rue: Rue Anatole France
Tronçon: 729763332 -> 2471166661, Longueur: 134.1643m, Rue: Avenue du Commandant L'Herminier
Tronçon: 26053928 -> 26009822, Longueur: 96.07077m, Rue: Rue Mazenod
Tronçon: 26053928 -> 26053894, Longueur: 77.36069m, Rue: Cours de la Liberté
Tronçon: 190889787 -> 444583124, Longueur: 9.739723m, Rue: 
Tronçon: 190889787 -> 190889751, Longueur: 10.057884m, Rue: 
Tronçon: 190889787 -> 190904320, Longueur: 160.38332m, Rue: Rue Greuze
Tronçon: 35315103 -> 868450761, Longueur: 21.554602m, Rue: Impasse Saint-Polycarpe
Tronçon: 190889792 -> 190889803, Longueur: 16.885654m, Rue: 
Tronçon: 190889792 -> 190889821, Longueur: 6.1217976m, Rue: 
Tronçon: 190889792 -> 1825010868, Longueur: 218.73222m, Rue: Rue Francis de Pressensé
Tronçon: 25310831 -> 25498570, Longueur: 9.347927m, Rue: Rue du Musée Guimet
Tronçon: 25310831 -> 25310828, Longueur: 67.61618m, Rue: Rue Duquesne
Tronçon: 25310830 -> 25495345, Longueur: 31.626293m, Rue: Rue du Lieutenant-Colonel Prévost
Tronçon: 25310832 -> 25310829, Longueur: 60.896866m, Rue: Rue Montgolfier
Tronçon: 25310832 -> 25310831, Longueur: 121.69844m, Rue: Rue du Musée Guimet
Tronçon: 26131889 -> 26131890, Longueur: 20.817339m, Rue: Rue Raoul Servant
Tronçon: 26131887 -> 26131888, Longueur: 36.007675m, Rue: Rue du Professeur Zimmermann
Tronçon: 26131887 -> 21674910, Longueur: 40.193897m, Rue: Rue Raoul Servant
Tronçon: 2465585523 -> 26058774, Longueur: 3.7600362m, Rue: Quai Claude Bernard
Tronçon: 2835339775 -> 2835339774, Longueur: 96.5331m, Rue: Impasse de l'Ordre
Tronçon: 2835339775 -> 26079654, Longueur: 61.78396m, Rue: Rue Antoine Charial
Tronçon: 26131888 -> 21674907, Longueur: 42.29846m, Rue: Rue Étienne Rognon
Tronçon: 26131888 -> 25451862, Longueur: 95.09598m, Rue: Rue du Professeur Zimmermann
Tronçon: 2835339774 -> 2835339775, Longueur: 96.5331m, Rue: Impasse de l'Ordre
Tronçon: 25310829 -> 25310826, Longueur: 70.60494m, Rue: Rue Montgolfier
Tronçon: 25310829 -> 25327125, Longueur: 81.79671m, Rue: Rue Garibaldi
Tronçon: 26131883 -> 1683287883, Longueur: 107.0302m, Rue: Rue Raoul Servant
Tronçon: 26131883 -> 21674908, Longueur: 90.60088m, Rue: Rue Raulin
Tronçon: 26131884 -> 26235107, Longueur: 72.23127m, Rue: Rue du Professeur Charles Appleton
Tronçon: 26131884 -> 26131883, Longueur: 76.28344m, Rue: Rue Raoul Servant
Tronçon: 2384797254 -> 21597591, Longueur: 7.376852m, Rue: Rue du Président Édouard Herriot
Tronçon: 25310826 -> 25310825, Longueur: 79.183464m, Rue: Rue Montgolfier
Tronçon: 25310826 -> 25327124, Longueur: 82.31536m, Rue: Rue Paul-Michel Perret
Tronçon: 25310825 -> 2814044874, Longueur: 33.64045m, Rue: Rue Tête d'Or
Tronçon: 25310825 -> 25310822, Longueur: 76.127365m, Rue: Rue Montgolfier
Tronçon: 25310828 -> 25310829, Longueur: 122.19454m, Rue: Rue Garibaldi
Tronçon: 25310822 -> 25310823, Longueur: 82.73426m, Rue: Rue Jacques Moyron
Tronçon: 25310822 -> 25327119, Longueur: 80.971886m, Rue: Rue Montgolfier
Tronçon: 25310824 -> 25310825, Longueur: 82.9881m, Rue: Rue Tête d'Or
Tronçon: 25310824 -> 25327124, Longueur: 79.87324m, Rue: Rue Sully
Tronçon: 25310823 -> 25310824, Longueur: 74.81796m, Rue: Rue Sully
Tronçon: 26131895 -> 195256, Longueur: 96.164406m, Rue: Avenue Leclerc
Tronçon: 26131890 -> 26131888, Longueur: 71.848694m, Rue: Rue Étienne Rognon
Tronçon: 26131890 -> 26131887, Longueur: 84.55023m, Rue: Rue Raoul Servant
Tronçon: 3509898986 -> 3509888072, Longueur: 15.735389m, Rue: 
Tronçon: 3509898986 -> 2026239409, Longueur: 175.30086m, Rue: Avenue Lacassagne
Tronçon: 378212455 -> 1678246930, Longueur: 38.642723m, Rue: Rue Godinot
Tronçon: 2848402510 -> 21597591, Longueur: 139.03146m, Rue: Rue Childebert
Tronçon: 52561460 -> 26149151, Longueur: 88.68418m, Rue: Rue Gelas Rue Sainte-Marie
Tronçon: 52561460 -> 52561455, Longueur: 103.86472m, Rue: Place Charles Dufraine
Tronçon: 190823177 -> 190823174, Longueur: 15.769714m, Rue: 
Tronçon: 190823177 -> 190823183, Longueur: 11.07701m, Rue: 
Tronçon: 190823177 -> 342906843, Longueur: 262.17374m, Rue: Rue Michel Dupeuble
Tronçon: 190823183 -> 190823192, Longueur: 16.060152m, Rue: 
Tronçon: 190823183 -> 190823177, Longueur: 11.07701m, Rue: 
Tronçon: 190823183 -> 2684668925, Longueur: 62.401424m, Rue: Rue Château-Gaillard
Tronçon: 554199956 -> 554199961, Longueur: 110.02717m, Rue: Passage Cazenove
Tronçon: 554199956 -> 25327127, Longueur: 53.822903m, Rue: Rue Garibaldi
Tronçon: 52561455 -> 26470086, Longueur: 88.22331m, Rue: Place Charles Dufraine
Tronçon: 52561455 -> 26470079, Longueur: 198.83241m, Rue: Rue Pierre Bonnaud
Tronçon: 378212445 -> 34500649, Longueur: 45.5315m, Rue: Rue des Émeraudes
Tronçon: 378212445 -> 26290948, Longueur: 109.979225m, Rue: Rue Bellecombe
Tronçon: 190823195 -> 1226411788, Longueur: 10.887971m, Rue: Rue Montgolfier
Tronçon: 190823195 -> 190904335, Longueur: 127.709236m, Rue: Rue Château-Gaillard
Tronçon: 190823195 -> 190904325, Longueur: 73.95416m, Rue: Rue Flachet
Tronçon: 35222972 -> 35222978, Longueur: 56.786884m, Rue: Rue Pouteau
Tronçon: 35222972 -> 35224298, Longueur: 44.346813m, Rue: Rue des Tables Claudiennes
Tronçon: 190823192 -> 190823174, Longueur: 13.789174m, Rue: 
Tronçon: 190823192 -> 190823183, Longueur: 16.060152m, Rue: 
Tronçon: 190823192 -> 1608222757, Longueur: 109.05094m, Rue: Rue Louis Fort
Tronçon: 35222978 -> 35222972, Longueur: 56.786884m, Rue: Rue Pouteau
Tronçon: 35222978 -> 35224289, Longueur: 192.00601m, Rue: Rue Burdeau
Tronçon: 25471074 -> 984186416, Longueur: 7.8394165m, Rue: Rue Paul Cazeneuve
Tronçon: 25471074 -> 25471072, Longueur: 301.82355m, Rue: Rue Jean Chevailler
Tronçon: 25471074 -> 654019202, Longueur: 19.119843m, Rue: Rue Paul Cazeneuve
Tronçon: 25471072 -> 25471074, Longueur: 301.82355m, Rue: Rue Jean Chevailler
Tronçon: 25471072 -> 25471053, Longueur: 216.35162m, Rue: Rue Villon
Tronçon: 21715425 -> 21717913, Longueur: 176.08267m, Rue: Boulevard Ambroise Paré
Tronçon: 21715425 -> 564766082, Longueur: 33.959595m, Rue: Avenue Rockefeller
Tronçon: 21715425 -> 564740277, Longueur: 30.736706m, Rue: Avenue Rockefeller
Tronçon: 21715425 -> 26464311, Longueur: 22.67527m, Rue: Rue Viala
Tronçon: 26058712 -> 26079753, Longueur: 28.652298m, Rue: Cours de la Liberté
Tronçon: 26058712 -> 21674900, Longueur: 66.470856m, Rue: Rue Aimé Collomb
Tronçon: 2858140663 -> 190951301, Longueur: 104.07842m, Rue: Rue de Turin
Tronçon: 25471066 -> 984186472, Longueur: 21.33521m, Rue: Boulevard des États-Unis
Tronçon: 25471066 -> 25471059, Longueur: 22.33972m, Rue: Rue Paul Cazeneuve
Tronçon: 190823168 -> 190817699, Longueur: 184.64114m, Rue: Rue Antoine Bernoux
Tronçon: 190823168 -> 729763332, Longueur: 196.55775m, Rue: Rue Anatole France
Tronçon: 190823168 -> 190817717, Longueur: 144.12012m, Rue: Rue Pierre Loti
Tronçon: 190823174 -> 190823192, Longueur: 13.789174m, Rue: 
Tronçon: 190823174 -> 190823177, Longueur: 15.769714m, Rue: 
Tronçon: 190823174 -> 190823204, Longueur: 122.26499m, Rue: Rue Château-Gaillard
Tronçon: 25471059 -> 644712590, Longueur: 80.33995m, Rue: Rue Paul Cazeneuve
Tronçon: 25471059 -> 984186446, Longueur: 13.341914m, Rue: Boulevard des États-Unis
Tronçon: 103717426 -> 103717420, Longueur: 83.63804m, Rue: Rue des Teinturiers
Tronçon: 25471053 -> 25470914, Longueur: 196.95537m, Rue: Rue Pierre Delore
Tronçon: 25471053 -> 415638612, Longueur: 18.736483m, Rue: Rue Pierre Delore
Tronçon: 103717420 -> 103717426, Longueur: 83.63804m, Rue: Rue des Teinturiers
Tronçon: 103717420 -> 26296413, Longueur: 52.3247m, Rue: Rue d'Inkermann
Tronçon: 2790259884 -> 1794348104, Longueur: 206.29018m, Rue: Rue du Professeur Ranvier
Tronçon: 2790259884 -> 2388251442, Longueur: 52.227524m, Rue: Rue Saint-Alban
Tronçon: 2790259884 -> 21717919, Longueur: 429.4972m, Rue: Rue du Professeur Ranvier
Tronçon: 230047436 -> 130144266, Longueur: 55.456623m, Rue: Rue Justin Godart
Tronçon: 230047436 -> 252467947, Longueur: 80.503944m, Rue: Rue Lebrun
Tronçon: 230047436 -> 230047442, Longueur: 103.425385m, Rue: Rue Justin Godart
Tronçon: 26058770 -> 26058774, Longueur: 100.421906m, Rue: Rue Jaboulay
Tronçon: 26058770 -> 26058766, Longueur: 98.21228m, Rue: Rue Raulin
Tronçon: 26058772 -> 26058768, Longueur: 109.392654m, Rue: Rue Pasteur
Tronçon: 26058772 -> 9214618, Longueur: 84.114365m, Rue: Avenue Berthelot
Tronçon: 26058771 -> 26058768, Longueur: 73.54779m, Rue: Rue du Professeur Grignard
Tronçon: 26058771 -> 26058770, Longueur: 93.52095m, Rue: Rue Raulin
Tronçon: 26058774 -> 2465585523, Longueur: 3.7600362m, Rue: Quai Claude Bernard
Tronçon: 26058774 -> 26058773, Longueur: 92.70867m, Rue: Quai Claude Bernard
Tronçon: 26316513 -> 26086130, Longueur: 114.03479m, Rue: Rue Combet-Descombes
Tronçon: 26316513 -> 26316429, Longueur: 241.59207m, Rue: Rue Antoine Charial
Tronçon: 26058773 -> 26058771, Longueur: 106.056046m, Rue: Rue du Professeur Grignard
Tronçon: 26058773 -> 611630141, Longueur: 71.90944m, Rue: Quai Claude Bernard
Tronçon: 26058775 -> 2465585523, Longueur: 96.46339m, Rue: Quai Claude Bernard
Tronçon: 26058775 -> 26058766, Longueur: 89.22829m, Rue: Rue Chevreul
Tronçon: 2283924266 -> 2283924269, Longueur: 372.51273m, Rue: 
Tronçon: 2283924266 -> 143477, Longueur: 859.7737m, Rue: Boulevard Laurent Bonnevay
Tronçon: 2477791932 -> 26576961, Longueur: 214.64722m, Rue: Boulevard des Tchécoslovaques Rue Claude Veyron
Tronçon: 2283924269 -> 316534721, Longueur: 32.364384m, Rue: 
Tronçon: 2858140658 -> 1480230656, Longueur: 88.858315m, Rue: Impasse Louis Galvani
Tronçon: 230047442 -> 230047436, Longueur: 103.425385m, Rue: Rue Justin Godart
Tronçon: 26058767 -> 195234, Longueur: 205.8436m, Rue: Rue Pasteur
Tronçon: 26058767 -> 25451998, Longueur: 83.81006m, Rue: Rue Chevreul
Tronçon: 26058766 -> 26058767, Longueur: 72.779m, Rue: Rue Chevreul
Tronçon: 26058769 -> 26058770, Longueur: 71.52832m, Rue: Rue Jaboulay
Tronçon: 26058769 -> 26058767, Longueur: 95.6469m, Rue: Rue Pasteur
Tronçon: 26058768 -> 25451872, Longueur: 84.11748m, Rue: Rue du Professeur Grignard
Tronçon: 26058768 -> 26058769, Longueur: 94.237404m, Rue: Rue Pasteur
Tronçon: 35222969 -> 35291577, Longueur: 156.4506m, Rue: Rue Diderot Rue Pouteau
Tronçon: 1637480422 -> 191134595, Longueur: 27.34875m, Rue: Rue Émile Decorps
Tronçon: 21597804 -> 21597802, Longueur: 56.51983m, Rue: Place Bellecour
Tronçon: 365086531 -> 365086537, Longueur: 26.90003m, Rue: Rue Bonnand
Tronçon: 365086531 -> 26155370, Longueur: 21.431295m, Rue: Rue Bonnand
Tronçon: 21597808 -> 21597587, Longueur: 79.065056m, Rue: Rue du Président Édouard Herriot
Tronçon: 21597808 -> 21597804, Longueur: 52.843487m, Rue: Place Bellecour
Tronçon: 26033460 -> 2659801362, Longueur: 111.726364m, Rue: Rue de la Part-Dieu
Tronçon: 26033460 -> 26027238, Longueur: 82.70294m, Rue: Rue André Philip
Tronçon: 21597802 -> 21597590, Longueur: 130.49908m, Rue: Rue Émile Zola
Tronçon: 1037249830 -> 26009844, Longueur: 74.69066m, Rue: Rue Jean Larrivé
Tronçon: 1037249830 -> 26057013, Longueur: 37.923126m, Rue: Rue Montebello
Tronçon: 365086537 -> 26155370, Longueur: 34.29931m, Rue: Cours Docteur Long
Tronçon: 365086537 -> 365086531, Longueur: 26.90003m, Rue: Rue Bonnand
Tronçon: 554199961 -> 25316263, Longueur: 35.86191m, Rue: Rue Boileau
Tronçon: 190951418 -> 190951414, Longueur: 28.56427m, Rue: Place Paul Strauss
Tronçon: 190951418 -> 190951422, Longueur: 52.361553m, Rue: Rue Jules Siegfried
Tronçon: 190951418 -> 190951335, Longueur: 81.4367m, Rue: Place Paul Strauss
Tronçon: 190951414 -> 190951418, Longueur: 28.56427m, Rue: Place Paul Strauss
Tronçon: 190951414 -> 190951407, Longueur: 83.70285m, Rue: Place Paul Strauss
Tronçon: 190951414 -> 190903087, Longueur: 167.54378m, Rue: Rue Alexandre Ribot
Tronçon: 34500649 -> 34500650, Longueur: 289.30194m, Rue: Rue Gabriel Péri
Tronçon: 34500649 -> 25618218, Longueur: 118.78139m, Rue: Cours Émile Zola
Tronçon: 34500649 -> 26297631, Longueur: 54.859016m, Rue: Cours Émile Zola
Tronçon: 25334340 -> 25334299, Longueur: 43.62228m, Rue: Rue Villon
Tronçon: 25334340 -> 21992835, Longueur: 167.18881m, Rue: Rue Saint-Firmin
Tronçon: 18697402 -> 18697376, Longueur: 121.274216m, Rue: Rue Louis Chapuy
Tronçon: 18697402 -> 18697378, Longueur: 143.45154m, Rue: Rue Louis Jouvet
Tronçon: 18697402 -> 18697383, Longueur: 113.63658m, Rue: Rue Louis Jouvet
Tronçon: 34500651 -> 34500650, Longueur: 11.546153m, Rue: Rond-Point des Charpennes
Tronçon: 34500651 -> 60685035, Longueur: 174.24553m, Rue: Rue des Charmettes
Tronçon: 34500651 -> 34500653, Longueur: 12.544367m, Rue: Rond-Point des Charpennes
Tronçon: 34500650 -> 34500649, Longueur: 289.30194m, Rue: Rue Gabriel Péri
Tronçon: 34500650 -> 34500651, Longueur: 11.546153m, Rue: Rond-Point des Charpennes
Tronçon: 34500650 -> 1480891844, Longueur: 14.128206m, Rue: Rond-Point des Charpennes
Tronçon: 18697408 -> 3824873200, Longueur: 26.162346m, Rue: Rue du Béguin
Tronçon: 18697408 -> 25152680, Longueur: 69.32289m, Rue: Rue du Béguin
Tronçon: 18697408 -> 25152618, Longueur: 42.13916m, Rue: Rue Garibaldi
Tronçon: 984186485 -> 25471066, Longueur: 13.869078m, Rue: Boulevard des États-Unis
Tronçon: 984186485 -> 654019202, Longueur: 73.10136m, Rue: Rue Paul Cazeneuve
Tronçon: 1778350879 -> 25310913, Longueur: 71.86058m, Rue: Rue Vauban
Tronçon: 18697400 -> 25305955, Longueur: 87.393196m, Rue: Rue Clair-Tisseur
Tronçon: 18697400 -> 18697397, Longueur: 92.92277m, Rue: Rue Rachais
Tronçon: 18697400 -> 796917475, Longueur: 28.529995m, Rue: Rue Clair-Tisseur
Tronçon: 190951407 -> 190951450, Longueur: 109.19294m, Rue: Rue des Barottières
Tronçon: 190951407 -> 190951414, Longueur: 83.70285m, Rue: Place Paul Strauss
Tronçon: 190951407 -> 190951335, Longueur: 28.501974m, Rue: Place Paul Strauss
Tronçon: 190951407 -> 190903095, Longueur: 247.89882m, Rue: Rue Émile Cheysson
Tronçon: 26464260 -> 26464259, Longueur: 79.6241m, Rue: Rue Claude Farrère
Tronçon: 26464260 -> 26464253, Longueur: 131.85258m, Rue: Rue François Villon
Tronçon: 26464260 -> 26464261, Longueur: 123.92074m, Rue: Rue François Villon
Tronçon: 245054850 -> 245054768, Longueur: 105.21274m, Rue: Passage Verdier Sud
Tronçon: 245054850 -> 245054848, Longueur: 52.16517m, Rue: Rue du Verdier
Tronçon: 245054850 -> 245054849, Longueur: 49.273453m, Rue: Rue du Verdier
Tronçon: 26464261 -> 26464265, Longueur: 85.80829m, Rue: Rue Coignet
Tronçon: 26464261 -> 26463669, Longueur: 88.660446m, Rue: Rue François Villon
Tronçon: 26464261 -> 26464260, Longueur: 123.92074m, Rue: Rue François Villon
Tronçon: 25451998 -> 25451871, Longueur: 94.48348m, Rue: Rue de Marseille
Tronçon: 25451998 -> 25451999, Longueur: 61.467834m, Rue: Rue Chevreul
Tronçon: 34500655 -> 252626810, Longueur: 77.8654m, Rue: Rue Étienne Gagnaire
Tronçon: 34500655 -> 1480891844, Longueur: 7.6308002m, Rue: Rond-Point des Charpennes
Tronçon: 34500655 -> 34500654, Longueur: 12.816422m, Rue: Rond-Point des Charpennes
Tronçon: 34500654 -> 34500665, Longueur: 58.538162m, Rue: Rue Gabriel Péri
Tronçon: 34500654 -> 34500653, Longueur: 7.654477m, Rue: Rond-Point des Charpennes
Tronçon: 34500654 -> 34500655, Longueur: 12.816422m, Rue: Rond-Point des Charpennes
Tronçon: 34500653 -> 34500651, Longueur: 12.544367m, Rue: Rond-Point des Charpennes
Tronçon: 34500653 -> 34500654, Longueur: 7.654477m, Rue: Rond-Point des Charpennes
Tronçon: 34500653 -> 1513948135, Longueur: 97.15755m, Rue: Cours André Philip
Tronçon: 34500657 -> 34500664, Longueur: 5.626713m, Rue: 
Tronçon: 34500657 -> 252626869, Longueur: 18.542868m, Rue: 
Tronçon: 34500657 -> 34500666, Longueur: 76.29897m, Rue: Place Wilson
Tronçon: 25451999 -> 25451868, Longueur: 60.2342m, Rue: Rue Chevreul
Tronçon: 26464259 -> 26464256, Longueur: 101.45005m, Rue: Rue Claude Farrère
Tronçon: 26464259 -> 26464258, Longueur: 115.86253m, Rue: Rue Montaigne
Tronçon: 26464259 -> 26464254, Longueur: 120.70422m, Rue: Rue Montaigne
Tronçon: 245054849 -> 245054850, Longueur: 49.273453m, Rue: Rue du Verdier
Tronçon: 245054849 -> 245054772, Longueur: 92.6297m, Rue: Rue du Verdier Nord
Tronçon: 245054849 -> 245054847, Longueur: 81.7661m, Rue: Rue du Verdier
Tronçon: 245054848 -> 245054850, Longueur: 52.16517m, Rue: Rue du Verdier
Tronçon: 245054848 -> 245054765, Longueur: 118.329414m, Rue: Rue Louis Blanc
Tronçon: 245054848 -> 245054767, Longueur: 52.57836m, Rue: Rue Louis Blanc
Tronçon: 18697415 -> 25152584, Longueur: 114.12843m, Rue: Grande Rue de la Guillotière
Tronçon: 18697415 -> 18697408, Longueur: 122.9986m, Rue: Rue Garibaldi
Tronçon: 34500660 -> 1423419160, Longueur: 9.575168m, Rue: 
Tronçon: 34500660 -> 252626869, Longueur: 9.070781m, Rue: 
Tronçon: 34500660 -> 2705368891, Longueur: 37.539745m, Rue: Avenue Roger Salengro
Tronçon: 26464252 -> 365117223, Longueur: 117.219574m, Rue: Avenue Esquirol
Tronçon: 26464252 -> 26464271, Longueur: 79.13647m, Rue: Cours Eugénie
Tronçon: 26464252 -> 365117230, Longueur: 70.70675m, Rue: Cours Eugénie
Tronçon: 26464253 -> 26464299, Longueur: 82.86288m, Rue: Avenue Esquirol
Tronçon: 26464253 -> 26464260, Longueur: 131.85258m, Rue: Rue François Villon
Tronçon: 26464254 -> 26464259, Longueur: 120.70422m, Rue: Rue Montaigne
Tronçon: 26464254 -> 26464253, Longueur: 78.70763m, Rue: Avenue Esquirol
Tronçon: 26464255 -> 26464256, Longueur: 109.196365m, Rue: Rue Pascal
Tronçon: 26464255 -> 26464254, Longueur: 77.646965m, Rue: Avenue Esquirol
Tronçon: 26464256 -> 48808296, Longueur: 50.102688m, Rue: Rue Pascal
Tronçon: 26464256 -> 25611037, Longueur: 129.96593m, Rue: Rue Claude Farrère
Tronçon: 26464256 -> 26464255, Longueur: 109.196365m, Rue: Rue Pascal
Tronçon: 26464257 -> 48808296, Longueur: 50.554623m, Rue: Rue Pascal
Tronçon: 26464257 -> 624172842, Longueur: 48.605232m, Rue: Rue Pascal
Tronçon: 26464257 -> 26464258, Longueur: 109.071205m, Rue: Rue Coignet
Tronçon: 18697411 -> 1475230728, Longueur: 23.356691m, Rue: Rue Saint-Lazare
Tronçon: 26464258 -> 26463666, Longueur: 72.54352m, Rue: Rue Montaigne
Tronçon: 26464258 -> 26464259, Longueur: 115.86253m, Rue: Rue Montaigne
Tronçon: 26464258 -> 26464261, Longueur: 72.05218m, Rue: Rue Coignet
Tronçon: 25451982 -> 25499208, Longueur: 41.50033m, Rue: Rue Chevreul
Tronçon: 25451982 -> 25451866, Longueur: 89.65864m, Rue: Rue Bancel
Tronçon: 190951436 -> 190951329, Longueur: 53.106777m, Rue: Rue Georges Picot
Tronçon: 190951431 -> 342903683, Longueur: 42.272156m, Rue: Rue Pierre-Joseph Proudhon
Tronçon: 190951431 -> 1226411365, Longueur: 7.0149155m, Rue: Rue Pierre-Joseph Proudhon
Tronçon: 190951431 -> 1226411789, Longueur: 211.74005m, Rue: Rue Montgolfier
Tronçon: 25549077 -> 27359745, Longueur: 86.06249m, Rue: Route de Vienne
Tronçon: 25549077 -> 59640013, Longueur: 116.93591m, Rue: Route de Vienne
Tronçon: 25549076 -> 3160860325, Longueur: 212.29558m, Rue: Rue de Cronstadt
Tronçon: 25549076 -> 9214813, Longueur: 147.49998m, Rue: Route de Vienne
Tronçon: 25549075 -> 27359745, Longueur: 82.10423m, Rue: Route de Vienne
Tronçon: 25549075 -> 600873562, Longueur: 12.869107m, Rue: Route de Vienne
Tronçon: 25549075 -> 25470917, Longueur: 117.39022m, Rue: Rue Pierre Delore
Tronçon: 25451970 -> 25499208, Longueur: 88.060486m, Rue: Rue d'Anvers
Tronçon: 25451970 -> 25499212, Longueur: 101.34889m, Rue: Rue Renan
Tronçon: 190951422 -> 190951418, Longueur: 52.361553m, Rue: Rue Jules Siegfried
Tronçon: 190951422 -> 190951314, Longueur: 96.96521m, Rue: Rue Jules Siegfried
Tronçon: 190951422 -> 190903047, Longueur: 156.32144m, Rue: Rue Louise Michel
Tronçon: 991648001 -> 25258530, Longueur: 117.630714m, Rue: Rue de Créqui
Tronçon: 991648001 -> 25306036, Longueur: 97.15991m, Rue: Rue de l'Abondance
Tronçon: 984553654 -> 1026030492, Longueur: 11.641539m, Rue: Rue Pierre Delore
Tronçon: 984553654 -> 1494035768, Longueur: 7.3605385m, Rue: Rue Henri Barbusse
Tronçon: 984553654 -> 26132254, Longueur: 102.86875m, Rue: Rue Paul Cazeneuve
Tronçon: 21851032 -> 21852322, Longueur: 92.84373m, Rue: Rue des Hérideaux
Tronçon: 21851032 -> 143435, Longueur: 149.37917m, Rue: Rue Saint-Agnan
Tronçon: 26464299 -> 26464252, Longueur: 81.220024m, Rue: Avenue Esquirol
Tronçon: 26464299 -> 26464269, Longueur: 144.97035m, Rue: Rue Jules Michelet
Tronçon: 26464270 -> 26464316, Longueur: 77.434326m, Rue: Cours Eugénie
Tronçon: 26464270 -> 26464269, Longueur: 80.44081m, Rue: Rue Claude Farrère
Tronçon: 26464270 -> 26464271, Longueur: 73.7876m, Rue: Cours Eugénie
Tronçon: 26464270 -> 26464313, Longueur: 202.81264m, Rue: Rue Claude Farrère
Tronçon: 26464271 -> 26464252, Longueur: 79.13647m, Rue: Cours Eugénie
Tronçon: 26464271 -> 26464270, Longueur: 73.7876m, Rue: Cours Eugénie
Tronçon: 26464271 -> 26464312, Longueur: 217.785m, Rue: Rue Piperoux
Tronçon: 2865054511 -> 2865054509, Longueur: 50.62347m, Rue: Impasse Lamartine
Tronçon: 245054847 -> 245054849, Longueur: 81.7661m, Rue: Rue du Verdier
Tronçon: 245054847 -> 60901948, Longueur: 46.31201m, Rue: Rue de la Paix
Tronçon: 245054847 -> 60901949, Longueur: 63.36775m, Rue: Rue de la Paix
Tronçon: 26464265 -> 26464315, Longueur: 102.11008m, Rue: Rue Coignet
Tronçon: 26464265 -> 26464269, Longueur: 137.75356m, Rue: Rue Jules Michelet
Tronçon: 1679901320 -> 55474973, Longueur: 114.625244m, Rue: Rue Pascal
Tronçon: 26464269 -> 26464265, Longueur: 137.75356m, Rue: Rue Jules Michelet
Tronçon: 26464269 -> 26464299, Longueur: 144.97035m, Rue: Rue Jules Michelet
Tronçon: 26464269 -> 26464260, Longueur: 81.29664m, Rue: Rue Claude Farrère
Tronçon: 208769091 -> 54803122, Longueur: 206.64528m, Rue: Rue Claudius Pionchon
Tronçon: 208769091 -> 208769219, Longueur: 92.4231m, Rue: Place de la Ferrandière
Tronçon: 2865054509 -> 25303836, Longueur: 70.8819m, Rue: Rue Lamartine
Tronçon: 2865054509 -> 25303839, Longueur: 93.59785m, Rue: Rue Lamartine
Tronçon: 2865054509 -> 2865054511, Longueur: 50.62347m, Rue: Impasse Lamartine
Tronçon: 3905948463 -> 26464312, Longueur: 94.203125m, Rue: Rue Viala
Tronçon: 3905948463 -> 564740277, Longueur: 34.224m, Rue: Rue Viala
Tronçon: 191134511 -> 191134522, Longueur: 210.13947m, Rue: Avenue Paul Krüger
Tronçon: 191134511 -> 1835868028, Longueur: 59.81414m, Rue: Rue Général Leclerc
Tronçon: 191134511 -> 1835868022, Longueur: 17.909367m, Rue: Rue Général Leclerc
Tronçon: 26583687 -> 26583688, Longueur: 25.624594m, Rue: Place des Célestins
Tronçon: 26583687 -> 26583685, Longueur: 46.960342m, Rue: Rue de Montcharmont Rue d'Ambroise
Tronçon: 26583688 -> 26583682, Longueur: 28.656214m, Rue: Place des Célestins
Tronçon: 26583688 -> 26583687, Longueur: 25.624594m, Rue: Place des Célestins
Tronçon: 26291349 -> 376961302, Longueur: 25.280407m, Rue: Rue des Émeraudes
Tronçon: 26291349 -> 376378078, Longueur: 329.35287m, Rue: Rue Michel Rambaud Avenue Thiers
Tronçon: 26583681 -> 21597594, Longueur: 49.329964m, Rue: Rue Jean Fabre
Tronçon: 26583683 -> 26106347, Longueur: 22.22299m, Rue: Rue Pazzi
Tronçon: 26583682 -> 26583681, Longueur: 24.519032m, Rue: Rue de Montcharmont
Tronçon: 26583682 -> 26583683, Longueur: 18.015844m, Rue: Place des Célestins
Tronçon: 26583684 -> 26583685, Longueur: 26.234566m, Rue: Rue de Pazzi
Tronçon: 26583684 -> 26583687, Longueur: 19.752037m, Rue: Place des Célestins
Tronçon: 252626901 -> 383744947, Longueur: 85.383125m, Rue: Avenue Condorcet
Tronçon: 252626901 -> 252626873, Longueur: 13.493126m, Rue: Boulevard du 11 Novembre 1918
Tronçon: 252626900 -> 252626873, Longueur: 164.51648m, Rue: Avenue Condorcet
Tronçon: 252626900 -> 71261935, Longueur: 105.24162m, Rue: Rue de Bruxelles
Tronçon: 252626900 -> 252626883, Longueur: 11.430337m, Rue: Rue de Bruxelles
Tronçon: 191134522 -> 25611365, Longueur: 205.7422m, Rue: Rue de la Pouponnière
Tronçon: 191134522 -> 191134511, Longueur: 210.13947m, Rue: Avenue Paul Krüger
Tronçon: 191134522 -> 191134501, Longueur: 97.59465m, Rue: Avenue Paul Krüger
Tronçon: 252629167 -> 3702337618, Longueur: 15.971105m, Rue: Avenue Salvador Allende
Tronçon: 252629167 -> 2207317999, Longueur: 26.002901m, Rue: Avenue Salvador Allende
Tronçon: 60728040 -> 26296512, Longueur: 39.318386m, Rue: Rue des Charmettes
Tronçon: 60728040 -> 60685035, Longueur: 44.486744m, Rue: Rue des Charmettes
Tronçon: 191134505 -> 25611272, Longueur: 275.19608m, Rue: Rue Christian de Wett
Tronçon: 191134505 -> 191134501, Longueur: 118.48537m, Rue: Avenue Paul Krüger
Tronçon: 191134505 -> 191134429, Longueur: 228.02159m, Rue: Avenue Paul Krüger
Tronçon: 21718245 -> 21717942, Longueur: 55.77458m, Rue: Rue Genton
Tronçon: 21718245 -> 2388251442, Longueur: 121.87371m, Rue: Rue Saint-Alban
Tronçon: 21718245 -> 1382784515, Longueur: 155.48624m, Rue: Rue Saint-Alban
Tronçon: 26086306 -> 2628204947, Longueur: 55.656025m, Rue: Rue Jules Jusserand
Tronçon: 26086306 -> 26086286, Longueur: 45.68506m, Rue: Rue Jules Jusserand
Tronçon: 26086303 -> 25175743, Longueur: 8.052698m, Rue: Avenue Félix Faure
Tronçon: 26086307 -> 26086306, Longueur: 99.99636m, Rue: Rue du Diapason
Tronçon: 191134501 -> 191134505, Longueur: 118.48537m, Rue: Avenue Paul Krüger
Tronçon: 191134501 -> 25611274, Longueur: 247.9463m, Rue: Rue des Fleurs
Tronçon: 191134501 -> 191134522, Longueur: 97.59465m, Rue: Avenue Paul Krüger
Tronçon: 2864851027 -> 2864851024, Longueur: 44.994522m, Rue: Rue de Solesmes
Tronçon: 2864851027 -> 245054759, Longueur: 51.766327m, Rue: Rue de Solesmes
Tronçon: 2864851027 -> 2864851025, Longueur: 29.718803m, Rue: Rue de Solesmes
Tronçon: 2864851029 -> 2864851032, Longueur: 64.325935m, Rue: Impasse Bernard Vallot
Tronçon: 2864851029 -> 60901941, Longueur: 133.48874m, Rue: Rue Bernard Vallot
Tronçon: 2864851029 -> 60901942, Longueur: 81.57747m, Rue: Rue Bernard Vallot
Tronçon: 269229442 -> 21600354, Longueur: 121.91038m, Rue: Rue Audibert et Lavirotte
Tronçon: 269229442 -> 1298421634, Longueur: 123.26757m, Rue: Rue de la Fraternité
Tronçon: 2864851022 -> 2864851024, Longueur: 31.047094m, Rue: Rue de Solesmes
Tronçon: 25451960 -> 26731441, Longueur: 46.255764m, Rue: Rue de l'Université
Tronçon: 25451960 -> 25451970, Longueur: 53.993126m, Rue: Rue d'Anvers
Tronçon: 2864851025 -> 2864851027, Longueur: 29.718803m, Rue: Rue de Solesmes
Tronçon: 2864851024 -> 2864851027, Longueur: 44.994522m, Rue: Rue de Solesmes
Tronçon: 2864851024 -> 245054756, Longueur: 82.8319m, Rue: Rue de Solesmes
Tronçon: 2864851024 -> 2864851022, Longueur: 31.047094m, Rue: Rue de Solesmes
Tronçon: 2814082594 -> 25327129, Longueur: 39.859535m, Rue: Rue Garibaldi
Tronçon: 2814082594 -> 2814082596, Longueur: 151.74799m, Rue: Rue Laurent Vibert
Tronçon: 25153048 -> 18697420, Longueur: 84.89366m, Rue: Rue du Repos
Tronçon: 25153048 -> 796918086, Longueur: 81.46878m, Rue: Rue de la Madeleine
Tronçon: 2814082596 -> 25310856, Longueur: 41.83771m, Rue: Rue Tête d'Or
Tronçon: 2814082596 -> 2814082594, Longueur: 151.74799m, Rue: Rue Laurent Vibert
Tronçon: 2864851032 -> 2864851029, Longueur: 64.325935m, Rue: Impasse Bernard Vallot
Tronçon: 602532023 -> 35408678, Longueur: 24.011778m, Rue: Rue du Pont des Planches
Tronçon: 602532023 -> 602532013, Longueur: 141.95453m, Rue: Rue du Pont des Planches
Tronçon: 1423343066 -> 190817752, Longueur: 236.91425m, Rue: Rue de Fontanières
Tronçon: 1423343066 -> 190817754, Longueur: 35.527546m, Rue: Rue de Fontanières
Tronçon: 2864851049 -> 60901947, Longueur: 85.88217m, Rue: Avenue Franklin Roosevelt
Tronçon: 2864851049 -> 60901945, Longueur: 56.830708m, Rue: Avenue Franklin Roosevelt
Tronçon: 2864851049 -> 2864851043, Longueur: 179.7075m, Rue: Rue des Cyclamens
Tronçon: 602532013 -> 602532018, Longueur: 23.226957m, Rue: 
Tronçon: 602532013 -> 602532011, Longueur: 24.108452m, Rue: 
Tronçon: 602532013 -> 602532023, Longueur: 141.95453m, Rue: Rue du Pont des Planches
Tronçon: 2864851048 -> 60901950, Longueur: 25.266432m, Rue: Rue Émile Bressat
Tronçon: 253416092 -> 253416306, Longueur: 46.715607m, Rue: Place Marcel Bertone
Tronçon: 253416092 -> 130143398, Longueur: 86.70844m, Rue: Rue de Nuits
Tronçon: 602532011 -> 602532000, Longueur: 26.896517m, Rue: Rue du Canal
Tronçon: 602532011 -> 602532018, Longueur: 25.061253m, Rue: 
Tronçon: 602532011 -> 602532013, Longueur: 24.108452m, Rue: 
Tronçon: 1032776498 -> 26584176, Longueur: 18.860146m, Rue: Rue de la Fromagerie
Tronçon: 602532018 -> 602532011, Longueur: 25.061253m, Rue: 
Tronçon: 602532018 -> 602532013, Longueur: 23.226957m, Rue: 
Tronçon: 25451944 -> 25451960, Longueur: 74.86816m, Rue: Rue d'Anvers
Tronçon: 25451944 -> 26059180, Longueur: 83.55628m, Rue: Rue du Père Chevrier
Tronçon: 21674900 -> 21674898, Longueur: 36.900894m, Rue: Rue Aimé Collomb
Tronçon: 21674900 -> 26058712, Longueur: 66.470856m, Rue: Rue Aimé Collomb
Tronçon: 21674900 -> 21674901, Longueur: 93.19834m, Rue: Rue Mortier
Tronçon: 55463564 -> 1918509928, Longueur: 118.163864m, Rue: Place Jules Grandclément
Tronçon: 55463564 -> 55463767, Longueur: 44.765503m, Rue: Place Jules Grandclément
Tronçon: 21674901 -> 2104502856, Longueur: 74.34344m, Rue: Rue Montebello
Tronçon: 21674904 -> 663650132, Longueur: 42.914764m, Rue: Rue de Marseille
Tronçon: 21674904 -> 25337469, Longueur: 91.12519m, Rue: Rue Montesquieu
Tronçon: 21674903 -> 26058165, Longueur: 63.907722m, Rue: Quai Claude Bernard
Tronçon: 21674903 -> 663650062, Longueur: 9.552675m, Rue: Quai Claude Bernard
Tronçon: 21674906 -> 195282, Longueur: 45.958633m, Rue: Cours Gambetta
Tronçon: 21674906 -> 26058690, Longueur: 175.46722m, Rue: Quai Claude Bernard
Tronçon: 21674905 -> 195234, Longueur: 86.10059m, Rue: Rue de l'Université
Tronçon: 21674905 -> 25451998, Longueur: 187.78763m, Rue: Rue de Marseille
Tronçon: 21674908 -> 21674909, Longueur: 95.79349m, Rue: Rue Raulin
Tronçon: 21674908 -> 26131895, Longueur: 105.65613m, Rue: Rue Étienne Rognon
Tronçon: 21674907 -> 26235107, Longueur: 84.46181m, Rue: Rue Étienne Rognon
Tronçon: 21674907 -> 21674910, Longueur: 48.29409m, Rue: Rue de Marseille
Tronçon: 21674909 -> 26058771, Longueur: 113.98748m, Rue: Rue Raulin
Tronçon: 21674909 -> 26058772, Longueur: 73.181885m, Rue: Avenue Berthelot
Tronçon: 2864851038 -> 2864851034, Longueur: 134.32335m, Rue: Impasse Calmard
Tronçon: 602532000 -> 602532011, Longueur: 26.896517m, Rue: Rue du Canal
Tronçon: 602532000 -> 602532005, Longueur: 87.83662m, Rue: 
Tronçon: 602532000 -> 602531992, Longueur: 272.52557m, Rue: Rue du Canal
Tronçon: 2864851034 -> 2864851033, Longueur: 45.662342m, Rue: Impasse Calmard
Tronçon: 2864851034 -> 2864851038, Longueur: 134.32335m, Rue: Impasse Calmard
Tronçon: 2864851034 -> 60901983, Longueur: 226.63206m, Rue: Impasse Calmard
Tronçon: 2864851033 -> 2864851034, Longueur: 45.662342m, Rue: Impasse Calmard
Tronçon: 25451935 -> 25451869, Longueur: 94.06916m, Rue: Rue Béchevelin
Tronçon: 25451935 -> 25451863, Longueur: 18.525967m, Rue: Rue du Professeur Grignard
Tronçon: 602532005 -> 602532000, Longueur: 87.83662m, Rue: 
Tronçon: 25451937 -> 25451944, Longueur: 90.016884m, Rue: Rue du Père Chevrier
Tronçon: 25451937 -> 25450957, Longueur: 83.338745m, Rue: Rue Sébastien Gryphe
Tronçon: 21674910 -> 3446506083, Longueur: 161.0422m, Rue: Boulevard Yves Farge Rue de Marseille
Tronçon: 21674910 -> 26131884, Longueur: 89.092316m, Rue: Rue Raoul Servant
Tronçon: 342906618 -> 342906826, Longueur: 109.15968m, Rue: 
Tronçon: 342906618 -> 342907028, Longueur: 26.543236m, Rue: Rue du 8 Mai 1945
Tronçon: 342906618 -> 190903102, Longueur: 37.529434m, Rue: Rue du 8 Mai 1945
Tronçon: 21674912 -> 26084608, Longueur: 103.59624m, Rue: Boulevard Yves Farge
Tronçon: 21674912 -> 653293588, Longueur: 46.504017m, Rue: Boulevard Yves Farge
Tronçon: 2864851043 -> 60901945, Longueur: 141.66014m, Rue: Rue Pierre Bourdan
Tronçon: 2864851043 -> 60901949, Longueur: 167.81659m, Rue: Rue Pierre Bourdan
Tronçon: 2864851043 -> 2864851049, Longueur: 179.7075m, Rue: Rue des Cyclamens
Tronçon: 25327128 -> 25310856, Longueur: 151.98936m, Rue: Rue Crillon
Tronçon: 25327128 -> 2814082594, Longueur: 41.476418m, Rue: Rue Garibaldi
Tronçon: 25327129 -> 554199956, Longueur: 35.46727m, Rue: Rue Garibaldi
Tronçon: 25327129 -> 25316263, Longueur: 110.85555m, Rue: Rue Tronchet
Tronçon: 25327127 -> 25310889, Longueur: 85.62085m, Rue: Rue Garibaldi
Tronçon: 25327127 -> 1297040318, Longueur: 110.373375m, Rue: Cours Franklin Roosevelt
Tronçon: 1835868019 -> 191134633, Longueur: 208.98332m, Rue: Rue Guillotte
Tronçon: 1835868019 -> 191134642, Longueur: 130.45541m, Rue: Rue Général Leclerc
Tronçon: 1835868019 -> 325772444, Longueur: 59.349297m, Rue: Rue Général Leclerc
Tronçon: 987974102 -> 36855706, Longueur: 138.15056m, Rue: Rue Aimé Boussange
Tronçon: 987974102 -> 130143380, Longueur: 7.970483m, Rue: Rue Aimé Boussange
Tronçon: 322191200 -> 322191195, Longueur: 55.620716m, Rue: Boulevard de la Croix-Rousse
Tronçon: 322191200 -> 322191204, Longueur: 22.365282m, Rue: Boulevard de la Croix-Rousse
Tronçon: 322191200 -> 35221958, Longueur: 161.89128m, Rue: Rue des Pierres Plantées
Tronçon: 1835868022 -> 191134511, Longueur: 17.909367m, Rue: Rue Général Leclerc
Tronçon: 1835868022 -> 1835868023, Longueur: 20.771978m, Rue: Rue Général Leclerc
Tronçon: 1835868021 -> 249725347, Longueur: 52.891563m, Rue: Boulevard Honoré de Balzac
Tronçon: 1835868021 -> 103755052, Longueur: 80.40853m, Rue: Rue Eugène Fournière
Tronçon: 1835868021 -> 1682387640, Longueur: 19.24168m, Rue: Rue Eugène Fournière
Tronçon: 252626870 -> 252628602, Longueur: 135.1943m, Rue: Avenue Condorcet
Tronçon: 252626870 -> 1480891869, Longueur: 70.438324m, Rue: Avenue Condorcet
Tronçon: 25327135 -> 25327139, Longueur: 96.692184m, Rue: Rue Louis Blanc
Tronçon: 25327135 -> 25327134, Longueur: 69.56724m, Rue: Rue de Créqui
Tronçon: 25327136 -> 25319302, Longueur: 42.287884m, Rue: Rue Vendôme
Tronçon: 25327133 -> 1042749196, Longueur: 26.543697m, Rue: Rue de Créqui
Tronçon: 25327133 -> 25327148, Longueur: 96.67614m, Rue: Rue Amédée Bonnet
Tronçon: 252626873 -> 252626872, Longueur: 12.0032m, Rue: Avenue Condorcet
Tronçon: 252626873 -> 27512838, Longueur: 148.13373m, Rue: Boulevard du 11 Novembre 1918
Tronçon: 191134595 -> 1637480422, Longueur: 27.34875m, Rue: Rue Émile Decorps
Tronçon: 191134595 -> 191134606, Longueur: 229.41527m, Rue: Rue Antoine Primat
Tronçon: 191134595 -> 505061101, Longueur: 126.782524m, Rue: Rue Émile Decorps
Tronçon: 25153094 -> 25153076, Longueur: 60.582626m, Rue: Rue des Trois Pierres
Tronçon: 25153094 -> 25153070, Longueur: 79.08869m, Rue: Rue d'Athènes
Tronçon: 25327134 -> 1606993792, Longueur: 61.0159m, Rue: Rue Vauban
Tronçon: 25327134 -> 25327133, Longueur: 60.136m, Rue: Rue de Créqui
Tronçon: 252626872 -> 252626878, Longueur: 12.981334m, Rue: Boulevard du 11 Novembre 1918
Tronçon: 25327131 -> 25327132, Longueur: 96.46095m, Rue: Rue Bugeaud
Tronçon: 25327131 -> 25327148, Longueur: 55.71809m, Rue: Rue Duguesclin
Tronçon: 25327132 -> 1042749228, Longueur: 33.252563m, Rue: Rue de Créqui
Tronçon: 252626878 -> 252626901, Longueur: 12.438463m, Rue: Avenue Condorcet
Tronçon: 252626878 -> 966190520, Longueur: 111.89074m, Rue: Boulevard du 11 Novembre 1918
Tronçon: 25327130 -> 25316250, Longueur: 87.679054m, Rue: Rue de Créqui
Tronçon: 25327130 -> 16050062, Longueur: 82.03681m, Rue: Cours Franklin Roosevelt
Tronçon: 3370328152 -> 26086114, Longueur: 67.72544m, Rue: Rue d'Aubigny
Tronçon: 252626869 -> 34500657, Longueur: 18.542868m, Rue: 
Tronçon: 252626869 -> 34500660, Longueur: 9.070781m, Rue: 
Tronçon: 25327139 -> 25327138, Longueur: 50.63586m, Rue: Rue Duguesclin
Tronçon: 25327137 -> 1606993788, Longueur: 61.123013m, Rue: Rue Robert
Tronçon: 25327137 -> 25327135, Longueur: 51.649475m, Rue: Rue de Créqui
Tronçon: 25327138 -> 1297040321, Longueur: 42.007122m, Rue: Rue Robert
Tronçon: 25327138 -> 25319182, Longueur: 65.44842m, Rue: Rue Duguesclin
Tronçon: 25327138 -> 25327137, Longueur: 96.05104m, Rue: Rue Robert
Tronçon: 25327146 -> 25327145, Longueur: 109.14732m, Rue: Rue Vauban
Tronçon: 25327146 -> 25327140, Longueur: 73.53829m, Rue: Rue Garibaldi
Tronçon: 249740340 -> 25611400, Longueur: 35.576595m, Rue: Route de Genas
Tronçon: 25327147 -> 25327144, Longueur: 110.03999m, Rue: Rue Bugeaud
Tronçon: 25327147 -> 25327146, Longueur: 115.75335m, Rue: Rue Garibaldi
Tronçon: 25327144 -> 1297040310, Longueur: 62.70028m, Rue: Rue Bugeaud
Tronçon: 25327144 -> 25316417, Longueur: 84.04377m, Rue: Rue Boileau
Tronçon: 25327145 -> 1297040317, Longueur: 58.764153m, Rue: Rue Boileau
Tronçon: 25327145 -> 1297040327, Longueur: 62.99225m, Rue: Rue Vauban
Tronçon: 25327143 -> 25327134, Longueur: 96.14086m, Rue: Rue Vauban
Tronçon: 25327143 -> 25327139, Longueur: 71.95177m, Rue: Rue Duguesclin
Tronçon: 252626866 -> 34500664, Longueur: 83.9146m, Rue: Avenue Piaton
Tronçon: 252626866 -> 252628610, Longueur: 87.58874m, Rue: Rue Lakanal
Tronçon: 252626866 -> 1480891862, Longueur: 121.56198m, Rue: Avenue Piaton
Tronçon: 1335415576 -> 1335415539, Longueur: 84.649864m, Rue: Impasse Arlette
Tronçon: 1335415576 -> 27362292, Longueur: 148.19006m, Rue: Rue Florent
Tronçon: 1335415576 -> 350344029, Longueur: 73.56003m, Rue: Rue Florent
Tronçon: 25327140 -> 2450596804, Longueur: 11.623278m, Rue: Rue Louis Blanc
Tronçon: 25327140 -> 34385832, Longueur: 67.5794m, Rue: Rue Garibaldi
Tronçon: 25327140 -> 1011010986, Longueur: 17.454605m, Rue: Rue Louis Blanc
Tronçon: 252626865 -> 3702337618, Longueur: 184.46751m, Rue: Avenue Salvador Allende
Tronçon: 252626865 -> 252628611, Longueur: 100.72028m, Rue: Avenue Salvador Allende
Tronçon: 252626865 -> 252628599, Longueur: 124.39525m, Rue: Rue du Tonkin
Tronçon: 25153067 -> 1035871698, Longueur: 44.19476m, Rue: Rue des Trois Pierres
Tronçon: 25153067 -> 18697385, Longueur: 35.489914m, Rue: Rue Domer
Tronçon: 25153069 -> 1035871899, Longueur: 68.1685m, Rue: Rue du Père Chevrier
Tronçon: 25153069 -> 25153101, Longueur: 74.83241m, Rue: Rue Saint-Lazare
Tronçon: 25327148 -> 25327143, Longueur: 58.83883m, Rue: Rue Duguesclin
Tronçon: 25153070 -> 25153069, Longueur: 58.416683m, Rue: Rue du Père Chevrier
Tronçon: 25153070 -> 195239, Longueur: 73.93831m, Rue: Rue du Colombier
Tronçon: 25153072 -> 25153094, Longueur: 75.84417m, Rue: Rue des Trois Pierres
Tronçon: 25153072 -> 25153075, Longueur: 56.404278m, Rue: Rue Élie Rochette
Tronçon: 25153071 -> 25153070, Longueur: 76.92769m, Rue: Rue du Père Chevrier
Tronçon: 25153071 -> 25153072, Longueur: 69.64407m, Rue: Rue Élie Rochette
Tronçon: 25327153 -> 25310901, Longueur: 45.947735m, Rue: Rue Bugeaud
Tronçon: 25327152 -> 25310885, Longueur: 76.74185m, Rue: Rue Cuvier
Tronçon: 25153074 -> 25153073, Longueur: 21.617641m, Rue: Rue des Trois Pierres
Tronçon: 25153074 -> 26059198, Longueur: 71.1148m, Rue: Rue Creuzet
Tronçon: 25153073 -> 25153072, Longueur: 63.150253m, Rue: Rue des Trois Pierres
Tronçon: 25153073 -> 25153075, Longueur: 82.87397m, Rue: Rue Grillet
Tronçon: 25153076 -> 25153048, Longueur: 72.47136m, Rue: Rue du Repos
Tronçon: 25153076 -> 25153067, Longueur: 107.00346m, Rue: Rue des Trois Pierres
Tronçon: 25153076 -> 25153069, Longueur: 83.64518m, Rue: Rue Saint-Lazare
Tronçon: 25153075 -> 25153103, Longueur: 74.70805m, Rue: Rue Élie Rochette
Tronçon: 3113108906 -> 26086277, Longueur: 215.22931m, Rue: Rue du Lac
Tronçon: 1835868028 -> 25611368, Longueur: 103.31969m, Rue: Rue Général Leclerc
Tronçon: 1835868028 -> 191134511, Longueur: 59.81414m, Rue: Rue Général Leclerc
Tronçon: 1835868027 -> 249725346, Longueur: 26.347387m, Rue: Rue Antonin Perrin
Tronçon: 1835868027 -> 25611395, Longueur: 43.538357m, Rue: Rue Antonin Perrin
Tronçon: 1835868027 -> 251049182, Longueur: 95.800354m, Rue: Rue George Sand
Tronçon: 1835868026 -> 25611375, Longueur: 52.20267m, Rue: Route de Genas
Tronçon: 1835868025 -> 1682387638, Longueur: 97.68827m, Rue: Impasse Amblard
Tronçon: 1835868025 -> 25611377, Longueur: 39.320534m, Rue: Route de Genas
Tronçon: 1835868023 -> 191134628, Longueur: 19.027699m, Rue: Rue Général Leclerc
Tronçon: 1835868023 -> 325772469, Longueur: 86.41362m, Rue: Boulevard Honoré de Balzac
Tronçon: 1835868023 -> 1835868022, Longueur: 20.771978m, Rue: Rue Général Leclerc
Tronçon: 34402209 -> 1036842269, Longueur: 55.890804m, Rue: Rue Garibaldi
Tronçon: 34402209 -> 34402386, Longueur: 207.92018m, Rue: Rue Garibaldi
Tronçon: 34402209 -> 34402214, Longueur: 18.962118m, Rue: Cours Gambetta
Tronçon: 25316435 -> 25327130, Longueur: 87.151825m, Rue: Rue de Créqui
Tronçon: 25316435 -> 21674799, Longueur: 98.05839m, Rue: Rue de Sèze
Tronçon: 191134587 -> 1608528160, Longueur: 83.05369m, Rue: Rue Chevreul
Tronçon: 191134587 -> 191134754, Longueur: 186.73074m, Rue: Boulevard Eugène Réguillon
Tronçon: 191134587 -> 2623015186, Longueur: 16.978354m, Rue: Rue Pierre Baratin
Tronçon: 25316436 -> 25316435, Longueur: 75.5453m, Rue: Rue de Créqui
Tronçon: 25316436 -> 1606993799, Longueur: 63.291164m, Rue: Rue Bossuet
Tronçon: 1526053897 -> 249759740, Longueur: 193.90927m, Rue: Rue John Ford
Tronçon: 34402214 -> 34402384, Longueur: 173.968m, Rue: Rue Garibaldi
Tronçon: 34402214 -> 15925446, Longueur: 116.60512m, Rue: Cours Gambetta
Tronçon: 191134552 -> 191134538, Longueur: 143.74066m, Rue: Rue Frédéric Fays
Tronçon: 191134552 -> 1367639422, Longueur: 176.6112m, Rue: Rue de l'ÉgalitéCours Émile Zola
Tronçon: 25743306 -> 1528154145, Longueur: 19.58539m, Rue: Rue Thomassin
Tronçon: 25743306 -> 26583866, Longueur: 76.05536m, Rue: Rue du Président Carnot
Tronçon: 25743306 -> 26583853, Longueur: 20.082663m, Rue: Rue Thomassin
Tronçon: 25743307 -> 26106387, Longueur: 93.93852m, Rue: Rue du Palais Grillet
Tronçon: 25743307 -> 25743294, Longueur: 56.7954m, Rue: Rue Ferrandière
Tronçon: 25743300 -> 25743307, Longueur: 100.88144m, Rue: Rue du Palais Grillet Rue Thomassin
Tronçon: 3446506082 -> 2804431848, Longueur: 27.309113m, Rue: Boulevard Yves Farge
Tronçon: 3446506082 -> 26084609, Longueur: 37.87084m, Rue: Boulevard Yves Farge
Tronçon: 3446506083 -> 3446506082, Longueur: 34.29131m, Rue: Boulevard Yves Farge
Tronçon: 1335415539 -> 1335415576, Longueur: 84.649864m, Rue: Impasse Arlette
Tronçon: 1485840029 -> 4011909755, Longueur: 112.43858m, Rue: 
Tronçon: 1485840029 -> 191134658, Longueur: 71.95325m, Rue: Rue de la Baïsse
Tronçon: 1485840029 -> 55447007, Longueur: 286.13077m, Rue: Rue de la Baïsse
Tronçon: 252626816 -> 252644533, Longueur: 11.693629m, Rue: Rue Henri Rolland
Tronçon: 252626816 -> 1480891849, Longueur: 92.85928m, Rue: Cours André Philip
Tronçon: 252626816 -> 3932053909, Longueur: 234.13585m, Rue: Rue d'HanoïRue Henri Rolland
Tronçon: 191134538 -> 191134552, Longueur: 143.74066m, Rue: Rue Frédéric Fays
Tronçon: 191134538 -> 191134778, Longueur: 131.43535m, Rue: Rue de la Liberté
Tronçon: 191134538 -> 191134535, Longueur: 35.20575m, Rue: Rue Frédéric Fays
Tronçon: 26052934 -> 25615380, Longueur: 83.35389m, Rue: Quai Général Sarrail
Tronçon: 966190507 -> 966190520, Longueur: 12.739698m, Rue: Avenue Pierre de Coubertin
Tronçon: 966190507 -> 252626901, Longueur: 108.96276m, Rue: Boulevard du 11 Novembre 1918
Tronçon: 966190507 -> 444667999, Longueur: 180.34596m, Rue: Rue du Tonkin
Tronçon: 322191223 -> 1171868956, Longueur: 36.042397m, Rue: Place Bellevue
Tronçon: 600873562 -> 27359753, Longueur: 55.561947m, Rue: Route de Vienne
Tronçon: 600873562 -> 27359746, Longueur: 222.53412m, Rue: Rue Auguste Chollat
Tronçon: 600873562 -> 25549075, Longueur: 12.869107m, Rue: Route de Vienne
Tronçon: 2431836611 -> 2431836610, Longueur: 5.8236485m, Rue: Rue François Gros
Tronçon: 2431836611 -> 1026030528, Longueur: 32.095108m, Rue: Route de Vienne
Tronçon: 18697383 -> 18697402, Longueur: 113.63658m, Rue: Rue Louis Jouvet
Tronçon: 18697383 -> 18697372, Longueur: 120.04825m, Rue: Avenue des Frères Lumière
Tronçon: 18697383 -> 21992981, Longueur: 104.31415m, Rue: Avenue des Frères Lumière
Tronçon: 2431836610 -> 1026030602, Longueur: 2.0575354m, Rue: Rue François Gros
Tronçon: 2431836610 -> 1026030617, Longueur: 59.409363m, Rue: Route de Vienne
Tronçon: 18697385 -> 25153048, Longueur: 67.77757m, Rue: Rue de la Madeleine
Tronçon: 18697385 -> 18697420, Longueur: 60.232098m, Rue: Rue Domer
Tronçon: 191134535 -> 191134538, Longueur: 35.20575m, Rue: Rue Frédéric Fays
Tronçon: 191134535 -> 191134701, Longueur: 196.4305m, Rue: Cours Émile Zola
Tronçon: 191134535 -> 25932591, Longueur: 156.91045m, Rue: Rue Bourgchanin
Tronçon: 1335415565 -> 1335415641, Longueur: 110.278435m, Rue: Impasse Claude Jourdan
Tronçon: 1335415565 -> 350344029, Longueur: 33.045185m, Rue: Avenue Général Frère
Tronçon: 1335415565 -> 1335415655, Longueur: 84.60963m, Rue: Avenue Général Frère
Tronçon: 18697389 -> 21510475, Longueur: 118.84127m, Rue: Rue Henri Pensier
Tronçon: 18697389 -> 18232187, Longueur: 105.40707m, Rue: Rue Saint-Nestor
Tronçon: 252626810 -> 252626809, Longueur: 87.51409m, Rue: Rue de Son Tay
Tronçon: 252626810 -> 252626807, Longueur: 104.533676m, Rue: Rue Étienne Gagnaire
Tronçon: 252626810 -> 34500655, Longueur: 77.8654m, Rue: Rue Étienne Gagnaire
Tronçon: 25327119 -> 270473915, Longueur: 54.20505m, Rue: Avenue Verguin
Tronçon: 25327119 -> 270473914, Longueur: 11.794992m, Rue: Boulevard des Belges
Tronçon: 25327119 -> 25327123, Longueur: 89.89359m, Rue: Rue Masséna
Tronçon: 25327117 -> 25498572, Longueur: 13.628183m, Rue: Boulevard des Belges
Tronçon: 252626809 -> 252644528, Longueur: 61.368645m, Rue: Rue de Bat Yam
Tronçon: 252626809 -> 252626808, Longueur: 91.08261m, Rue: Rue de Bat Yam
Tronçon: 252626809 -> 252626810, Longueur: 87.51409m, Rue: Rue de Son Tay
Tronçon: 25327118 -> 2814044876, Longueur: 24.950497m, Rue: Rue Jacques Moyron
Tronçon: 25327118 -> 25327117, Longueur: 96.91927m, Rue: Boulevard des Belges
Tronçon: 252626808 -> 252626809, Longueur: 91.08261m, Rue: Rue de Bat Yam
Tronçon: 252626808 -> 252626807, Longueur: 43.788193m, Rue: Rue Henri Rolland
Tronçon: 252626807 -> 252626808, Longueur: 43.788193m, Rue: Rue Henri Rolland
Tronçon: 252626807 -> 252626810, Longueur: 104.533676m, Rue: Rue Étienne Gagnaire
Tronçon: 252626807 -> 1480891862, Longueur: 31.666313m, Rue: Avenue Salvador Allende
Tronçon: 322191204 -> 322191200, Longueur: 22.365282m, Rue: Boulevard de la Croix-Rousse
Tronçon: 322191204 -> 1513320571, Longueur: 40.820503m, Rue: Boulevard de la Croix-Rousse
Tronçon: 322191204 -> 987967684, Longueur: 10.585307m, Rue: Place de la Croix-Rousse
Tronçon: 25327124 -> 25327125, Longueur: 70.714355m, Rue: Rue Sully
Tronçon: 25327125 -> 25316261, Longueur: 111.67019m, Rue: Rue Sully
Tronçon: 25327125 -> 25327128, Longueur: 49.723564m, Rue: Rue Garibaldi
Tronçon: 18697393 -> 21600353, Longueur: 182.2734m, Rue: Rue Marius Berliet
Tronçon: 18697393 -> 18697378, Longueur: 166.30196m, Rue: Rue Santos Dumont
Tronçon: 18697393 -> 2924143717, Longueur: 73.255264m, Rue: Rue Marius Berliet
Tronçon: 25327122 -> 25327123, Longueur: 76.51474m, Rue: Rue Sully
Tronçon: 25327123 -> 25310855, Longueur: 48.678867m, Rue: Rue Masséna
Tronçon: 25327123 -> 25310823, Longueur: 69.91356m, Rue: Rue Sully
Tronçon: 18697395 -> 18232186, Longueur: 157.25653m, Rue: Rue Saint-Mathieu
Tronçon: 25327120 -> 270473915, Longueur: 57.785137m, Rue: Boulevard des Belges
Tronçon: 25327120 -> 25327119, Longueur: 89.779205m, Rue: Boulevard des Belges
Tronçon: 2650077854 -> 2117622721, Longueur: 62.200565m, Rue: Avenue Félix Faure
Tronçon: 2650077854 -> 1036842196, Longueur: 301.50327m, Rue: Boulevard Vivier-Merle
Tronçon: 2650077854 -> 2587463836, Longueur: 30.231571m, Rue: Boulevard Vivier-Merle
Tronçon: 2650077854 -> 25175778, Longueur: 149.44188m, Rue: Avenue Félix Faure
Tronçon: 25327121 -> 25327122, Longueur: 27.992794m, Rue: Rue Sully
Tronçon: 25327121 -> 25327120, Longueur: 36.02041m, Rue: Boulevard des Belges
Tronçon: 18697397 -> 1039285712, Longueur: 144.59962m, Rue: Rue Rachais
Tronçon: 18697397 -> 25305960, Longueur: 95.644516m, Rue: Rue du Béguin
Tronçon: 26470098 -> 26463665, Longueur: 111.52274m, Rue: Rue des Peupliers
Tronçon: 26470098 -> 26470093, Longueur: 50.979416m, Rue: Rue Trarieux
Tronçon: 26470098 -> 26470094, Longueur: 152.74391m, Rue: Rue des Peupliers
Tronçon: 26470092 -> 325772328, Longueur: 55.276436m, Rue: Rue Constant
Tronçon: 26470092 -> 26470089, Longueur: 178.9546m, Rue: Rue Antoine Laviolette
Tronçon: 26470093 -> 26470090, Longueur: 148.4786m, Rue: Rue Alfred de Musset
Tronçon: 26470093 -> 4365928347, Longueur: 89.94975m, Rue: Rue Trarieux
Tronçon: 26470094 -> 26470090, Longueur: 52.979305m, Rue: Rue Antoine Laviolette
Tronçon: 26470094 -> 26470098, Longueur: 152.74391m, Rue: Rue des Peupliers
Tronçon: 26470094 -> 26470110, Longueur: 127.89019m, Rue: Rue des Peupliers
Tronçon: 966190520 -> 966190507, Longueur: 12.739698m, Rue: Avenue Pierre de Coubertin
Tronçon: 966190520 -> 986573876, Longueur: 27.326916m, Rue: Avenue Pierre de Coubertin
Tronçon: 966190520 -> 32973806, Longueur: 189.1729m, Rue: Boulevard du 11 Novembre 1918
Tronçon: 190951496 -> 190951491, Longueur: 102.89703m, Rue: Impasse Bourru
Tronçon: 208769083 -> 26316433, Longueur: 94.49828m, Rue: Rue Claudius Pionchon
Tronçon: 208769083 -> 208769145, Longueur: 103.36165m, Rue: Rue Nazareth
Tronçon: 190951498 -> 190951491, Longueur: 76.16117m, Rue: Rue Octavie
Tronçon: 25334299 -> 143418, Longueur: 90.10593m, Rue: Rue Villon
Tronçon: 26297432 -> 54704607, Longueur: 52.21996m, Rue: Rue Dedieu
Tronçon: 26297432 -> 54704537, Longueur: 285.93533m, Rue: Rue Magenta
Tronçon: 26470085 -> 26470086, Longueur: 26.563345m, Rue: Rue Jules Massenet
Tronçon: 26470085 -> 26470080, Longueur: 305.4452m, Rue: Rue Jules Massenet
Tronçon: 26470085 -> 25611153, Longueur: 265.46426m, Rue: Rue Chambovet
Tronçon: 26470086 -> 26470085, Longueur: 26.563345m, Rue: Rue Jules Massenet
Tronçon: 26470086 -> 26470087, Longueur: 50.5096m, Rue: Rue Bellevue
Tronçon: 26470087 -> 25611156, Longueur: 82.28692m, Rue: Rue Bellevue
Tronçon: 26470088 -> 26470089, Longueur: 44.89491m, Rue: Rue Alfred de Vigny
Tronçon: 26470088 -> 26470082, Longueur: 73.1775m, Rue: Rue Alfred de Vigny
Tronçon: 26470088 -> 26470091, Longueur: 109.69174m, Rue: Rue André Chénier
Tronçon: 1679901326 -> 1679901320, Longueur: 123.51345m, Rue: Rue Clos Poncet
Tronçon: 1679901326 -> 54803905, Longueur: 92.98088m, Rue: Avenue Marc Sangnier
Tronçon: 1679901326 -> 1679897957, Longueur: 90.41324m, Rue: Avenue Marc Sangnier
Tronçon: 26470082 -> 26470080, Longueur: 122.194305m, Rue: Rue Jules Massenet
Tronçon: 26470082 -> 26470088, Longueur: 73.1775m, Rue: Rue Alfred de Vigny
Tronçon: 26470082 -> 26470078, Longueur: 84.08524m, Rue: Rue Alfred de Vigny
Tronçon: 1988133079 -> 1789612770, Longueur: 96.57666m, Rue: Rue Louis Bocquet
Tronçon: 1988133079 -> 1988133669, Longueur: 89.94143m, Rue: Impasse Buyet
Tronçon: 1988133079 -> 1988133670, Longueur: 37.013783m, Rue: Impasse Buyet
Tronçon: 3230088380 -> 3230088390, Longueur: 114.36514m, Rue: Rue Ernest Renan
Tronçon: 3230088380 -> 191134535, Longueur: 95.34677m, Rue: Cours Émile Zola
Tronçon: 26470089 -> 26470088, Longueur: 44.89491m, Rue: Rue Alfred de Vigny
Tronçon: 26470089 -> 26470090, Longueur: 100.05822m, Rue: Rue Antoine Laviolette
Tronçon: 26470089 -> 26470092, Longueur: 178.9546m, Rue: Rue Antoine Laviolette
Tronçon: 26470089 -> 4365928347, Longueur: 140.45544m, Rue: Rue Alfred de Vigny
Tronçon: 2500355152 -> 60492628, Longueur: 16.514887m, Rue: Boulevard Eugène Réguillon
Tronçon: 2500355152 -> 60492620, Longueur: 151.07127m, Rue: Rue Docteur Frappaz
Tronçon: 2500355152 -> 2466569947, Longueur: 427.13055m, Rue: Boulevard Eugène Réguillon
Tronçon: 984186416 -> 26132210, Longueur: 74.10086m, Rue: Rue Paul Cazeneuve
Tronçon: 984186416 -> 25471074, Longueur: 7.8394165m, Rue: Rue Paul Cazeneuve
Tronçon: 26297447 -> 1422033320, Longueur: 131.8874m, Rue: Rue Dedieu
Tronçon: 26297447 -> 25932603, Longueur: 53.04159m, Rue: Rue Hippolyte Kahn
Tronçon: 24644518 -> 252626816, Longueur: 104.95077m, Rue: Cours André Philip
Tronçon: 24644518 -> 3932053909, Longueur: 132.26596m, Rue: Avenue Antoine Dutrievoz
Tronçon: 24644518 -> 252644534, Longueur: 9.646714m, Rue: Avenue Antoine Dutrievoz
Tronçon: 190951491 -> 342918363, Longueur: 58.473396m, Rue: Rue Alexandre Dumas
Tronçon: 190951491 -> 190951496, Longueur: 102.89703m, Rue: Impasse Bourru
Tronçon: 190951491 -> 190951498, Longueur: 76.16117m, Rue: Rue Octavie
Tronçon: 190951491 -> 190951501, Longueur: 215.39362m, Rue: Rue Octavie
Tronçon: 18697372 -> 18697376, Longueur: 125.089775m, Rue: Rue Marius Berliet
Tronçon: 18697372 -> 26576953, Longueur: 34.76711m, Rue: Grande Rue de la Guillotière
Tronçon: 18697372 -> 18697383, Longueur: 120.04825m, Rue: Avenue des Frères Lumière
Tronçon: 26470090 -> 26470089, Longueur: 100.05822m, Rue: Rue Antoine Laviolette
Tronçon: 26470090 -> 26470091, Longueur: 68.63622m, Rue: Rue Alfred de Musset
Tronçon: 26470090 -> 26470093, Longueur: 148.4786m, Rue: Rue Alfred de Musset
Tronçon: 26470090 -> 26470094, Longueur: 52.979305m, Rue: Rue Antoine Laviolette
Tronçon: 280694139 -> 34499745, Longueur: 150.63452m, Rue: Rue Léon Fabre
Tronçon: 280694139 -> 27512822, Longueur: 146.11954m, Rue: Boulevard du 11 Novembre 1918
Tronçon: 26470091 -> 26470088, Longueur: 109.69174m, Rue: Rue André Chénier
Tronçon: 26470091 -> 26470090, Longueur: 68.63622m, Rue: Rue Alfred de Musset
Tronçon: 26470091 -> 26470107, Longueur: 27.837751m, Rue: Rue André Chénier
Tronçon: 26470091 -> 26470080, Longueur: 90.5509m, Rue: Rue Alfred de Musset
Tronçon: 18697376 -> 18697402, Longueur: 121.274216m, Rue: Rue Louis Chapuy
Tronçon: 18697376 -> 2924143717, Longueur: 202.68584m, Rue: Rue Marius Berliet
Tronçon: 26297443 -> 25932604, Longueur: 94.719406m, Rue: Cours de la République
Tronçon: 26297443 -> 54704542, Longueur: 266.39755m, Rue: Cours de la République
Tronçon: 26297443 -> 1421966743, Longueur: 92.038086m, Rue: Rue Dedieu
Tronçon: 18697378 -> 18697402, Longueur: 143.45154m, Rue: Rue Louis Jouvet
Tronçon: 18697378 -> 18697389, Longueur: 83.17378m, Rue: Rue Saint-Nestor
Tronçon: 3230088390 -> 25932593, Longueur: 3.7425635m, Rue: Rue du 4 Août 1789
Tronçon: 3230088390 -> 3230088380, Longueur: 114.36514m, Rue: Rue Ernest Renan
Tronçon: 600816161 -> 25499161, Longueur: 76.371124m, Rue: Avenue Berthelot
Tronçon: 26470078 -> 26155528, Longueur: 184.55595m, Rue: Rue Pierre Bonnaud
Tronçon: 26470078 -> 26470082, Longueur: 84.08524m, Rue: Rue Alfred de Vigny
Tronçon: 26470078 -> 26470079, Longueur: 129.56123m, Rue: Rue Pierre Bonnaud
Tronçon: 26470079 -> 26470080, Longueur: 89.26674m, Rue: Rue Alfred de Musset
Tronçon: 26470079 -> 26470078, Longueur: 129.56123m, Rue: Rue Pierre Bonnaud
Tronçon: 26470079 -> 52561455, Longueur: 198.83241m, Rue: Rue Pierre Bonnaud
Tronçon: 2319500305 -> 2319500306, Longueur: 15.072562m, Rue: 
Tronçon: 2319500305 -> 1954994821, Longueur: 19.57456m, Rue: Rue Vauban
Tronçon: 2319500306 -> 1400710127, Longueur: 91.23595m, Rue: Rue Juliette Récamier
Tronçon: 208769069 -> 26316429, Longueur: 105.66926m, Rue: Impasse Saint-Eusèbe
Tronçon: 208769069 -> 26316432, Longueur: 74.09167m, Rue: Rue Sainte-Anne de Baraban
Tronçon: 208769069 -> 208769027, Longueur: 59.16955m, Rue: Rue Saint-Eusèbe
Tronçon: 26470080 -> 26470082, Longueur: 122.194305m, Rue: Rue Jules Massenet
Tronçon: 26470080 -> 26470091, Longueur: 90.5509m, Rue: Rue Alfred de Musset
Tronçon: 26470080 -> 26470085, Longueur: 305.4452m, Rue: Rue Jules Massenet
Tronçon: 26470080 -> 26470079, Longueur: 89.26674m, Rue: Rue Alfred de Musset
Tronçon: 1678996781 -> 279629283, Longueur: 95.772156m, Rue: Rue du Quartier Neuf
Tronçon: 1678996781 -> 2856413708, Longueur: 139.24837m, Rue: Rue Marcel Sembat
Tronçon: 600816158 -> 600816161, Longueur: 77.43169m, Rue: Avenue Jean Jaurès
Tronçon: 600816158 -> 646538715, Longueur: 70.77815m, Rue: Avenue Jean Jaurès
Tronçon: 600816158 -> 26084661, Longueur: 97.7521m, Rue: Avenue Jean Jaurès
Tronçon: 21992644 -> 21992645, Longueur: 162.6578m, Rue: Avenue de l'Europe
Tronçon: 21992644 -> 2786991022, Longueur: 48.294308m, Rue: Rue de l'Éternité
Tronçon: 21992646 -> 21851032, Longueur: 186.6627m, Rue: Rue des Hérideaux
Tronçon: 21992646 -> 269229442, Longueur: 49.410828m, Rue: Rue Audibert et Lavirotte
Tronçon: 21992645 -> 21992646, Longueur: 44.685192m, Rue: Rue Audibert et Lavirotte
Tronçon: 984186437 -> 984186436, Longueur: 48.296856m, Rue: Rue Paul Cazeneuve
Tronçon: 984186437 -> 984186446, Longueur: 48.648155m, Rue: Rue Paul Cazeneuve
Tronçon: 3236267785 -> 4193445733, Longueur: 116.277916m, Rue: 
Tronçon: 3236267785 -> 2586814489, Longueur: 195.75995m, Rue: Rue Jean-Louis Maubant
Tronçon: 3236267785 -> 2586814494, Longueur: 114.406746m, Rue: Rue Raymond Terracher
Tronçon: 984186436 -> 25468088, Longueur: 247.1841m, Rue: Boulevard des États-Unis
Tronçon: 1297007321 -> 27362913, Longueur: 63.480286m, Rue: Rue de Narvik
Tronçon: 1297007321 -> 27362917, Longueur: 77.415m, Rue: Rue de Narvik
Tronçon: 1297007321 -> 270298918, Longueur: 138.05183m, Rue: Rue Louis Hugonnencq
Tronçon: 2705368898 -> 2705368891, Longueur: 41.52462m, Rue: Avenue Roger Salengro
Tronçon: 2705368898 -> 1423419205, Longueur: 123.30488m, Rue: Avenue Roger Salengro
Tronçon: 2705368891 -> 1423419160, Longueur: 32.816265m, Rue: Avenue Roger Salengro
Tronçon: 2705368891 -> 2705368898, Longueur: 41.52462m, Rue: Avenue Roger Salengro
Tronçon: 25334263 -> 25334281, Longueur: 53.349167m, Rue: Rue du Premier Film
Tronçon: 25334263 -> 475003534, Longueur: 56.788273m, Rue: Rue du Premier Film
Tronçon: 190951450 -> 190951407, Longueur: 109.19294m, Rue: Rue des Barottières
Tronçon: 190951450 -> 1463174015, Longueur: 49.693153m, Rue: Rue Alfred Brinon
Tronçon: 190951450 -> 190903102, Longueur: 267.28726m, Rue: Rue Alfred Brinon
Tronçon: 984186446 -> 984186436, Longueur: 47.771362m, Rue: Boulevard des États-Unis
Tronçon: 984186446 -> 984186485, Longueur: 21.42715m, Rue: Rue Paul Cazeneuve
Tronçon: 208769047 -> 208769027, Longueur: 109.713776m, Rue: Rue Pascal
Tronçon: 208769047 -> 208769039, Longueur: 127.59808m, Rue: Rue Pascal
Tronçon: 208769047 -> 208769163, Longueur: 140.8208m, Rue: Rue François Gillet
Tronçon: 208769047 -> 55475038, Longueur: 91.837265m, Rue: Rue François Gillet
Tronçon: 26086286 -> 26086306, Longueur: 45.68506m, Rue: Rue Jules Jusserand
Tronçon: 26086286 -> 26086288, Longueur: 60.968647m, Rue: Place Bir-Hakeim
Tronçon: 26086284 -> 26086286, Longueur: 60.933556m, Rue: Place Bir-Hakeim
Tronçon: 245054772 -> 245054768, Longueur: 65.12381m, Rue: Rue de l'Humanité
Tronçon: 245054772 -> 245054849, Longueur: 92.6297m, Rue: Rue du Verdier Nord
Tronçon: 245054772 -> 60901982, Longueur: 63.249855m, Rue: Rue de l'Humanité
Tronçon: 26086288 -> 500434722, Longueur: 57.953022m, Rue: Rue Julien Duvivier
Tronçon: 26086288 -> 26086303, Longueur: 84.37427m, Rue: Place Bir-Hakeim
Tronçon: 208769039 -> 208769047, Longueur: 127.59808m, Rue: Rue Pascal
Tronçon: 208769039 -> 54803905, Longueur: 157.37244m, Rue: Avenue Marc Sangnier
Tronçon: 208769039 -> 208769499, Longueur: 100.48389m, Rue: Rue Frédéric Passy
Tronçon: 208769039 -> 55474973, Longueur: 109.41269m, Rue: Rue Pascal
Tronçon: 208769039 -> 55475025, Longueur: 115.5685m, Rue: Avenue Marc Sangnier
Tronçon: 25316417 -> 25316384, Longueur: 54.051037m, Rue: Rue Boileau
Tronçon: 25316417 -> 25310887, Longueur: 109.24687m, Rue: Rue Cuvier
Tronçon: 25316410 -> 25316417, Longueur: 134.57074m, Rue: Rue Cuvier
Tronçon: 25316410 -> 25327131, Longueur: 83.9144m, Rue: Rue Duguesclin
Tronçon: 34500667 -> 252628600, Longueur: 35.81862m, Rue: Avenue Galline
Tronçon: 34500667 -> 1423381489, Longueur: 20.586487m, Rue: Avenue Roger Salengro
Tronçon: 34500667 -> 110422060, Longueur: 71.198326m, Rue: Avenue Roger Salengro
Tronçon: 34500666 -> 34500657, Longueur: 76.29897m, Rue: Place Wilson
Tronçon: 34500666 -> 60685046, Longueur: 110.67069m, Rue: Place Wilson
Tronçon: 34500666 -> 34500665, Longueur: 98.24919m, Rue: Rue Gabriel Péri
Tronçon: 25334281 -> 25334299, Longueur: 120.62783m, Rue: Rue du Premier Film
Tronçon: 25334281 -> 195277, Longueur: 123.43563m, Rue: Rue du Professeur Paul Sisley
Tronçon: 1654023349 -> 25631417, Longueur: 98.11162m, Rue: Rue du Moulin à Vent
Tronçon: 1654023349 -> 60755990, Longueur: 88.76887m, Rue: Rue du Professeur Roux
Tronçon: 1654023349 -> 60755977, Longueur: 20.671812m, Rue: Rue du Professeur Roux
Tronçon: 34500665 -> 34500666, Longueur: 98.24919m, Rue: Rue Gabriel Péri
Tronçon: 34500665 -> 34500654, Longueur: 58.538162m, Rue: Rue Gabriel Péri
Tronçon: 34500664 -> 34500657, Longueur: 5.626713m, Rue: 
Tronçon: 34500664 -> 1699105138, Longueur: 10.271966m, Rue: 
Tronçon: 34500664 -> 252626866, Longueur: 83.9146m, Rue: Avenue Piaton
Tronçon: 2574024345 -> 1679897963, Longueur: 14.979343m, Rue: Place Albert Thomas
Tronçon: 2574024345 -> 55457276, Longueur: 118.83583m, Rue: Cours Tolstoï
Tronçon: 2574024345 -> 1679897957, Longueur: 28.207735m, Rue: Place Albert Thomas
Tronçon: 25334284 -> 195279, Longueur: 90.03832m, Rue: Place Ambroise Courtois
Tronçon: 25334276 -> 25334281, Longueur: 94.42637m, Rue: Rue du Professeur Paul Sisley
Tronçon: 25334276 -> 143421, Longueur: 26.601099m, Rue: Avenue des Frères Lumière
Tronçon: 208769027 -> 208769047, Longueur: 109.713776m, Rue: Rue Pascal
Tronçon: 208769027 -> 55475052, Longueur: 109.26013m, Rue: 
Tronçon: 208769027 -> 208769069, Longueur: 59.16955m, Rue: Rue Saint-Eusèbe
Tronçon: 663650062 -> 26058148, Longueur: 53.185707m, Rue: Rue Montesquieu
Tronçon: 663650062 -> 663650206, Longueur: 73.172005m, Rue: Quai Claude Bernard
Tronçon: 984186473 -> 984186472, Longueur: 37.67977m, Rue: Rue Paul Cazeneuve
Tronçon: 984186473 -> 25471066, Longueur: 42.671146m, Rue: Rue Paul Cazeneuve
Tronçon: 252626883 -> 252628601, Longueur: 124.50596m, Rue: Avenue Condorcet
Tronçon: 252626883 -> 252626900, Longueur: 11.430337m, Rue: Rue de Bruxelles
Tronçon: 984186472 -> 25471730, Longueur: 151.77965m, Rue: Boulevard des États-Unis
Tronçon: 130143410 -> 130143420, Longueur: 72.65827m, Rue: Rue Pailleron
Tronçon: 130143410 -> 130143413, Longueur: 122.43595m, Rue: Grande Rue de la Croix-Rousse
Tronçon: 130143413 -> 191988222, Longueur: 77.45019m, Rue: Grande Rue de la Croix-Rousse
Tronçon: 479185301 -> 479185309, Longueur: 127.57283m, Rue: Rue Philomène Magnin
Tronçon: 479185301 -> 479185290, Longueur: 76.625084m, Rue: Rue de l'Abbé Boisard
Tronçon: 479185301 -> 1036842196, Longueur: 50.411644m, Rue: Rue de l'Abbé Boisard
Tronçon: 130143417 -> 130143418, Longueur: 9.769811m, Rue: Rue du Mail
Tronçon: 479185303 -> 479185290, Longueur: 133.29784m, Rue: Rue Professeur René Guillet
Tronçon: 479185303 -> 479185309, Longueur: 75.256165m, Rue: Rue de la Buire
Tronçon: 130143418 -> 253414917, Longueur: 59.440697m, Rue: Rue d'Austerlitz
Tronçon: 130143418 -> 130143407, Longueur: 64.54605m, Rue: Rue du Mail
Tronçon: 538824568 -> 986573876, Longueur: 136.97739m, Rue: 
Tronçon: 538824568 -> 205310605, Longueur: 138.06184m, Rue: Rue Frédéric Romans
Tronçon: 538824568 -> 205310558, Longueur: 440.33984m, Rue: Rue Frédéric Romans Boulevard André Latarjet Boulevard André Ladestination
Tronçon: 325772328 -> 26155528, Longueur: 79.38811m, Rue: Rue Constant
Tronçon: 325772328 -> 325772334, Longueur: 116.98494m, Rue: Rue Jules Massenet
Tronçon: 130143400 -> 130143402, Longueur: 50.118988m, Rue: Rue Louis Thévenet
Tronçon: 130143400 -> 130143397, Longueur: 45.841255m, Rue: Rue Louis Thévenet
Tronçon: 130143400 -> 130143399, Longueur: 85.686554m, Rue: Rue de Nuits
Tronçon: 130143401 -> 130143402, Longueur: 86.68456m, Rue: Rue Gigodot
Tronçon: 130143401 -> 130144269, Longueur: 142.7105m, Rue: Rue Dumont d'Urville
Tronçon: 130143401 -> 130143399, Longueur: 51.2524m, Rue: Rue Dumont d'Urville
Tronçon: 130143404 -> 130143395, Longueur: 47.18285m, Rue: Rue du Mail
Tronçon: 130143404 -> 130143403, Longueur: 74.067276m, Rue: Rue d'Ivry
Tronçon: 130143405 -> 130143384, Longueur: 90.204796m, Rue: Rue d'Ivry
Tronçon: 130143405 -> 1328321035, Longueur: 42.976273m, Rue: Rue Dumont d'Urville
Tronçon: 130143405 -> 130143396, Longueur: 48.44629m, Rue: Rue Dumont d'Urville
Tronçon: 190951525 -> 190951520, Longueur: 250.8609m, Rue: Rue René Prolongée
Tronçon: 130143402 -> 130143400, Longueur: 50.118988m, Rue: Rue Louis Thévenet
Tronçon: 130143402 -> 253417073, Longueur: 138.2662m, Rue: Rue Louis Thévenet
Tronçon: 130143403 -> 191988226, Longueur: 70.369576m, Rue: Grande Rue de la Croix-Rousse
Tronçon: 130143408 -> 253414917, Longueur: 92.98488m, Rue: Rue du Pavillon
Tronçon: 130143408 -> 130143407, Longueur: 59.951183m, Rue: Rue Dumenge
Tronçon: 130143409 -> 1328321035, Longueur: 5.948068m, Rue: Rue Dumont d'Urville
Tronçon: 130143406 -> 1171867500, Longueur: 67.089745m, Rue: Rue Louis Thévenet
Tronçon: 130143406 -> 130143397, Longueur: 50.70912m, Rue: Rue Louis Thévenet
Tronçon: 130143406 -> 130143405, Longueur: 82.31322m, Rue: Rue d'Ivry
Tronçon: 190951520 -> 190951525, Longueur: 250.8609m, Rue: Rue René Prolongée
Tronçon: 190951520 -> 190903123, Longueur: 21.754019m, Rue: Rue du 8 Mai 1945
Tronçon: 190951520 -> 190903102, Longueur: 254.46289m, Rue: Rue du 8 Mai 1945
Tronçon: 130143407 -> 130143404, Longueur: 50.086777m, Rue: Rue du Mail
Tronçon: 479185309 -> 479185301, Longueur: 127.57283m, Rue: Rue Philomène Magnin
Tronçon: 479185309 -> 495424862, Longueur: 159.34192m, Rue: Rue Danielle Faÿnel Duclos Rue Philomène Magnin
Tronçon: 25611404 -> 26317345, Longueur: 110.589035m, Rue: Impasse du Sablon
Tronçon: 25611404 -> 1682387628, Longueur: 55.71515m, Rue: Route de Genas
Tronçon: 25611404 -> 25611401, Longueur: 39.35091m, Rue: Route de Genas
Tronçon: 25611400 -> 25611401, Longueur: 49.956905m, Rue: Route de Genas
Tronçon: 25611400 -> 26286760, Longueur: 140.94006m, Rue: Cours Richard Vitton
Tronçon: 25611400 -> 26317396, Longueur: 83.93554m, Rue: Rue Saint-Isidore
Tronçon: 25611401 -> 25611400, Longueur: 49.956905m, Rue: Route de Genas
Tronçon: 25611401 -> 25611404, Longueur: 39.35091m, Rue: Route de Genas
Tronçon: 25611401 -> 60493268, Longueur: 405.1713m, Rue: Rue Arago
Tronçon: 325772334 -> 325772328, Longueur: 116.98494m, Rue: Rue Jules Massenet
Tronçon: 25611408 -> 26317392, Longueur: 25.819494m, Rue: Route de Genas
Tronçon: 25611408 -> 25611409, Longueur: 46.77348m, Rue: Route de Genas
Tronçon: 25611408 -> 55463829, Longueur: 262.56308m, Rue: Rue Victor Hugo
Tronçon: 25611409 -> 55463824, Longueur: 45.30473m, Rue: Route de Genas
Tronçon: 25611409 -> 25611408, Longueur: 46.77348m, Rue: Route de Genas
Tronçon: 25611409 -> 26317318, Longueur: 194.32607m, Rue: Rue Cyrano
Tronçon: 25450770 -> 26079755, Longueur: 53.07611m, Rue: Grande Rue de la Guillotière
Tronçon: 25450770 -> 1037076646, Longueur: 52.30343m, Rue: Place Gabriel Péri
Tronçon: 245054762 -> 60901985, Longueur: 77.59102m, Rue: Rue des Essarts
Tronçon: 245054762 -> 245054754, Longueur: 45.56558m, Rue: Rue des Essarts
Tronçon: 245054762 -> 245054765, Longueur: 123.78878m, Rue: Rue de l'Humanité
Tronçon: 26086273 -> 26576964, Longueur: 170.0761m, Rue: Rue Desaix
Tronçon: 26086273 -> 34400269, Longueur: 360.4492m, Rue: Rue des Cuirassiers Rue du Docteur Bouchut
Tronçon: 245054761 -> 245054756, Longueur: 107.96296m, Rue: Rue des Communaux
Tronçon: 245054761 -> 1395793341, Longueur: 70.45756m, Rue: Rue Sigismond Brissy
Tronçon: 245054761 -> 245054754, Longueur: 191.09216m, Rue: Rue Sigismond Brissy
Tronçon: 1011010986 -> 25327140, Longueur: 17.454605m, Rue: Rue Louis Blanc
Tronçon: 1340052119 -> 35216590, Longueur: 33.993923m, Rue: Rue Sainte-Catherine
Tronçon: 26086277 -> 26033321, Longueur: 41.167908m, Rue: Rue du Lac
Tronçon: 26086277 -> 26086273, Longueur: 141.29707m, Rue: Rue Desaix
Tronçon: 245054765 -> 245054848, Longueur: 118.329414m, Rue: Rue Louis Blanc
Tronçon: 245054765 -> 245054768, Longueur: 63.588154m, Rue: Rue de l'Humanité
Tronçon: 245054765 -> 245054762, Longueur: 123.78878m, Rue: Rue de l'Humanité
Tronçon: 245054768 -> 245054850, Longueur: 105.21274m, Rue: Passage Verdier Sud
Tronçon: 245054768 -> 245054772, Longueur: 65.12381m, Rue: Rue de l'Humanité
Tronçon: 245054768 -> 245054765, Longueur: 63.588154m, Rue: Rue de l'Humanité
Tronçon: 245054767 -> 245054848, Longueur: 52.57836m, Rue: Rue Louis Blanc
Tronçon: 245054767 -> 60901984, Longueur: 71.15181m, Rue: Rue des Sycomores
Tronçon: 245054767 -> 60901989, Longueur: 185.0495m, Rue: Rue des Sycomores
Tronçon: 796917475 -> 18697400, Longueur: 28.529995m, Rue: Rue Clair-Tisseur
Tronçon: 25611411 -> 55463824, Longueur: 55.700184m, Rue: Route de Genas
Tronçon: 25611411 -> 25611424, Longueur: 63.580322m, Rue: Route de Genas
Tronçon: 25611411 -> 26317310, Longueur: 91.03066m, Rue: Rue Claudius Penet
Tronçon: 4428355478 -> 21992712, Longueur: 128.30225m, Rue: Avenue Berthelot
Tronçon: 130143420 -> 253416990, Longueur: 104.07893m, Rue: Rue Pailleron
Tronçon: 25743297 -> 26106404, Longueur: 61.080338m, Rue: Rue Ferrandière
Tronçon: 25743297 -> 26106382, Longueur: 95.549095m, Rue: Rue du Président Édouard Herriot
Tronçon: 245054754 -> 60901984, Longueur: 151.95238m, Rue: Rue des Essarts
Tronçon: 245054754 -> 245054761, Longueur: 191.09216m, Rue: Rue Sigismond Brissy
Tronçon: 245054754 -> 245054762, Longueur: 45.56558m, Rue: Rue des Essarts
Tronçon: 25743299 -> 25743297, Longueur: 44.8635m, Rue: Rue du Président Édouard Herriot
Tronçon: 25743299 -> 25743300, Longueur: 42.4507m, Rue: Rue Thomassin
Tronçon: 2924219000 -> 270298879, Longueur: 9.508767m, Rue: Rue Louis Hugonnencq
Tronçon: 2924219000 -> 2553957836, Longueur: 64.02023m, Rue: Avenue Jean Mermoz
Tronçon: 245054756 -> 245054761, Longueur: 107.96296m, Rue: Rue des Communaux
Tronçon: 245054756 -> 1395793338, Longueur: 37.436825m, Rue: Rue de Solesmes
Tronçon: 245054756 -> 2864851024, Longueur: 82.8319m, Rue: Rue de Solesmes
Tronçon: 245054759 -> 60901985, Longueur: 16.99321m, Rue: Rue des Essarts
Tronçon: 245054759 -> 2864851027, Longueur: 51.766327m, Rue: Rue de Solesmes
Tronçon: 245054759 -> 245023180, Longueur: 48.63076m, Rue: Rue des Essarts
Tronçon: 25743294 -> 25743297, Longueur: 36.825386m, Rue: Rue Ferrandière
Tronçon: 25743294 -> 25743300, Longueur: 43.629738m, Rue: Rue des 4 Chapeaux
Tronçon: 25611425 -> 55463812, Longueur: 21.551727m, Rue: Route de Genas
Tronçon: 25611425 -> 25611424, Longueur: 83.16971m, Rue: Route de Genas
Tronçon: 25611425 -> 55463792, Longueur: 104.732445m, Rue: Rue Meunier
Tronçon: 25611425 -> 26317293, Longueur: 238.35002m, Rue: Rue Feuillat
Tronçon: 25611428 -> 26317242, Longueur: 139.95462m, Rue: Rue du Dauphiné
Tronçon: 25611428 -> 26317260, Longueur: 180.70561m, Rue: Rue du Docteur Vaillant
Tronçon: 25611428 -> 1368674799, Longueur: 63.594482m, Rue: Rue du Dauphiné
Tronçon: 26297627 -> 26296413, Longueur: 79.14601m, Rue: Rue Dedieu
Tronçon: 26297627 -> 26297631, Longueur: 148.79198m, Rue: Rue Jules Vallès
Tronçon: 25611424 -> 25611425, Longueur: 83.16971m, Rue: Route de Genas
Tronçon: 25611424 -> 25611411, Longueur: 63.580322m, Rue: Route de Genas
Tronçon: 25611424 -> 26317294, Longueur: 234.77402m, Rue: Rue Bellicard
Tronçon: 2605393566 -> 2605393520, Longueur: 124.31525m, Rue: Rue Joséphine Baker
Tronçon: 3400498645 -> 34499782, Longueur: 7.442739m, Rue: 
Tronçon: 3400498645 -> 1460505765, Longueur: 100.415115m, Rue: Avenue Roger Salengro
Tronçon: 3400498641 -> 3400498640, Longueur: 6.785586m, Rue: 
Tronçon: 3400498641 -> 195325701, Longueur: 121.2598m, Rue: Rue Georges Courteline
Tronçon: 3400498641 -> 3400498638, Longueur: 75.463524m, Rue: Avenue Roger Salengro
Tronçon: 3400498640 -> 3400498641, Longueur: 6.785586m, Rue: 
Tronçon: 3400498640 -> 1460505760, Longueur: 29.073145m, Rue: Avenue Roger Salengro
Tronçon: 26297631 -> 34500649, Longueur: 54.859016m, Rue: Cours Émile Zola
Tronçon: 26297631 -> 26295419, Longueur: 148.6029m, Rue: Cours Émile Zola
Tronçon: 3400498634 -> 3400498625, Longueur: 265.21646m, Rue: Avenue Roger Salengro
Tronçon: 3400498634 -> 3400498630, Longueur: 7.268388m, Rue: Avenue Roger Salengro
Tronçon: 3400498630 -> 3400498634, Longueur: 7.268388m, Rue: Avenue Roger Salengro
Tronçon: 3400498630 -> 190866533, Longueur: 108.03385m, Rue: Rue Édouard Vaillant
Tronçon: 3400498630 -> 3400498637, Longueur: 164.89313m, Rue: Avenue Roger Salengro
Tronçon: 1845251154 -> 26480360, Longueur: 8.319815m, Rue: Quai Jean Moulin
Tronçon: 1845251154 -> 959373366, Longueur: 48.621048m, Rue: Place des Cordeliers
Tronçon: 3400498638 -> 3400498637, Longueur: 6.2718797m, Rue: Rue des Alliés
Tronçon: 3400498638 -> 3400498634, Longueur: 161.50772m, Rue: Avenue Roger Salengro
Tronçon: 3400498637 -> 3400498638, Longueur: 6.2718797m, Rue: Rue des Alliés
Tronçon: 3400498637 -> 3400498640, Longueur: 74.454994m, Rue: Avenue Roger Salengro
Tronçon: 3400498637 -> 190866537, Longueur: 161.7718m, Rue: Rue des Alliés
Tronçon: 4428355483 -> 4428355484, Longueur: 31.251492m, Rue: 
Tronçon: 4428355483 -> 4428355478, Longueur: 20.065662m, Rue: Rue de la Solidarité
Tronçon: 4428355484 -> 26576932, Longueur: 346.10596m, Rue: Boulevard des Tchécoslovaques
Tronçon: 3890028870 -> 1497065708, Longueur: 56.655712m, Rue: Avenue Francis de Pressensé
Tronçon: 3890028870 -> 60756053, Longueur: 153.16353m, Rue: Avenue Francis de Pressensé
Tronçon: 3400498623 -> 3400498630, Longueur: 269.80246m, Rue: Avenue Roger Salengro
Tronçon: 3400498622 -> 3400498621, Longueur: 5.597283m, Rue: 
Tronçon: 3400498622 -> 2705418281, Longueur: 103.24197m, Rue: Avenue Roger Salengro
Tronçon: 3400498625 -> 195325673, Longueur: 151.54771m, Rue: Rue Georges Courteline
Tronçon: 3400498625 -> 3400498622, Longueur: 17.011509m, Rue: Avenue Roger Salengro
Tronçon: 190951511 -> 190951514, Longueur: 187.50041m, Rue: Impasse des Soeurs
Tronçon: 190951511 -> 1362204817, Longueur: 78.658554m, Rue: Rue du 8 Mai 1945
Tronçon: 190951514 -> 2109113577, Longueur: 15.88851m, Rue: Impasse des Soeurs
Tronçon: 190951514 -> 190951511, Longueur: 187.50041m, Rue: Impasse des Soeurs
Tronçon: 190951514 -> 2109113578, Longueur: 92.22122m, Rue: Impasse des Soeurs
Tronçon: 3400498621 -> 3400498622, Longueur: 5.597283m, Rue: 
Tronçon: 3400498621 -> 110422067, Longueur: 214.71617m, Rue: Rue Yvonne
Tronçon: 3400498621 -> 3400498623, Longueur: 12.594902m, Rue: Avenue Roger Salengro
Tronçon: 866520443 -> 866520453, Longueur: 16.024187m, Rue: Rue Sully Prudhomme
Tronçon: 383733795 -> 383733796, Longueur: 103.44666m, Rue: Impasse Métral
Tronçon: 383733796 -> 383733795, Longueur: 103.44666m, Rue: Impasse Métral
Tronçon: 383733796 -> 60685053, Longueur: 100.518745m, Rue: Rue Francis de Pressensé
Tronçon: 383733796 -> 383733798, Longueur: 48.63643m, Rue: Rue Francis de Pressensé
Tronçon: 730804047 -> 25620809, Longueur: 118.67308m, Rue: Place des Terreaux
Tronçon: 730804047 -> 1471842572, Longueur: 128.46187m, Rue: Rue Joseph Serlin
Tronçon: 383733798 -> 383733796, Longueur: 48.63643m, Rue: Rue Francis de Pressensé
Tronçon: 383733798 -> 383733806, Longueur: 31.782724m, Rue: Rue Francis de Pressensé
Tronçon: 190951507 -> 1362204813, Longueur: 104.802086m, Rue: Rue Octavie
Tronçon: 2605393520 -> 2485984761, Longueur: 69.83678m, Rue: Route de Vienne
Tronçon: 190951501 -> 1608509584, Longueur: 84.75454m, Rue: Rue René
Tronçon: 190951501 -> 190951491, Longueur: 215.39362m, Rue: Rue Octavie
Tronçon: 190951501 -> 190903123, Longueur: 222.55418m, Rue: Rue René
Tronçon: 190951501 -> 1608509611, Longueur: 43.73795m, Rue: Rue Octavie
Tronçon: 866520453 -> 1291421577, Longueur: 114.3221m, Rue: Rue Racine
Tronçon: 866520453 -> 1439751395, Longueur: 93.24315m, Rue: Rue Racine
Tronçon: 866520453 -> 866520443, Longueur: 16.024187m, Rue: Rue Sully Prudhomme
Tronçon: 253417218 -> 130143410, Longueur: 61.089653m, Rue: Grande Rue de la Croix-Rousse
Tronçon: 25624797 -> 21718263, Longueur: 7.875006m, Rue: Rue Maryse Bastié
Tronçon: 25624797 -> 932576343, Longueur: 110.514534m, Rue: Avenue Jean Mermoz
Tronçon: 191134633 -> 191134610, Longueur: 99.08913m, Rue: Rue Antoine Primat
Tronçon: 191134633 -> 55435089, Longueur: 154.78743m, Rue: Rue Burais
Tronçon: 191134633 -> 1835868019, Longueur: 208.98332m, Rue: Rue Guillotte
Tronçon: 191134633 -> 191134642, Longueur: 90.7199m, Rue: Rue Antoine Primat
Tronçon: 279629283 -> 279629983, Longueur: 8.384981m, Rue: Rue du Quartier Neuf
Tronçon: 279629283 -> 1678996781, Longueur: 95.772156m, Rue: Rue du Quartier Neuf
Tronçon: 191134642 -> 191134633, Longueur: 90.7199m, Rue: Rue Antoine Primat
Tronçon: 191134642 -> 1835868019, Longueur: 130.45541m, Rue: Rue Général Leclerc
Tronçon: 191134642 -> 55435051, Longueur: 151.08218m, Rue: Rue Général Leclerc
Tronçon: 33065949 -> 33066088, Longueur: 11.389886m, Rue: Rue de la Villette
Tronçon: 33065949 -> 80311393, Longueur: 63.56973m, Rue: Avenue Georges Pompidou
Tronçon: 33065949 -> 26057062, Longueur: 211.0173m, Rue: Rue de la Villette
Tronçon: 1039285693 -> 226202090, Longueur: 125.38334m, Rue: Rue René et Marguerite Pellet
Tronçon: 1039285693 -> 24640391, Longueur: 47.215195m, Rue: Cours Albert Thomas
Tronçon: 191134610 -> 191134633, Longueur: 99.08913m, Rue: Rue Antoine Primat
Tronçon: 191134610 -> 191134628, Longueur: 391.40155m, Rue: Rue Poizat
Tronçon: 191134610 -> 191134601, Longueur: 161.04083m, Rue: Rue Antoine Primat
Tronçon: 191134628 -> 191134610, Longueur: 391.40155m, Rue: Rue Poizat
Tronçon: 191134628 -> 325772444, Longueur: 35.63852m, Rue: Rue Général Leclerc
Tronçon: 191134628 -> 1835868023, Longueur: 19.027699m, Rue: Rue Général Leclerc
Tronçon: 612426770 -> 25306186, Longueur: 64.7901m, Rue: Rue François Garcin
Tronçon: 286483707 -> 25452884, Longueur: 55.553905m, Rue: Rue Georges Gouy
Tronçon: 286483707 -> 352752295, Longueur: 147.70915m, Rue: Rue Jean Baldassini
Tronçon: 191134606 -> 191134601, Longueur: 119.70782m, Rue: Rue Antoine Primat
Tronçon: 191134606 -> 191134595, Longueur: 229.41527m, Rue: Rue Antoine Primat
Tronçon: 191134606 -> 55444038, Longueur: 190.32213m, Rue: Rue Berthelot
Tronçon: 286483713 -> 352752295, Longueur: 136.4003m, Rue: Rue Jean Baldassini
Tronçon: 286483713 -> 21604559, Longueur: 70.727234m, Rue: Rue de Gerland
Tronçon: 322191195 -> 322191200, Longueur: 55.620716m, Rue: Boulevard de la Croix-Rousse
Tronçon: 191134601 -> 55444018, Longueur: 181.73573m, Rue: Rue Louis Ducroize
Tronçon: 191134601 -> 191134610, Longueur: 161.04083m, Rue: Rue Antoine Primat
Tronçon: 191134601 -> 191134606, Longueur: 119.70782m, Rue: Rue Antoine Primat
Tronçon: 249759745 -> 249759744, Longueur: 66.76971m, Rue: Rue Georges Meliès
Tronçon: 249759745 -> 25618153, Longueur: 242.37598m, Rue: Rue Louis Guérin
Tronçon: 249759745 -> 249759740, Longueur: 196.3252m, Rue: Rue Louis Guérin
Tronçon: 249759745 -> 249759741, Longueur: 66.63311m, Rue: Rue Georges Meliès
Tronçon: 249759743 -> 249759744, Longueur: 9.069438m, Rue: Rue Georges Meliès
Tronçon: 249759743 -> 25733772, Longueur: 243.73123m, Rue: Boulevard de la Bataille de Stalingrad
Tronçon: 249759744 -> 249759745, Longueur: 66.76971m, Rue: Rue Georges Meliès
Tronçon: 249759744 -> 249759743, Longueur: 9.069438m, Rue: Rue Georges Meliès
Tronçon: 249759744 -> 60728859, Longueur: 307.5321m, Rue: Boulevard de la Bataille de Stalingrad
Tronçon: 249759741 -> 249759745, Longueur: 66.63311m, Rue: Rue Georges Meliès
Tronçon: 249759740 -> 249759745, Longueur: 196.3252m, Rue: Rue Louis Guérin
Tronçon: 249759740 -> 249759738, Longueur: 108.69134m, Rue: Rue Louis Guérin
Tronçon: 249759740 -> 1526053897, Longueur: 193.90927m, Rue: Rue John Ford
Tronçon: 33225461 -> 27362923, Longueur: 295.9885m, Rue: Rue Philippe Fabia
Tronçon: 249759738 -> 3427659978, Longueur: 174.12259m, Rue: Boulevard du 11 Novembre 1918
Tronçon: 249759738 -> 249759740, Longueur: 108.69134m, Rue: Rue Louis Guérin
Tronçon: 33065924 -> 33065949, Longueur: 235.9005m, Rue: Avenue Georges Pompidou
Tronçon: 54704581 -> 54704586, Longueur: 166.22481m, Rue: Rue de Lorraine
Tronçon: 54704581 -> 54704532, Longueur: 74.13291m, Rue: Cours Tolstoï
Tronçon: 1362781049 -> 1362781062, Longueur: 24.53736m, Rue: 
Tronçon: 1362781049 -> 3020982382, Longueur: 21.745754m, Rue: Place Adrien Godien
Tronçon: 54704586 -> 54704577, Longueur: 66.644066m, Rue: Rue Louis Becker
Tronçon: 54704586 -> 54704534, Longueur: 62.647766m, Rue: Rue Louis Becker
Tronçon: 208769120 -> 208769133, Longueur: 10.284923m, Rue: Rue Nazareth
Tronçon: 54704577 -> 54704569, Longueur: 81.583176m, Rue: Rue Louis Becker
Tronçon: 54704577 -> 54704586, Longueur: 66.644066m, Rue: Rue Louis Becker
Tronçon: 54704577 -> 1777414045, Longueur: 94.37587m, Rue: Rue d'Alsace
Tronçon: 1316035137 -> 26740276, Longueur: 22.794695m, Rue: Quai André Lassagne
Tronçon: 1316035137 -> 2606505884, Longueur: 140.3083m, Rue: Quai André Lassagne Tunnel de la Croix-Rousse
Tronçon: 54704572 -> 54704596, Longueur: 97.52491m, Rue: Rue Alexandre Boutin
Tronçon: 54704572 -> 3875764382, Longueur: 70.3184m, Rue: Rue Anatole France
Tronçon: 3552894983 -> 21704348, Longueur: 147.43497m, Rue: Rue Thomas Blanchet
Tronçon: 3552894983 -> 21729405, Longueur: 29.340376m, Rue: Rue Thomas Blanchet
Tronçon: 208769112 -> 26086128, Longueur: 106.253914m, Rue: Avenue Georges Pompidou
Tronçon: 208769112 -> 208769120, Longueur: 39.416725m, Rue: Rue Nazareth
Tronçon: 54704569 -> 25468033, Longueur: 71.80452m, Rue: Rue Germain
Tronçon: 54704569 -> 54704572, Longueur: 150.43442m, Rue: Rue Alexandre Boutin
Tronçon: 932576340 -> 932576343, Longueur: 8.286388m, Rue: Rue Jacqueline Auriol
Tronçon: 932576340 -> 932576342, Longueur: 303.45932m, Rue: Rue Jacqueline Auriol
Tronçon: 932576340 -> 21718263, Longueur: 110.37043m, Rue: Avenue Jean Mermoz
Tronçon: 932576342 -> 21702421, Longueur: 112.03445m, Rue: Rue Bataille
Tronçon: 932576342 -> 932576340, Longueur: 303.45932m, Rue: Rue Jacqueline Auriol
Tronçon: 2026239409 -> 1603856892, Longueur: 65.81088m, Rue: Avenue Lacassagne
Tronçon: 2026239409 -> 25336189, Longueur: 73.50747m, Rue: Rue du Dauphiné
Tronçon: 2026239409 -> 26125366, Longueur: 69.514244m, Rue: Rue du Dauphiné
Tronçon: 932576343 -> 932576340, Longueur: 8.286388m, Rue: Rue Jacqueline Auriol
Tronçon: 932576343 -> 21714980, Longueur: 92.9396m, Rue: Avenue Jean Mermoz
Tronçon: 25721829 -> 2283905622, Longueur: 311.34927m, Rue: Boulevard Laurent Bonnevay
Tronçon: 25721829 -> 194610463, Longueur: 296.77917m, Rue: Boulevard Laurent Bonnevay
Tronçon: 25721828 -> 25721829, Longueur: 244.43391m, Rue: Boulevard Laurent Bonnevay
Tronçon: 36858346 -> 364731972, Longueur: 111.357414m, Rue: Montée de la Boucle
Tronçon: 25721826 -> 25721828, Longueur: 237.99081m, Rue: Boulevard Laurent Bonnevay
Tronçon: 663650132 -> 26058158, Longueur: 20.176552m, Rue: Rue de Marseille
Tronçon: 663650132 -> 663650175, Longueur: 85.34919m, Rue: Rue Félissent
Tronçon: 253449740 -> 48880096, Longueur: 43.873844m, Rue: Rue Xavier Privas
Tronçon: 383733804 -> 383733802, Longueur: 4.6376615m, Rue: 
Tronçon: 383733804 -> 383733806, Longueur: 14.686561m, Rue: 
Tronçon: 383733804 -> 60685047, Longueur: 125.60411m, Rue: Rue Gervais Bussière
Tronçon: 25721832 -> 194609836, Longueur: 254.87129m, Rue: Boulevard Laurent Bonnevay
Tronçon: 383733802 -> 383733808, Longueur: 18.776157m, Rue: 
Tronçon: 383733802 -> 383733804, Longueur: 4.6376615m, Rue: 
Tronçon: 383733802 -> 60685043, Longueur: 102.6739m, Rue: Rue Francis de Pressensé
Tronçon: 1362781062 -> 1362781029, Longueur: 232.5144m, Rue: Pont Winston Churchill
Tronçon: 383733807 -> 383733808, Longueur: 5.677822m, Rue: 
Tronçon: 383733807 -> 383733806, Longueur: 8.364792m, Rue: 
Tronçon: 383733807 -> 383733798, Longueur: 32.67232m, Rue: Rue Francis de Pressensé
Tronçon: 383733808 -> 383733802, Longueur: 18.776157m, Rue: 
Tronçon: 383733808 -> 383733807, Longueur: 5.677822m, Rue: 
Tronçon: 383733808 -> 1433939683, Longueur: 30.808119m, Rue: Rue d'Alsace
Tronçon: 383733806 -> 383733804, Longueur: 14.686561m, Rue: 
Tronçon: 383733806 -> 383733807, Longueur: 8.364792m, Rue: 
Tronçon: 1678996810 -> 279629983, Longueur: 295.04138m, Rue: Avenue de Saint-Exupéry
Tronçon: 54704544 -> 54704540, Longueur: 275.236m, Rue: Rue Mansard
Tronçon: 54704544 -> 54704604, Longueur: 67.24976m, Rue: Rue Anatole France
Tronçon: 25316395 -> 1606993797, Longueur: 17.425568m, Rue: Rue Cuvier
Tronçon: 25316395 -> 695208116, Longueur: 50.063873m, Rue: Rue Vendôme
Tronçon: 54704547 -> 1679897965, Longueur: 144.18582m, Rue: Cours de la République
Tronçon: 54704547 -> 54704534, Longueur: 187.28235m, Rue: Rue Louis Becker
Tronçon: 54704547 -> 54704542, Longueur: 230.172m, Rue: Cours de la République
Tronçon: 25316399 -> 25316410, Longueur: 96.56321m, Rue: Rue Cuvier
Tronçon: 25316399 -> 25316436, Longueur: 56.389244m, Rue: Rue de Créqui
Tronçon: 54704540 -> 54704544, Longueur: 275.236m, Rue: Rue Mansard
Tronçon: 54704540 -> 26297443, Longueur: 86.975174m, Rue: Rue Dedieu
Tronçon: 54704542 -> 54704544, Longueur: 76.63472m, Rue: Rue Anatole France
Tronçon: 54704542 -> 26297443, Longueur: 266.39755m, Rue: Cours de la République
Tronçon: 54704542 -> 54704547, Longueur: 230.172m, Rue: Cours de la République
Tronçon: 1255306647 -> 528892076, Longueur: 203.31926m, Rue: Rue du Professeur Beauvisage
Tronçon: 1255306647 -> 1382707461, Longueur: 114.09395m, Rue: Rue du Professeur Beauvisage
Tronçon: 1255306647 -> 25624142, Longueur: 128.98991m, Rue: Rue de la Concorde
Tronçon: 191134679 -> 1637479780, Longueur: 16.233652m, Rue: Avenue Marcel Cerdan
Tronçon: 191134679 -> 191134701, Longueur: 319.48196m, Rue: Avenue Marcel Cerdan Rue Baudin
Tronçon: 54704532 -> 54803114, Longueur: 40.387463m, Rue: Cours Tolstoï
Tronçon: 25316384 -> 21674800, Longueur: 134.58965m, Rue: Rue Bossuet
Tronçon: 25316384 -> 25316365, Longueur: 76.49026m, Rue: Rue Boileau
Tronçon: 21718264 -> 21704337, Longueur: 27.954714m, Rue: Rue Bataille
Tronçon: 21718264 -> 143408, Longueur: 309.504m, Rue: Rue Édouard Nieuport
Tronçon: 54704534 -> 54704586, Longueur: 62.647766m, Rue: Rue Louis Becker
Tronçon: 54704534 -> 54704547, Longueur: 187.28235m, Rue: Rue Louis Becker
Tronçon: 54704534 -> 54704532, Longueur: 168.35614m, Rue: Rue Magenta
Tronçon: 21718263 -> 21702421, Longueur: 285.82776m, Rue: Rue Maryse Bastié
Tronçon: 21718263 -> 1957527553, Longueur: 356.9862m, Rue: Avenue Jean Mermoz
Tronçon: 54704537 -> 54704592, Longueur: 113.0202m, Rue: Rue Anatole France
Tronçon: 54704537 -> 1777414165, Longueur: 95.87635m, Rue: Rue Magenta
Tronçon: 1056701798 -> 26731885, Longueur: 43.31627m, Rue: Rue Challemel-Lacour
Tronçon: 21718297 -> 21717942, Longueur: 125.49228m, Rue: Rue Colette
Tronçon: 21718297 -> 21718291, Longueur: 57.147038m, Rue: Rue Marc Sangnier
Tronçon: 191134658 -> 60492620, Longueur: 47.7802m, Rue: Rue Docteur Frappaz
Tronçon: 191134658 -> 1485840029, Longueur: 71.95325m, Rue: Rue de la Baïsse
Tronçon: 26726770 -> 26726769, Longueur: 39.012268m, Rue: Rue Sergent Blandan
Tronçon: 26726770 -> 35220563, Longueur: 233.99922m, Rue: Montée de la Grande Côte Rue René Leynaud
Tronçon: 71261884 -> 252628600, Longueur: 105.99758m, Rue: Avenue Galline
Tronçon: 71261884 -> 71261882, Longueur: 125.935745m, Rue: Rue Bonnet
Tronçon: 71261884 -> 252628602, Longueur: 145.1133m, Rue: Avenue Galline
Tronçon: 2865089011 -> 26570167, Longueur: 146.8064m, Rue: Impasse Alexandre Aujas
Tronçon: 21718291 -> 21717946, Longueur: 19.840118m, Rue: Rue du Professeur Joseph Nicolas
Tronçon: 21718291 -> 143402, Longueur: 161.09697m, Rue: Rue du Professeur Joseph Nicolas
Tronçon: 26726769 -> 35216591, Longueur: 56.2373m, Rue: Rue Terme
Tronçon: 24644404 -> 24644374, Longueur: 76.319016m, Rue: Rue du Général Dayan
Tronçon: 24644404 -> 24644518, Longueur: 72.265076m, Rue: Cours André Philip
Tronçon: 21718288 -> 143403, Longueur: 24.655336m, Rue: Rue Professeur Morat
Tronçon: 21718288 -> 21717931, Longueur: 385.02692m, Rue: Rue Professeur Morat
Tronçon: 21718288 -> 2490241911, Longueur: 287.1852m, Rue: Rue Jean Desparmet
Tronçon: 25316365 -> 25310889, Longueur: 110.57987m, Rue: Rue de Sèze
Tronçon: 25316365 -> 1297040318, Longueur: 87.279884m, Rue: Rue Boileau
Tronçon: 21852322 -> 21850766, Longueur: 79.34978m, Rue: Rue des Hérideaux
Tronçon: 21852322 -> 143412, Longueur: 104.90395m, Rue: Rue Villon
Tronçon: 21852320 -> 9214909, Longueur: 86.06884m, Rue: Rue Saint-Maurice
Tronçon: 71261880 -> 71261882, Longueur: 75.48496m, Rue: Rue Bonnet
Tronçon: 71261880 -> 71261934, Longueur: 101.85709m, Rue: Rue Marguerite
Tronçon: 71261880 -> 71262664, Longueur: 259.1043m, Rue: Rue Marteret Rue Marguerite
Tronçon: 71261880 -> 27512835, Longueur: 89.82252m, Rue: Rue Bonnet
Tronçon: 71261882 -> 71261880, Longueur: 75.48496m, Rue: Rue Bonnet
Tronçon: 71261882 -> 71261935, Longueur: 96.353m, Rue: Rue de Bruxelles
Tronçon: 71261882 -> 71262664, Longueur: 182.23048m, Rue: Rue de Bruxelles
Tronçon: 864608478 -> 26149163, Longueur: 11.851402m, Rue: Place Ronde André Bourgogne
Tronçon: 864608478 -> 26149164, Longueur: 125.471115m, Rue: Rue Julien
Tronçon: 864608478 -> 26149159, Longueur: 12.255087m, Rue: Place Ronde André Bourgogne
Tronçon: 21852317 -> 25471761, Longueur: 54.30394m, Rue: Rue Paul Cazeneuve
Tronçon: 21852317 -> 48880114, Longueur: 254.05118m, Rue: Avenue Berthelot
Tronçon: 570764061 -> 26289593, Longueur: 77.88513m, Rue: Rue Jean Vallier
Tronçon: 208769180 -> 208769163, Longueur: 20.712637m, Rue: Rue Nazareth
Tronçon: 208769180 -> 3870640550, Longueur: 16.328531m, Rue: Rue de Nazareth
Tronçon: 21852326 -> 143413, Longueur: 93.828545m, Rue: Avenue Berthelot
Tronçon: 796917509 -> 796918016, Longueur: 59.115536m, Rue: Impasse Rival
Tronçon: 796917509 -> 25337452, Longueur: 72.18987m, Rue: Rue Saint-Michel
Tronçon: 21712143 -> 21712144, Longueur: 114.633705m, Rue: Rue Jules Brunard
Tronçon: 21712143 -> 15925440, Longueur: 137.15297m, Rue: Rue Pierre Robin
Tronçon: 21712144 -> 25173760, Longueur: 132.51941m, Rue: Rue Jules Brunard
Tronçon: 21712144 -> 25173835, Longueur: 161.56216m, Rue: Rue Nicolaï
Tronçon: 190866495 -> 1608509584, Longueur: 224.38947m, Rue: Rue René
Tronçon: 190866495 -> 1637473457, Longueur: 46.258793m, Rue: Rue Château-Gaillard
Tronçon: 190866495 -> 190817728, Longueur: 110.28033m, Rue: Rue Château-Gaillard
Tronçon: 26058943 -> 25499216, Longueur: 89.94163m, Rue: Avenue Jean Jaurès
Tronçon: 26058943 -> 26235109, Longueur: 17.250307m, Rue: Rue Jaboulay
Tronçon: 3509888072 -> 3509898986, Longueur: 15.735389m, Rue: 
Tronçon: 208769163 -> 3870640550, Longueur: 24.571829m, Rue: Rue de la Cité
Tronçon: 208769163 -> 3267479470, Longueur: 19.012548m, Rue: Place de la Ferrandière
Tronçon: 208769163 -> 208769047, Longueur: 140.8208m, Rue: Rue François Gillet
Tronçon: 2865915271 -> 2865915273, Longueur: 50.734276m, Rue: Rue Saint-Eucher
Tronçon: 2865915271 -> 252502667, Longueur: 127.29678m, Rue: Rue Eugène Pons Rue Guitton Rue Mascrany
Tronçon: 2865915273 -> 2865915271, Longueur: 50.734276m, Rue: Rue Saint-Eucher
Tronçon: 21702760 -> 1957527546, Longueur: 23.78899m, Rue: Boulevard Jean XXIII
Tronçon: 21702760 -> 1957527534, Longueur: 25.853586m, Rue: Boulevard Jean XXIII
Tronçon: 1362781029 -> 1362781017, Longueur: 25.880577m, Rue: 
Tronçon: 1362781029 -> 1438257885, Longueur: 151.28009m, Rue: Avenue de Grande-Bretagne
Tronçon: 208769145 -> 208769180, Longueur: 5.3707037m, Rue: Rue Nazareth
Tronçon: 208769145 -> 3267479470, Longueur: 29.410686m, Rue: Place de la Ferrandière
Tronçon: 18697420 -> 1039285712, Longueur: 22.760231m, Rue: Rue Domer
Tronçon: 18697420 -> 25152846, Longueur: 113.192055m, Rue: Rue du Repos
Tronçon: 26058994 -> 612951571, Longueur: 23.641539m, Rue: Rue Jaboulay
Tronçon: 26058995 -> 26058994, Longueur: 83.985886m, Rue: Place Jean Macé
Tronçon: 54704599 -> 26297432, Longueur: 90.461266m, Rue: Rue Dedieu
Tronçon: 54704599 -> 25932607, Longueur: 161.9677m, Rue: Rue d'Alsace
Tronçon: 663650175 -> 277045916, Longueur: 37.84691m, Rue: Rue Béchevelin
Tronçon: 1362781017 -> 26023286, Longueur: 23.312727m, Rue: 
Tronçon: 54704592 -> 54704599, Longueur: 296.40976m, Rue: Rue d'Alsace
Tronçon: 54704592 -> 54704572, Longueur: 91.24979m, Rue: Rue Anatole France
Tronçon: 54704596 -> 26416305, Longueur: 234.7002m, Rue: Rue Alexandre Boutin
Tronçon: 54704596 -> 25468029, Longueur: 64.7795m, Rue: Rue Millon
Tronçon: 208769133 -> 208769083, Longueur: 83.729836m, Rue: Rue Nazareth
Tronçon: 208769133 -> 208769219, Longueur: 20.79932m, Rue: Rue Louis Jasseron
Tronçon: 975886496 -> 26033323, Longueur: 80.03346m, Rue: Rue de la Rize
Tronçon: 975886496 -> 26033277, Longueur: 78.72686m, Rue: Rue Danton
Tronçon: 1381860427 -> 1381860426, Longueur: 78.436066m, Rue: Rue Bugeaud
Tronçon: 1381860427 -> 25310901, Longueur: 41.437515m, Rue: Rue Tête d'Or
Tronçon: 240348220 -> 240348216, Longueur: 17.855728m, Rue: 
Tronçon: 240348220 -> 240348238, Longueur: 12.781682m, Rue: 
Tronçon: 1381860426 -> 25310902, Longueur: 43.201115m, Rue: Rue Barrier
Tronçon: 26583853 -> 959373377, Longueur: 28.022232m, Rue: Rue Grolée
Tronçon: 26583853 -> 26480372, Longueur: 83.18936m, Rue: Rue Thomassin
Tronçon: 26583858 -> 959373377, Longueur: 28.36618m, Rue: Rue du Président Carnot
Tronçon: 26583858 -> 26583890, Longueur: 56.16003m, Rue: Rue Grolée
Tronçon: 26583858 -> 25743307, Longueur: 135.06017m, Rue: Rue Ferrandière
Tronçon: 26583858 -> 26583884, Longueur: 59.676746m, Rue: Rue du Président Carnot
Tronçon: 26583858 -> 26480371, Longueur: 80.78716m, Rue: Rue Ferrandière
Tronçon: 1039285712 -> 25152616, Longueur: 99.389626m, Rue: Rue Domer
Tronçon: 26583850 -> 26583848, Longueur: 47.09636m, Rue: Rue Grolée
Tronçon: 26583850 -> 26480376, Longueur: 64.45721m, Rue: Rue Stella
Tronçon: 564782189 -> 27362898, Longueur: 130.62074m, Rue: Passage Comtois
Tronçon: 240348238 -> 240348220, Longueur: 12.781682m, Rue: 
Tronçon: 240348238 -> 240348199, Longueur: 15.065577m, Rue: 
Tronçon: 240348238 -> 316535038, Longueur: 23.854074m, Rue: Avenue Doyen Jean Lépine
Tronçon: 26583848 -> 26583866, Longueur: 58.433002m, Rue: Rue Jussieu
Tronçon: 26583848 -> 26583853, Longueur: 70.54903m, Rue: Rue Grolée
Tronçon: 26583876 -> 26106487, Longueur: 82.669136m, Rue: Rue de la Poulaillerie
Tronçon: 26583876 -> 26583879, Longueur: 45.427685m, Rue: Rue de Brest
Tronçon: 602038487 -> 602038463, Longueur: 109.92553m, Rue: Impasse des Chalets
Tronçon: 602038487 -> 2600872714, Longueur: 11.706025m, Rue: Avenue Berthelot
Tronçon: 26583879 -> 25722217, Longueur: 51.285862m, Rue: Rue de Brest
Tronçon: 26583879 -> 26584182, Longueur: 48.643337m, Rue: Rue Dubois
Tronçon: 26583871 -> 26583850, Longueur: 53.599487m, Rue: Rue Grolée
Tronçon: 26583871 -> 2848402510, Longueur: 96.12554m, Rue: Rue Childebert
Tronçon: 21595835 -> 143418, Longueur: 168.87302m, Rue: Avenue des Frères Lumière
Tronçon: 21595835 -> 21992836, Longueur: 98.343346m, Rue: Rue des Tuiliers
Tronçon: 252644528 -> 1480891849, Longueur: 13.974152m, Rue: Rue de Bat Yam
Tronçon: 252644528 -> 252644533, Longueur: 87.498276m, Rue: Cours André Philip
Tronçon: 252644528 -> 252626809, Longueur: 61.368645m, Rue: Rue de Bat Yam
Tronçon: 21595834 -> 21510475, Longueur: 102.583694m, Rue: Rue Henri Pensier
Tronçon: 21595834 -> 21595835, Longueur: 50.435173m, Rue: Avenue des Frères Lumière
Tronçon: 252644533 -> 252626808, Longueur: 238.48708m, Rue: Rue Henri Rolland Rue Jacques Brel
Tronçon: 252644533 -> 252644534, Longueur: 103.58514m, Rue: Cours André Philip
Tronçon: 26583863 -> 26583850, Longueur: 77.761566m, Rue: Rue Stella
Tronçon: 252644534 -> 25618143, Longueur: 120.537575m, Rue: Avenue Antoine Dutrievoz
Tronçon: 252644534 -> 24644518, Longueur: 9.646714m, Rue: Avenue Antoine Dutrievoz
Tronçon: 252644534 -> 252644535, Longueur: 71.37751m, Rue: Cours André Philip
Tronçon: 26583866 -> 26583863, Longueur: 52.95937m, Rue: Rue du Président Carnot
Tronçon: 240348216 -> 240348264, Longueur: 173.66675m, Rue: 
Tronçon: 240348216 -> 240348220, Longueur: 17.855728m, Rue: 
Tronçon: 240348216 -> 240348199, Longueur: 61.1054m, Rue: 
Tronçon: 3626479007 -> 1028380042, Longueur: 153.58011m, Rue: Rue Maryse Bastié
Tronçon: 3626479007 -> 891129818, Longueur: 190.80132m, Rue: Avenue Paul Santy
Tronçon: 48808296 -> 26464256, Longueur: 50.102688m, Rue: Rue Pascal
Tronçon: 48808296 -> 26464257, Longueur: 50.554623m, Rue: Rue Pascal
Tronçon: 48808296 -> 25611040, Longueur: 144.4881m, Rue: Rue Paul Bourde
Tronçon: 59640015 -> 25547441, Longueur: 39.810078m, Rue: Route de Vienne
Tronçon: 59640015 -> 59654818, Longueur: 41.82006m, Rue: Route de Vienne
Tronçon: 59640015 -> 25471028, Longueur: 232.72923m, Rue: Rue du Docteur Carrier
Tronçon: 252644535 -> 24644404, Longueur: 7.844097m, Rue: Rue du Général Dayan
Tronçon: 252644535 -> 252644561, Longueur: 99.30356m, Rue: Cours André Philip
Tronçon: 59640013 -> 25549077, Longueur: 116.93591m, Rue: Route de Vienne
Tronçon: 59640013 -> 25470917, Longueur: 201.6291m, Rue: Rue Antoine Fonlupt
Tronçon: 59640013 -> 843129903, Longueur: 7.9623566m, Rue: Route de Vienne
Tronçon: 3626479005 -> 3626479007, Longueur: 14.105707m, Rue: Rue Maryse Bastié
Tronçon: 3626479005 -> 528892076, Longueur: 4.015001m, Rue: Avenue Paul Santy
Tronçon: 1497065710 -> 26132381, Longueur: 330.0464m, Rue: Rue du Professeur Beauvisage
Tronçon: 1497065710 -> 3890028870, Longueur: 44.30798m, Rue: Avenue Francis de Pressensé
Tronçon: 26731428 -> 26731437, Longueur: 47.74472m, Rue: Rue du Docteur Salvat
Tronçon: 26731428 -> 25451982, Longueur: 40.886646m, Rue: Rue Bancel
Tronçon: 240348264 -> 143477, Longueur: 174.84984m, Rue: 
Tronçon: 26583890 -> 273216478, Longueur: 100.02332m, Rue: Rue Grolée
Tronçon: 1502690954 -> 26027224, Longueur: 17.110273m, Rue: Rue Duguesclin
Tronçon: 1502690954 -> 26027236, Longueur: 179.42633m, Rue: Rue Moncey
Tronçon: 26583884 -> 26583858, Longueur: 59.676746m, Rue: Rue du Président Carnot
Tronçon: 26583884 -> 1468502076, Longueur: 13.849484m, Rue: Rue du Président Carnot
Tronçon: 26583884 -> 26583890, Longueur: 50.090023m, Rue: Rue Saint-Bonaventure
Tronçon: 2804431850 -> 26084604, Longueur: 86.538345m, Rue: Rue des Verriers
Tronçon: 2804431850 -> 26084605, Longueur: 2.9483309m, Rue: Rue des Verriers
Tronçon: 2804431850 -> 4112101965, Longueur: 90.709114m, Rue: Rue Blanche et Georges Caton
Tronçon: 26731431 -> 26731441, Longueur: 44.250103m, Rue: Place du Prado
Tronçon: 26731431 -> 25451970, Longueur: 45.9593m, Rue: Rue Renan
Tronçon: 26731431 -> 26731428, Longueur: 66.64176m, Rue: Rue Bancel
Tronçon: 26731437 -> 195236, Longueur: 110.09453m, Rue: Rue Sébastien Gryphe
Tronçon: 26731434 -> 26731437, Longueur: 73.11929m, Rue: Rue du Docteur Salvat
Tronçon: 26731434 -> 25451999, Longueur: 61.929684m, Rue: Rue Béchevelin
Tronçon: 26583882 -> 26106487, Longueur: 45.57167m, Rue: Rue du Président Édouard Herriot
Tronçon: 26583882 -> 1933378821, Longueur: 111.84961m, Rue: Rue Henri Germain
Tronçon: 26583882 -> 26583879, Longueur: 78.04955m, Rue: Rue Dubois
Tronçon: 1683287879 -> 1683287883, Longueur: 79.85077m, Rue: 
Tronçon: 1683287879 -> 25622571, Longueur: 4.506594m, Rue: Avenue Leclerc
Tronçon: 1683287879 -> 569050829, Longueur: 6.855355m, Rue: Avenue Leclerc
Tronçon: 2698476320 -> 2698476323, Longueur: 12.251185m, Rue: 
Tronçon: 2698476320 -> 1315984684, Longueur: 47.19194m, Rue: 
Tronçon: 2698476320 -> 1250985273, Longueur: 275.82867m, Rue: Avenue Jean Mermoz
Tronçon: 252644561 -> 24644242, Longueur: 63.004055m, Rue: Cours André Philip
Tronçon: 252644561 -> 25618133, Longueur: 59.48824m, Rue: Rue Louis Guérin
Tronçon: 252644561 -> 24644270, Longueur: 8.667194m, Rue: Rue Louis Guérin
Tronçon: 2698476323 -> 2698476320, Longueur: 12.251185m, Rue: 
Tronçon: 2698476323 -> 21714985, Longueur: 216.01393m, Rue: Avenue Jean Mermoz
Tronçon: 240348244 -> 240348264, Longueur: 138.04199m, Rue: 
Tronçon: 240348244 -> 240348220, Longueur: 175.78566m, Rue: 
Tronçon: 2804431848 -> 26084608, Longueur: 64.00386m, Rue: Boulevard Yves Farge
Tronçon: 2804431848 -> 3446506082, Longueur: 27.309113m, Rue: Boulevard Yves Farge
Tronçon: 2804431848 -> 4112101965, Longueur: 80.938705m, Rue: Rue Blanche et Georges Caton
Tronçon: 1683287883 -> 25622551, Longueur: 4.1560774m, Rue: Rue Raoul Servant
Tronçon: 1683287883 -> 1683287879, Longueur: 79.85077m, Rue: 
Tronçon: 25611365 -> 191134522, Longueur: 205.7422m, Rue: Rue de la Pouponnière
Tronçon: 25611365 -> 25611366, Longueur: 29.233038m, Rue: Route de Genas
Tronçon: 3870641969 -> 3870641963, Longueur: 21.147356m, Rue: Rue de la Cité
Tronçon: 3870641969 -> 208769163, Longueur: 23.496798m, Rue: Rue de la Cité
Tronçon: 3870641963 -> 208769091, Longueur: 104.45981m, Rue: Place de la Ferrandière
Tronçon: 2066074390 -> 2066074371, Longueur: 78.738686m, Rue: Rue Emile Bender
Tronçon: 2066074390 -> 245023213, Longueur: 55.97454m, Rue: Rue du Progrès
Tronçon: 2066074390 -> 2066074373, Longueur: 115.63436m, Rue: Rue du Progrès Rue Jean Voillot
Tronçon: 27362289 -> 27362290, Longueur: 6.6552844m, Rue: Rue Général André
Tronçon: 27362288 -> 1351112938, Longueur: 44.730534m, Rue: Avenue Paul Santy
Tronçon: 27362288 -> 27362287, Longueur: 6.670819m, Rue: Rue Jules Valensaut
Tronçon: 25624666 -> 27362896, Longueur: 79.25346m, Rue: Avenue Général Frère
Tronçon: 25624666 -> 1028380059, Longueur: 76.32744m, Rue: Avenue Général Frère
Tronçon: 54704613 -> 54704540, Longueur: 51.454216m, Rue: Rue Dedieu
Tronçon: 27362283 -> 891129803, Longueur: 388.08432m, Rue: Avenue Paul Santy
Tronçon: 25611375 -> 25611376, Longueur: 23.766445m, Rue: Route de Genas
Tronçon: 25611376 -> 1682387634, Longueur: 75.105286m, Rue: Rue de la Solidarité
Tronçon: 25611376 -> 1835868025, Longueur: 98.70451m, Rue: Route de Genas
Tronçon: 27362284 -> 1351112937, Longueur: 56.53145m, Rue: Avenue Paul Santy
Tronçon: 27362284 -> 27362283, Longueur: 8.935492m, Rue: Rue Stéphane Coignet
Tronçon: 27362287 -> 27362289, Longueur: 70.49612m, Rue: Avenue Paul Santy
Tronçon: 1422033320 -> 25932603, Longueur: 123.62589m, Rue: Cours Émile Zola
Tronçon: 1422033320 -> 54695781, Longueur: 62.34049m, Rue: Cours Émile Zola
Tronçon: 25611366 -> 25611368, Longueur: 166.6531m, Rue: Route de Genas
Tronçon: 27362290 -> 27362288, Longueur: 70.24868m, Rue: Avenue Paul Santy
Tronçon: 27362290 -> 27362289, Longueur: 6.6552844m, Rue: Rue Général André
Tronçon: 25611368 -> 1835868026, Longueur: 90.742615m, Rue: Route de Genas
Tronçon: 25611368 -> 1835868028, Longueur: 103.31969m, Rue: Rue Général Leclerc
Tronçon: 25611368 -> 26149167, Longueur: 52.07925m, Rue: Rue de l'Église
Tronçon: 54704607 -> 54704613, Longueur: 16.111088m, Rue: Rue Dedieu
Tronçon: 25624670 -> 932576999, Longueur: 105.11296m, Rue: Rue Professeur Morat
Tronçon: 2066074368 -> 3760110976, Longueur: 31.373528m, Rue: Rue Jean Voillot
Tronçon: 2066074368 -> 2066074373, Longueur: 76.87801m, Rue: Rue Jean Voillot
Tronçon: 2066074368 -> 3760110978, Longueur: 38.046425m, Rue: 
Tronçon: 54704604 -> 54704537, Longueur: 52.66461m, Rue: Rue Anatole France
Tronçon: 54704604 -> 54704607, Longueur: 282.05353m, Rue: Rue Louis Adam
Tronçon: 27362292 -> 1335415576, Longueur: 148.19006m, Rue: Rue Florent
Tronçon: 27362292 -> 27362290, Longueur: 18.356218m, Rue: Avenue Paul Santy
Tronçon: 55463770 -> 325772552, Longueur: 323.46918m, Rue: Rue Francis Chirat
Tronçon: 55463770 -> 55435051, Longueur: 131.11026m, Rue: Place Jules Grandclément
Tronçon: 60491705 -> 55457297, Longueur: 63.551266m, Rue: Rue Paul Verlaine
Tronçon: 60491705 -> 60491706, Longueur: 96.506226m, Rue: Rue des Mûriers
Tronçon: 60491705 -> 249122723, Longueur: 133.19489m, Rue: Rue Paul Verlaine
Tronçon: 60491706 -> 60491714, Longueur: 132.46008m, Rue: Rue Charles Montaland
Tronçon: 60491706 -> 60491718, Longueur: 104.274254m, Rue: Rue des Mûriers
Tronçon: 60491708 -> 398398299, Longueur: 218.48335m, Rue: Rue du Docteur Fleury-Pierre Papillon
Tronçon: 60491708 -> 55457315, Longueur: 115.97127m, Rue: Cours Tolstoï
Tronçon: 60491709 -> 459797873, Longueur: 56.587658m, Rue: Cours Docteur Jean Damidot
Tronçon: 60491709 -> 60491710, Longueur: 97.20621m, Rue: Avenue Auguste Blanqui
Tronçon: 60491709 -> 60491720, Longueur: 109.628334m, Rue: Cours Docteur Jean Damidot
Tronçon: 60491709 -> 55457315, Longueur: 96.16757m, Rue: Avenue Auguste Blanqui
Tronçon: 55463767 -> 55463770, Longueur: 129.06993m, Rue: Place Jules Grandclément
Tronçon: 55463767 -> 325772549, Longueur: 303.53766m, Rue: Rue de la Poste
Tronçon: 25611377 -> 1850080438, Longueur: 53.37013m, Rue: Route de Genas
Tronçon: 25611377 -> 26286759, Longueur: 42.070168m, Rue: Rue Louis
Tronçon: 2066074371 -> 2066074373, Longueur: 54.549057m, Rue: 
Tronçon: 2066074371 -> 2292223595, Longueur: 217.54007m, Rue: Rue Emile Bender
Tronçon: 2066074371 -> 2066074390, Longueur: 78.738686m, Rue: Rue Emile Bender
Tronçon: 2066074373 -> 2066074368, Longueur: 76.87801m, Rue: Rue Jean Voillot
Tronçon: 2066074373 -> 2066074371, Longueur: 54.549057m, Rue: 
Tronçon: 2066074373 -> 2066074390, Longueur: 115.63436m, Rue: Rue du Progrès Rue Jean Voillot
Tronçon: 25611395 -> 26286760, Longueur: 20.085695m, Rue: Rue Antonin Perrin
Tronçon: 25611395 -> 1835868027, Longueur: 43.538357m, Rue: Rue Antonin Perrin
Tronçon: 25611395 -> 249740340, Longueur: 101.582085m, Rue: Route de Genas
Tronçon: 55463781 -> 55463564, Longueur: 46.221752m, Rue: Place Jules Grandclément
Tronçon: 55463781 -> 55463767, Longueur: 6.108972m, Rue: Place Jules Grandclément
Tronçon: 1037076646 -> 195253, Longueur: 67.614975m, Rue: Cours Gambetta
Tronçon: 1497065708 -> 1497065710, Longueur: 15.778914m, Rue: Rue Vaillant-Couturier
Tronçon: 55463792 -> 55463799, Longueur: 13.81556m, Rue: Rue Meunier
Tronçon: 55463792 -> 55463796, Longueur: 77.77078m, Rue: Place des Maisons Neuves
Tronçon: 55463789 -> 55463792, Longueur: 32.672306m, Rue: Place des Maisons Neuves
Tronçon: 1778329200 -> 21714985, Longueur: 11.691807m, Rue: Rue Lionel Terray
Tronçon: 1778329200 -> 2698476320, Longueur: 215.34283m, Rue: Avenue Jean Mermoz
Tronçon: 55463799 -> 1368674810, Longueur: 61.247414m, Rue: Place des Maisons Neuves
Tronçon: 55463796 -> 25611424, Longueur: 149.72107m, Rue: Rue Rhonat
Tronçon: 55463796 -> 4193445730, Longueur: 99.45865m, Rue: Rue Jean Jaurès
Tronçon: 55463796 -> 55463799, Longueur: 75.874596m, Rue: Place des Maisons Neuves
Tronçon: 253414917 -> 987974102, Longueur: 95.76693m, Rue: Rue d'Austerlitz
Tronçon: 25624662 -> 1957527533, Longueur: 28.94073m, Rue: Rue Maryse Bastié
Tronçon: 25624662 -> 1028380059, Longueur: 27.671791m, Rue: Avenue Général Frère
Tronçon: 25624662 -> 1957527551, Longueur: 26.256847m, Rue: Avenue Général Frère
Tronçon: 240470319 -> 240470311, Longueur: 44.216904m, Rue: Rue des Paquerettes
Tronçon: 240470318 -> 239603466, Longueur: 82.206856m, Rue: Rue des Myosotis
Tronçon: 240470318 -> 240470316, Longueur: 107.79249m, Rue: Rue des Paquerettes
Tronçon: 240470318 -> 239602382, Longueur: 96.39112m, Rue: Rue des Paquerettes
Tronçon: 190866507 -> 1637473457, Longueur: 94.50856m, Rue: Rue Château-Gaillard
Tronçon: 190866507 -> 190866513, Longueur: 45.27463m, Rue: Rue Château-Gaillard
Tronçon: 240470316 -> 240470318, Longueur: 107.79249m, Rue: Rue des Paquerettes
Tronçon: 240470316 -> 34829086, Longueur: 114.15333m, Rue: Route de Genas
Tronçon: 240470316 -> 239603465, Longueur: 83.29809m, Rue: Route de Genas
Tronçon: 240470314 -> 239601996, Longueur: 221.16014m, Rue: Avenue Doyen Jean Lépine
Tronçon: 240470314 -> 25611158, Longueur: 206.53967m, Rue: Avenue Doyen Jean Lépine
Tronçon: 240470311 -> 239602382, Longueur: 82.1013m, Rue: Rue des Paquerettes
Tronçon: 240470311 -> 240470319, Longueur: 44.216904m, Rue: Rue des Paquerettes
Tronçon: 240470311 -> 240470314, Longueur: 128.6978m, Rue: Rue des Bruyères
Tronçon: 60755977 -> 1654023349, Longueur: 20.671812m, Rue: Rue du Professeur Roux
Tronçon: 60755977 -> 1494035768, Longueur: 236.7337m, Rue: Rue Henri Barbusse
Tronçon: 60755977 -> 4020676714, Longueur: 82.31187m, Rue: Rue Henri Barbusse
Tronçon: 60755977 -> 1655683917, Longueur: 14.065689m, Rue: Rue du Professeur Roux
Tronçon: 60755978 -> 60755997, Longueur: 23.058268m, Rue: Rue du Professeur Roux
Tronçon: 60755978 -> 60755986, Longueur: 12.09084m, Rue: 
Tronçon: 60755978 -> 60755980, Longueur: 9.806191m, Rue: 
Tronçon: 191134353 -> 191134345, Longueur: 64.90361m, Rue: Rue de la Somme
Tronçon: 191134353 -> 191134365, Longueur: 64.15338m, Rue: Rue de la Somme
Tronçon: 191134353 -> 34829070, Longueur: 127.47886m, Rue: Rue de la Marne
Tronçon: 191134359 -> 191134369, Longueur: 66.71283m, Rue: Avenue Paul Krüger
Tronçon: 191134359 -> 191134348, Longueur: 71.57298m, Rue: Avenue Paul Krüger
Tronçon: 191134359 -> 191134353, Longueur: 174.13213m, Rue: Rue de la Marne
Tronçon: 1777414045 -> 54704592, Longueur: 93.60837m, Rue: Rue d'Alsace
Tronçon: 1777414045 -> 1777414165, Longueur: 120.68955m, Rue: Rue Damon
Tronçon: 240470325 -> 2858197821, Longueur: 60.072758m, Rue: Rue Jacques Daligand
Tronçon: 240470325 -> 240470335, Longueur: 39.760357m, Rue: Rue Léon Paviot
Tronçon: 240470324 -> 191134387, Longueur: 15.296231m, Rue: Route de Genas
Tronçon: 240470324 -> 240470325, Longueur: 217.53401m, Rue: Rue de la Perle
Tronçon: 240470324 -> 2857957343, Longueur: 63.070858m, Rue: Route de Genas
Tronçon: 240470322 -> 239602382, Longueur: 104.91479m, Rue: Rue Léon Paviot
Tronçon: 240470322 -> 2858197824, Longueur: 191.07631m, Rue: Impasse des Coquelicots Rue Léon Paviot
Tronçon: 240470322 -> 34829086, Longueur: 211.45428m, Rue: Rue Georges Clemenceau
Tronçon: 190866513 -> 190866537, Longueur: 186.95943m, Rue: Rue de la Filature
Tronçon: 190866513 -> 2272025370, Longueur: 52.73203m, Rue: Rue des Bienvenus
Tronçon: 190866513 -> 190866507, Longueur: 45.27463m, Rue: Rue Château-Gaillard
Tronçon: 190866513 -> 1637473467, Longueur: 106.06373m, Rue: Rue Château-Gaillard
Tronçon: 190866513 -> 190866543, Longueur: 107.51377m, Rue: Rue Armand
Tronçon: 60755984 -> 1260995448, Longueur: 12.227863m, Rue: 
Tronçon: 60755984 -> 60755983, Longueur: 8.849251m, Rue: 
Tronçon: 60755986 -> 1260995448, Longueur: 10.119848m, Rue: 
Tronçon: 60755986 -> 60755978, Longueur: 12.09084m, Rue: 
Tronçon: 251050719 -> 25303840, Longueur: 50.582382m, Rue: Impasse Jeanne d'Arc
Tronçon: 21696192 -> 18232183, Longueur: 111.82825m, Rue: Rue Antoine Lumière
Tronçon: 21696192 -> 21696145, Longueur: 172.4463m, Rue: Rue Léo et Maurice Trouilhet
Tronçon: 21696193 -> 34235997, Longueur: 21.3945m, Rue: Rue Villon
Tronçon: 21696191 -> 21696145, Longueur: 112.36984m, Rue: Rue Saint-Maurice
Tronçon: 21696191 -> 18232183, Longueur: 161.59325m, Rue: Rue Saint-Nestor
Tronçon: 191134365 -> 191134353, Longueur: 64.15338m, Rue: Rue de la Somme
Tronçon: 191134365 -> 34829071, Longueur: 102.843414m, Rue: Rue du Maréchal Foch
Tronçon: 60755980 -> 60755978, Longueur: 9.806191m, Rue: 
Tronçon: 60755980 -> 60755981, Longueur: 16.903955m, Rue: 
Tronçon: 60755980 -> 60755995, Longueur: 57.600338m, Rue: Rue Ludovic Bonin
Tronçon: 60755981 -> 60755980, Longueur: 16.903955m, Rue: 
Tronçon: 60755981 -> 60755983, Longueur: 9.033224m, Rue: 
Tronçon: 191134369 -> 191134377, Longueur: 57.525593m, Rue: Rue des Lauriers
Tronçon: 191134369 -> 191134359, Longueur: 66.71283m, Rue: Avenue Paul Krüger
Tronçon: 191134369 -> 191134365, Longueur: 197.95024m, Rue: Rue du Maréchal Foch
Tronçon: 191134369 -> 191134383, Longueur: 75.74293m, Rue: Avenue Paul Krüger
Tronçon: 60755983 -> 60755984, Longueur: 8.849251m, Rue: 
Tronçon: 60755983 -> 60755981, Longueur: 9.033224m, Rue: 
Tronçon: 60755983 -> 1260995445, Longueur: 52.550804m, Rue: Rue du Professeur Roux
Tronçon: 240470337 -> 240470335, Longueur: 171.69377m, Rue: Rue des Bleuets
Tronçon: 240470335 -> 240470337, Longueur: 171.69377m, Rue: Rue des Bleuets
Tronçon: 240470335 -> 240470325, Longueur: 39.760357m, Rue: Rue Léon Paviot
Tronçon: 240470335 -> 239602381, Longueur: 70.40669m, Rue: Rue Léon Paviot
Tronçon: 240470333 -> 34829073, Longueur: 45.489693m, Rue: Route de Genas
Tronçon: 240470332 -> 34829074, Longueur: 12.17561m, Rue: Route de Genas
Tronçon: 240470332 -> 240470333, Longueur: 5.390849m, Rue: Rue Jacques Daligand
Tronçon: 2606667675 -> 1042749537, Longueur: 59.55765m, Rue: Quai de Serbie
Tronçon: 2606667675 -> 25620306, Longueur: 121.62174m, Rue: Quai de Serbie
Tronçon: 2606667675 -> 2606641710, Longueur: 14.748209m, Rue: Avenue de Grande-Bretagne
Tronçon: 2606667675 -> 25316193, Longueur: 83.561615m, Rue: Rue Duquesne
Tronçon: 60755995 -> 60755994, Longueur: 223.64258m, Rue: Rue Ludovic Bonin
Tronçon: 60755995 -> 60755981, Longueur: 55.066433m, Rue: Rue Ludovic Bonin
Tronçon: 60755997 -> 60755978, Longueur: 23.058268m, Rue: Rue du Professeur Roux
Tronçon: 60755997 -> 60755991, Longueur: 55.361126m, Rue: Rue du Professeur Roux
Tronçon: 60755997 -> 60755999, Longueur: 188.58252m, Rue: Impasse Jean Mercy
Tronçon: 60755999 -> 60755997, Longueur: 188.58252m, Rue: Impasse Jean Mercy
Tronçon: 208769227 -> 208769112, Longueur: 35.125885m, Rue: Place de la Ferrandière
Tronçon: 208769227 -> 208769120, Longueur: 16.263586m, Rue: Place de la Ferrandière
Tronçon: 55463805 -> 1368674809, Longueur: 52.383896m, Rue: Avenue Félix Faure
Tronçon: 55463805 -> 26317234, Longueur: 226.60776m, Rue: Avenue Félix Faure
Tronçon: 60755990 -> 1654023349, Longueur: 88.76887m, Rue: Rue du Professeur Roux
Tronçon: 60755990 -> 60755991, Longueur: 71.26703m, Rue: Rue du Professeur Roux
Tronçon: 60755991 -> 60755997, Longueur: 55.361126m, Rue: Rue du Professeur Roux
Tronçon: 60755991 -> 60755990, Longueur: 71.26703m, Rue: Rue du Professeur Roux
Tronçon: 60755991 -> 3842221821, Longueur: 276.7998m, Rue: Rue Chausson
Tronçon: 60755994 -> 60755995, Longueur: 223.64258m, Rue: Rue Ludovic Bonin
Tronçon: 60755994 -> 3842221821, Longueur: 94.95781m, Rue: Route de Vienne
Tronçon: 190866537 -> 190866513, Longueur: 186.95943m, Rue: Rue de la Filature
Tronçon: 190866537 -> 3400498637, Longueur: 161.7718m, Rue: Rue des Alliés
Tronçon: 190866537 -> 190866549, Longueur: 247.53407m, Rue: Rue des Alliés
Tronçon: 190866537 -> 190866533, Longueur: 148.0251m, Rue: Rue de la Filature
Tronçon: 975656243 -> 34401553, Longueur: 101.11422m, Rue: Rue Garibaldi
Tronçon: 975656243 -> 34401008, Longueur: 18.459091m, Rue: Rue Paul Bert
Tronçon: 975656243 -> 4543355754, Longueur: 7.920774m, Rue: Rue Paul Bert
Tronçon: 25634092 -> 26057042, Longueur: 52.341827m, Rue: Rue Paul Bert
Tronçon: 975656249 -> 975656243, Longueur: 16.392937m, Rue: Rue Garibaldi
Tronçon: 975656249 -> 34401008, Longueur: 24.829668m, Rue: Rue Garibaldi
Tronçon: 190866533 -> 190866537, Longueur: 148.0251m, Rue: Rue de la Filature
Tronçon: 190866533 -> 110422068, Longueur: 240.67572m, Rue: Rue Édouard Vaillant
Tronçon: 190866533 -> 3400498623, Longueur: 248.63661m, Rue: Rue du Pérou
Tronçon: 191134345 -> 191134353, Longueur: 64.90361m, Rue: Rue de la Somme
Tronçon: 191134345 -> 34830595, Longueur: 121.34428m, Rue: Rue des Roses
Tronçon: 191134345 -> 191134348, Longueur: 148.2312m, Rue: Rue des Roses
Tronçon: 208769219 -> 208769227, Longueur: 12.926414m, Rue: Place de la Ferrandière
Tronçon: 208769219 -> 208769279, Longueur: 211.55408m, Rue: Rue Louis Jasseron
Tronçon: 191134348 -> 191134345, Longueur: 148.2312m, Rue: Rue des Roses
Tronçon: 191134348 -> 191134485, Longueur: 47.330074m, Rue: Rue des Roses
Tronçon: 191134348 -> 191134359, Longueur: 71.57298m, Rue: Avenue Paul Krüger
Tronçon: 55463812 -> 25611425, Longueur: 21.551727m, Rue: Route de Genas
Tronçon: 55463812 -> 1368674800, Longueur: 68.41653m, Rue: Route de Genas
Tronçon: 55463812 -> 55463789, Longueur: 94.38046m, Rue: Rue Paul Pechoux
Tronçon: 975656240 -> 25258524, Longueur: 62.84825m, Rue: Rue Villeroy
Tronçon: 975656240 -> 25258525, Longueur: 24.715796m, Rue: Rue d'Arménie
Tronçon: 190866549 -> 190817724, Longueur: 98.70948m, Rue: Rue Alexis Perroncel
Tronçon: 190866549 -> 190866537, Longueur: 247.53407m, Rue: Rue des Alliés
Tronçon: 60491720 -> 60491708, Longueur: 49.98682m, Rue: Rue du Docteur Pierre-Fleury Papillon
Tronçon: 60491720 -> 60491709, Longueur: 109.628334m, Rue: Cours Docteur Jean Damidot
Tronçon: 195271 -> 25335981, Longueur: 75.26833m, Rue: Rue du Professeur Paul Sisley
Tronçon: 195270 -> 25336178, Longueur: 117.45386m, Rue: Rue du Dauphiné
Tronçon: 195270 -> 522100855, Longueur: 54.50388m, Rue: Rue Roger Bréchan
Tronçon: 190866543 -> 190866513, Longueur: 107.51377m, Rue: Rue Armand
Tronçon: 190866543 -> 190951507, Longueur: 292.0701m, Rue: Rue Armand
Tronçon: 259977333 -> 259977334, Longueur: 216.20717m, Rue: Impasse Pommier
Tronçon: 259977334 -> 26470113, Longueur: 92.29729m, Rue: Rue Trarieux
Tronçon: 259977334 -> 259977333, Longueur: 216.20717m, Rue: Impasse Pommier
Tronçon: 195262 -> 3393859920, Longueur: 53.857296m, Rue: Rue du Général Mouton-Duvernet
Tronçon: 195262 -> 25321302, Longueur: 256.8284m, Rue: Rue du Dauphiné
Tronçon: 195262 -> 195263, Longueur: 100.00355m, Rue: Rue du Général Mouton-Duvernet
Tronçon: 195261 -> 2117622721, Longueur: 112.49038m, Rue: Avenue Félix Faure
Tronçon: 195261 -> 25336179, Longueur: 127.18727m, Rue: Avenue Félix Faure
Tronçon: 195261 -> 4428355731, Longueur: 348.3609m, Rue: Rue du Général Mouton-Duvernet
Tronçon: 195261 -> 2383442941, Longueur: 71.5091m, Rue: Rue du Général Mouton-Duvernet
Tronçon: 55463829 -> 25611408, Longueur: 262.56308m, Rue: Rue Victor Hugo
Tronçon: 55463829 -> 2392360249, Longueur: 31.402689m, Rue: Rue Jean Jaurès
Tronçon: 55463829 -> 55463826, Longueur: 97.08675m, Rue: Rue Jean Jaurès
Tronçon: 195263 -> 4428355731, Longueur: 13.370239m, Rue: Rue du Général Mouton-Duvernet
Tronçon: 195263 -> 195262, Longueur: 100.0792m, Rue: Rue du Général Mouton-Duvernet
Tronçon: 55463824 -> 25611409, Longueur: 45.30473m, Rue: Route de Genas
Tronçon: 55463824 -> 55463826, Longueur: 211.74205m, Rue: Rue Galilée
Tronçon: 55463824 -> 25611411, Longueur: 55.700184m, Rue: Route de Genas
Tronçon: 195266 -> 195268, Longueur: 96.7444m, Rue: Rue du Dauphiné
Tronçon: 195266 -> 25321302, Longueur: 54.717278m, Rue: Rue du Dauphiné
Tronçon: 58584486 -> 55447034, Longueur: 57.41903m, Rue: Rue du 4 Août 1789
Tronçon: 55463826 -> 4193445730, Longueur: 6.4504447m, Rue: Rue Jean Jaurès
Tronçon: 55463826 -> 55463829, Longueur: 97.08675m, Rue: Rue Jean Jaurès
Tronçon: 195268 -> 195266, Longueur: 96.7444m, Rue: Rue du Dauphiné
Tronçon: 195268 -> 25451370, Longueur: 127.95288m, Rue: Rue Saint-Philippe
Tronçon: 195268 -> 195270, Longueur: 95.865654m, Rue: Rue du Dauphiné
Tronçon: 58584489 -> 55447029, Longueur: 54.526474m, Rue: Rue du 4 Août 1789
Tronçon: 342918445 -> 342918363, Longueur: 58.72287m, Rue: Impasse Alexandre Dumas
Tronçon: 60491710 -> 60491712, Longueur: 132.32596m, Rue: Avenue Auguste Blanqui
Tronçon: 60491710 -> 60491709, Longueur: 97.20621m, Rue: Avenue Auguste Blanqui
Tronçon: 60491712 -> 60491717, Longueur: 111.29731m, Rue: Rue du Nord
Tronçon: 60491712 -> 60491710, Longueur: 132.32596m, Rue: Avenue Auguste Blanqui
Tronçon: 60491712 -> 55447034, Longueur: 96.50716m, Rue: Avenue Auguste Blanqui
Tronçon: 195282 -> 26058651, Longueur: 160.53253m, Rue: Cours Gambetta
Tronçon: 60491713 -> 459797873, Longueur: 169.20984m, Rue: Cours Docteur Jean Damidot
Tronçon: 60491713 -> 55457318, Longueur: 176.98048m, Rue: Rue Persoz
Tronçon: 60491713 -> 55447029, Longueur: 313.27414m, Rue: Rue Camille Koechlin
Tronçon: 60491714 -> 249122723, Longueur: 100.06314m, Rue: Rue du Nord
Tronçon: 60491714 -> 55447039, Longueur: 109.60128m, Rue: Rue Charles Montaland
Tronçon: 60491716 -> 60491717, Longueur: 101.489914m, Rue: Rue du Docteur Pierre-Fleury Papillon
Tronçon: 60491716 -> 58584486, Longueur: 52.043453m, Rue: Rue du 4 Août 1789
Tronçon: 60491717 -> 60491714, Longueur: 104.79563m, Rue: Rue du Nord
Tronçon: 60491717 -> 60491718, Longueur: 133.89616m, Rue: Rue du Docteur Pierre-Fleury Papillon
Tronçon: 60491718 -> 60491710, Longueur: 109.178734m, Rue: Rue des Mûriers
Tronçon: 60491718 -> 60491720, Longueur: 96.94146m, Rue: Rue du Docteur Pierre-Fleury Papillon
Tronçon: 55463831 -> 1918509928, Longueur: 29.078337m, Rue: Place Jules Grandclément
Tronçon: 55463831 -> 249725346, Longueur: 365.70596m, Rue: Rue Antonin Perrin
Tronçon: 55463831 -> 1918509931, Longueur: 27.568537m, Rue: Rue Antonin Perrin
Tronçon: 55463831 -> 60493268, Longueur: 101.16821m, Rue: Rue Jean Jaurès
Tronçon: 195273 -> 195272, Longueur: 29.069725m, Rue: Rue du Professeur Paul Sisley
Tronçon: 195273 -> 195274, Longueur: 83.59344m, Rue: Rue du Professeur Paul Sisley
Tronçon: 195273 -> 25321407, Longueur: 362.365m, Rue: Rue des Dahlias
Tronçon: 195272 -> 195273, Longueur: 29.069725m, Rue: Rue du Professeur Paul Sisley
Tronçon: 195272 -> 25451370, Longueur: 154.44595m, Rue: Rue Saint-Philippe
Tronçon: 58584493 -> 58584489, Longueur: 380.50653m, Rue: Rue de France
Tronçon: 58584493 -> 190817717, Longueur: 35.196873m, Rue: Cours Émile Zola
Tronçon: 58584493 -> 1242371158, Longueur: 108.028305m, Rue: Cours Émile Zola
Tronçon: 195275 -> 21992964, Longueur: 50.327866m, Rue: Rue Guilloud
Tronçon: 195275 -> 2959901670, Longueur: 112.01783m, Rue: Rue Villon
Tronçon: 195274 -> 195275, Longueur: 115.403114m, Rue: Rue Villon
Tronçon: 195274 -> 1703401805, Longueur: 163.97949m, Rue: Rue Saint-Maximin
Tronçon: 195277 -> 21992964, Longueur: 128.87718m, Rue: Rue du Professeur Paul Sisley
Tronçon: 195277 -> 2959901670, Longueur: 87.57602m, Rue: Cours Albert Thomas
Tronçon: 195276 -> 25321304, Longueur: 95.299446m, Rue: Rue des Tuiliers
Tronçon: 195276 -> 474605986, Longueur: 94.638626m, Rue: Cours Albert Thomas
Tronçon: 58584497 -> 1423350636, Longueur: 36.1965m, Rue: Cours Émile Zola
Tronçon: 58584497 -> 190817717, Longueur: 161.09026m, Rue: Cours Émile Zola
Tronçon: 58584497 -> 58584503, Longueur: 275.03275m, Rue: Rue Raoul Durand Rue Louis Mille
Tronçon: 195279 -> 21696192, Longueur: 91.130264m, Rue: Rue Antoine Lumière
Tronçon: 195279 -> 25451455, Longueur: 63.73284m, Rue: Avenue des Frères Lumière
Tronçon: 195278 -> 25334284, Longueur: 87.88309m, Rue: Place Ambroise Courtois
Tronçon: 195278 -> 25321358, Longueur: 129.43102m, Rue: Cours Albert Thomas
Tronçon: 2388251460 -> 21717932, Longueur: 19.179264m, Rue: Boulevard Ambroise Paré
Tronçon: 2388251460 -> 21717934, Longueur: 26.576775m, Rue: Boulevard Ambroise Paré
Tronçon: 190866567 -> 2285210449, Longueur: 25.755104m, Rue: Rue Georges Clemenceau
Tronçon: 190866567 -> 190866574, Longueur: 96.82174m, Rue: Rue Georges Clemenceau
Tronçon: 26416305 -> 54704599, Longueur: 81.22123m, Rue: Rue Dedieu
Tronçon: 26416305 -> 25932608, Longueur: 164.72806m, Rue: Rue Alexandre Boutin
Tronçon: 195249 -> 1036842225, Longueur: 6.2869167m, Rue: Rue André Philip
Tronçon: 195249 -> 967133152, Longueur: 48.395878m, Rue: Grande Rue de la Guillotière
Tronçon: 195242 -> 4295013306, Longueur: 12.497278m, Rue: Rue Garibaldi
Tronçon: 195242 -> 412286091, Longueur: 50.904568m, Rue: Rue Garibaldi
Tronçon: 600873327 -> 1026030667, Longueur: 45.115944m, Rue: Rue Challemel-Lacour
Tronçon: 600873327 -> 25625500, Longueur: 15.754986m, Rue: Rue Challemel-Lacour
Tronçon: 195241 -> 4295013306, Longueur: 30.179918m, Rue: Rue Garibaldi
Tronçon: 195241 -> 412286091, Longueur: 33.653778m, Rue: Rue Marc Bloch
Tronçon: 195241 -> 26058917, Longueur: 16.98068m, Rue: Rue Garibaldi
Tronçon: 195244 -> 25152849, Longueur: 28.55476m, Rue: Rue du Repos
Tronçon: 195244 -> 4295013309, Longueur: 114.24154m, Rue: Rue Garibaldi
Tronçon: 195244 -> 2139361023, Longueur: 67.09523m, Rue: Rue du Repos
Tronçon: 195246 -> 3404990017, Longueur: 47.053837m, Rue: Rue de l'Épargne
Tronçon: 195246 -> 1148982742, Longueur: 160.01527m, Rue: Rue du Repos
Tronçon: 292658562 -> 245026019, Longueur: 31.262045m, Rue: Rue Paul Pic
Tronçon: 292658562 -> 245026011, Longueur: 103.751656m, Rue: Rue Paul Pic
Tronçon: 292658561 -> 3759925036, Longueur: 29.439377m, Rue: Rue Paul Pic
Tronçon: 292658561 -> 292658562, Longueur: 14.241105m, Rue: Rue Paul Pic
Tronçon: 190866574 -> 2272025370, Longueur: 60.979126m, Rue: Rue des Bienvenus
Tronçon: 190866574 -> 190817747, Longueur: 140.82788m, Rue: Rue des Bienvenus
Tronçon: 195259 -> 2650077854, Longueur: 304.3873m, Rue: Boulevard Vivier-Merle
Tronçon: 26416315 -> 25614440, Longueur: 87.83041m, Rue: Cours Lafayette
Tronçon: 26416315 -> 54704569, Longueur: 167.65572m, Rue: Rue Baraban
Tronçon: 26416315 -> 26086116, Longueur: 65.320335m, Rue: Rue Baraban
Tronçon: 376961302 -> 26315034, Longueur: 27.825544m, Rue: Rue des Émeraudes
Tronçon: 376961302 -> 33062369, Longueur: 71.44661m, Rue: Rue Curtelin
Tronçon: 195251 -> 24009841, Longueur: 57.460667m, Rue: Avenue Félix Faure
Tronçon: 195251 -> 26059303, Longueur: 43.74092m, Rue: Grande Rue de la Guillotière
Tronçon: 195250 -> 25306024, Longueur: 97.18924m, Rue: Rue de Créqui
Tronçon: 195250 -> 25337454, Longueur: 48.981632m, Rue: Grande Rue de la Guillotière
Tronçon: 195253 -> 2104502856, Longueur: 61.082058m, Rue: Cours de la Liberté
Tronçon: 195253 -> 2158614641, Longueur: 17.32972m, Rue: Cours Gambetta
Tronçon: 195253 -> 25450770, Longueur: 68.457214m, Rue: Grande Rue de la Guillotière
Tronçon: 195253 -> 1351109211, Longueur: 82.54506m, Rue: Rue Paul Bert
Tronçon: 195252 -> 25337465, Longueur: 120.41914m, Rue: Rue Gilbert Dru
Tronçon: 195252 -> 25337467, Longueur: 117.06681m, Rue: Grande Rue de la Guillotière
Tronçon: 195254 -> 25306161, Longueur: 124.21421m, Rue: Avenue Maréchal de Saxe
Tronçon: 195254 -> 25452393, Longueur: 53.803394m, Rue: Cours Gambetta
Tronçon: 195256 -> 1468747927, Longueur: 13.896359m, Rue: Avenue Berthelot
Tronçon: 195256 -> 25622515, Longueur: 28.278994m, Rue: Avenue Leclerc
Tronçon: 195256 -> 21674909, Longueur: 110.536964m, Rue: Avenue Berthelot
Tronçon: 2388251449 -> 21717943, Longueur: 115.70186m, Rue: Passage Ranvier
Tronçon: 500434722 -> 26086288, Longueur: 57.953022m, Rue: Rue Julien Duvivier
Tronçon: 500434722 -> 495424862, Longueur: 88.02864m, Rue: Rue Danielle Faÿnel Duclos Rue Julien Duvivier
Tronçon: 528993508 -> 1988830557, Longueur: 31.718533m, Rue: Boulevard Eugène Deruelle
Tronçon: 528993508 -> 34387221, Longueur: 74.155075m, Rue: Rue Garibaldi
Tronçon: 2388251442 -> 2553957836, Longueur: 145.43053m, Rue: Rue Commandant Caroline Aigle
Tronçon: 2388251442 -> 2790259884, Longueur: 52.227524m, Rue: Rue Saint-Alban
Tronçon: 2388251442 -> 21718245, Longueur: 121.87371m, Rue: Rue Saint-Alban
Tronçon: 293585812 -> 293585811, Longueur: 81.69124m, Rue: Impasse des Platanes
Tronçon: 564740277 -> 644880770, Longueur: 394.14368m, Rue: Avenue Rockefeller
Tronçon: 1171868102 -> 1171867296, Longueur: 123.23206m, Rue: Place de la Croix-Rousse
Tronçon: 1171868102 -> 1171869035, Longueur: 12.585666m, Rue: Place de la Croix-Rousse
Tronçon: 293585811 -> 7300867, Longueur: 88.01563m, Rue: Rue du Docteur Bonhomme
Tronçon: 293585811 -> 293585812, Longueur: 81.69124m, Rue: Impasse des Platanes
Tronçon: 25932599 -> 190817714, Longueur: 248.3384m, Rue: Rue Flachet
Tronçon: 25932599 -> 1242371158, Longueur: 76.26711m, Rue: Cours Émile Zola
Tronçon: 25932599 -> 55457375, Longueur: 85.277084m, Rue: Cours Émile Zola
Tronçon: 1148982730 -> 3404990017, Longueur: 3.9340043m, Rue: Rue du Repos
Tronçon: 1608509580 -> 1608509567, Longueur: 66.351974m, Rue: Rue Daniel Llacer
Tronçon: 528993516 -> 25319178, Longueur: 79.83878m, Rue: Rue Tête d'Or
Tronçon: 528993516 -> 1988830557, Longueur: 125.54658m, Rue: Boulevard Eugène Deruelle
Tronçon: 528993516 -> 25932614, Longueur: 134.24364m, Rue: Boulevard Eugène Deruelle
Tronçon: 1608509584 -> 1608509567, Longueur: 108.31216m, Rue: Rue Daniel Llacer
Tronçon: 1608509584 -> 190951501, Longueur: 84.75454m, Rue: Rue René
Tronçon: 1608509584 -> 190866495, Longueur: 224.38947m, Rue: Rue René
Tronçon: 25173760 -> 25152584, Longueur: 91.622215m, Rue: Rue Victorien Sardou
Tronçon: 25173760 -> 21712144, Longueur: 132.51941m, Rue: Rue Jules Brunard
Tronçon: 271415805 -> 25334340, Longueur: 68.33527m, Rue: Rue Villon
Tronçon: 1148982723 -> 1148982730, Longueur: 15.735734m, Rue: Rue du Repos
Tronçon: 1148982723 -> 25495299, Longueur: 5.626764m, Rue: Rue du Repos
Tronçon: 1148982723 -> 21789166, Longueur: 59.525246m, Rue: Rue du Repos
Tronçon: 1148982729 -> 25495294, Longueur: 9.037001m, Rue: Rue Camille Roy
Tronçon: 1148982729 -> 1148982743, Longueur: 25.901651m, Rue: Rue du Repos
Tronçon: 25733776 -> 252645520, Longueur: 73.8032m, Rue: Boulevard de la Bataille de Stalingrad
Tronçon: 25733776 -> 24644242, Longueur: 10.512912m, Rue: Avenue Verguin
Tronçon: 25733776 -> 26022694, Longueur: 175.51793m, Rue: Avenue Verguin
Tronçon: 25305955 -> 18697400, Longueur: 87.393196m, Rue: Rue Clair-Tisseur
Tronçon: 25305955 -> 25305960, Longueur: 113.20232m, Rue: Rue Claude Boyer
Tronçon: 25932577 -> 25932582, Longueur: 132.68147m, Rue: 
Tronçon: 25932577 -> 143465, Longueur: 188.04759m, Rue: Boulevard Laurent Bonnevay
Tronçon: 746310128 -> 25316196, Longueur: 74.445076m, Rue: Place d'Helvétie
Tronçon: 746310128 -> 244419508, Longueur: 22.920216m, Rue: Avenue de Grande-Bretagne
Tronçon: 25932586 -> 35408688, Longueur: 27.640163m, Rue: 
Tronçon: 25932586 -> 25932588, Longueur: 38.10759m, Rue: 
Tronçon: 25932585 -> 25932586, Longueur: 21.55831m, Rue: 
Tronçon: 25932585 -> 25932582, Longueur: 52.494072m, Rue: 
Tronçon: 25932582 -> 25932585, Longueur: 52.494072m, Rue: 
Tronçon: 25932582 -> 143465, Longueur: 108.582886m, Rue: 
Tronçon: 25305960 -> 1475230723, Longueur: 23.703083m, Rue: Rue du Béguin
Tronçon: 342873729 -> 342873658, Longueur: 53.651497m, Rue: Impasse Richelieu
Tronçon: 25733769 -> 257061763, Longueur: 12.147672m, Rue: Boulevard du 11 Novembre 1918
Tronçon: 967133152 -> 18697415, Longueur: 86.79705m, Rue: Grande Rue de la Guillotière
Tronçon: 1608509567 -> 1608509584, Longueur: 108.31216m, Rue: Rue Daniel Llacer
Tronçon: 1608509567 -> 1608509611, Longueur: 53.310574m, Rue: Rue Daniel Llacer
Tronçon: 1608509567 -> 1608509580, Longueur: 66.351974m, Rue: Rue Daniel Llacer
Tronçon: 208769295 -> 208769312, Longueur: 9.775154m, Rue: 
Tronçon: 208769295 -> 208769334, Longueur: 12.193949m, Rue: 
Tronçon: 208769295 -> 55475004, Longueur: 82.654625m, Rue: Avenue Antoine de Saint-Exupéry
Tronçon: 25932588 -> 25932590, Longueur: 49.045425m, Rue: Rue du 4 Août 1789
Tronçon: 205310605 -> 538824568, Longueur: 138.06184m, Rue: Rue Frédéric Romans
Tronçon: 25932598 -> 190889840, Longueur: 77.08924m, Rue: Rue Francis de Pressensé
Tronçon: 25932598 -> 60492194, Longueur: 197.53099m, Rue: Cours Émile Zola
Tronçon: 25932598 -> 191134741, Longueur: 62.674774m, Rue: Cours Émile Zola
Tronçon: 21674799 -> 21674800, Longueur: 76.02314m, Rue: Rue Duguesclin
Tronçon: 21674799 -> 25316365, Longueur: 132.43498m, Rue: Rue de Sèze
Tronçon: 25932596 -> 190951275, Longueur: 43.90788m, Rue: Rue du 4 Août 1789
Tronçon: 25173749 -> 25173760, Longueur: 65.2152m, Rue: Rue Victorien Sardou
Tronçon: 25173749 -> 25173835, Longueur: 169.77614m, Rue: Rue de l'Abbé Boisard
Tronçon: 21674798 -> 21674801, Longueur: 75.399765m, Rue: Rue Vendôme
Tronçon: 21674798 -> 1606993801, Longueur: 16.990509m, Rue: Rue de Sèze
Tronçon: 1148982742 -> 1148982743, Longueur: 12.261547m, Rue: Rue du Repos
Tronçon: 1148982742 -> 25495294, Longueur: 15.335281m, Rue: Rue du Repos
Tronçon: 1148982742 -> 195246, Longueur: 160.01527m, Rue: Rue du Repos
Tronçon: 1148982743 -> 1148982717, Longueur: 198.96637m, Rue: Rue du Repos
Tronçon: 25932593 -> 190951275, Longueur: 91.01872m, Rue: Rue du 4 Août 1789
Tronçon: 25932593 -> 191134782, Longueur: 93.70981m, Rue: Rue Pierre Baratin
Tronçon: 25932591 -> 1637479780, Longueur: 81.774605m, Rue: Avenue Marcel Cerdan
Tronçon: 25932591 -> 3230088390, Longueur: 77.82467m, Rue: Rue du 4 Août 1789
Tronçon: 25932591 -> 190951198, Longueur: 62.924553m, Rue: Rue Bourgchanin
Tronçon: 25932590 -> 1480230654, Longueur: 10.47348m, Rue: Rue du 4 Août 1789
Tronçon: 25733772 -> 25733776, Longueur: 191.32504m, Rue: Boulevard de la Bataille de Stalingrad
Tronçon: 25733772 -> 25618149, Longueur: 8.701779m, Rue: Rue Charlie Chaplin
Tronçon: 93856102 -> 93856091, Longueur: 112.087715m, Rue: Rue de Montagny
Tronçon: 93856102 -> 93856105, Longueur: 361.35767m, Rue: Rue des Jasmins
Tronçon: 190817812 -> 190817811, Longueur: 139.29782m, Rue: Rue Raspail
Tronçon: 190817812 -> 190817766, Longueur: 53.653942m, Rue: Rue Billon
Tronçon: 190817811 -> 190817805, Longueur: 119.453766m, Rue: Rue Raspail
Tronçon: 190817811 -> 254070189, Longueur: 191.19383m, Rue: Rue Édouard Vaillant
Tronçon: 93856105 -> 93856100, Longueur: 56.082497m, Rue: Rue Pierre Delore
Tronçon: 93856105 -> 415904109, Longueur: 27.630648m, Rue: Rue Pierre Delore
Tronçon: 602038463 -> 602038487, Longueur: 109.92553m, Rue: Impasse des Chalets
Tronçon: 93856100 -> 984553595, Longueur: 92.72384m, Rue: Rue Garon-Duret
Tronçon: 93856100 -> 93856105, Longueur: 56.082497m, Rue: Rue Pierre Delore
Tronçon: 93856100 -> 1026030547, Longueur: 70.53315m, Rue: Rue Pierre Delore
Tronçon: 25470916 -> 25547440, Longueur: 258.5272m, Rue: Rue Professeur Kleinclausz
Tronçon: 25470916 -> 382011401, Longueur: 21.197094m, Rue: Rue Audibert et Lavirotte
Tronçon: 25470916 -> 25470914, Longueur: 405.55032m, Rue: Rue Audibert et Lavirotte
Tronçon: 25470917 -> 25549075, Longueur: 117.39022m, Rue: Rue Pierre Delore
Tronçon: 25470917 -> 59640255, Longueur: 175.33365m, Rue: Rue Pierre Delore
Tronçon: 190817817 -> 190817794, Longueur: 77.15913m, Rue: Rue de la Famille
Tronçon: 190817817 -> 190817811, Longueur: 69.22837m, Rue: Rue Édouard Vaillant
Tronçon: 190817817 -> 190817799, Longueur: 122.37586m, Rue: Rue Geoffray
Tronçon: 25470914 -> 25471028, Longueur: 114.35743m, Rue: Rue Pierre Delore
Tronçon: 25470914 -> 25547435, Longueur: 97.99077m, Rue: Rue Audibert et Lavirotte
Tronçon: 25470914 -> 25470916, Longueur: 405.55032m, Rue: Rue Audibert et Lavirotte
Tronçon: 25470914 -> 25471053, Longueur: 196.95537m, Rue: Rue Pierre Delore
Tronçon: 191134392 -> 191134383, Longueur: 146.19673m, Rue: Avenue Paul Krüger
Tronçon: 191134392 -> 191134397, Longueur: 67.22697m, Rue: Rue Cyprian
Tronçon: 191134392 -> 191134439, Longueur: 90.601555m, Rue: Rue Cyprian
Tronçon: 191134392 -> 191134429, Longueur: 227.28114m, Rue: Avenue Paul Krüger
Tronçon: 4150021194 -> 1370403200, Longueur: 7.0364823m, Rue: Rue Émile Decorps
Tronçon: 4150021194 -> 4150019169, Longueur: 69.26207m, Rue: Rue Émile Decorps
Tronçon: 21702411 -> 21702410, Longueur: 12.784036m, Rue: Rue Bataille
Tronçon: 21702411 -> 21702413, Longueur: 287.9207m, Rue: Boulevard Jean XXIII
Tronçon: 21702412 -> 21702417, Longueur: 136.85303m, Rue: Rue Maryse Bastié
Tronçon: 21702412 -> 21702410, Longueur: 313.60364m, Rue: Boulevard Jean XXIII
Tronçon: 191134397 -> 191134392, Longueur: 67.22697m, Rue: Rue Cyprian
Tronçon: 191134397 -> 191134496, Longueur: 138.89345m, Rue: Rue Jules Guesde
Tronçon: 191134397 -> 1988133711, Longueur: 48.08656m, Rue: Rue Cyprian
Tronçon: 21702410 -> 21702760, Longueur: 215.91937m, Rue: Boulevard Jean XXIII
Tronçon: 21702410 -> 21703544, Longueur: 338.89694m, Rue: Rue Bataille
Tronçon: 21702413 -> 21702412, Longueur: 24.351454m, Rue: Rue Maryse Bastié
Tronçon: 21702413 -> 21702422, Longueur: 157.5961m, Rue: Boulevard Jean XXIII
Tronçon: 1874920127 -> 1874920130, Longueur: 152.3388m, Rue: Impasse Brive
Tronçon: 1874920127 -> 55444215, Longueur: 72.845566m, Rue: Rue Léon Blum
Tronçon: 2512682814 -> 21715425, Longueur: 32.96518m, Rue: Avenue Rockefeller
Tronçon: 2512682814 -> 564766082, Longueur: 8.25934m, Rue: Rue Montvert
Tronçon: 1036842321 -> 34401008, Longueur: 102.13676m, Rue: Rue Paul Bert
Tronçon: 1036842321 -> 25258522, Longueur: 61.70472m, Rue: Rue André Philip
Tronçon: 208769279 -> 54803122, Longueur: 72.628426m, Rue: Rue Saint-Victorien
Tronçon: 208769279 -> 26086117, Longueur: 128.86993m, Rue: Rue Saint-Victorien
Tronçon: 1874920130 -> 1874920127, Longueur: 152.3388m, Rue: Impasse Brive
Tronçon: 1026166670 -> 25310905, Longueur: 83.429474m, Rue: Rue Barrier
Tronçon: 1026166670 -> 25319181, Longueur: 17.152617m, Rue: Cours Lafayette
Tronçon: 21696145 -> 21696193, Longueur: 172.83714m, Rue: Rue Léo et Maurice Trouilhet
Tronçon: 21696145 -> 143421, Longueur: 88.06249m, Rue: Rue Saint-Maurice
Tronçon: 21702430 -> 21702431, Longueur: 114.73705m, Rue: Impasse Baraille
Tronçon: 2865000883 -> 2865000885, Longueur: 81.47428m, Rue: Rue Camille
Tronçon: 191134374 -> 34829073, Longueur: 3.873108m, Rue: Route de Genas
Tronçon: 191134374 -> 2857957343, Longueur: 91.843445m, Rue: Route de Genas
Tronçon: 2512682805 -> 2512682814, Longueur: 114.17931m, Rue: Avenue Rockefeller
Tronçon: 2512682805 -> 257682550, Longueur: 9.786228m, Rue: Rue Victor de Laprade
Tronçon: 2865000885 -> 26149164, Longueur: 74.17608m, Rue: Rue Camille
Tronçon: 2865000885 -> 2865000883, Longueur: 81.47428m, Rue: Rue Camille
Tronçon: 21702433 -> 18232180, Longueur: 73.12322m, Rue: Rue Antoine Lumière
Tronçon: 191134377 -> 191134369, Longueur: 57.525593m, Rue: Rue des Lauriers
Tronçon: 191134377 -> 191134374, Longueur: 278.08862m, Rue: Rue Pierre Bressat
Tronçon: 191134377 -> 191134383, Longueur: 31.664454m, Rue: Rue Pierre Bressat
Tronçon: 191134377 -> 2857957362, Longueur: 52.25962m, Rue: Rue des Lauriers
Tronçon: 21702431 -> 21702433, Longueur: 176.55794m, Rue: Rue des Alouettes
Tronçon: 21702431 -> 245957281, Longueur: 233.86282m, Rue: Rue des Lilas
Tronçon: 21702431 -> 21702430, Longueur: 114.73705m, Rue: Impasse Baraille
Tronçon: 21702437 -> 21702419, Longueur: 159.71768m, Rue: Boulevard Jean XXIII
Tronçon: 1148982717 -> 1148982730, Longueur: 7.6384525m, Rue: Rue du Repos
Tronçon: 1148982717 -> 25495299, Longueur: 9.838882m, Rue: Rue du Repos
Tronçon: 21702438 -> 1029591870, Longueur: 16.637556m, Rue: Avenue des Frères Lumière
Tronçon: 21702438 -> 21702423, Longueur: 77.24829m, Rue: Boulevard Jean XXIII
Tronçon: 21702435 -> 29006600, Longueur: 140.69926m, Rue: Promenade Léa et Napoléon Bullukian
Tronçon: 21702435 -> 21604593, Longueur: 39.647953m, Rue: Rue du Professeur Calmette
Tronçon: 21702435 -> 21702437, Longueur: 70.915565m, Rue: Rue du Professeur Calmette
Tronçon: 21702435 -> 21702423, Longueur: 59.097878m, Rue: Promenade Léa et Napoléon Bullukian
Tronçon: 21702419 -> 21702418, Longueur: 15.284851m, Rue: Rue des Alouettes
Tronçon: 21702419 -> 21702412, Longueur: 150.70132m, Rue: Boulevard Jean XXIII
Tronçon: 21702419 -> 21702422, Longueur: 19.786991m, Rue: Passage des Alouettes
Tronçon: 21702417 -> 21704354, Longueur: 161.75996m, Rue: Rue des Alouettes
Tronçon: 21702417 -> 7300869, Longueur: 226.20677m, Rue: Rue Maryse Bastié
Tronçon: 21702418 -> 21702417, Longueur: 101.1111m, Rue: Rue des Alouettes
Tronçon: 21702418 -> 21702419, Longueur: 15.284851m, Rue: Rue des Alouettes
Tronçon: 479185290 -> 25173835, Longueur: 98.039276m, Rue: Rue de l'Abbé Boisard
Tronçon: 479185290 -> 479185301, Longueur: 76.625084m, Rue: Rue de l'Abbé Boisard
Tronçon: 190817805 -> 1637473454, Longueur: 40.27737m, Rue: Rue Benjamin Constant
Tronçon: 190817805 -> 1423343066, Longueur: 120.328674m, Rue: Rue Raspail
Tronçon: 191134383 -> 191134392, Longueur: 146.19673m, Rue: Avenue Paul Krüger
Tronçon: 191134383 -> 191134369, Longueur: 75.74293m, Rue: Avenue Paul Krüger
Tronçon: 191134383 -> 191134377, Longueur: 31.664454m, Rue: Rue Pierre Bressat
Tronçon: 191134383 -> 191134496, Longueur: 121.14928m, Rue: Rue Jean-Baptiste Durand
Tronçon: 21702422 -> 21703587, Longueur: 137.8041m, Rue: Passage des Alouettes
Tronçon: 21702422 -> 21702424, Longueur: 220.56752m, Rue: Boulevard Jean XXIII
Tronçon: 21702422 -> 21702419, Longueur: 19.786991m, Rue: Passage des Alouettes
Tronçon: 21702423 -> 21702424, Longueur: 14.341512m, Rue: Rue Léa et Napoléon Bullukian
Tronçon: 21702423 -> 21702435, Longueur: 59.097878m, Rue: Promenade Léa et Napoléon Bullukian
Tronçon: 21702423 -> 21702437, Longueur: 46.74214m, Rue: Boulevard Jean XXIII
Tronçon: 21702421 -> 21702411, Longueur: 197.70412m, Rue: Rue Bataille
Tronçon: 21702421 -> 21702413, Longueur: 258.74826m, Rue: Rue Maryse Bastié
Tronçon: 191134387 -> 239603465, Longueur: 39.202938m, Rue: Route de Genas
Tronçon: 191134387 -> 240470324, Longueur: 15.296231m, Rue: Route de Genas
Tronçon: 191134387 -> 191134439, Longueur: 203.79407m, Rue: Rue Cyprian
Tronçon: 21702424 -> 21704345, Longueur: 194.05954m, Rue: Rue Léa et Napoléon Bullukian
Tronçon: 21702424 -> 1029591870, Longueur: 82.35745m, Rue: Boulevard Jean XXIII
Tronçon: 21702424 -> 21702423, Longueur: 14.341512m, Rue: Rue Léa et Napoléon Bullukian
Tronçon: 26108118 -> 567859674, Longueur: 27.745827m, Rue: Rue André Bollier
Tronçon: 26108118 -> 26289594, Longueur: 76.04581m, Rue: Avenue Jean Jaurès
Tronçon: 26108118 -> 26120302, Longueur: 141.51547m, Rue: Avenue Jean Jaurès
Tronçon: 25451872 -> 9214618, Longueur: 103.86201m, Rue: Rue de Marseille
Tronçon: 25451872 -> 25451935, Longueur: 56.837883m, Rue: Rue du Professeur Grignard
Tronçon: 25451871 -> 25451872, Longueur: 95.18547m, Rue: Rue de Marseille
Tronçon: 25451871 -> 26058769, Longueur: 83.67893m, Rue: Rue Jaboulay
Tronçon: 984553571 -> 984553611, Longueur: 58.613125m, Rue: Place Julien Duret
Tronçon: 1835888314 -> 2984665361, Longueur: 30.52258m, Rue: Rue des Jardins
Tronçon: 1835888314 -> 2984665365, Longueur: 16.159834m, Rue: Rue des Jardins
Tronçon: 1835888314 -> 1109063401, Longueur: 242.56604m, Rue: Rue des Jardins
Tronçon: 208776568 -> 208769120, Longueur: 68.82436m, Rue: Rue de Nazareth
Tronçon: 208776568 -> 26086129, Longueur: 138.84m, Rue: Rue Sainte-Anne de Baraban
Tronçon: 26108120 -> 25613678, Longueur: 81.72862m, Rue: Rue de l'Université
Tronçon: 26108120 -> 26058151, Longueur: 135.44356m, Rue: Rue Cavenne
Tronçon: 25451862 -> 9214651, Longueur: 82.58975m, Rue: Avenue Berthelot
Tronçon: 25451862 -> 25451863, Longueur: 101.83405m, Rue: Place Jules Guesde
Tronçon: 25451866 -> 15925451, Longueur: 97.50652m, Rue: Rue Bancel
Tronçon: 25451866 -> 25451865, Longueur: 56.398106m, Rue: Rue Jaboulay
Tronçon: 25451865 -> 25451868, Longueur: 92.77533m, Rue: Rue Sébastien Gryphe
Tronçon: 25451865 -> 25451869, Longueur: 39.119205m, Rue: Rue Jaboulay
Tronçon: 25451863 -> 25451865, Longueur: 98.04449m, Rue: Rue Sébastien Gryphe
Tronçon: 25451863 -> 15925451, Longueur: 61.99823m, Rue: Rue du Professeur Grignard
Tronçon: 25932614 -> 528993516, Longueur: 134.24364m, Rue: Boulevard Eugène Deruelle
Tronçon: 25932614 -> 25932613, Longueur: 79.058266m, Rue: Boulevard Eugène Deruelle
Tronçon: 25932613 -> 25310907, Longueur: 53.1356m, Rue: Rue Ney
Tronçon: 25932613 -> 25932614, Longueur: 79.058266m, Rue: Boulevard Eugène Deruelle
Tronçon: 25451869 -> 25451871, Longueur: 59.464314m, Rue: Rue Jaboulay
Tronçon: 25451869 -> 25451999, Longueur: 92.671974m, Rue: Rue Béchevelin
Tronçon: 25932612 -> 25310908, Longueur: 45.95226m, Rue: Boulevard Vivier-Merle
Tronçon: 25932612 -> 25932613, Longueur: 84.181946m, Rue: Boulevard Eugène Deruelle
Tronçon: 25451868 -> 26731437, Longueur: 49.20363m, Rue: Rue Sébastien Gryphe
Tronçon: 25451868 -> 25451982, Longueur: 50.17435m, Rue: Rue Chevreul
Tronçon: 58584503 -> 55447034, Longueur: 193.32808m, Rue: Rue Docteur Rollet
Tronçon: 58584503 -> 1423419182, Longueur: 216.66109m, Rue: Rue Docteur Rollet
Tronçon: 58584508 -> 55447043, Longueur: 163.36069m, Rue: Rue du 4 Août 1789
Tronçon: 58584508 -> 58584518, Longueur: 127.5704m, Rue: Rue Hippolyte Kahn
Tronçon: 4543355754 -> 4543355753, Longueur: 17.501173m, Rue: 
Tronçon: 4543355754 -> 26033320, Longueur: 63.69394m, Rue: Rue Paul Bert
Tronçon: 4543355754 -> 975656243, Longueur: 7.920774m, Rue: Rue Paul Bert
Tronçon: 4543355753 -> 34401974, Longueur: 7.3461943m, Rue: Place des Martyrs de la Résistance
Tronçon: 58584500 -> 1423350636, Longueur: 15.469671m, Rue: Cours Émile Zola
Tronçon: 58584500 -> 1423419182, Longueur: 27.056631m, Rue: Rue Docteur Rollet
Tronçon: 58584500 -> 58584535, Longueur: 57.876694m, Rue: Cours Émile Zola
Tronçon: 984553595 -> 984553611, Longueur: 75.14894m, Rue: Rue Garon-Duret
Tronçon: 984553595 -> 93856100, Longueur: 92.72384m, Rue: Rue Garon-Duret
Tronçon: 984553595 -> 984553558, Longueur: 55.448357m, Rue: Place Julien Duret
Tronçon: 26235107 -> 21674908, Longueur: 72.76094m, Rue: Rue Étienne Rognon
Tronçon: 26235109 -> 25499220, Longueur: 37.370094m, Rue: Rue Jaboulay
Tronçon: 26235109 -> 26058935, Longueur: 31.226511m, Rue: Rue Jaboulay
Tronçon: 58584515 -> 558818257, Longueur: 130.18034m, Rue: Rue Anatole France
Tronçon: 58584515 -> 54695781, Longueur: 213.15207m, Rue: Rue Racine
Tronçon: 58584515 -> 1291421577, Longueur: 78.30088m, Rue: Rue Racine
Tronçon: 58584518 -> 54704547, Longueur: 155.63863m, Rue: Rue Louis Becker
Tronçon: 58584518 -> 58584508, Longueur: 127.5704m, Rue: Rue Hippolyte Kahn
Tronçon: 58584518 -> 58584511, Longueur: 252.19313m, Rue: Rue Hippolyte Kahn
Tronçon: 58584511 -> 1421966792, Longueur: 49.121494m, Rue: Rue Anatole France
Tronçon: 58584511 -> 26297447, Longueur: 244.2155m, Rue: Rue Hippolyte Kahn
Tronçon: 26286759 -> 251069553, Longueur: 81.94857m, Rue: Rue Louis
Tronçon: 26286759 -> 3452410723, Longueur: 150.05879m, Rue: Cours Richard Vitton
Tronçon: 25932608 -> 26296433, Longueur: 49.935356m, Rue: Cours Émile Zola
Tronçon: 25932608 -> 25932607, Longueur: 83.0855m, Rue: Cours Émile Zola
Tronçon: 25932607 -> 25932608, Longueur: 83.0855m, Rue: Cours Émile Zola
Tronçon: 25932607 -> 1433939683, Longueur: 49.052135m, Rue: Rue d'Alsace
Tronçon: 25932607 -> 25932606, Longueur: 77.467m, Rue: Cours Émile Zola
Tronçon: 25932606 -> 26297432, Longueur: 151.64096m, Rue: Rue Magenta
Tronçon: 25932606 -> 25932605, Longueur: 61.070038m, Rue: Cours Émile Zola
Tronçon: 25932606 -> 25932607, Longueur: 77.467m, Rue: Cours Émile Zola
Tronçon: 25932605 -> 1423304200, Longueur: 11.181685m, Rue: Cours Émile Zola
Tronçon: 25932605 -> 54704613, Longueur: 138.40018m, Rue: Rue de la Bastille
Tronçon: 25932605 -> 25932606, Longueur: 61.070038m, Rue: Cours Émile Zola
Tronçon: 25932604 -> 1423304200, Longueur: 148.82574m, Rue: Cours Émile Zola
Tronçon: 25932604 -> 26297443, Longueur: 94.719406m, Rue: Cours de la République
Tronçon: 25932604 -> 25932603, Longueur: 152.65834m, Rue: Cours Émile Zola
Tronçon: 25932604 -> 2774590462, Longueur: 135.98303m, Rue: Cours de la République
Tronçon: 25932603 -> 1422033320, Longueur: 123.62589m, Rue: Cours Émile Zola
Tronçon: 25932603 -> 110421994, Longueur: 199.38051m, Rue: Rue Hippolyte Kahn
Tronçon: 25932603 -> 25932604, Longueur: 152.65834m, Rue: Cours Émile Zola
Tronçon: 1438257885 -> 21674805, Longueur: 9.989355m, Rue: Boulevard des Belges
Tronçon: 1438257885 -> 25722293, Longueur: 83.36731m, Rue: Avenue de Grande-Bretagne
Tronçon: 25932602 -> 110422026, Longueur: 245.06389m, Rue: Rue Léon Chomel
Tronçon: 25932602 -> 58584525, Longueur: 56.053318m, Rue: Cours Émile Zola
Tronçon: 25932602 -> 1384133087, Longueur: 15.424824m, Rue: Cours Émile Zola
Tronçon: 21674896 -> 26009843, Longueur: 58.64056m, Rue: Quai Victor Augagneur
Tronçon: 21674896 -> 26009828, Longueur: 36.332214m, Rue: Rue Chaponnay
Tronçon: 21674895 -> 25327130, Longueur: 95.981674m, Rue: Cours Franklin Roosevelt
Tronçon: 21674895 -> 21674799, Longueur: 88.92819m, Rue: Rue Duguesclin
Tronçon: 21674898 -> 21674900, Longueur: 36.900894m, Rue: Rue Aimé Collomb
Tronçon: 21674898 -> 26009844, Longueur: 33.41166m, Rue: Rue Aimé Collomb
Tronçon: 21674897 -> 728283328, Longueur: 40.263718m, Rue: Rue Chaponnay
Tronçon: 21674897 -> 21674898, Longueur: 94.15471m, Rue: Rue de la Victoire
Tronçon: 644712590 -> 25471715, Longueur: 5.667331m, Rue: Rue Paul Cazeneuve
Tronçon: 644712590 -> 984186437, Longueur: 24.368372m, Rue: Rue Paul Cazeneuve
Tronçon: 245026011 -> 292658562, Longueur: 103.751656m, Rue: Rue Paul Pic
Tronçon: 245026011 -> 245026013, Longueur: 14.591868m, Rue: Rue Paul Pic
Tronçon: 245026011 -> 1373825334, Longueur: 160.1769m, Rue: Rue Paul Pic
Tronçon: 26286760 -> 25611395, Longueur: 20.085695m, Rue: Rue Antonin Perrin
Tronçon: 26286760 -> 52564033, Longueur: 31.547129m, Rue: Cours Richard Vitton
Tronçon: 26286760 -> 1383027258, Longueur: 44.19373m, Rue: Rue Bonnand
Tronçon: 26286762 -> 1383027258, Longueur: 25.739681m, Rue: Rue Charles Richard
Tronçon: 245026019 -> 245026018, Longueur: 9.452666m, Rue: Rue Paul Bellemain
Tronçon: 245026019 -> 245023188, Longueur: 214.41173m, Rue: Avenue Édouard Herriot
Tronçon: 245026019 -> 292658562, Longueur: 31.262045m, Rue: Rue Paul Pic
Tronçon: 245026018 -> 245026019, Longueur: 9.452666m, Rue: Rue Paul Bellemain
Tronçon: 245026018 -> 245026016, Longueur: 110.97144m, Rue: Rue Paul Bellemain
Tronçon: 245026018 -> 452908361, Longueur: 54.65842m, Rue: Avenue Édouard Herriot
Tronçon: 245026016 -> 245023190, Longueur: 429.86383m, Rue: Square Laurent Bonnevay
Tronçon: 245026016 -> 245026015, Longueur: 13.053394m, Rue: Square Laurent Bonnevay
Tronçon: 245026015 -> 245026016, Longueur: 13.053394m, Rue: Square Laurent Bonnevay
Tronçon: 245026015 -> 245023190, Longueur: 189.82498m, Rue: Square Laurent Bonnevay
Tronçon: 975728143 -> 34387221, Longueur: 93.243645m, Rue: Rue de Bonnel
Tronçon: 245026013 -> 245025984, Longueur: 29.794321m, Rue: Rue Paul Pic
Tronçon: 245026013 -> 292658561, Longueur: 105.19967m, Rue: Rue Paul Pic
Tronçon: 245026013 -> 245026011, Longueur: 14.591868m, Rue: Rue Paul Pic
Tronçon: 245026022 -> 245031137, Longueur: 46.885967m, Rue: Avenue d'Annonay
Tronçon: 245026021 -> 245031137, Longueur: 152.01743m, Rue: Avenue d'Annonay
Tronçon: 245026021 -> 245031145, Longueur: 80.51601m, Rue: Rue Jean Jaurès
Tronçon: 245026021 -> 1373825343, Longueur: 93.93172m, Rue: Rue Jean Jaurès
Tronçon: 984553558 -> 984553595, Longueur: 55.448357m, Rue: Place Julien Duret
Tronçon: 25334442 -> 195266, Longueur: 68.44089m, Rue: Rue Saint-Maximin
Tronçon: 25334442 -> 474605974, Longueur: 115.165535m, Rue: Rue Rossan
Tronçon: 195222 -> 26480401, Longueur: 30.342552m, Rue: Rue de la Barre
Tronçon: 195222 -> 21674906, Longueur: 289.16418m, Rue: Cours Gambetta Pont de la Guillotière
Tronçon: 195222 -> 1468553185, Longueur: 26.627417m, Rue: Quai Jules Courmont
Tronçon: 821518051 -> 1036025445, Longueur: 57.816307m, Rue: Cours de la Liberté
Tronçon: 3840320449 -> 26416315, Longueur: 68.72521m, Rue: Cours Lafayette
Tronçon: 240348199 -> 240348216, Longueur: 61.1054m, Rue: 
Tronçon: 240348199 -> 240348238, Longueur: 15.065577m, Rue: 
Tronçon: 195237 -> 25451960, Longueur: 87.434616m, Rue: Rue de l'Université
Tronçon: 195237 -> 25499212, Longueur: 98.82032m, Rue: Rue Saint-Jérôme
Tronçon: 195236 -> 25451937, Longueur: 74.86215m, Rue: Rue Sébastien Gryphe
Tronçon: 195236 -> 26059219, Longueur: 22.776085m, Rue: Rue de l'Université
Tronçon: 195236 -> 26731431, Longueur: 58.199806m, Rue: Place du Prado
Tronçon: 2450596804 -> 25327140, Longueur: 11.623278m, Rue: Rue Louis Blanc
Tronçon: 2450596804 -> 25310904, Longueur: 64.96264m, Rue: Rue Louis Blanc
Tronçon: 195239 -> 25153100, Longueur: 75.75594m, Rue: Rue Marc Bloch
Tronçon: 195239 -> 25499150, Longueur: 81.00463m, Rue: Rue du Colombier
Tronçon: 195231 -> 24485888, Longueur: 83.25076m, Rue: Rue Sainte-Hélène Place Gailleton
Tronçon: 195231 -> 829528479, Longueur: 32.78423m, Rue: Quai du Docteur Gailleton
Tronçon: 195232 -> 829528479, Longueur: 26.091942m, Rue: Quai du Docteur Gailleton
Tronçon: 195232 -> 1037257423, Longueur: 17.03135m, Rue: Quai du Docteur Gailleton
Tronçon: 195235 -> 21674905, Longueur: 67.588264m, Rue: Rue de l'Université
Tronçon: 195235 -> 26731434, Longueur: 113.75247m, Rue: Rue Béchevelin
Tronçon: 195234 -> 26108120, Longueur: 71.15991m, Rue: Rue de l'Université
Tronçon: 195234 -> 26058153, Longueur: 132.50288m, Rue: Rue Pasteur
Tronçon: 25153100 -> 581678, Longueur: 71.14922m, Rue: Rue Marc Bloch
Tronçon: 25153100 -> 25153071, Longueur: 75.42205m, Rue: Rue Élie Rochette
Tronçon: 25153102 -> 1475230727, Longueur: 6.215994m, Rue: Rue de la Thibaudière
Tronçon: 25153102 -> 25337450, Longueur: 58.52685m, Rue: Rue de la Madeleine
Tronçon: 25153101 -> 25499165, Longueur: 14.120337m, Rue: Rue Saint-Lazare
Tronçon: 25153101 -> 195239, Longueur: 57.258602m, Rue: Rue Marc Bloch
Tronçon: 25153108 -> 1035871899, Longueur: 94.125114m, Rue: Rue Domer
Tronçon: 25153108 -> 25153101, Longueur: 13.183957m, Rue: Rue Marc Bloch
Tronçon: 3875764382 -> 25468033, Longueur: 128.63557m, Rue: Rue Notre-Dame
Tronçon: 3875764382 -> 25468030, Longueur: 65.14535m, Rue: Rue de la Viabert
Tronçon: 25153103 -> 25337456, Longueur: 84.216705m, Rue: Rue de la Thibaudière
Tronçon: 25153103 -> 25337448, Longueur: 52.669567m, Rue: Rue Élie Rochette
Tronçon: 25153103 -> 1475230727, Longueur: 106.88424m, Rue: Rue de la Thibaudière
Tronçon: 254567104 -> 25468070, Longueur: 64.74053m, Rue: Rue Riboud
Tronçon: 412286091 -> 25499136, Longueur: 21.205215m, Rue: Rue Marc Bloch
Tronçon: 25611274 -> 26149140, Longueur: 62.660088m, Rue: Boulevard Pinel
Tronçon: 25611274 -> 25611365, Longueur: 110.807m, Rue: Route de Genas
Tronçon: 25611274 -> 191134501, Longueur: 247.9463m, Rue: Rue des Fleurs
Tronçon: 25611272 -> 191134505, Longueur: 275.19608m, Rue: Rue Christian de Wett
Tronçon: 25611272 -> 25611274, Longueur: 115.18777m, Rue: Route de Genas
Tronçon: 1375459139 -> 26132218, Longueur: 56.396465m, Rue: Rue Ludovic Arrachart
Tronçon: 1375459139 -> 26132381, Longueur: 166.01825m, Rue: Rue Ludovic Arrachart
Tronçon: 1655683917 -> 60755977, Longueur: 14.065689m, Rue: Rue du Professeur Roux
Tronçon: 1655683917 -> 25631308, Longueur: 237.03708m, Rue: Rue Henri Barbusse
Tronçon: 1655683917 -> 4020676717, Longueur: 82.333435m, Rue: Rue Henri Barbusse
Tronçon: 21674801 -> 25316395, Longueur: 55.364555m, Rue: Rue Vendôme
Tronçon: 21674801 -> 26053016, Longueur: 86.20305m, Rue: Rue Bossuet
Tronçon: 21674800 -> 25316410, Longueur: 55.142097m, Rue: Rue Duguesclin
Tronçon: 21674800 -> 25316436, Longueur: 96.4099m, Rue: Rue Bossuet
Tronçon: 21674803 -> 25310931, Longueur: 118.6514m, Rue: Rue Pierre Corneille
Tronçon: 21674803 -> 25319260, Longueur: 66.57593m, Rue: Rue Rabelais
Tronçon: 21674802 -> 25319255, Longueur: 60.17143m, Rue: Rue Vendôme
Tronçon: 21674802 -> 21604551, Longueur: 78.83988m, Rue: Rue Rabelais
Tronçon: 1480230654 -> 1480230656, Longueur: 176.61148m, Rue: Rue Louis Galvani
Tronçon: 1480230654 -> 25932591, Longueur: 38.59595m, Rue: Rue du 4 Août 1789
Tronçon: 21674805 -> 1362781017, Longueur: 147.21283m, Rue: Avenue de Grande-Bretagne
Tronçon: 21674805 -> 25495340, Longueur: 60.315704m, Rue: Boulevard des Belges
Tronçon: 21674804 -> 26053250, Longueur: 88.20673m, Rue: Rue Pierre Corneille
Tronçon: 21674804 -> 26054493, Longueur: 67.5744m, Rue: Rue Servient
Tronçon: 1480230656 -> 2858140658, Longueur: 88.858315m, Rue: Impasse Louis Galvani
Tronçon: 1480230656 -> 1480230654, Longueur: 176.61148m, Rue: Rue Louis Galvani
Tronçon: 1480230656 -> 1426128895, Longueur: 51.959602m, Rue: Rue Louis Galvani
Tronçon: 21674807 -> 25316177, Longueur: 65.913536m, Rue: Rue Duquesne
Tronçon: 21674807 -> 25316197, Longueur: 121.15246m, Rue: Rue Duguesclin
Tronçon: 21674806 -> 25495334, Longueur: 50.37523m, Rue: Rue Duguesclin
Tronçon: 21674806 -> 25495335, Longueur: 79.8559m, Rue: Boulevard des Belges
Tronçon: 21674806 -> 25495340, Longueur: 123.47773m, Rue: Boulevard des Belges
Tronçon: 21674809 -> 25316256, Longueur: 91.04166m, Rue: Rue Sully
Tronçon: 21674809 -> 25316255, Longueur: 53.525112m, Rue: Rue Vendôme
Tronçon: 21674808 -> 25316247, Longueur: 98.26955m, Rue: Rue Sully
Tronçon: 21674808 -> 25316251, Longueur: 51.44536m, Rue: Rue Duguesclin
Tronçon: 253417073 -> 130143402, Longueur: 138.2662m, Rue: Rue Louis Thévenet
Tronçon: 253417073 -> 130144270, Longueur: 142.67319m, Rue: Rue Louis Thévenet Rue Richan
Tronçon: 3870640550 -> 26316432, Longueur: 117.66286m, Rue: Rue de la Cité
Tronçon: 25611211 -> 25611212, Longueur: 19.433325m, Rue: Route de Genas
Tronçon: 25611211 -> 624172892, Longueur: 34.612976m, Rue: Cours Richard Vitton
Tronçon: 25611209 -> 624172877, Longueur: 30.741154m, Rue: Rue du Vinatier
Tronçon: 1029591870 -> 21604594, Longueur: 13.500027m, Rue: Avenue des Frères Lumière
Tronçon: 277045916 -> 277045917, Longueur: 42.929176m, Rue: Rue Amédée Lambert
Tronçon: 277045916 -> 25450966, Longueur: 31.409182m, Rue: Rue Béchevelin
Tronçon: 25611212 -> 4146048139, Longueur: 15.892542m, Rue: Rue Émile Decorps
Tronçon: 25611212 -> 4150019167, Longueur: 13.662801m, Rue: Route de Genas
Tronçon: 251050862 -> 1682387539, Longueur: 114.692825m, Rue: Rue des Prévoyants de l'Avenir
Tronçon: 251050862 -> 2129259173, Longueur: 114.30229m, Rue: Rue Bara
Tronçon: 1510257225 -> 959373476, Longueur: 331.53058m, Rue: Quai Jules Courmont
Tronçon: 277045917 -> 2087284322, Longueur: 20.994513m, Rue: Rue Amédée Lambert
Tronçon: 277045917 -> 276635164, Longueur: 31.36323m, Rue: Rue Saint-André
Tronçon: 1608509611 -> 1362204813, Longueur: 22.374172m, Rue: Rue Octavie
Tronçon: 1608509611 -> 190951501, Longueur: 43.73795m, Rue: Rue Octavie
Tronçon: 1608509611 -> 1608509567, Longueur: 53.310574m, Rue: Rue Daniel Llacer
Tronçon: 191134473 -> 191134490, Longueur: 66.525345m, Rue: Rue Jules Guesde
Tronçon: 191134473 -> 191134485, Longueur: 238.4669m, Rue: Rue de l'AvenirRue Combet
Tronçon: 197288369 -> 197310460, Longueur: 102.83602m, Rue: Rue des Jardins
Tronçon: 197288369 -> 197288365, Longueur: 74.703316m, Rue: Allée du Mens
Tronçon: 205310558 -> 27512832, Longueur: 51.60308m, Rue: Avenue Gaston Berger
Tronçon: 205310558 -> 538824568, Longueur: 440.33984m, Rue: Rue Frédéric Romans Boulevard André Latarjet Boulevard André Ladestination
Tronçon: 197288363 -> 1608264170, Longueur: 42.70399m, Rue: Allée du Mens
Tronçon: 197288363 -> 197288365, Longueur: 88.15072m, Rue: Allée du Mens
Tronçon: 191134485 -> 191134490, Longueur: 157.63998m, Rue: Rue des Roses
Tronçon: 191134485 -> 191134348, Longueur: 47.330074m, Rue: Rue des Roses
Tronçon: 191134485 -> 191134473, Longueur: 238.4669m, Rue: Rue de l'AvenirRue Combet
Tronçon: 197288365 -> 1984104231, Longueur: 3.1402595m, Rue: Rue des Acacias
Tronçon: 197288365 -> 197288369, Longueur: 74.703316m, Rue: Allée du Mens
Tronçon: 197288365 -> 197288363, Longueur: 88.15072m, Rue: Allée du Mens
Tronçon: 197288360 -> 1608264170, Longueur: 20.035269m, Rue: Allée du Mens
Tronçon: 190817799 -> 190817757, Longueur: 116.30918m, Rue: Rue Geoffray
Tronçon: 190817799 -> 190817817, Longueur: 122.37586m, Rue: Rue Geoffray
Tronçon: 190817799 -> 1637473454, Longueur: 42.53557m, Rue: Rue Benjamin Constant
Tronçon: 352752295 -> 286483713, Longueur: 136.4003m, Rue: Rue Jean Baldassini
Tronçon: 352752295 -> 286483707, Longueur: 147.70915m, Rue: Rue Jean Baldassini
Tronçon: 1375459149 -> 1375459139, Longueur: 141.19707m, Rue: 
Tronçon: 1375459149 -> 26132620, Longueur: 174.86743m, Rue: Boulevard des États-Unis
Tronçon: 208769334 -> 208769303, Longueur: 15.276517m, Rue: 
Tronçon: 208769334 -> 208769295, Longueur: 12.193949m, Rue: 
Tronçon: 208769334 -> 48830474, Longueur: 86.07172m, Rue: Rue Richelieu
Tronçon: 654019202 -> 984186473, Longueur: 22.338015m, Rue: Rue Paul Cazeneuve
Tronçon: 654019202 -> 25471074, Longueur: 19.119843m, Rue: Rue Paul Cazeneuve
Tronçon: 249801845 -> 250042857, Longueur: 29.81919m, Rue: Rue Kimmerling
Tronçon: 249801845 -> 26317235, Longueur: 168.98726m, Rue: Rue Kimmerling
Tronçon: 21718034 -> 21718033, Longueur: 10.411665m, Rue: Boulevard Ambroise Paré
Tronçon: 21718034 -> 27362899, Longueur: 35.351364m, Rue: Avenue Jean Mermoz
Tronçon: 21718034 -> 27362894, Longueur: 281.53613m, Rue: Boulevard Edmond Michelet
Tronçon: 190817778 -> 190817817, Longueur: 73.12446m, Rue: Rue Édouard Vaillant
Tronçon: 190817778 -> 190817788, Longueur: 71.81227m, Rue: Rue du Foyer
Tronçon: 21718033 -> 21718034, Longueur: 10.411665m, Rue: Boulevard Ambroise Paré
Tronçon: 21718033 -> 143403, Longueur: 140.30666m, Rue: Avenue Jean Mermoz
Tronçon: 21718033 -> 21717939, Longueur: 304.35153m, Rue: Boulevard Ambroise Paré
Tronçon: 191134439 -> 191134392, Longueur: 90.601555m, Rue: Rue Cyprian
Tronçon: 191134439 -> 2857957362, Longueur: 102.82633m, Rue: Rue des Lauriers
Tronçon: 191134439 -> 191134387, Longueur: 203.79407m, Rue: Rue Cyprian
Tronçon: 190817783 -> 190817788, Longueur: 54.930313m, Rue: Rue du Foyer
Tronçon: 190817783 -> 110422063, Longueur: 75.12501m, Rue: Rue Billon
Tronçon: 3351626551 -> 25306178, Longueur: 45.453083m, Rue: Avenue Maréchal de Saxe
Tronçon: 3351626551 -> 320914498, Longueur: 25.266098m, Rue: Rue Saint-Jacques
Tronçon: 190817788 -> 190817783, Longueur: 54.930313m, Rue: Rue du Foyer
Tronçon: 190817788 -> 190817794, Longueur: 75.908585m, Rue: Impasse Chosson
Tronçon: 190817788 -> 190817778, Longueur: 71.81227m, Rue: Rue du Foyer
Tronçon: 208769312 -> 208769303, Longueur: 15.056885m, Rue: 
Tronçon: 208769312 -> 208769295, Longueur: 9.775154m, Rue: 
Tronçon: 208769312 -> 342868447, Longueur: 82.82316m, Rue: Rue Richelieu
Tronçon: 1445329952 -> 567871891, Longueur: 93.305824m, Rue: Rue Clément Marot
Tronçon: 1445329952 -> 26120302, Longueur: 104.61556m, Rue: Rue Clément Marot
Tronçon: 190817794 -> 190817766, Longueur: 55.859703m, Rue: Rue de la Famille
Tronçon: 190817794 -> 190817817, Longueur: 77.15913m, Rue: Rue de la Famille
Tronçon: 190817794 -> 190817788, Longueur: 75.908585m, Rue: Impasse Chosson
Tronçon: 190817757 -> 190817761, Longueur: 53.657616m, Rue: Rue de Fontanières
Tronçon: 190817757 -> 190817754, Longueur: 65.73239m, Rue: Rue de Fontanières
Tronçon: 190817757 -> 190817799, Longueur: 116.30918m, Rue: Rue Geoffray
Tronçon: 190817754 -> 190817736, Longueur: 75.38746m, Rue: Impasse Fontanières
Tronçon: 190817754 -> 1423343066, Longueur: 35.527546m, Rue: Rue de Fontanières
Tronçon: 190817754 -> 190817757, Longueur: 65.73239m, Rue: Rue de Fontanières
Tronçon: 1382707461 -> 1382707464, Longueur: 47.866726m, Rue: Impasse Beauvisage
Tronçon: 1382707461 -> 27362922, Longueur: 74.65573m, Rue: Rue du Professeur Beauvisage
Tronçon: 1382707461 -> 1255306647, Longueur: 114.09395m, Rue: Rue du Professeur Beauvisage
Tronçon: 1382707464 -> 1382707461, Longueur: 47.866726m, Rue: Impasse Beauvisage
Tronçon: 318711370 -> 25450965, Longueur: 43.01139m, Rue: Rue Jangot
Tronçon: 208769303 -> 2586814494, Longueur: 127.41763m, Rue: Avenue Antoine de Saint-Exupéry
Tronçon: 208769303 -> 208769312, Longueur: 15.056885m, Rue: 
Tronçon: 208769303 -> 208769334, Longueur: 15.276517m, Rue: 
Tronçon: 1835841713 -> 1789612770, Longueur: 78.78756m, Rue: Rue Cyprian
Tronçon: 1835841713 -> 565383340, Longueur: 17.211258m, Rue: Rue Cyprian
Tronçon: 190817761 -> 190817724, Longueur: 121.60182m, Rue: Rue de Fontanières
Tronçon: 190817761 -> 190817757, Longueur: 53.657616m, Rue: Rue de Fontanières
Tronçon: 190817761 -> 190817774, Longueur: 122.61638m, Rue: Rue Colonel Klobb
Tronçon: 191134429 -> 191134392, Longueur: 227.28114m, Rue: Avenue Paul Krüger
Tronçon: 191134429 -> 191134505, Longueur: 228.02159m, Rue: Avenue Paul Krüger
Tronçon: 191134429 -> 2284488019, Longueur: 65.13197m, Rue: Rue Émile Decorps
Tronçon: 191134429 -> 505061092, Longueur: 195.15364m, Rue: Rue Émile Decorps
Tronçon: 190817766 -> 190817794, Longueur: 55.859703m, Rue: Rue de la Famille
Tronçon: 190817766 -> 190817783, Longueur: 78.09439m, Rue: Rue Billon
Tronçon: 1352733757 -> 26079689, Longueur: 51.19382m, Rue: Rue Auguste Lacroix
Tronçon: 1352733757 -> 1037076646, Longueur: 141.87273m, Rue: Cours Gambetta
Tronçon: 318711366 -> 318711370, Longueur: 100.3703m, Rue: Rue Mazagran
Tronçon: 318711366 -> 25450957, Longueur: 38.09331m, Rue: Rue Salomon Reinach
Tronçon: 4075536493 -> 21789166, Longueur: 90.43344m, Rue: Rue du Repos
Tronçon: 4075536493 -> 4251081818, Longueur: 96.60653m, Rue: Rue du Repos
Tronçon: 93856096 -> 984553611, Longueur: 181.28915m, Rue: Rue Garon-Duret
Tronçon: 93856096 -> 93856102, Longueur: 51.49323m, Rue: Rue de Montagny
Tronçon: 565383340 -> 1835841713, Longueur: 17.211258m, Rue: Rue Cyprian
Tronçon: 565383340 -> 505061101, Longueur: 172.0726m, Rue: Rue Max Barel
Tronçon: 565383340 -> 55444215, Longueur: 343.78284m, Rue: Rue Cyprian
Tronçon: 93856091 -> 2112826857, Longueur: 157.3432m, Rue: Rue de Montagny
Tronçon: 93856091 -> 2587605830, Longueur: 21.462349m, Rue: Rue de Montagny
Tronçon: 190817774 -> 822274655, Longueur: 87.55065m, Rue: Rue Charles Gounod
Tronçon: 190817774 -> 190817778, Longueur: 118.73442m, Rue: Rue Colonel Klobb
Tronçon: 25498570 -> 25498569, Longueur: 50.307457m, Rue: Rue Duquesne
Tronçon: 25498570 -> 25310830, Longueur: 84.09518m, Rue: Rue du Musée Guimet
Tronçon: 55447024 -> 55447019, Longueur: 79.08048m, Rue: Rue du 4 Août 1789
Tronçon: 55447024 -> 55457372, Longueur: 181.1668m, Rue: Rue du 1 Mars 1943
Tronçon: 55447024 -> 2520964231, Longueur: 215.39256m, Rue: Rue du 1 Mars 1943
Tronçon: 25498571 -> 25498570, Longueur: 67.78344m, Rue: Rue Duquesne
Tronçon: 25498571 -> 25310828, Longueur: 9.371885m, Rue: Rue Garibaldi
Tronçon: 190817734 -> 190817691, Longueur: 11.395242m, Rue: Rue Francis de Pressensé
Tronçon: 190817734 -> 1637473448, Longueur: 208.77338m, Rue: Rue des Bienvenus
Tronçon: 190817734 -> 1637473443, Longueur: 32.651493m, Rue: Rue Francis de Pressensé
Tronçon: 190817736 -> 1608222754, Longueur: 160.334m, Rue: Rue Pélisson
Tronçon: 190817736 -> 190817740, Longueur: 87.45567m, Rue: Rue des Bienvenus
Tronçon: 2586814489 -> 3236267785, Longueur: 66.92192m, Rue: Rue Raymond Terracher
Tronçon: 2586814489 -> 4193445733, Longueur: 24.719471m, Rue: Rue Raymond Terracher
Tronçon: 25498569 -> 25498568, Longueur: 67.67594m, Rue: Rue Duquesne
Tronçon: 25498569 -> 25316175, Longueur: 85.14844m, Rue: Rue Boileau
Tronçon: 25498567 -> 25498566, Longueur: 98.4653m, Rue: Rue Duquesne
Tronçon: 25498567 -> 21674807, Longueur: 9.332401m, Rue: Rue Duguesclin
Tronçon: 25498568 -> 25316177, Longueur: 9.330061m, Rue: Rue Félix Jacquier
Tronçon: 25498568 -> 25498567, Longueur: 65.55382m, Rue: Rue Duquesne
Tronçon: 55447019 -> 55447015, Longueur: 81.93321m, Rue: Rue du 4 Août 1789
Tronçon: 25498566 -> 25316172, Longueur: 84.68232m, Rue: Rue de Créqui
Tronçon: 25498566 -> 25498540, Longueur: 80.018105m, Rue: Rue Duquesne
Tronçon: 190817740 -> 190817743, Longueur: 35.28271m, Rue: Rue des Bienvenus
Tronçon: 190817740 -> 1608222757, Longueur: 170.12038m, Rue: Rue Louis Fort
Tronçon: 55447011 -> 470040825, Longueur: 113.07424m, Rue: 
Tronçon: 55447011 -> 55447007, Longueur: 39.289528m, Rue: Rue du 4 Août 1789
Tronçon: 190817743 -> 190817761, Longueur: 78.72074m, Rue: Rue Colonel Klobb
Tronçon: 190817743 -> 190817747, Longueur: 143.03708m, Rue: Rue des Bienvenus
Tronçon: 342918363 -> 190951491, Longueur: 58.473396m, Rue: Rue Alexandre Dumas
Tronçon: 342918363 -> 342918445, Longueur: 58.72287m, Rue: Impasse Alexandre Dumas
Tronçon: 342918363 -> 190825078, Longueur: 118.00896m, Rue: Rue Alexandre Dumas
Tronçon: 55447015 -> 55447011, Longueur: 63.223255m, Rue: Rue du 4 Août 1789
Tronçon: 55447015 -> 55457382, Longueur: 171.74907m, Rue: Rue Louis Goux
Tronçon: 190817747 -> 2509481769, Longueur: 70.21024m, Rue: Rue Alexis Perroncel
Tronçon: 190817747 -> 190817724, Longueur: 81.70178m, Rue: Rue Alexis Perroncel
Tronçon: 190817747 -> 190866574, Longueur: 140.82788m, Rue: Rue des Bienvenus
Tronçon: 1682324863 -> 25310907, Longueur: 78.82544m, Rue: Cours Lafayette
Tronçon: 1682324863 -> 25932614, Longueur: 64.161476m, Rue: Rue Masséna
Tronçon: 194605416 -> 194605319, Longueur: 526.39435m, Rue: Boulevard Laurent Bonnevay
Tronçon: 194605416 -> 194605287, Longueur: 198.82838m, Rue: Boulevard Laurent Bonnevay
Tronçon: 984553611 -> 93856096, Longueur: 181.28915m, Rue: Rue Garon-Duret
Tronçon: 984553611 -> 984553595, Longueur: 75.14894m, Rue: Rue Garon-Duret
Tronçon: 984553611 -> 984553571, Longueur: 58.613125m, Rue: Place Julien Duret
Tronçon: 2512682731 -> 21715079, Longueur: 29.547972m, Rue: Rue Julien Baudrand
Tronçon: 2512682731 -> 2512682727, Longueur: 110.20922m, Rue: Boulevard Pinel
Tronçon: 80311393 -> 33066088, Longueur: 60.452965m, Rue: Avenue Georges Pompidou
Tronçon: 80311393 -> 26086124, Longueur: 32.83932m, Rue: Avenue Georges Pompidou
Tronçon: 55447007 -> 60492201, Longueur: 30.936228m, Rue: Rue du 4 Août 1789
Tronçon: 55447007 -> 1485840029, Longueur: 286.13077m, Rue: Rue de la Baïsse
Tronçon: 190817752 -> 110422048, Longueur: 199.50856m, Rue: Rue Francis de Pressensé
Tronçon: 190817752 -> 1423343066, Longueur: 236.91425m, Rue: Rue de Fontanières
Tronçon: 190817752 -> 190817691, Longueur: 65.21393m, Rue: Rue Francis de Pressensé
Tronçon: 25498572 -> 25495344, Longueur: 129.64981m, Rue: Boulevard des Belges
Tronçon: 25498572 -> 25498573, Longueur: 70.312675m, Rue: Rue Duquesne
Tronçon: 25498573 -> 25310826, Longueur: 130.6782m, Rue: Rue Paul-Michel Perret
Tronçon: 25498573 -> 25498571, Longueur: 64.04432m, Rue: Rue Duquesne
Tronçon: 55447001 -> 60492626, Longueur: 264.7522m, Rue: Rue Faillebin
Tronçon: 55447001 -> 55446998, Longueur: 70.42975m, Rue: Rue du 4 Août 1789
Tronçon: 190817717 -> 58584497, Longueur: 161.09026m, Rue: Cours Émile Zola
Tronçon: 190817717 -> 58584493, Longueur: 35.196873m, Rue: Cours Émile Zola
Tronçon: 55447004 -> 60492203, Longueur: 40.528267m, Rue: Rue Pierre Cacard
Tronçon: 55447004 -> 2858132260, Longueur: 57.686646m, Rue: Rue du 4 Août 1789
Tronçon: 55447004 -> 60492621, Longueur: 242.39565m, Rue: Rue du Progrès
Tronçon: 26286689 -> 26155379, Longueur: 81.142m, Rue: Rue Bonnand
Tronçon: 190817714 -> 1637473441, Longueur: 135.7396m, Rue: Rue Francis de Pressensé
Tronçon: 190817714 -> 1242371194, Longueur: 65.98958m, Rue: Rue Anatole France
Tronçon: 190817714 -> 190904325, Longueur: 129.66196m, Rue: Rue Flachet
Tronçon: 1513320571 -> 987967672, Longueur: 18.470198m, Rue: Rue Aimé Boussange
Tronçon: 1513320571 -> 322191204, Longueur: 40.820503m, Rue: Boulevard de la Croix-Rousse
Tronçon: 26731441 -> 195236, Longueur: 39.860855m, Rue: Rue de l'Université
Tronçon: 2290246566 -> 254581659, Longueur: 150.89754m, Rue: Rue de Bonnel
Tronçon: 2290246566 -> 26577743, Longueur: 128.66287m, Rue: Rue de Bonnel
Tronçon: 350344029 -> 1335415576, Longueur: 73.56003m, Rue: Rue Florent
Tronçon: 350344029 -> 27362560, Longueur: 119.93856m, Rue: Avenue Général Frère
Tronçon: 350344029 -> 1335415565, Longueur: 33.045185m, Rue: Avenue Général Frère
Tronçon: 2512682727 -> 21715081, Longueur: 142.64699m, Rue: Boulevard Pinel
Tronçon: 2512682727 -> 21715075, Longueur: 21.289513m, Rue: Rue Cortelain
Tronçon: 190817724 -> 190817761, Longueur: 121.60182m, Rue: Rue de Fontanières
Tronçon: 190817724 -> 190866567, Longueur: 141.99327m, Rue: Rue de Fontanières
Tronçon: 190817724 -> 190817747, Longueur: 81.70178m, Rue: Rue Alexis Perroncel
Tronçon: 190817721 -> 1608224794, Longueur: 41.67664m, Rue: Rue de la Prévoyance
Tronçon: 190817721 -> 1608224787, Longueur: 95.520164m, Rue: Rue Joseph Gillet
Tronçon: 190817721 -> 1608224781, Longueur: 27.156013m, Rue: Rue Joseph Gillet
Tronçon: 190817728 -> 2509481769, Longueur: 133.77806m, Rue: Rue Alexis Perroncel
Tronçon: 190817728 -> 190825078, Longueur: 113.46473m, Rue: Rue Château-Gaillard
Tronçon: 190817728 -> 190866495, Longueur: 110.28033m, Rue: Rue Château-Gaillard
Tronçon: 26286694 -> 251069553, Longueur: 125.06325m, Rue: Rue Antoinette
Tronçon: 26286694 -> 26286762, Longueur: 99.3758m, Rue: Rue Charles Richard
Tronçon: 26286695 -> 26286694, Longueur: 75.4294m, Rue: Rue Charles Richard
Tronçon: 26286695 -> 26286689, Longueur: 152.73093m, Rue: Rue Julien
Tronçon: 26286696 -> 26149172, Longueur: 183.31262m, Rue: Rue Louis
Tronçon: 26286696 -> 26286695, Longueur: 124.67456m, Rue: Rue Julien
Tronçon: 26286690 -> 26286694, Longueur: 101.80858m, Rue: Rue Antoinette
Tronçon: 26286690 -> 26286689, Longueur: 89.673805m, Rue: Rue Bonnand
Tronçon: 55435016 -> 55434505, Longueur: 39.622875m, Rue: 
Tronçon: 603121447 -> 1042749537, Longueur: 20.146797m, Rue: Rue Godefroy
Tronçon: 603121447 -> 25316258, Longueur: 62.78801m, Rue: Rue Godefroy
Tronçon: 603121447 -> 603121446, Longueur: 29.118431m, Rue: Quai de Serbie
Tronçon: 2586814494 -> 208769303, Longueur: 127.41763m, Rue: Avenue Antoine de Saint-Exupéry
Tronçon: 2586814494 -> 3236267785, Longueur: 114.406746m, Rue: Rue Raymond Terracher
Tronçon: 2586814494 -> 55474949, Longueur: 157.74042m, Rue: Avenue Antoine de Saint-Exupéry
Tronçon: 415638619 -> 415638612, Longueur: 61.541542m, Rue: 
Tronçon: 603121446 -> 603121447, Longueur: 29.118431m, Rue: Quai de Serbie
Tronçon: 2512682702 -> 1315984675, Longueur: 6.577687m, Rue: Rue Édouard Branly
Tronçon: 2512682702 -> 1250985265, Longueur: 166.34969m, Rue: Boulevard Pinel
Tronçon: 415638612 -> 415638619, Longueur: 61.541542m, Rue: 
Tronçon: 415638612 -> 25471053, Longueur: 18.736483m, Rue: Rue Pierre Delore
Tronçon: 415638612 -> 409269455, Longueur: 19.149618m, Rue: Rue Pierre Delore
Tronçon: 58584524 -> 58584529, Longueur: 178.94955m, Rue: Rue Michel Servet
Tronçon: 58584524 -> 54695781, Longueur: 71.148056m, Rue: Cours Émile Zola
Tronçon: 58584524 -> 1384133087, Longueur: 43.734455m, Rue: Cours Émile Zola
Tronçon: 55435003 -> 55435051, Longueur: 23.662397m, Rue: Rue Léon Blum
Tronçon: 55435003 -> 2485871064, Longueur: 26.750753m, Rue: 
Tronçon: 55435003 -> 55435089, Longueur: 64.29078m, Rue: Rue Léon Blum
Tronçon: 58584526 -> 58584537, Longueur: 28.994913m, Rue: Rue Anatole France
Tronçon: 58584526 -> 110422035, Longueur: 141.34332m, Rue: Cours Émile Zola
Tronçon: 58584526 -> 58584535, Longueur: 31.57276m, Rue: Cours Émile Zola
Tronçon: 58584525 -> 25932602, Longueur: 56.053318m, Rue: Cours Émile Zola
Tronçon: 58584525 -> 110422030, Longueur: 6.2207456m, Rue: Cours Émile Zola
Tronçon: 58584525 -> 58584527, Longueur: 122.485016m, Rue: Rue Paul Verlaine
Tronçon: 58584528 -> 55447040, Longueur: 62.26294m, Rue: Rue Paul Verlaine
Tronçon: 58584528 -> 58584534, Longueur: 106.85294m, Rue: Rue Louis Becker
Tronçon: 58584528 -> 87883334, Longueur: 163.73494m, Rue: Rue Paul Verlaine
Tronçon: 58584527 -> 58584525, Longueur: 122.485016m, Rue: Rue Paul Verlaine
Tronçon: 58584527 -> 87883334, Longueur: 165.78238m, Rue: Rue Paul Verlaine
Tronçon: 58584527 -> 249084445, Longueur: 55.53922m, Rue: Rue Anatole France
Tronçon: 58584529 -> 58584515, Longueur: 68.25795m, Rue: Rue Anatole France
Tronçon: 58584529 -> 1291421565, Longueur: 93.44238m, Rue: Rue Michel Servet
Tronçon: 58584535 -> 58584500, Longueur: 57.876694m, Rue: Cours Émile Zola
Tronçon: 58584535 -> 58584486, Longueur: 451.69403m, Rue: Rue Paul Lafargue
Tronçon: 58584535 -> 58584526, Longueur: 31.57276m, Rue: Cours Émile Zola
Tronçon: 58584534 -> 1439751395, Longueur: 66.41337m, Rue: Rue Louis Becker
Tronçon: 58584537 -> 58584536, Longueur: 107.80864m, Rue: Rue Anatole France
Tronçon: 58584537 -> 55447037, Longueur: 449.6953m, Rue: Rue Docteur Ollier
Tronçon: 58584536 -> 58584527, Longueur: 104.67751m, Rue: Rue Anatole France
Tronçon: 25498538 -> 25316193, Longueur: 9.271809m, Rue: Rue Malesherbes
Tronçon: 25498538 -> 2606641710, Longueur: 71.4903m, Rue: Rue Duquesne
Tronçon: 25498539 -> 25498538, Longueur: 70.86846m, Rue: Rue Duquesne
Tronçon: 25498539 -> 25316195, Longueur: 46.18303m, Rue: Avenue Maréchal Foch
Tronçon: 58584538 -> 58584536, Longueur: 422.7959m, Rue: Rue Clément Michut
Tronçon: 58584538 -> 55447039, Longueur: 45.037903m, Rue: Rue du 4 Août 1789
Tronçon: 25498533 -> 62026451, Longueur: 144.32967m, Rue: Cours d'Herbouville
Tronçon: 25498533 -> 2606505884, Longueur: 121.324165m, Rue: Tunnel de la Croix-Rousse Pont de Lattre de Tassigny
Tronçon: 191134490 -> 191134496, Longueur: 207.67354m, Rue: Rue Jules Guesde
Tronçon: 191134490 -> 191134473, Longueur: 66.525345m, Rue: Rue Jules Guesde
Tronçon: 191134490 -> 191134485, Longueur: 157.63998m, Rue: Rue des Roses
Tronçon: 7469501 -> 2598240826, Longueur: 167.2813m, Rue: Quai Jean Moulin
Tronçon: 7469501 -> 25614299, Longueur: 230.96753m, Rue: Pont Lafayette Quai Jules Courmont
Tronçon: 7469500 -> 26480367, Longueur: 22.346136m, Rue: Quai André Lassagne
Tronçon: 7469500 -> 1042749232, Longueur: 224.72508m, Rue: Pont Morand
Tronçon: 191134496 -> 191134490, Longueur: 207.67354m, Rue: Rue Jules Guesde
Tronçon: 191134496 -> 191134397, Longueur: 138.89345m, Rue: Rue Jules Guesde
Tronçon: 191134496 -> 191134383, Longueur: 121.14928m, Rue: Rue Jean-Baptiste Durand
Tronçon: 25498540 -> 25316178, Longueur: 9.313602m, Rue: Rue Vendôme
Tronçon: 25498540 -> 25498539, Longueur: 95.70403m, Rue: Rue Duquesne
Tronçon: 452908361 -> 3760142306, Longueur: 7.621921m, Rue: 
Tronçon: 452908361 -> 3760142308, Longueur: 27.062717m, Rue: 
Tronçon: 452908361 -> 1613914199, Longueur: 28.430933m, Rue: Avenue Édouard Herriot
Tronçon: 452908352 -> 1613914197, Longueur: 233.383m, Rue: 
Tronçon: 452908352 -> 33233726, Longueur: 202.5549m, Rue: 
Tronçon: 2129259178 -> 2129259180, Longueur: 25.26484m, Rue: 
Tronçon: 2129259178 -> 25303831, Longueur: 118.890465m, Rue: Avenue Lacassagne
Tronçon: 2129259176 -> 2129259173, Longueur: 26.899399m, Rue: 
Tronçon: 2129259176 -> 251047560, Longueur: 88.17194m, Rue: Avenue Lacassagne
Tronçon: 35216590 -> 35216594, Longueur: 36.861763m, Rue: Rue de la Martinière
Tronçon: 35216590 -> 1340052119, Longueur: 33.993923m, Rue: Rue Sainte-Catherine
Tronçon: 35216590 -> 26584162, Longueur: 66.82316m, Rue: Rue Terme
Tronçon: 35216590 -> 35216591, Longueur: 27.547031m, Rue: Rue Terme
Tronçon: 35216591 -> 26726769, Longueur: 56.2373m, Rue: Rue Terme
Tronçon: 35216591 -> 35216594, Longueur: 42.53645m, Rue: Rue de la Martinière
Tronçon: 35216591 -> 35216590, Longueur: 27.547031m, Rue: Rue Terme
Tronçon: 2129259180 -> 2129259178, Longueur: 25.26484m, Rue: 
Tronçon: 2129259180 -> 25336247, Longueur: 42.580826m, Rue: Rue Bara
Tronçon: 35216594 -> 35216590, Longueur: 36.861763m, Rue: Rue de la Martinière
Tronçon: 1423419205 -> 2705368898, Longueur: 123.044304m, Rue: Avenue Roger Salengro
Tronçon: 1423419205 -> 34500667, Longueur: 116.58215m, Rue: Avenue Roger Salengro
Tronçon: 1423419205 -> 60685054, Longueur: 135.79211m, Rue: Rue Gervais Bussière
Tronçon: 2959901670 -> 195276, Longueur: 164.36952m, Rue: Cours Albert Thomas
Tronçon: 2959901670 -> 271415805, Longueur: 16.661806m, Rue: Rue Villon
Tronçon: 36855707 -> 36855706, Longueur: 70.21836m, Rue: Boulevard de la Croix-Rousse
Tronçon: 36855707 -> 1171869035, Longueur: 74.66688m, Rue: Place de la Croix-Rousse
Tronçon: 36855706 -> 987967672, Longueur: 19.559813m, Rue: Rue Aimé Boussange
Tronçon: 36855706 -> 987974102, Longueur: 138.15056m, Rue: Rue Aimé Boussange
Tronçon: 35216586 -> 25478618, Longueur: 118.73083m, Rue: Rue Sainte-Catherine
Tronçon: 35216586 -> 25620796, Longueur: 54.348083m, Rue: Rue Sainte-Marie des Terreaux
Tronçon: 35216586 -> 1340052119, Longueur: 20.219057m, Rue: Rue Sainte-Catherine
Tronçon: 2512682686 -> 1315984573, Longueur: 39.904373m, Rue: Rue du Parc
Tronçon: 2512682686 -> 2512682687, Longueur: 13.886755m, Rue: Rue du Parc
Tronçon: 2512682687 -> 1315984563, Longueur: 69.036316m, Rue: Rue du Parc
Tronçon: 21604601 -> 21604600, Longueur: 37.80675m, Rue: Place d'Arsonval
Tronçon: 21604601 -> 21715353, Longueur: 76.81409m, Rue: Avenue Rockefeller
Tronçon: 376978465 -> 25468035, Longueur: 8.947104m, Rue: Cours Lafayette
Tronçon: 376978465 -> 25468075, Longueur: 84.50895m, Rue: Rue de la Villette
Tronçon: 21604600 -> 2018719148, Longueur: 92.08359m, Rue: Place d'Arsonval
Tronçon: 271151899 -> 1250985266, Longueur: 140.3479m, Rue: Boulevard Pinel
Tronçon: 271151899 -> 1481116994, Longueur: 21.958439m, Rue: Rue Elie Metral
Tronçon: 271151897 -> 1481116994, Longueur: 151.43343m, Rue: Rue Elie Metral
Tronçon: 26132388 -> 26132617, Longueur: 173.61293m, Rue: Rue du Professeur Tavernier
Tronçon: 26132388 -> 26132620, Longueur: 78.40502m, Rue: Rue du Professeur Beauvisage
Tronçon: 26132388 -> 26132381, Longueur: 64.78092m, Rue: Rue du Professeur Beauvisage
Tronçon: 26132383 -> 60756053, Longueur: 21.66321m, Rue: Avenue Francis de Pressensé
Tronçon: 26132383 -> 26132256, Longueur: 230.75432m, Rue: Rue Jean Sarrazin
Tronçon: 26132383 -> 25631306, Longueur: 178.23439m, Rue: Avenue Francis de Pressensé
Tronçon: 26132381 -> 1375459139, Longueur: 166.01825m, Rue: Rue Ludovic Arrachart
Tronçon: 26132381 -> 26132388, Longueur: 64.78092m, Rue: Rue du Professeur Beauvisage
Tronçon: 26132381 -> 1497065710, Longueur: 330.0464m, Rue: Rue du Professeur Beauvisage
Tronçon: 59640254 -> 25547441, Longueur: 55.941532m, Rue: Route de Vienne
Tronçon: 59640254 -> 843129903, Longueur: 36.07172m, Rue: Route de Vienne
Tronçon: 26059198 -> 25153071, Longueur: 83.665565m, Rue: Rue du Père Chevrier
Tronçon: 59640255 -> 25471028, Longueur: 98.54697m, Rue: Rue Pierre Delore
Tronçon: 59640255 -> 25470917, Longueur: 175.33365m, Rue: Rue Pierre Delore
Tronçon: 59640255 -> 59640254, Longueur: 170.28264m, Rue: Rue Saint-Vincent-de-Paul
Tronçon: 1345284783 -> 522100855, Longueur: 70.188835m, Rue: Rue Rampon
Tronçon: 26317212 -> 26317209, Longueur: 76.32593m, Rue: Rue de Carry
Tronçon: 26317212 -> 26317248, Longueur: 38.124634m, Rue: Rue du Dauphiné
Tronçon: 26317212 -> 26317242, Longueur: 110.82931m, Rue: Rue du Dauphiné
Tronçon: 71263057 -> 71262664, Longueur: 80.88128m, Rue: Rue de Bruxelles
Tronçon: 71263057 -> 71263058, Longueur: 98.7163m, Rue: Rue Spréafico
Tronçon: 71263057 -> 71262774, Longueur: 84.28846m, Rue: Rue Spréafico
Tronçon: 71263058 -> 71263057, Longueur: 98.7163m, Rue: Rue Spréafico
Tronçon: 1957527534 -> 25624152, Longueur: 49.796257m, Rue: Avenue Paul Santy
Tronçon: 1957527534 -> 1957527546, Longueur: 19.478073m, Rue: Rue Marius Berliet
Tronçon: 1957527534 -> 1957527541, Longueur: 26.447824m, Rue: Boulevard Jean XXIII
Tronçon: 1957527534 -> 25624797, Longueur: 395.53876m, Rue: Avenue Jean Mermoz
Tronçon: 1957527533 -> 25624797, Longueur: 145.07257m, Rue: Rue Maryse Bastié
Tronçon: 1957527533 -> 1957527551, Longueur: 28.275131m, Rue: Rue Maryse Bastié
Tronçon: 26317209 -> 26317228, Longueur: 79.975136m, Rue: Rue de Carry
Tronçon: 26317209 -> 26317207, Longueur: 251.37651m, Rue: Rue de la Métallurgie
Tronçon: 26317207 -> 26317209, Longueur: 251.37651m, Rue: Rue de la Métallurgie
Tronçon: 26317207 -> 26125366, Longueur: 174.88742m, Rue: Rue David
Tronçon: 1440845047 -> 21715087, Longueur: 111.127686m, Rue: Rue Saint-Alban
Tronçon: 459797899 -> 459797901, Longueur: 95.75491m, Rue: Rue des Boucherets
Tronçon: 459797899 -> 190951192, Longueur: 21.088568m, Rue: Rue Greuze
Tronçon: 25452885 -> 25452884, Longueur: 41.84232m, Rue: Rue Benjamin Delessert
Tronçon: 25452884 -> 286483707, Longueur: 55.553905m, Rue: Rue Georges Gouy
Tronçon: 25452884 -> 25452885, Longueur: 41.84232m, Rue: Rue Benjamin Delessert
Tronçon: 25452884 -> 26084258, Longueur: 188.07437m, Rue: Rue Benjamin Delessert
Tronçon: 25452884 -> 25452874, Longueur: 182.65433m, Rue: Rue Georges Gouy
Tronçon: 25452882 -> 25452878, Longueur: 137.27829m, Rue: Rue de l'Effort
Tronçon: 25452888 -> 25452866, Longueur: 49.794834m, Rue: Rue Georges Gouy
Tronçon: 25452888 -> 26289580, Longueur: 176.9033m, Rue: Rue Georges Gouy
Tronçon: 25452888 -> 26289694, Longueur: 127.60566m, Rue: Avenue Debourg
Tronçon: 25452887 -> 21604561, Longueur: 131.97755m, Rue: Rue de Gerland
Tronçon: 25452887 -> 26115859, Longueur: 189.48703m, Rue: Rue de Gerland
Tronçon: 25452887 -> 26289694, Longueur: 112.639366m, Rue: Avenue Debourg
Tronçon: 26120311 -> 26084596, Longueur: 221.8369m, Rue: Rue Pierre Semard
Tronçon: 26120311 -> 26120310, Longueur: 66.26742m, Rue: Passage Faugier
Tronçon: 26120311 -> 1108937311, Longueur: 496.21744m, Rue: Rue Pierre Semard
Tronçon: 2100687400 -> 26058687, Longueur: 61.86587m, Rue: Place Raspail
Tronçon: 26120310 -> 3095792647, Longueur: 146.88342m, Rue: Impasse de l'Asphalte
Tronçon: 26120310 -> 3095792653, Longueur: 69.047966m, Rue: Passage Faugier
Tronçon: 26120310 -> 26120311, Longueur: 66.26742m, Rue: Passage Faugier
Tronçon: 26317214 -> 250042857, Longueur: 345.9447m, Rue: Rue des Cadets de la France Libre Rue Jean-Pierre Lévy
Tronçon: 26317214 -> 3509898986, Longueur: 58.81714m, Rue: Avenue Lacassagne
Tronçon: 9214915 -> 25525253, Longueur: 57.795567m, Rue: Rue Antoine Lumière
Tronçon: 9214915 -> 18232182, Longueur: 109.3242m, Rue: Rue Berchet
Tronçon: 9214915 -> 9214911, Longueur: 117.457085m, Rue: Rue Saint-Romain
Tronçon: 459797866 -> 459797864, Longueur: 71.58854m, Rue: Impasse Lacombe
Tronçon: 25452874 -> 26289489, Longueur: 112.26641m, Rue: Rue Georges Gouy
Tronçon: 25452874 -> 25452884, Longueur: 182.65433m, Rue: Rue Georges Gouy
Tronçon: 25452874 -> 26084253, Longueur: 172.34984m, Rue: Rue Challemel-Lacour
Tronçon: 25452874 -> 25452878, Longueur: 144.6627m, Rue: Rue Challemel-Lacour
Tronçon: 9214919 -> 21850766, Longueur: 130.2957m, Rue: Rue de la Rosière
Tronçon: 9214919 -> 143415, Longueur: 81.69053m, Rue: Rue Marius Berliet
Tronçon: 459797864 -> 459797866, Longueur: 71.58854m, Rue: Impasse Lacombe
Tronçon: 459797864 -> 26317246, Longueur: 80.7477m, Rue: Rue Villebois-Mareuil
Tronçon: 1957527553 -> 1957527541, Longueur: 28.552986m, Rue: Boulevard Jean XXIII
Tronçon: 1957527553 -> 1957527534, Longueur: 35.666096m, Rue: Avenue Jean Mermoz
Tronçon: 25452878 -> 25452882, Longueur: 137.27829m, Rue: Rue de l'Effort
Tronçon: 25452878 -> 25452874, Longueur: 144.6627m, Rue: Rue Challemel-Lacour
Tronçon: 25452878 -> 35413414, Longueur: 44.40537m, Rue: Rue de l'Effort
Tronçon: 459797860 -> 25321687, Longueur: 101.035904m, Rue: Passage Feuillat
Tronçon: 459797860 -> 251047560, Longueur: 67.994415m, Rue: Rue de Domrémy
Tronçon: 459797860 -> 251047558, Longueur: 72.6692m, Rue: Rue de Domrémy
Tronçon: 1957527551 -> 891129809, Longueur: 362.76224m, Rue: Avenue du Général Frère
Tronçon: 1957527551 -> 25624662, Longueur: 26.256847m, Rue: Avenue Général Frère
Tronçon: 26120306 -> 569061956, Longueur: 67.47312m, Rue: Rue de Gerland
Tronçon: 26120306 -> 3095792653, Longueur: 78.154526m, Rue: Passage Faugier
Tronçon: 26120306 -> 26084597, Longueur: 35.939716m, Rue: Rue de Gerland
Tronçon: 26120305 -> 25468228, Longueur: 110.72725m, Rue: Rue Pré Gaudry
Tronçon: 26120305 -> 26084554, Longueur: 358.55997m, Rue: Rue Pré Gaudry
Tronçon: 26120305 -> 3114521492, Longueur: 122.79175m, Rue: Rue Crépet
Tronçon: 26120302 -> 1445329952, Longueur: 104.61556m, Rue: Rue Clément Marot
Tronçon: 26120302 -> 26115841, Longueur: 226.9461m, Rue: Rue Clément Marot
Tronçon: 26120302 -> 283325404, Longueur: 85.979126m, Rue: Avenue Jean Jaurès
Tronçon: 26120302 -> 26108118, Longueur: 141.51547m, Rue: Avenue Jean Jaurès
Tronçon: 1957527548 -> 25624152, Longueur: 6.6489844m, Rue: Rue Émile Combes
Tronçon: 1957527548 -> 1957527534, Longueur: 47.196793m, Rue: Avenue Paul Santy
Tronçon: 9214909 -> 9214911, Longueur: 132.99866m, Rue: Rue Saint-Maurice
Tronçon: 9214909 -> 9214919, Longueur: 100.70395m, Rue: Rue Marius Berliet
Tronçon: 459797873 -> 60491713, Longueur: 169.20984m, Rue: Cours Docteur Jean Damidot
Tronçon: 459797873 -> 60491709, Longueur: 56.587658m, Rue: Cours Docteur Jean Damidot
Tronçon: 459797873 -> 459797870, Longueur: 126.507164m, Rue: Rue Bonneterre
Tronçon: 459797872 -> 55457315, Longueur: 168.24316m, Rue: Rue Antonin Perrin
Tronçon: 459797872 -> 55474940, Longueur: 8.869261m, Rue: Rue Antonin Perrin
Tronçon: 1957527541 -> 21702411, Longueur: 222.43428m, Rue: Boulevard Jean XXIII
Tronçon: 25452866 -> 26289489, Longueur: 7.2275386m, Rue: Rue Georges Gouy
Tronçon: 25452866 -> 26084216, Longueur: 137.84572m, Rue: Avenue Debourg
Tronçon: 25452866 -> 25452888, Longueur: 49.794834m, Rue: Rue Georges Gouy
Tronçon: 459797870 -> 459797872, Longueur: 171.99385m, Rue: Petite Rue de la Rize
Tronçon: 459797870 -> 55457318, Longueur: 99.04849m, Rue: Cours Tolstoï
Tronçon: 1957527546 -> 21703552, Longueur: 290.75473m, Rue: Rue Marius Berliet
Tronçon: 9214911 -> 9214915, Longueur: 117.457085m, Rue: Rue Saint-Romain
Tronçon: 9214911 -> 18232179, Longueur: 138.60756m, Rue: Rue Saint-Maurice
Tronçon: 1682387628 -> 26317392, Longueur: 56.284775m, Rue: Route de Genas
Tronçon: 1682387628 -> 25611404, Longueur: 55.71515m, Rue: Route de Genas
Tronçon: 1682387628 -> 1682387671, Longueur: 195.51674m, Rue: Rue du Professeur Pierre-Victor Galtier
Tronçon: 26115853 -> 26289584, Longueur: 120.47978m, Rue: Avenue Jean-François Raclet
Tronçon: 26115853 -> 26115859, Longueur: 136.08647m, Rue: Rue de Gerland
Tronçon: 26115853 -> 26115845, Longueur: 135.16913m, Rue: Rue de Gerland
Tronçon: 26115853 -> 26289662, Longueur: 255.81242m, Rue: Avenue Jean-François Raclet
Tronçon: 26317248 -> 26317212, Longueur: 38.124634m, Rue: Rue du Dauphiné
Tronçon: 26317248 -> 565375197, Longueur: 32.646736m, Rue: Rue du Dauphiné
Tronçon: 26115859 -> 25452887, Longueur: 189.48703m, Rue: Rue de Gerland
Tronçon: 26115859 -> 26115853, Longueur: 136.08647m, Rue: Rue de Gerland
Tronçon: 26115859 -> 26289581, Longueur: 129.91994m, Rue: Rue Jean Vallier
Tronçon: 459797856 -> 191134754, Longueur: 120.8228m, Rue: Impasse Bayet
Tronçon: 459797854 -> 459797853, Longueur: 115.29992m, Rue: Allée de la Côte
Tronçon: 459797853 -> 60492628, Longueur: 69.8372m, Rue: Rue Pierre-Louis Bernaix
Tronçon: 459797853 -> 55444038, Longueur: 120.52541m, Rue: Rue Pierre-Louis Bernaix
Tronçon: 459797853 -> 459797854, Longueur: 115.29992m, Rue: Allée de la Côte
Tronçon: 1682387619 -> 26317246, Longueur: 87.1567m, Rue: Impasse de la Ruche
Tronçon: 26317260 -> 25611428, Longueur: 180.70561m, Rue: Rue du Docteur Vaillant
Tronçon: 1682387615 -> 565375197, Longueur: 129.8884m, Rue: Impasse Belloeuf
Tronçon: 26115841 -> 26108118, Longueur: 265.05902m, Rue: Rue André Bollier
Tronçon: 26115841 -> 26115845, Longueur: 37.009956m, Rue: Rue André Bollier
Tronçon: 26115841 -> 26120302, Longueur: 226.9461m, Rue: Rue Clément Marot
Tronçon: 26115841 -> 639533061, Longueur: 163.35603m, Rue: Rue Hector Malot
Tronçon: 1423350636 -> 58584497, Longueur: 36.1965m, Rue: Cours Émile Zola
Tronçon: 1423350636 -> 58584500, Longueur: 15.469671m, Rue: Cours Émile Zola
Tronçon: 1423350636 -> 729763332, Longueur: 54.155888m, Rue: Avenue du Commandant L'Herminier
Tronçon: 3114521491 -> 3114521492, Longueur: 109.70325m, Rue: Impasse Pré Gaudry
Tronçon: 3114521492 -> 3114521491, Longueur: 109.70325m, Rue: Impasse Pré Gaudry
Tronçon: 3114521492 -> 26120305, Longueur: 122.79175m, Rue: Rue Crépet
Tronçon: 3114521492 -> 26084498, Longueur: 169.30452m, Rue: Rue Crépet
Tronçon: 26115845 -> 26115841, Longueur: 37.009956m, Rue: Rue André Bollier
Tronçon: 26115845 -> 283325403, Longueur: 124.23306m, Rue: Rue de Gerland
Tronçon: 26115845 -> 26115853, Longueur: 135.16913m, Rue: Rue de Gerland
Tronçon: 60901950 -> 60901951, Longueur: 82.48553m, Rue: Rue des Épis
Tronçon: 60901950 -> 2864851048, Longueur: 25.266432m, Rue: Rue Émile Bressat
Tronçon: 60901950 -> 60901942, Longueur: 202.39175m, Rue: Rue Émile Bressat
Tronçon: 60901951 -> 60901944, Longueur: 128.25902m, Rue: Rue des Guillandes
Tronçon: 60901951 -> 60901950, Longueur: 82.48553m, Rue: Rue des Épis
Tronçon: 60901951 -> 60901940, Longueur: 227.51254m, Rue: Rue des Guillandes
Tronçon: 26317259 -> 1368674799, Longueur: 187.75513m, Rue: Rue Girié
Tronçon: 26317234 -> 26057106, Longueur: 93.64789m, Rue: Petite Rue Saint-Eusèbe
Tronçon: 26317234 -> 26317228, Longueur: 81.59183m, Rue: Avenue Félix Faure
Tronçon: 26317234 -> 55463805, Longueur: 226.60776m, Rue: Avenue Félix Faure
Tronçon: 26317235 -> 25611760, Longueur: 76.77519m, Rue: Avenue Lacassagne
Tronçon: 26317232 -> 26057098, Longueur: 145.27324m, Rue: Rue Meynis
Tronçon: 26317232 -> 26317228, Longueur: 70.396255m, Rue: Avenue Félix Faure
Tronçon: 26317232 -> 26317229, Longueur: 254.54216m, Rue: Avenue Félix Faure
Tronçon: 26317233 -> 25611760, Longueur: 26.020561m, Rue: Avenue Félix Faure
Tronçon: 26317233 -> 26057084, Longueur: 240.98518m, Rue: Rue Baraban
Tronçon: 26317233 -> 26317229, Longueur: 49.68636m, Rue: Avenue Félix Faure
Tronçon: 7470130 -> 7470129, Longueur: 121.45789m, Rue: Quai Jules Courmont
Tronçon: 60901989 -> 60901949, Longueur: 10.420416m, Rue: Rue de la Paix
Tronçon: 60901989 -> 60901942, Longueur: 78.73703m, Rue: Rue de la Paix
Tronçon: 60901989 -> 245054767, Longueur: 185.0495m, Rue: Rue des Sycomores
Tronçon: 60901987 -> 245023120, Longueur: 182.80875m, Rue: Rue Jean Jaurès
Tronçon: 60901987 -> 60901985, Longueur: 264.2536m, Rue: Rue Neuve des Essarts
Tronçon: 60901987 -> 60901983, Longueur: 143.89633m, Rue: Rue de la Paix
Tronçon: 639533077 -> 26289584, Longueur: 41.011997m, Rue: Avenue Jean-François Raclet
Tronçon: 639533077 -> 639533061, Longueur: 31.830074m, Rue: Rue Hector Malot
Tronçon: 639533077 -> 26289590, Longueur: 59.665367m, Rue: Avenue Jean-François Raclet
Tronçon: 7470129 -> 26480377, Longueur: 17.568705m, Rue: Quai Jules Courmont
Tronçon: 7470129 -> 1510257225, Longueur: 28.660635m, Rue: Quai Jules Courmont
Tronçon: 60901982 -> 60901948, Longueur: 41.994125m, Rue: Rue de la Paix
Tronçon: 60901982 -> 245054772, Longueur: 63.249855m, Rue: Rue de l'Humanité
Tronçon: 60901982 -> 60901983, Longueur: 36.52154m, Rue: Rue de la Paix
Tronçon: 26317229 -> 26317232, Longueur: 254.54216m, Rue: Avenue Félix Faure
Tronçon: 26317229 -> 26317233, Longueur: 49.68636m, Rue: Avenue Félix Faure
Tronçon: 26317229 -> 26317214, Longueur: 61.443684m, Rue: Place Rouget de l'Isle
Tronçon: 26317229 -> 26317207, Longueur: 109.498764m, Rue: Rue David
Tronçon: 60901985 -> 245054762, Longueur: 77.59102m, Rue: Rue des Essarts
Tronçon: 60901985 -> 245054759, Longueur: 16.99321m, Rue: Rue des Essarts
Tronçon: 60901985 -> 60901987, Longueur: 264.2536m, Rue: Rue Neuve des Essarts
Tronçon: 26317228 -> 26317232, Longueur: 70.396255m, Rue: Avenue Félix Faure
Tronçon: 26317228 -> 26317234, Longueur: 81.59183m, Rue: Avenue Félix Faure
Tronçon: 60901983 -> 60901982, Longueur: 36.52154m, Rue: Rue de la Paix
Tronçon: 60901983 -> 2864851034, Longueur: 226.63206m, Rue: Impasse Calmard
Tronçon: 60901983 -> 60901987, Longueur: 143.89633m, Rue: Rue de la Paix
Tronçon: 60901984 -> 245054754, Longueur: 151.95238m, Rue: Rue des Essarts
Tronçon: 60901984 -> 60901941, Longueur: 112.74188m, Rue: Rue des Essarts
Tronçon: 60901984 -> 245054767, Longueur: 71.15181m, Rue: Rue des Sycomores
Tronçon: 26317246 -> 1682387619, Longueur: 87.1567m, Rue: Impasse de la Ruche
Tronçon: 26317246 -> 26317248, Longueur: 215.509m, Rue: Rue de la Ruche
Tronçon: 26317242 -> 459797864, Longueur: 89.59381m, Rue: Rue Villebois-Mareuil
Tronçon: 26317242 -> 26317212, Longueur: 110.82931m, Rue: Rue du Dauphiné
Tronçon: 26317242 -> 25611428, Longueur: 139.95462m, Rue: Rue du Dauphiné
Tronçon: 25611153 -> 1356838561, Longueur: 19.633795m, Rue: 
Tronçon: 25611153 -> 26470085, Longueur: 265.46426m, Rue: Rue Chambovet
Tronçon: 25611153 -> 25611151, Longueur: 122.48935m, Rue: Boulevard Pinel
Tronçon: 25611154 -> 25611155, Longueur: 19.48649m, Rue: 
Tronçon: 25611154 -> 25611156, Longueur: 135.01746m, Rue: Boulevard Pinel
Tronçon: 25611155 -> 25611153, Longueur: 124.91089m, Rue: Boulevard Pinel
Tronçon: 25611155 -> 1921810508, Longueur: 23.959099m, Rue: Rue Chevalier
Tronçon: 25611156 -> 2202205400, Longueur: 66.17866m, Rue: Boulevard Pinel
Tronçon: 25611156 -> 1921810545, Longueur: 90.22135m, Rue: Boulevard Pinel
Tronçon: 25611151 -> 25611152, Longueur: 87.490265m, Rue: Boulevard Pinel
Tronçon: 25611151 -> 25610743, Longueur: 178.05112m, Rue: Boulevard Pinel
Tronçon: 25611152 -> 25611153, Longueur: 37.425865m, Rue: 
Tronçon: 25611152 -> 1356838561, Longueur: 52.75632m, Rue: Boulevard Pinel
Tronçon: 612951571 -> 26058943, Longueur: 21.456774m, Rue: Rue Jaboulay
Tronçon: 639533061 -> 26289590, Longueur: 70.85413m, Rue: Rue Hector Malot
Tronçon: 26317236 -> 26317235, Longueur: 177.07799m, Rue: Avenue Lacassagne
Tronçon: 26317236 -> 26057069, Longueur: 109.60838m, Rue: Rue Moissonnier
Tronçon: 226202090 -> 25303797, Longueur: 89.28237m, Rue: Rue Trarieux
Tronçon: 1361474562 -> 459797901, Longueur: 143.05846m, Rue: Impasse Million
Tronçon: 1361474561 -> 1361474572, Longueur: 116.64649m, Rue: Impasse des Lilas
Tronçon: 2865332640 -> 26480360, Longueur: 71.16683m, Rue: Place des Cordeliers
Tronçon: 383744947 -> 383744946, Longueur: 63.725452m, Rue: Allée Arthur Rimbaud
Tronçon: 383744947 -> 252626883, Longueur: 80.917946m, Rue: Avenue Condorcet
Tronçon: 1361474563 -> 1361474568, Longueur: 134.695m, Rue: Impasse du Progrès
Tronçon: 383744946 -> 383744947, Longueur: 63.725452m, Rue: Allée Arthur Rimbaud
Tronçon: 26317294 -> 25611424, Longueur: 234.77402m, Rue: Rue Bellicard
Tronçon: 26317294 -> 26317293, Longueur: 78.770195m, Rue: Rue Félix
Tronçon: 26317293 -> 25303841, Longueur: 111.942184m, Rue: Rue Feuillat
Tronçon: 26317293 -> 25611425, Longueur: 238.35002m, Rue: Rue Feuillat
Tronçon: 465470622 -> 26132256, Longueur: 143.44336m, Rue: Rue Denis Père et Fils
Tronçon: 465470622 -> 465470608, Longueur: 105.396866m, Rue: Impasse Raymond
Tronçon: 465470622 -> 26132254, Longueur: 143.68681m, Rue: Rue Denis Père et Fils
Tronçon: 2365927999 -> 26058936, Longueur: 67.24871m, Rue: Place Jean Macé
Tronçon: 2365927999 -> 2365927996, Longueur: 44.610497m, Rue: Rue Jaboulay
Tronçon: 2222846089 -> 252628608, Longueur: 86.85472m, Rue: Passage Rossel
Tronçon: 2222846089 -> 252628601, Longueur: 101.67179m, Rue: Avenue Galline
Tronçon: 2222846089 -> 252628599, Longueur: 83.7388m, Rue: Avenue Galline
Tronçon: 2365927996 -> 26058943, Longueur: 8.801791m, Rue: Avenue Jean Jaurès
Tronçon: 26059180 -> 195237, Longueur: 74.120316m, Rue: Rue Saint-Jérôme
Tronçon: 26059180 -> 26059183, Longueur: 62.22993m, Rue: Rue du Père Chevrier
Tronçon: 1361474572 -> 190817714, Longueur: 97.25725m, Rue: Rue Francis de Pressensé
Tronçon: 1361474572 -> 1361474561, Longueur: 116.64649m, Rue: Impasse des Lilas
Tronçon: 26059183 -> 26059198, Longueur: 10.569592m, Rue: Rue du Père Chevrier
Tronçon: 26059183 -> 26059186, Longueur: 77.13149m, Rue: Avenue Jean Jaurès
Tronçon: 26059186 -> 25153074, Longueur: 34.464287m, Rue: Rue des Trois Pierres
Tronçon: 26059186 -> 21604533, Longueur: 111.7876m, Rue: Avenue Jean Jaurès
Tronçon: 1361474570 -> 190951192, Longueur: 96.30693m, Rue: Cours Émile Zola
Tronçon: 1361474570 -> 60492194, Longueur: 67.27862m, Rue: Cours Émile Zola
Tronçon: 1361474570 -> 459797901, Longueur: 30.459938m, Rue: Impasse Million
Tronçon: 26059185 -> 26059186, Longueur: 38.507042m, Rue: Rue Salomon Reinach
Tronçon: 26059185 -> 26059180, Longueur: 75.82124m, Rue: Rue Saint-Jérôme
Tronçon: 465470608 -> 465470622, Longueur: 105.396866m, Rue: Impasse Raymond
Tronçon: 4251081819 -> 4251081818, Longueur: 30.168222m, Rue: Avenue Berthelot
Tronçon: 4251081819 -> 9214814, Longueur: 31.879675m, Rue: Avenue Berthelot
Tronçon: 4251081818 -> 9214814, Longueur: 6.3853035m, Rue: Rue du Repos
Tronçon: 4251081818 -> 4075536493, Longueur: 96.60653m, Rue: Rue du Repos
Tronçon: 1361474568 -> 1242516434, Longueur: 121.657524m, Rue: Rue Francis de Pressensé
Tronçon: 1361474568 -> 1361474563, Longueur: 134.695m, Rue: Impasse du Progrès
Tronçon: 1226411365 -> 190951431, Longueur: 7.0149155m, Rue: Rue Pierre-Joseph Proudhon
Tronçon: 1226411365 -> 190823204, Longueur: 132.67352m, Rue: Rue Pierre-Joseph Proudhon
Tronçon: 1226411365 -> 1226411357, Longueur: 97.790665m, Rue: Rue Montgolfier
Tronçon: 271151860 -> 1481116994, Longueur: 301.50235m, Rue: Rue Martin
Tronçon: 1679897965 -> 1679897962, Longueur: 34.954826m, Rue: Place Albert Thomas
Tronçon: 1679897965 -> 54704547, Longueur: 144.18582m, Rue: Cours de la République
Tronçon: 1679897965 -> 1679897963, Longueur: 28.490297m, Rue: Place Albert Thomas
Tronçon: 26121686 -> 2841904735, Longueur: 84.053215m, Rue: Boulevard des Tchécoslovaques
Tronçon: 26121686 -> 21712143, Longueur: 104.18585m, Rue: Rue Jules Brunard
Tronçon: 1679897962 -> 1679897965, Longueur: 34.954826m, Rue: Place Albert Thomas
Tronçon: 1679897962 -> 1679897957, Longueur: 27.5064m, Rue: Place Albert Thomas
Tronçon: 1679897963 -> 2574024345, Longueur: 14.979343m, Rue: Place Albert Thomas
Tronçon: 1679897963 -> 58584508, Longueur: 141.38126m, Rue: Rue du 4 Août 1789
Tronçon: 1679897963 -> 1679897965, Longueur: 28.490297m, Rue: Place Albert Thomas
Tronçon: 60901945 -> 2864851043, Longueur: 141.66014m, Rue: Rue Pierre Bourdan
Tronçon: 60901945 -> 60901944, Longueur: 142.58736m, Rue: Avenue Franklin Roosevelt
Tronçon: 60901945 -> 2864851049, Longueur: 56.830708m, Rue: Avenue Franklin Roosevelt
Tronçon: 60901944 -> 60901951, Longueur: 128.25902m, Rue: Rue des Guillandes
Tronçon: 60901944 -> 60901945, Longueur: 142.58736m, Rue: Avenue Franklin Roosevelt
Tronçon: 60901944 -> 21715078, Longueur: 85.61649m, Rue: Avenue Franklin Roosevelt
Tronçon: 60901949 -> 60901989, Longueur: 10.420416m, Rue: Rue de la Paix
Tronçon: 60901949 -> 2864851043, Longueur: 167.81659m, Rue: Rue Pierre Bourdan
Tronçon: 60901949 -> 245054847, Longueur: 63.36775m, Rue: Rue de la Paix
Tronçon: 60901947 -> 2864851049, Longueur: 85.88217m, Rue: Avenue Franklin Roosevelt
Tronçon: 60901947 -> 60901948, Longueur: 312.05148m, Rue: Rue des Iris
Tronçon: 60901947 -> 194605197, Longueur: 143.77457m, Rue: Avenue Franklin Roosevelt
Tronçon: 60901948 -> 60901982, Longueur: 41.994125m, Rue: Rue de la Paix
Tronçon: 60901948 -> 245054847, Longueur: 46.31201m, Rue: Rue de la Paix
Tronçon: 60901948 -> 60901947, Longueur: 312.05148m, Rue: Rue des Iris
Tronçon: 2853168578 -> 2853168571, Longueur: 116.2914m, Rue: Impasse Pont
Tronçon: 1226411357 -> 1226411365, Longueur: 97.790665m, Rue: Rue Montgolfier
Tronçon: 60901941 -> 60901984, Longueur: 112.74188m, Rue: Rue des Essarts
Tronçon: 60901941 -> 2864851029, Longueur: 133.48874m, Rue: Rue Bernard Vallot
Tronçon: 60901941 -> 1315984606, Longueur: 127.865036m, Rue: Rue des Essarts
Tronçon: 60901942 -> 60901940, Longueur: 95.17963m, Rue: Rue de la Paix
Tronçon: 60901942 -> 2864851029, Longueur: 81.57747m, Rue: Rue Bernard Vallot
Tronçon: 60901942 -> 60901950, Longueur: 202.39175m, Rue: Rue Émile Bressat
Tronçon: 60901942 -> 60901989, Longueur: 78.73703m, Rue: Rue de la Paix
Tronçon: 2853168571 -> 244499800, Longueur: 28.567532m, Rue: Impasse Pont
Tronçon: 2853168571 -> 244499803, Longueur: 22.72673m, Rue: Impasse Pont
Tronçon: 2853168571 -> 2853168578, Longueur: 116.2914m, Rue: Impasse Pont
Tronçon: 60901940 -> 60901937, Longueur: 115.95791m, Rue: Rue de la Paix
Tronçon: 60901940 -> 60901942, Longueur: 95.17963m, Rue: Rue de la Paix
Tronçon: 60901940 -> 60901951, Longueur: 227.51254m, Rue: Rue des Guillandes
Tronçon: 2853168570 -> 244499784, Longueur: 64.95166m, Rue: Rue Armanet
Tronçon: 1679897957 -> 2574024345, Longueur: 28.207735m, Rue: Place Albert Thomas
Tronçon: 1679897957 -> 1679897962, Longueur: 27.5064m, Rue: Place Albert Thomas
Tronçon: 1679897957 -> 1679901326, Longueur: 90.41324m, Rue: Avenue Marc Sangnier
Tronçon: 60901938 -> 1315984629, Longueur: 71.98886m, Rue: Rue des Essarts
Tronçon: 60901938 -> 60901937, Longueur: 53.73686m, Rue: Rue de la Paix
Tronçon: 60901938 -> 1315984607, Longueur: 67.53967m, Rue: Rue des Essarts
Tronçon: 60901937 -> 60901940, Longueur: 115.95791m, Rue: Rue de la Paix
Tronçon: 60901937 -> 60901938, Longueur: 53.73686m, Rue: Rue de la Paix
Tronçon: 412291343 -> 612951571, Longueur: 93.28319m, Rue: Rue Domer
Tronçon: 412291343 -> 25499151, Longueur: 63.299973m, Rue: Rue du Colombier
Tronçon: 2129259173 -> 640541652, Longueur: 49.161777m, Rue: Rue Bara
Tronçon: 27362552 -> 27362912, Longueur: 21.776041m, Rue: Boulevard Pinel
Tronçon: 27362552 -> 27362914, Longueur: 49.72345m, Rue: Rue de Narvik
Tronçon: 27362554 -> 1028380064, Longueur: 27.144026m, Rue: Avenue Pierre Millon
Tronçon: 27362554 -> 1028380043, Longueur: 19.21972m, Rue: Boulevard Pinel
Tronçon: 27362559 -> 27362911, Longueur: 161.54666m, Rue: Rue de la Moselle
Tronçon: 27362559 -> 4084536085, Longueur: 9.285617m, Rue: Rue de la Moselle
Tronçon: 27362559 -> 21715029, Longueur: 29.936703m, Rue: Avenue Jean Mermoz
Tronçon: 26470490 -> 52561460, Longueur: 50.25045m, Rue: Rue Gelas
Tronçon: 26470490 -> 26149150, Longueur: 65.57037m, Rue: Rue de la Caille
Tronçon: 26470491 -> 25611158, Longueur: 25.209368m, Rue: Boulevard Pinel
Tronçon: 26470491 -> 2202205400, Longueur: 39.87699m, Rue: Boulevard Pinel
Tronçon: 26470491 -> 26470490, Longueur: 92.098854m, Rue: Rue Gelas
Tronçon: 55457354 -> 55447043, Longueur: 198.94957m, Rue: Rue Racine
Tronçon: 55457354 -> 1423439485, Longueur: 44.850292m, Rue: Rue Richelieu
Tronçon: 55457354 -> 249081135, Longueur: 109.81821m, Rue: Cours Tolstoï
Tronçon: 245023208 -> 245023220, Longueur: 65.48641m, Rue: Rue du Square
Tronçon: 245023208 -> 245025987, Longueur: 88.1617m, Rue: Avenue du Bois
Tronçon: 27362560 -> 27362561, Longueur: 207.18861m, Rue: Rue de la Moselle
Tronçon: 27362560 -> 350344029, Longueur: 119.93856m, Rue: Avenue Général Frère
Tronçon: 27362560 -> 27362905, Longueur: 102.411255m, Rue: Avenue Général Frère
Tronçon: 27362561 -> 27362904, Longueur: 219.08798m, Rue: Rue de la Meuse
Tronçon: 27362561 -> 27362560, Longueur: 207.18861m, Rue: Rue de la Moselle
Tronçon: 27362561 -> 27362911, Longueur: 41.032604m, Rue: Rue de la Moselle
Tronçon: 245023213 -> 194605205, Longueur: 43.822186m, Rue: Rue du Progrès
Tronçon: 245023213 -> 2066074390, Longueur: 55.97454m, Rue: Rue du Progrès
Tronçon: 26035106 -> 25310893, Longueur: 27.843388m, Rue: Rue Ney
Tronçon: 26035105 -> 26035090, Longueur: 53.570164m, Rue: Rue Waldeck-Rousseau
Tronçon: 55444018 -> 191134601, Longueur: 181.73573m, Rue: Rue Louis Ducroize
Tronçon: 55444018 -> 55435139, Longueur: 179.7698m, Rue: Rue Léon Blum
Tronçon: 55444018 -> 55444038, Longueur: 116.74729m, Rue: Rue Léon Blum
Tronçon: 26035104 -> 26035105, Longueur: 65.60166m, Rue: Rue Waldeck-Rousseau
Tronçon: 26035104 -> 26035110, Longueur: 56.98777m, Rue: Rue Fournet
Tronçon: 245023218 -> 245031106, Longueur: 130.22873m, Rue: Avenue du Bois
Tronçon: 245023218 -> 245031101, Longueur: 92.16805m, Rue: Avenue Franklin Roosevelt
Tronçon: 26035103 -> 26035127, Longueur: 95.98882m, Rue: Rue Lalande
Tronçon: 26035103 -> 26035099, Longueur: 83.505165m, Rue: Rue de Chevillard
Tronçon: 245023215 -> 245023123, Longueur: 125.08781m, Rue: Rue des Roses
Tronçon: 245023215 -> 245023220, Longueur: 48.51341m, Rue: Rue du Square
Tronçon: 245023215 -> 245023213, Longueur: 223.05171m, Rue: Rue des Roses
Tronçon: 55457360 -> 60491713, Longueur: 59.98804m, Rue: Rue Persoz
Tronçon: 55457360 -> 55457325, Longueur: 247.69063m, Rue: Rue des Peupliers
Tronçon: 26035101 -> 26035105, Longueur: 30.579657m, Rue: 
Tronçon: 26035101 -> 26035110, Longueur: 79.354m, Rue: Boulevard Jules Favre
Tronçon: 55457372 -> 55447024, Longueur: 181.1668m, Rue: Rue du 1 Mars 1943
Tronçon: 55457372 -> 55457385, Longueur: 81.54578m, Rue: Rue de l'Union
Tronçon: 55457372 -> 25932599, Longueur: 161.0395m, Rue: Rue du 1 Mars 1943
Tronçon: 55457375 -> 55457385, Longueur: 143.96454m, Rue: Rue Jules Kumer
Tronçon: 55457375 -> 55457380, Longueur: 84.98944m, Rue: Cours Émile Zola
Tronçon: 55457375 -> 25932599, Longueur: 85.277084m, Rue: Cours Émile Zola
Tronçon: 245023220 -> 245023208, Longueur: 65.48641m, Rue: Rue du Square
Tronçon: 245023220 -> 245023215, Longueur: 48.51341m, Rue: Rue du Square
Tronçon: 245023220 -> 194605210, Longueur: 257.00735m, Rue: Rue Docteur Charles Faguin
Tronçon: 143402 -> 21718033, Longueur: 185.30594m, Rue: Avenue Jean Mermoz
Tronçon: 143402 -> 21718291, Longueur: 161.09697m, Rue: Rue du Professeur Joseph Nicolas
Tronçon: 143402 -> 21714982, Longueur: 8.570351m, Rue: Rue du Professeur Joseph Nicolas
Tronçon: 143403 -> 143408, Longueur: 102.46916m, Rue: Avenue Jean Mermoz
Tronçon: 143403 -> 21718288, Longueur: 24.655336m, Rue: Rue Professeur Morat
Tronçon: 143403 -> 21714981, Longueur: 12.122826m, Rue: Rue Professeur Morat
Tronçon: 143408 -> 21714980, Longueur: 8.643718m, Rue: Rue Édouard Nieuport
Tronçon: 143408 -> 932576340, Longueur: 93.240364m, Rue: Avenue Jean Mermoz
Tronçon: 3452410723 -> 251055998, Longueur: 3.1776292m, Rue: Cours Richard Vitton
Tronçon: 3452410723 -> 25611375, Longueur: 53.93357m, Rue: Rue Camille
Tronçon: 3405342345 -> 434308458, Longueur: 49.267975m, Rue: Place Henri
Tronçon: 3405342345 -> 2365376413, Longueur: 61.075573m, Rue: Cours Docteur Long
Tronçon: 55457385 -> 55447019, Longueur: 176.04872m, Rue: Rue Jules Kumer
Tronçon: 55457385 -> 55457372, Longueur: 81.54578m, Rue: Rue de l'Union
Tronçon: 55457385 -> 55457382, Longueur: 81.97076m, Rue: Rue de l'Union
Tronçon: 143413 -> 21852320, Longueur: 120.25354m, Rue: Rue Saint-Maurice
Tronçon: 143413 -> 21852317, Longueur: 60.772167m, Rue: Avenue Berthelot
Tronçon: 208769457 -> 342873658, Longueur: 24.386381m, Rue: Rue Richelieu
Tronçon: 208769457 -> 208769499, Longueur: 106.73056m, Rue: Rue Frédéric Passy
Tronçon: 208769457 -> 342868447, Longueur: 15.785075m, Rue: Rue Richelieu
Tronçon: 143412 -> 25468088, Longueur: 165.04675m, Rue: Rue Villon
Tronçon: 143412 -> 21852326, Longueur: 78.374275m, Rue: Avenue Berthelot
Tronçon: 143417 -> 143416, Longueur: 120.9714m, Rue: Rue Villon
Tronçon: 143417 -> 21696191, Longueur: 172.42767m, Rue: Rue Saint-Nestor
Tronçon: 143418 -> 21696193, Longueur: 88.25528m, Rue: Rue Villon
Tronçon: 143418 -> 25334276, Longueur: 147.44713m, Rue: Avenue des Frères Lumière
Tronçon: 143415 -> 21852322, Longueur: 140.09177m, Rue: Rue Villon
Tronçon: 143415 -> 143435, Longueur: 76.228615m, Rue: Rue Marius Berliet
Tronçon: 143416 -> 18232186, Longueur: 172.75774m, Rue: Rue Saint-Mathieu
Tronçon: 143416 -> 18232178, Longueur: 140.03229m, Rue: Rue Villon
Tronçon: 55457380 -> 60492200, Longueur: 89.607834m, Rue: Cours Émile Zola
Tronçon: 55457380 -> 55457375, Longueur: 84.98944m, Rue: Cours Émile Zola
Tronçon: 55457382 -> 55457385, Longueur: 81.97076m, Rue: Rue de l'Union
Tronçon: 55457382 -> 55457380, Longueur: 126.532715m, Rue: Rue Louis Goux
Tronçon: 194605345 -> 60902262, Longueur: 362.46887m, Rue: Boulevard Laurent Bonnevay
Tronçon: 1682387671 -> 1682387628, Longueur: 195.51674m, Rue: Rue du Professeur Pierre-Victor Galtier
Tronçon: 25719219 -> 21674798, Longueur: 86.48964m, Rue: Rue de Sèze
Tronçon: 25719219 -> 25719223, Longueur: 86.95688m, Rue: Avenue du Maréchal de Saxe
Tronçon: 25611158 -> 26470491, Longueur: 25.209368m, Rue: Boulevard Pinel
Tronçon: 25611158 -> 240470314, Longueur: 206.53967m, Rue: Avenue Doyen Jean Lépine
Tronçon: 25611158 -> 1370403183, Longueur: 98.57395m, Rue: Rue du Vinatier
Tronçon: 26035131 -> 1368366537, Longueur: 47.410065m, Rue: Rue Lalande
Tronçon: 26035131 -> 26035070, Longueur: 22.200825m, Rue: Rue Vauban
Tronçon: 26059102 -> 2485984756, Longueur: 25.901123m, Rue: Rue Garibaldi
Tronçon: 26059102 -> 25499159, Longueur: 157.79155m, Rue: Rue Jaboulay
Tronçon: 35408667 -> 35408672, Longueur: 75.0238m, Rue: Avenue Gabriel Péri
Tronçon: 25719228 -> 3393859920, Longueur: 7.7847524m, Rue: Rue du Général Mouton-Duvernet
Tronçon: 25719228 -> 3393859930, Longueur: 66.13708m, Rue: Cours Albert Thomas
Tronçon: 2623015186 -> 191134587, Longueur: 16.978354m, Rue: Rue Pierre Baratin
Tronçon: 2623015186 -> 3651418949, Longueur: 59.335026m, Rue: Rue Pierre Baratin
Tronçon: 2623015186 -> 55444215, Longueur: 308.61716m, Rue: Rue Pierre Baratin
Tronçon: 35408672 -> 35408681, Longueur: 14.580761m, Rue: Avenue Gabriel Péri
Tronçon: 35408672 -> 35408682, Longueur: 255.32019m, Rue: Pont de Cusset Rue du 4 Août 1789
Tronçon: 25719220 -> 821518051, Longueur: 73.43386m, Rue: Cours de la Liberté
Tronçon: 25719220 -> 8358135, Longueur: 101.2619m, Rue: Rue Servient
Tronçon: 25719223 -> 25316260, Longueur: 87.70416m, Rue: Avenue Maréchal Foch
Tronçon: 25719223 -> 1042749495, Longueur: 59.812046m, Rue: Cours Franklin Roosevelt
Tronçon: 1400900990 -> 187824746, Longueur: 5.386798m, Rue: Impasse Saint-Gervais
Tronçon: 194605322 -> 194605272, Longueur: 59.58487m, Rue: Boulevard Laurent Bonnevay
Tronçon: 194605322 -> 194610463, Longueur: 46.547142m, Rue: Avenue Franklin Roosevelt
Tronçon: 35408681 -> 35408678, Longueur: 28.596632m, Rue: Avenue Gabriel Péri
Tronçon: 35408681 -> 602532023, Longueur: 27.130468m, Rue: Rue du Pont des Planches
Tronçon: 35408682 -> 55416694, Longueur: 197.82468m, Rue: 
Tronçon: 35408682 -> 35408672, Longueur: 255.32019m, Rue: Pont de Cusset Rue du 4 Août 1789
Tronçon: 35408682 -> 35408687, Longueur: 123.30309m, Rue: Rue du 4 Août 1789
Tronçon: 26035111 -> 26035103, Longueur: 89.50096m, Rue: Rue Lalande
Tronçon: 26035110 -> 1368366540, Longueur: 61.608597m, Rue: Boulevard Jules Favre
Tronçon: 26035110 -> 26035111, Longueur: 49.394676m, Rue: Rue Fournet
Tronçon: 35408687 -> 35408688, Longueur: 35.024487m, Rue: Rue du 4 Août 1789
Tronçon: 35408687 -> 25932585, Longueur: 61.622707m, Rue: 
Tronçon: 35408687 -> 35408682, Longueur: 123.30309m, Rue: Rue du 4 Août 1789
Tronçon: 35408688 -> 25932588, Longueur: 39.251446m, Rue: Rue du 4 Août 1789
Tronçon: 35408688 -> 35408687, Longueur: 35.024487m, Rue: Rue du 4 Août 1789
Tronçon: 292655293 -> 244499785, Longueur: 39.98344m, Rue: Avenue Camille Rousset
Tronçon: 292655293 -> 1678997028, Longueur: 64.29065m, Rue: Impasse Bel-Air
Tronçon: 1682387638 -> 1835868025, Longueur: 97.68827m, Rue: Impasse Amblard
Tronçon: 194605312 -> 194605345, Longueur: 60.630104m, Rue: Boulevard Laurent Bonnevay
Tronçon: 194605312 -> 194605316, Longueur: 57.128815m, Rue: Avenue Franklin Roosevelt
Tronçon: 1682387634 -> 251049185, Longueur: 62.025635m, Rue: Rue de la Solidarité
Tronçon: 1682387634 -> 251053981, Longueur: 75.95862m, Rue: Rue Charny
Tronçon: 194605316 -> 194605345, Longueur: 52.628483m, Rue: Avenue Franklin Roosevelt
Tronçon: 194605316 -> 194605319, Longueur: 44.021736m, Rue: Avenue Franklin Roosevelt
Tronçon: 26289489 -> 25452866, Longueur: 7.2275386m, Rue: Rue Georges Gouy
Tronçon: 26289489 -> 25452874, Longueur: 112.26641m, Rue: Rue Georges Gouy
Tronçon: 26289489 -> 35413414, Longueur: 133.31023m, Rue: Rue Simon Fryd
Tronçon: 2320613216 -> 21715425, Longueur: 247.81987m, Rue: Avenue Rockefeller
Tronçon: 2320613216 -> 1156367438, Longueur: 211.64487m, Rue: Avenue Rockefeller Rue Volney
Tronçon: 194605319 -> 194605322, Longueur: 81.42641m, Rue: Avenue Franklin Roosevelt
Tronçon: 257682550 -> 1373967339, Longueur: 132.4999m, Rue: Avenue Rockefeller
Tronçon: 257682550 -> 21717915, Longueur: 200.07085m, Rue: Rue Victor de Laprade
Tronçon: 257682550 -> 2512682805, Longueur: 9.786228m, Rue: Rue Victor de Laprade
Tronçon: 1362204817 -> 190903123, Longueur: 89.560234m, Rue: Rue du 8 Mai 1945
Tronçon: 1362204817 -> 1362204813, Longueur: 232.19438m, Rue: Rue du Professeur Émile Bouvier
Tronçon: 1362204817 -> 190951511, Longueur: 78.658554m, Rue: Rue du 8 Mai 1945
Tronçon: 1682387640 -> 25611377, Longueur: 102.493256m, Rue: Rue Eugène Fournière
Tronçon: 1682387640 -> 1835868021, Longueur: 19.24168m, Rue: Rue Eugène Fournière
Tronçon: 1682387640 -> 251049185, Longueur: 133.86392m, Rue: Rue George Sand
Tronçon: 26035127 -> 1777396070, Longueur: 126.807076m, Rue: Cours Lafayette
Tronçon: 1362204813 -> 190951507, Longueur: 104.802086m, Rue: Rue Octavie
Tronçon: 1362204813 -> 1608509611, Longueur: 22.374172m, Rue: Rue Octavie
Tronçon: 602510192 -> 35408682, Longueur: 19.063938m, Rue: 
Tronçon: 25258545 -> 1489507797, Longueur: 72.45084m, Rue: Rue Villeroy
Tronçon: 25258545 -> 25258542, Longueur: 96.60103m, Rue: Rue de Créqui
Tronçon: 25258545 -> 25258527, Longueur: 109.62705m, Rue: Rue Villeroy
Tronçon: 821517829 -> 821518051, Longueur: 86.52008m, Rue: Rue Pravaz
Tronçon: 821517829 -> 8358135, Longueur: 66.91223m, Rue: Quai Victor Augagneur
Tronçon: 25258542 -> 631489389, Longueur: 43.98373m, Rue: Rue des Rancy
Tronçon: 25258542 -> 25306176, Longueur: 82.71508m, Rue: Rue de Créqui
Tronçon: 25258539 -> 25258542, Longueur: 49.02264m, Rue: Rue des Rancy
Tronçon: 25258539 -> 25306175, Longueur: 83.67206m, Rue: Rue Voltaire
Tronçon: 25258534 -> 25258519, Longueur: 46.02739m, Rue: Rue Paul Bert
Tronçon: 25258535 -> 25258528, Longueur: 84.97801m, Rue: Rue Duguesclin
Tronçon: 25258535 -> 25258534, Longueur: 46.835503m, Rue: Rue Paul Bert
Tronçon: 25258530 -> 25258529, Longueur: 96.29857m, Rue: Rue d'Arménie
Tronçon: 25258530 -> 25258545, Longueur: 96.82897m, Rue: Rue de Créqui
Tronçon: 1837331250 -> 25547435, Longueur: 243.0884m, Rue: Impasse Antoine Dumont
Tronçon: 1423419160 -> 1699105136, Longueur: 12.913325m, Rue: 
Tronçon: 1423419160 -> 34500660, Longueur: 9.575168m, Rue: 
Tronçon: 25258527 -> 25258545, Longueur: 109.62705m, Rue: Rue Villeroy
Tronçon: 25258527 -> 25258518, Longueur: 140.88503m, Rue: Rue du Gazomètre
Tronçon: 25258527 -> 25258529, Longueur: 46.779716m, Rue: Rue Duguesclin
Tronçon: 249717502 -> 21674906, Longueur: 10.567237m, Rue: Quai Victor Augagneur
Tronçon: 249717502 -> 2089661573, Longueur: 192.62758m, Rue: Cours Gambetta Pont de la Guillotière
Tronçon: 25258528 -> 25258539, Longueur: 47.703304m, Rue: Rue des Rancy
Tronçon: 25258528 -> 25258527, Longueur: 135.79764m, Rue: Rue Duguesclin
Tronçon: 143477 -> 143478, Longueur: 550.7512m, Rue: Boulevard Laurent Bonnevay
Tronçon: 25258529 -> 975656240, Longueur: 109.25861m, Rue: Rue d'Arménie
Tronçon: 25258529 -> 25306036, Longueur: 117.295784m, Rue: Rue Duguesclin
Tronçon: 143478 -> 194605416, Longueur: 181.3259m, Rue: Boulevard Laurent Bonnevay
Tronçon: 143478 -> 60902260, Longueur: 466.52847m, Rue: Boulevard Laurent Bonnevay
Tronçon: 25258523 -> 25258518, Longueur: 56.057793m, Rue: Rue des Rancy
Tronçon: 25258524 -> 25258523, Longueur: 156.88753m, Rue: Rue Saint-Amour
Tronçon: 25258524 -> 25258527, Longueur: 55.819267m, Rue: Rue Villeroy
Tronçon: 25258525 -> 975656240, Longueur: 24.715796m, Rue: Rue d'Arménie
Tronçon: 25258525 -> 25258521, Longueur: 166.94699m, Rue: Rue André Philip
Tronçon: 25258521 -> 1036842321, Longueur: 94.56182m, Rue: Rue André Philip
Tronçon: 25258521 -> 25258523, Longueur: 20.720749m, Rue: Rue des Rancy
Tronçon: 25258522 -> 34401010, Longueur: 103.01064m, Rue: Rue Étienne Dolet
Tronçon: 25258522 -> 25258741, Longueur: 63.35905m, Rue: Rue André Philip
Tronçon: 1201354422 -> 21715080, Longueur: 322.69272m, Rue: Rue Laennec
Tronçon: 1201354422 -> 1201354435, Longueur: 53.975243m, Rue: Rue Laennec
Tronçon: 444667999 -> 252628603, Longueur: 86.895325m, Rue: Rue Phelypeaux
Tronçon: 444667999 -> 966190507, Longueur: 180.34596m, Rue: Rue du Tonkin
Tronçon: 444667999 -> 252628599, Longueur: 102.788795m, Rue: Rue du Tonkin
Tronçon: 25258518 -> 25258528, Longueur: 57.293983m, Rue: Rue des Rancy
Tronçon: 25258519 -> 1036842321, Longueur: 41.209995m, Rue: Rue Paul Bert
Tronçon: 25258519 -> 25258518, Longueur: 93.82541m, Rue: Rue du Gazomètre
Tronçon: 602531992 -> 1109063448, Longueur: 50.416477m, Rue: Rue des Genièvres
Tronçon: 602531992 -> 602532000, Longueur: 272.52557m, Rue: Rue du Canal
Tronçon: 602531992 -> 1109063396, Longueur: 188.03194m, Rue: Rue du Canal
Tronçon: 602531992 -> 1109063415, Longueur: 88.55213m, Rue: Rue Tita Coïs
Tronçon: 1201354435 -> 21717930, Longueur: 21.996416m, Rue: Rue Laennec
Tronçon: 9214835 -> 25468090, Longueur: 48.760365m, Rue: Boulevard des États-Unis
Tronçon: 9214835 -> 382011402, Longueur: 36.008152m, Rue: Avenue Berthelot
Tronçon: 653293588 -> 21674912, Longueur: 46.504017m, Rue: Boulevard Yves Farge
Tronçon: 653293588 -> 26084497, Longueur: 240.84328m, Rue: Boulevard Yves Farge
Tronçon: 653293588 -> 1106229027, Longueur: 42.755634m, Rue: Rue Pré Gaudry
Tronçon: 195325701 -> 3400498641, Longueur: 121.2598m, Rue: Rue Georges Courteline
Tronçon: 195325701 -> 195325590, Longueur: 99.5819m, Rue: Rue Georges Courteline
Tronçon: 143421 -> 25334263, Longueur: 90.06998m, Rue: Rue du Docteur Armand Gélibert
Tronçon: 143421 -> 195279, Longueur: 177.56479m, Rue: Avenue des Frères Lumière
Tronçon: 3236245964 -> 3236245966, Longueur: 202.86497m, Rue: Rue François Jacob
Tronçon: 3236245966 -> 1608528162, Longueur: 13.802836m, Rue: Passage Martin
Tronçon: 3236245966 -> 60492626, Longueur: 35.05903m, Rue: Passage Martin
Tronçon: 3236245966 -> 3236245964, Longueur: 202.86497m, Rue: Rue François Jacob
Tronçon: 25175743 -> 26079784, Longueur: 64.74765m, Rue: Avenue Félix Faure
Tronçon: 55457315 -> 459797872, Longueur: 168.24316m, Rue: Rue Antonin Perrin
Tronçon: 55457315 -> 60491709, Longueur: 96.16757m, Rue: Avenue Auguste Blanqui
Tronçon: 55457315 -> 459797870, Longueur: 77.35725m, Rue: Cours Tolstoï
Tronçon: 55457314 -> 60491720, Longueur: 102.422806m, Rue: Cours Docteur Jean Damidot
Tronçon: 55457314 -> 60491706, Longueur: 102.24293m, Rue: Rue Charles Montaland
Tronçon: 55457314 -> 60491708, Longueur: 112.64225m, Rue: Cours Tolstoï
Tronçon: 55457318 -> 55457325, Longueur: 55.156086m, Rue: Cours Tolstoï
Tronçon: 143431 -> 21852317, Longueur: 176.36147m, Rue: Rue Paul Cazeneuve
Tronçon: 143431 -> 9214909, Longueur: 86.09836m, Rue: Rue Marius Berliet
Tronçon: 143435 -> 21600355, Longueur: 97.55205m, Rue: Rue Marius Berliet
Tronçon: 143439 -> 15925442, Longueur: 200.11652m, Rue: Rue de l'Épargne
Tronçon: 143439 -> 195246, Longueur: 178.51366m, Rue: Rue de l'Épargne
Tronçon: 244419508 -> 25722297, Longueur: 166.57153m, Rue: Avenue de Grande-Bretagne
Tronçon: 244419508 -> 25620306, Longueur: 302.55765m, Rue: Quai de Serbie
Tronçon: 2814161519 -> 25319204, Longueur: 26.754316m, Rue: Rue Molière
Tronçon: 2814161519 -> 2814161521, Longueur: 36.39751m, Rue: Impasse Molière
Tronçon: 55457325 -> 55457330, Longueur: 115.4823m, Rue: Cours Tolstoï
Tronçon: 55457330 -> 55457336, Longueur: 51.01146m, Rue: Cours Tolstoï
Tronçon: 55457330 -> 2520964231, Longueur: 310.6104m, Rue: Rue du 1 Mars 1943
Tronçon: 2283905622 -> 194609753, Longueur: 92.28051m, Rue: 
Tronçon: 2283905622 -> 25721832, Longueur: 360.002m, Rue: Boulevard Laurent Bonnevay
Tronçon: 1423419182 -> 1423350636, Longueur: 26.470116m, Rue: Rue Docteur Rollet
Tronçon: 1423419182 -> 58584503, Longueur: 216.66109m, Rue: Rue Docteur Rollet
Tronçon: 3002320972 -> 567871880, Longueur: 98.38568m, Rue: Rue André Bollier
Tronçon: 3002320972 -> 567809298, Longueur: 54.95147m, Rue: Allée Léopold Sédar Senghor
Tronçon: 3002320972 -> 26084213, Longueur: 10.917658m, Rue: Rue André Bollier
Tronçon: 55457336 -> 55457330, Longueur: 51.01146m, Rue: Cours Tolstoï
Tronçon: 55457336 -> 55463781, Longueur: 194.52873m, Rue: Place Jules Grandclément
Tronçon: 55457336 -> 55457342, Longueur: 41.182434m, Rue: Cours Tolstoï
Tronçon: 2814161521 -> 2814161519, Longueur: 36.39751m, Rue: Impasse Molière
Tronçon: 55457342 -> 55457336, Longueur: 41.182434m, Rue: Cours Tolstoï
Tronçon: 55457342 -> 55434505, Longueur: 17.340714m, Rue: Cours Tolstoï
Tronçon: 55457342 -> 4011909750, Longueur: 176.60846m, Rue: Rue Docteur Frappaz
Tronçon: 342873532 -> 342872879, Longueur: 51.028988m, Rue: Impasse Lafontaine
Tronçon: 208769499 -> 208769457, Longueur: 106.73056m, Rue: Rue Frédéric Passy
Tronçon: 208769499 -> 55474978, Longueur: 79.801414m, Rue: Rue Édouard Aynard
Tronçon: 208769499 -> 55475018, Longueur: 96.57731m, Rue: Rue Édouard Aynard
Tronçon: 55444038 -> 55444018, Longueur: 116.74729m, Rue: Rue Léon Blum
Tronçon: 55444038 -> 459797853, Longueur: 120.52541m, Rue: Rue Pierre-Louis Bernaix
Tronçon: 55444038 -> 191134606, Longueur: 190.32213m, Rue: Rue Berthelot
Tronçon: 55444038 -> 55444215, Longueur: 307.35544m, Rue: Rue Léon Blum
Tronçon: 378175582 -> 26291349, Longueur: 128.4631m, Rue: Rue des Émeraudes
Tronçon: 25174226 -> 34402384, Longueur: 55.756763m, Rue: Rue Garibaldi
Tronçon: 26295419 -> 60685035, Longueur: 99.455894m, Rue: Cours Émile Zola
Tronçon: 26295419 -> 103717420, Longueur: 95.64416m, Rue: Rue d'Inkermann
Tronçon: 26295419 -> 26297631, Longueur: 148.6029m, Rue: Cours Émile Zola
Tronçon: 26059099 -> 4256166056, Longueur: 74.45696m, Rue: Rue Camille Roy
Tronçon: 26059099 -> 9214706, Longueur: 42.514805m, Rue: Rue du Brigadier Voituret
Tronçon: 35291702 -> 1171867708, Longueur: 213.51907m, Rue: Rue des Fantasques Rue Philibert Delorme
Tronçon: 35291702 -> 1472874878, Longueur: 17.18861m, Rue: Rue Adamoli
Tronçon: 598174281 -> 598174386, Longueur: 106.80225m, Rue: Rue Jules Vercherin
Tronçon: 598174281 -> 26289580, Longueur: 80.38963m, Rue: Rue Georges Gouy
Tronçon: 598174281 -> 26289590, Longueur: 77.83639m, Rue: Rue Georges Gouy
Tronçon: 3020991190 -> 3020982382, Longueur: 19.374666m, Rue: 
Tronçon: 3020991190 -> 130144281, Longueur: 27.213171m, Rue: Place Adrien Godien
Tronçon: 21729400 -> 21717928, Longueur: 41.154457m, Rue: Rue Thomas Blanchet
Tronçon: 21729400 -> 21704348, Longueur: 117.360016m, Rue: Rue Thomas Blanchet
Tronçon: 21729400 -> 21717927, Longueur: 47.35024m, Rue: Boulevard Ambroise Paré
Tronçon: 21729405 -> 21717956, Longueur: 17.646217m, Rue: Rue Bataille
Tronçon: 25620796 -> 35216586, Longueur: 54.348083m, Rue: Rue Sainte-Marie des Terreaux
Tronçon: 25620796 -> 26584162, Longueur: 50.404606m, Rue: Rue d'Algérie
Tronçon: 143385 -> 1395793339, Longueur: 614.6798m, Rue: 
Tronçon: 143385 -> 33235335, Longueur: 587.9985m, Rue: 
Tronçon: 1035871698 -> 1035871834, Longueur: 21.370155m, Rue: Rue des Trois Pierres
Tronçon: 1035871698 -> 3812424995, Longueur: 8.61216m, Rue: Rue des Trois Pierres
Tronçon: 4150019167 -> 25611272, Longueur: 126.80616m, Rue: Route de Genas
Tronçon: 2450713202 -> 25310897, Longueur: 26.97714m, Rue: Rue Robert
Tronçon: 2450713202 -> 2450713228, Longueur: 19.754036m, Rue: Rue Robert
Tronçon: 4150019169 -> 34829088, Longueur: 29.805027m, Rue: Rue Émile Decorps
Tronçon: 4150019169 -> 4150021194, Longueur: 69.26207m, Rue: Rue Émile Decorps
Tronçon: 4150019169 -> 4150019149, Longueur: 23.426311m, Rue: Rue Émile Decorps
Tronçon: 48880118 -> 25471743, Longueur: 50.04231m, Rue: Rue Antoine Péricaud
Tronçon: 48880114 -> 1957527534, Longueur: 68.69944m, Rue: Avenue Berthelot
Tronçon: 9214813 -> 27359816, Longueur: 93.239296m, Rue: Avenue Berthelot
Tronçon: 9214813 -> 2600872721, Longueur: 48.164585m, Rue: Route de Vienne
Tronçon: 9214814 -> 4251081818, Longueur: 6.3853035m, Rue: Rue du Repos
Tronçon: 9214814 -> 27359810, Longueur: 197.78056m, Rue: Rue du Repos
Tronçon: 9214814 -> 974116109, Longueur: 151.31477m, Rue: Avenue Berthelot
Tronçon: 1468823683 -> 62026553, Longueur: 101.170746m, Rue: Cours d'Herbouville
Tronçon: 1468823679 -> 252466517, Longueur: 299.13605m, Rue: Cours d'Herbouville
Tronçon: 2450713228 -> 25310890, Longueur: 105.301674m, Rue: Rue Juliette Récamier
Tronçon: 34235998 -> 21510475, Longueur: 77.94326m, Rue: Rue Saint-Fulbert
Tronçon: 34235998 -> 21595835, Longueur: 113.31147m, Rue: Rue Saint-Gervais
Tronçon: 34235997 -> 143417, Longueur: 91.36231m, Rue: Rue Villon
Tronçon: 34235997 -> 34235998, Longueur: 171.51028m, Rue: Rue Saint-Fulbert
Tronçon: 26035063 -> 1368366566, Longueur: 34.070652m, Rue: Place Jules Ferry
Tronçon: 26035063 -> 378175582, Longueur: 43.57203m, Rue: Place Jules Ferry
Tronçon: 3305876674 -> 25622515, Longueur: 50.5865m, Rue: Avenue Berthelot
Tronçon: 3305876674 -> 1468747927, Longueur: 28.18477m, Rue: Pont Gallieni Avenue Berthelot
Tronçon: 110421994 -> 2774590477, Longueur: 109.91045m, Rue: Rue Francis de Pressensé
Tronçon: 110421994 -> 110421999, Longueur: 30.770733m, Rue: Rue Francis de Pressensé
Tronçon: 3020993751 -> 36858346, Longueur: 112.587006m, Rue: Montée de la Boucle
Tronçon: 3020993751 -> 3020991190, Longueur: 13.810957m, Rue: Place Adrien Godien
Tronçon: 26035070 -> 1778350879, Longueur: 12.224183m, Rue: Rue Vauban
Tronçon: 26035070 -> 26035063, Longueur: 190.24881m, Rue: Place Jules Ferry
Tronçon: 3020993750 -> 3020993751, Longueur: 19.326746m, Rue: 
Tronçon: 695208116 -> 1606993796, Longueur: 18.078709m, Rue: Place Edgar Quinet
Tronçon: 695208116 -> 761253220, Longueur: 66.27247m, Rue: Rue Vendôme
Tronçon: 110421999 -> 2685072832, Longueur: 144.28902m, Rue: Rue Francis de Pressensé
Tronçon: 110421999 -> 110422066, Longueur: 313.9808m, Rue: Rue Viret
Tronçon: 110421999 -> 110421994, Longueur: 30.770733m, Rue: Rue Francis de Pressensé
Tronçon: 25611003 -> 1701038064, Longueur: 34.147205m, Rue: Avenue Lacassagne
Tronçon: 25611003 -> 25610888, Longueur: 56.03865m, Rue: Place Jules Hottin
Tronçon: 26035040 -> 25310913, Longueur: 160.59161m, Rue: Rue Waldeck-Rousseau Place du Général Brosset
Tronçon: 26035040 -> 26035014, Longueur: 135.72966m, Rue: Rue Juliette Récamier
Tronçon: 245023180 -> 245054759, Longueur: 48.63076m, Rue: Rue des Essarts
Tronçon: 1988830557 -> 528993516, Longueur: 125.54658m, Rue: Boulevard Eugène Deruelle
Tronçon: 1988830557 -> 528993508, Longueur: 31.718533m, Rue: Boulevard Eugène Deruelle
Tronçon: 1988830557 -> 25319181, Longueur: 125.9918m, Rue: Rue Moncey
Tronçon: 245023188 -> 245023190, Longueur: 49.12153m, Rue: Square Laurent Bonnevay
Tronçon: 245023188 -> 245023120, Longueur: 82.81615m, Rue: Rue Jean Voillot
Tronçon: 245023188 -> 3759925034, Longueur: 196.07281m, Rue: Avenue Édouard Herriot
Tronçon: 25611016 -> 1701038065, Longueur: 40.371563m, Rue: Avenue Lacassagne
Tronçon: 25611016 -> 25611003, Longueur: 25.45104m, Rue: Place Jules Hottin
Tronçon: 25613678 -> 3101723996, Longueur: 219.57137m, Rue: Pont de l'UniversitéQuai Claude Bernard
Tronçon: 25613678 -> 26058775, Longueur: 206.83447m, Rue: Quai Claude Bernard
Tronçon: 245023190 -> 245023188, Longueur: 49.12153m, Rue: Square Laurent Bonnevay
Tronçon: 245023190 -> 245026016, Longueur: 429.86383m, Rue: Square Laurent Bonnevay
Tronçon: 245023190 -> 245026015, Longueur: 189.82498m, Rue: Square Laurent Bonnevay
Tronçon: 4150019141 -> 34829088, Longueur: 26.135668m, Rue: Cours Richard Vitton
Tronçon: 4150019149 -> 4150019141, Longueur: 10.913448m, Rue: Route de Genas
Tronçon: 4150019149 -> 25611212, Longueur: 37.839996m, Rue: Route de Genas
Tronçon: 245023123 -> 2292223595, Longueur: 70.26581m, Rue: Rue Jean Jaurès
Tronçon: 245023123 -> 245023124, Longueur: 120.2091m, Rue: Rue Jean Jaurès
Tronçon: 245023124 -> 245023129, Longueur: 123.22535m, Rue: Rue Jean Jaurès
Tronçon: 245023124 -> 245023123, Longueur: 120.2091m, Rue: Rue Jean Jaurès
Tronçon: 245023124 -> 245025987, Longueur: 52.302273m, Rue: Avenue du Bois
Tronçon: 1460505765 -> 3400498641, Longueur: 29.82536m, Rue: Avenue Roger Salengro
Tronçon: 245023120 -> 3760110976, Longueur: 90.73961m, Rue: Rue Jean Voillot
Tronçon: 245023120 -> 60901987, Longueur: 182.80875m, Rue: Rue Jean Jaurès
Tronçon: 245023120 -> 2292223595, Longueur: 64.90494m, Rue: Rue Jean Jaurès
Tronçon: 245023120 -> 245023188, Longueur: 82.81615m, Rue: Rue Jean Voillot
Tronçon: 26035099 -> 26035101, Longueur: 13.389668m, Rue: Boulevard Jules Favre
Tronçon: 26059066 -> 26131889, Longueur: 148.32893m, Rue: Rue Raoul Servant
Tronçon: 26059066 -> 9214658, Longueur: 196.89427m, Rue: Avenue Berthelot
Tronçon: 26059066 -> 25499219, Longueur: 87.011955m, Rue: Rue Saint-Jérôme
Tronçon: 1460505760 -> 1460505765, Longueur: 7.648852m, Rue: Rue Prisca
Tronçon: 1460505760 -> 34499782, Longueur: 100.415794m, Rue: Avenue Roger Salengro
Tronçon: 245023129 -> 245025984, Longueur: 84.24832m, Rue: Rue Claude Delaigue
Tronçon: 245023129 -> 245023124, Longueur: 123.22535m, Rue: Rue Jean Jaurès
Tronçon: 245023129 -> 1373825343, Longueur: 26.987032m, Rue: Rue Jean Jaurès
Tronçon: 1029524884 -> 21597593, Longueur: 27.07676m, Rue: Place des Jacobins
Tronçon: 194605287 -> 194605197, Longueur: 143.90509m, Rue: Avenue Franklin Roosevelt
Tronçon: 1108937309 -> 3101729530, Longueur: 17.936857m, Rue: Rue Paul Massimi
Tronçon: 1108937309 -> 1108937311, Longueur: 22.325983m, Rue: Rue Paul Massimi
Tronçon: 1108937311 -> 3101729530, Longueur: 21.923813m, Rue: Rue Abraham Bloch Rue Pierre Semard
Tronçon: 1108937311 -> 26120311, Longueur: 496.21744m, Rue: Rue Pierre Semard
Tronçon: 26035090 -> 26035099, Longueur: 29.956747m, Rue: Boulevard Jules Favre
Tronçon: 1029524866 -> 1029524884, Longueur: 23.349249m, Rue: Place des Jacobins
Tronçon: 1029524866 -> 26106343, Longueur: 148.92688m, Rue: Rue du Port du Temple
Tronçon: 26035087 -> 26035090, Longueur: 69.333244m, Rue: Boulevard Jules Favre
Tronçon: 26035087 -> 26035127, Longueur: 119.41287m, Rue: Cours Lafayette
Tronçon: 194605282 -> 194605316, Longueur: 75.41077m, Rue: Avenue Franklin Roosevelt
Tronçon: 194605282 -> 194605287, Longueur: 50.88949m, Rue: Avenue Franklin Roosevelt
Tronçon: 194605265 -> 194605232, Longueur: 32.773205m, Rue: Avenue Franklin Roosevelt
Tronçon: 194605265 -> 194605201, Longueur: 16.246576m, Rue: Avenue Franklin Roosevelt
Tronçon: 194605265 -> 194605269, Longueur: 90.15747m, Rue: Avenue Franklin Roosevelt
Tronçon: 3427659978 -> 32973806, Longueur: 15.355552m, Rue: 
Tronçon: 3427659978 -> 966190507, Longueur: 194.5682m, Rue: Boulevard du 11 Novembre 1918
Tronçon: 194605269 -> 194605272, Longueur: 55.489635m, Rue: Avenue Franklin Roosevelt
Tronçon: 194605269 -> 194609803, Longueur: 58.164738m, Rue: Boulevard Laurent Bonnevay
Tronçon: 194605272 -> 194609787, Longueur: 37.301247m, Rue: Avenue Franklin Roosevelt
Tronçon: 194605272 -> 194609803, Longueur: 48.30092m, Rue: Boulevard Laurent Bonnevay
Tronçon: 3842221821 -> 1026030528, Longueur: 62.326275m, Rue: Route de Vienne
Tronçon: 3842221821 -> 60755994, Longueur: 94.95781m, Rue: Route de Vienne
Tronçon: 1471824481 -> 1471827637, Longueur: 37.4786m, Rue: Quai Jean Moulin
Tronçon: 365087270 -> 325772567, Longueur: 3.491316m, Rue: 
Tronçon: 194605232 -> 194605265, Longueur: 32.773205m, Rue: Avenue Franklin Roosevelt
Tronçon: 194605232 -> 194605227, Longueur: 8.045711m, Rue: Avenue Franklin Roosevelt
Tronçon: 194605232 -> 244499785, Longueur: 88.660164m, Rue: Avenue Camille Rousset
Tronçon: 25620809 -> 26584165, Longueur: 47.95957m, Rue: Rue Paul Chenavard
Tronçon: 25620809 -> 26584158, Longueur: 81.54006m, Rue: Rue Constantine
Tronçon: 48833743 -> 48833748, Longueur: 58.243683m, Rue: Rue des Petites Sœurs
Tronçon: 48833743 -> 26086127, Longueur: 83.11128m, Rue: Rue Étienne Richerand
Tronçon: 48833747 -> 26086122, Longueur: 61.05543m, Rue: Rue Baraban
Tronçon: 48833747 -> 48833743, Longueur: 138.0391m, Rue: Rue des Petites Sœurs
Tronçon: 48833747 -> 26086128, Longueur: 53.631104m, Rue: Rue Baraban
Tronçon: 48833748 -> 26086119, Longueur: 134.36157m, Rue: Rue Gandolière
Tronçon: 194605223 -> 194605210, Longueur: 16.994385m, Rue: Avenue Franklin Roosevelt
Tronçon: 194605223 -> 194605227, Longueur: 13.122146m, Rue: Avenue Franklin Roosevelt
Tronçon: 194605223 -> 245023218, Longueur: 46.082855m, Rue: Avenue Franklin Roosevelt
Tronçon: 25611043 -> 25611040, Longueur: 11.316352m, Rue: Boulevard Pinel
Tronçon: 249717498 -> 1037249830, Longueur: 42.55269m, Rue: Place Antonin Jutard
Tronçon: 249717498 -> 249717502, Longueur: 54.07403m, Rue: Quai Victor Augagneur
Tronçon: 244499784 -> 2853168570, Longueur: 64.95166m, Rue: Rue Armanet
Tronçon: 244499784 -> 244499796, Longueur: 69.18992m, Rue: Rue Gaston Maurin
Tronçon: 244499784 -> 244499791, Longueur: 359.02335m, Rue: Rue Gaston Maurin Impasse de l'Araignée, Rue de l'Armistice
Tronçon: 244499785 -> 292655293, Longueur: 39.98344m, Rue: Avenue Camille Rousset
Tronçon: 244499785 -> 194605232, Longueur: 88.660164m, Rue: Avenue Camille Rousset
Tronçon: 244499785 -> 244499796, Longueur: 104.13137m, Rue: Rue Gaston Maurin
Tronçon: 194605227 -> 194605232, Longueur: 8.045711m, Rue: Avenue Franklin Roosevelt
Tronçon: 194605227 -> 194605223, Longueur: 13.122146m, Rue: Avenue Franklin Roosevelt
Tronçon: 25611046 -> 25611043, Longueur: 21.57322m, Rue: Boulevard Pinel
Tronçon: 25611046 -> 25611052, Longueur: 10.298906m, Rue: Boulevard Pinel
Tronçon: 25611040 -> 25611037, Longueur: 33.104446m, Rue: Boulevard Pinel
Tronçon: 26289581 -> 598174386, Longueur: 69.91843m, Rue: Rue de l'Effort
Tronçon: 26289581 -> 26115859, Longueur: 129.91994m, Rue: Rue Jean Vallier
Tronçon: 26289581 -> 26289580, Longueur: 114.4734m, Rue: Rue Jean Vallier
Tronçon: 26289581 -> 26289694, Longueur: 178.2696m, Rue: Rue de l'Effort
Tronçon: 26035018 -> 26035256, Longueur: 117.42749m, Rue: Rue Curie
Tronçon: 26289580 -> 25452888, Longueur: 176.9033m, Rue: Rue Georges Gouy
Tronçon: 26289580 -> 598174281, Longueur: 80.38963m, Rue: Rue Georges Gouy
Tronçon: 26289580 -> 26289581, Longueur: 114.4734m, Rue: Rue Jean Vallier
Tronçon: 25611037 -> 25610704, Longueur: 91.04423m, Rue: Boulevard Pinel
Tronçon: 26035011 -> 26035008, Longueur: 40.47468m, Rue: Boulevard des Belges
Tronçon: 26035011 -> 26035009, Longueur: 29.955141m, Rue: Rue Bossuet
Tronçon: 130144380 -> 2922474452, Longueur: 36.638935m, Rue: Rue de Belfort
Tronçon: 130144381 -> 130144267, Longueur: 65.57606m, Rue: Rue Joséphin Soulary
Tronçon: 130144381 -> 1171867500, Longueur: 10.666177m, Rue: Rue Louis Thévenet
Tronçon: 26035015 -> 26035014, Longueur: 24.029238m, Rue: Rue Cuvier
Tronçon: 26035014 -> 1368366564, Longueur: 27.577549m, Rue: Rue Juliette Récamier
Tronçon: 194605210 -> 245023220, Longueur: 257.00735m, Rue: Rue Docteur Charles Faguin
Tronçon: 194605210 -> 194605205, Longueur: 13.703798m, Rue: Avenue Franklin Roosevelt
Tronçon: 194605210 -> 194605223, Longueur: 16.994385m, Rue: Avenue Franklin Roosevelt
Tronçon: 25611054 -> 25611049, Longueur: 23.14797m, Rue: Avenue Lacassagne
Tronçon: 25611054 -> 25611052, Longueur: 30.305285m, Rue: Boulevard Pinel
Tronçon: 25611054 -> 25610743, Longueur: 142.73347m, Rue: Boulevard Pinel
Tronçon: 244499796 -> 244499784, Longueur: 69.18992m, Rue: Rue Gaston Maurin
Tronçon: 244499796 -> 244499800, Longueur: 296.33786m, Rue: Impasse Kimmerling Rue Pétetin
Tronçon: 244499796 -> 244499785, Longueur: 104.13137m, Rue: Rue Gaston Maurin
Tronçon: 25611052 -> 25611049, Longueur: 23.97618m, Rue: Avenue Lacassagne
Tronçon: 25611052 -> 25611054, Longueur: 30.305285m, Rue: Boulevard Pinel
Tronçon: 25611052 -> 25611046, Longueur: 10.298906m, Rue: Boulevard Pinel
Tronçon: 195325673 -> 3400498625, Longueur: 151.54771m, Rue: Rue Georges Courteline
Tronçon: 195325673 -> 195325590, Longueur: 180.82562m, Rue: Rue Georges Courteline
Tronçon: 195325673 -> 34499745, Longueur: 225.54529m, Rue: Rue Léon Fabre
Tronçon: 2392360249 -> 2282805720, Longueur: 166.48314m, Rue: Rue Jean Jaurès
Tronçon: 2392360249 -> 55474949, Longueur: 142.3364m, Rue: Rue Florian
Tronçon: 2392360249 -> 55463829, Longueur: 31.402689m, Rue: Rue Jean Jaurès
Tronçon: 26289584 -> 598174386, Longueur: 76.749504m, Rue: Rue de l'Effort
Tronçon: 26289584 -> 26115853, Longueur: 120.47978m, Rue: Avenue Jean-François Raclet
Tronçon: 26289584 -> 639533077, Longueur: 41.011997m, Rue: Avenue Jean-François Raclet
Tronçon: 25152928 -> 412284481, Longueur: 50.085194m, Rue: Rue de la Madeleine
Tronçon: 25152928 -> 1035871834, Longueur: 34.18m, Rue: Rue de la Madeleine
Tronçon: 26289590 -> 598174281, Longueur: 77.83639m, Rue: Rue Georges Gouy
Tronçon: 26289590 -> 26289594, Longueur: 94.95644m, Rue: Avenue Jean-François Raclet
Tronçon: 26289590 -> 639533077, Longueur: 59.665367m, Rue: Avenue Jean-François Raclet
Tronçon: 283326996 -> 25468228, Longueur: 87.02327m, Rue: Avenue Jean Jaurès
Tronçon: 283326996 -> 283325404, Longueur: 78.93727m, Rue: Avenue Jean Jaurès
Tronçon: 283326996 -> 25468215, Longueur: 209.50931m, Rue: Rue Marie-Madeleine Fourcade
Tronçon: 244499791 -> 244499768, Longueur: 38.633728m, Rue: Rue du 19 Mars 1962
Tronçon: 244499791 -> 244499784, Longueur: 359.02335m, Rue: Rue Gaston Maurin Impasse de l'Araignée, Rue de l'Armistice
Tronçon: 25611049 -> 25611016, Longueur: 20.356092m, Rue: Avenue Lacassagne
Tronçon: 244499769 -> 3266667859, Longueur: 22.001677m, Rue: Rue de Reims
Tronçon: 244499769 -> 244499820, Longueur: 51.35245m, Rue: Rue de Reims
Tronçon: 29003880 -> 29003879, Longueur: 54.12021m, Rue: Rue Viala
Tronçon: 194605201 -> 194605205, Longueur: 7.4975743m, Rue: Avenue Franklin Roosevelt
Tronçon: 194605201 -> 194605265, Longueur: 16.246576m, Rue: Avenue Franklin Roosevelt
Tronçon: 194605205 -> 194605201, Longueur: 7.4975743m, Rue: Avenue Franklin Roosevelt
Tronçon: 194605205 -> 194605210, Longueur: 13.703798m, Rue: Avenue Franklin Roosevelt
Tronçon: 194605205 -> 245023213, Longueur: 43.822186m, Rue: Rue du Progrès
Tronçon: 26289594 -> 26289593, Longueur: 128.75548m, Rue: Avenue Jean Jaurès
Tronçon: 26289594 -> 26289590, Longueur: 94.95644m, Rue: Avenue Jean-François Raclet
Tronçon: 26289594 -> 26108118, Longueur: 76.04581m, Rue: Avenue Jean Jaurès
Tronçon: 26289593 -> 26084216, Longueur: 222.96031m, Rue: Avenue Jean Jaurès
Tronçon: 26289593 -> 26289594, Longueur: 128.75548m, Rue: Avenue Jean Jaurès
Tronçon: 26289593 -> 570764061, Longueur: 77.88513m, Rue: Rue Jean Vallier
Tronçon: 190951198 -> 190951265, Longueur: 151.9098m, Rue: Rue Chambfort
Tronçon: 190951198 -> 1426128895, Longueur: 147.67929m, Rue: Rue Bourgchanin
Tronçon: 190951198 -> 25932591, Longueur: 62.924553m, Rue: Rue Bourgchanin
Tronçon: 244499768 -> 244499815, Longueur: 46.843094m, Rue: Rue de Reims
Tronçon: 4025995466 -> 55457297, Longueur: 211.99525m, Rue: Rue Florian
Tronçon: 4025995466 -> 342869875, Longueur: 68.580284m, Rue: Rue Florian
Tronçon: 4025995466 -> 55474924, Longueur: 127.81875m, Rue: Rue Lafontaine
Tronçon: 4025995466 -> 342867241, Longueur: 129.73003m, Rue: Rue Lafontaine
Tronçon: 1608528162 -> 3236245966, Longueur: 13.802836m, Rue: Passage Martin
Tronçon: 1608528160 -> 191134587, Longueur: 83.05369m, Rue: Rue Chevreul
Tronçon: 1608528160 -> 191134733, Longueur: 81.35362m, Rue: Rue Chevreul
Tronçon: 1608528160 -> 1838556327, Longueur: 129.39825m, Rue: Impasse Chevreul
Tronçon: 195325656 -> 195325592, Longueur: 295.29715m, Rue: Rue Marcel Dutartre
Tronçon: 195325656 -> 27512827, Longueur: 36.48446m, Rue: Avenue Albert Einstein
Tronçon: 30267248 -> 30267249, Longueur: 8.349581m, Rue: Avenue Berthelot
Tronçon: 29003879 -> 26464322, Longueur: 25.144213m, Rue: Rue Coignet
Tronçon: 244499777 -> 34830610, Longueur: 225.92139m, Rue: 
Tronçon: 244499777 -> 3266667859, Longueur: 499.03467m, Rue: Rue Jean Bouin
Tronçon: 30267249 -> 4428355484, Longueur: 20.321627m, Rue: Boulevard des Tchécoslovaques
Tronçon: 30267249 -> 4428355478, Longueur: 37.339092m, Rue: Avenue Berthelot
Tronçon: 26470389 -> 26463667, Longueur: 30.700241m, Rue: Avenue Lacassagne
Tronçon: 26470389 -> 26470092, Longueur: 110.69237m, Rue: Rue Constant
Tronçon: 26035009 -> 25310866, Longueur: 93.99211m, Rue: Rue Bossuet
Tronçon: 26035009 -> 26035015, Longueur: 68.12015m, Rue: Rue Waldeck-Rousseau
Tronçon: 190951192 -> 60492200, Longueur: 51.3152m, Rue: Cours Émile Zola
Tronçon: 190951192 -> 1361474570, Longueur: 96.30693m, Rue: Cours Émile Zola
Tronçon: 26035008 -> 26035009, Longueur: 35.05749m, Rue: Rue Waldeck-Rousseau
Tronçon: 26035008 -> 26035006, Longueur: 49.48575m, Rue: Boulevard des Belges
Tronçon: 26035007 -> 26035008, Longueur: 31.26593m, Rue: Rue Waldeck-Rousseau
Tronçon: 26035007 -> 26035018, Longueur: 58.506424m, Rue: Rue de Sèze
Tronçon: 26035006 -> 2291375541, Longueur: 72.4131m, Rue: Boulevard des Belges
Tronçon: 21992981 -> 21595834, Longueur: 119.75129m, Rue: Avenue des Frères Lumière
Tronçon: 21992980 -> 2034547834, Longueur: 130.47949m, Rue: Cours Albert Thomas
Tronçon: 21992980 -> 21993013, Longueur: 75.947624m, Rue: Petite Rue de Monplaisir
Tronçon: 187824746 -> 18232186, Longueur: 90.66148m, Rue: Rue Saint-Gervais
Tronçon: 187824746 -> 1400900990, Longueur: 5.386798m, Rue: Impasse Saint-Gervais
Tronçon: 21992996 -> 474605986, Longueur: 45.34168m, Rue: Rue Rossan
Tronçon: 21992996 -> 21993015, Longueur: 92.71113m, Rue: Rue Édouard Rochet
Tronçon: 21992995 -> 21992996, Longueur: 41.093044m, Rue: Rue Édouard Rochet
Tronçon: 143370 -> 143386, Longueur: 275.09116m, Rue: 
Tronçon: 444667873 -> 195250, Longueur: 75.0554m, Rue: Rue de la Madeleine
Tronçon: 444667873 -> 796917509, Longueur: 45.87457m, Rue: Rue Saint-Michel
Tronçon: 1918509931 -> 55474940, Longueur: 104.0505m, Rue: Rue Antonin Perrin
Tronçon: 1918509931 -> 55463831, Longueur: 27.568537m, Rue: Rue Antonin Perrin
Tronçon: 9214706 -> 9214708, Longueur: 285.65005m, Rue: Avenue Berthelot
Tronçon: 1918509928 -> 1918509931, Longueur: 35.444496m, Rue: Rue Antonin Perrin
Tronçon: 1918509928 -> 55463564, Longueur: 118.163864m, Rue: Place Jules Grandclément
Tronçon: 1918509928 -> 55463831, Longueur: 29.078337m, Rue: Place Jules Grandclément
Tronçon: 9214708 -> 3160860324, Longueur: 14.712628m, Rue: Avenue Berthelot
Tronçon: 9214708 -> 3160860325, Longueur: 347.3725m, Rue: Rue Paul Duvivier
Tronçon: 565368324 -> 21992981, Longueur: 83.64654m, Rue: Petite Rue de Monplaisir
Tronçon: 565368324 -> 21993013, Longueur: 86.49793m, Rue: Petite Rue de Monplaisir
Tronçon: 598174386 -> 26289584, Longueur: 76.749504m, Rue: Rue de l'Effort
Tronçon: 598174386 -> 598174281, Longueur: 106.80225m, Rue: Rue Jules Vercherin
Tronçon: 598174386 -> 26289581, Longueur: 69.91843m, Rue: Rue de l'Effort
Tronçon: 239602381 -> 239603466, Longueur: 91.39398m, Rue: Rue des Genêts
Tronçon: 239602381 -> 239602382, Longueur: 81.47375m, Rue: Rue Léon Paviot
Tronçon: 239602381 -> 240470335, Longueur: 70.40669m, Rue: Rue Léon Paviot
Tronçon: 239602382 -> 240470322, Longueur: 104.91479m, Rue: Rue Léon Paviot
Tronçon: 239602382 -> 240470318, Longueur: 96.39112m, Rue: Rue des Paquerettes
Tronçon: 239602382 -> 240470311, Longueur: 82.1013m, Rue: Rue des Paquerettes
Tronçon: 239602382 -> 239602381, Longueur: 81.47375m, Rue: Rue Léon Paviot
Tronçon: 1373967339 -> 836850034, Longueur: 277.6599m, Rue: Avenue Rockefeller
Tronçon: 1373967339 -> 26464318, Longueur: 9.008328m, Rue: Cours Eugénie
Tronçon: 55444180 -> 1699170901, Longueur: 7.9343386m, Rue: Rue Frédéric Fays
Tronçon: 26125366 -> 2026239409, Longueur: 69.514244m, Rue: Rue du Dauphiné
Tronçon: 26125366 -> 565375197, Longueur: 71.13966m, Rue: Rue du Dauphiné
Tronçon: 3101729530 -> 215687070, Longueur: 102.44141m, Rue: Rue Abraham Bloch
Tronçon: 3101729530 -> 1108937311, Longueur: 21.923813m, Rue: Rue Pierre Semard Rue Abraham Bloch
Tronçon: 1494035768 -> 25631306, Longueur: 52.69905m, Rue: Avenue Francis de Pressensé
Tronçon: 1494035768 -> 60755977, Longueur: 236.7337m, Rue: Rue Henri Barbusse
Tronçon: 1494035768 -> 984553654, Longueur: 7.3605385m, Rue: Rue Henri Barbusse
Tronçon: 1494035763 -> 1026030481, Longueur: 74.12586m, Rue: Rue Challemel-Lacour
Tronçon: 1494035763 -> 1026030667, Longueur: 29.171913m, Rue: Rue Challemel-Lacour
Tronçon: 567871889 -> 567871890, Longueur: 53.81081m, Rue: Allée Léopold Sédar Senghor
Tronçon: 567871889 -> 567871891, Longueur: 99.34069m, Rue: Rue Clément Marot
Tronçon: 567871889 -> 26084483, Longueur: 85.36358m, Rue: Rue Clément Marot
Tronçon: 567871887 -> 567871882, Longueur: 160.31029m, Rue: Rue Simone de Beauvoir
Tronçon: 567871887 -> 567871891, Longueur: 32.112686m, Rue: Rue Simone de Beauvoir
Tronçon: 567871885 -> 26084483, Longueur: 78.93216m, Rue: Rue Félix Brun
Tronçon: 567871885 -> 1301805013, Longueur: 84.135666m, Rue: Allée du Bon Lait
Tronçon: 567871882 -> 567871880, Longueur: 62.326874m, Rue: Rue Simone de Beauvoir
Tronçon: 567871882 -> 567871887, Longueur: 160.31029m, Rue: Rue Simone de Beauvoir
Tronçon: 567871880 -> 567859674, Longueur: 154.82126m, Rue: Rue André Bollier
Tronçon: 567871880 -> 3002320972, Longueur: 98.38568m, Rue: Rue André Bollier
Tronçon: 567871880 -> 567871882, Longueur: 62.326874m, Rue: Rue Simone de Beauvoir
Tronçon: 1777414165 -> 1777414045, Longueur: 120.68955m, Rue: Rue Damon
Tronçon: 1777414165 -> 54704534, Longueur: 107.9208m, Rue: Rue Magenta
Tronçon: 958117915 -> 24485763, Longueur: 85.34523m, Rue: Rue de Fleurieu
Tronçon: 958117915 -> 829528479, Longueur: 91.52107m, Rue: Place Gailleton
Tronçon: 2637313119 -> 25478611, Longueur: 26.222342m, Rue: Rue Lorette
Tronçon: 21992964 -> 25321357, Longueur: 172.6005m, Rue: Rue Guilloud
Tronçon: 21992964 -> 25335974, Longueur: 119.90758m, Rue: Rue du Professeur Paul Sisley
Tronçon: 342873658 -> 342873729, Longueur: 53.651497m, Rue: Impasse Richelieu
Tronçon: 342873658 -> 342872879, Longueur: 37.097897m, Rue: Rue Richelieu
Tronçon: 342873658 -> 208769457, Longueur: 24.386381m, Rue: Rue Richelieu
Tronçon: 567871891 -> 1445329952, Longueur: 93.305824m, Rue: Rue Clément Marot
Tronçon: 567871891 -> 567871889, Longueur: 99.34069m, Rue: Rue Clément Marot
Tronçon: 567871891 -> 567871887, Longueur: 32.112686m, Rue: Rue Simone de Beauvoir
Tronçon: 567871890 -> 567871889, Longueur: 53.81081m, Rue: Allée Léopold Sédar Senghor
Tronçon: 567871890 -> 1301805013, Longueur: 18.27549m, Rue: Allée Léopold Sédar Senghor
Tronçon: 567871890 -> 567871887, Longueur: 90.00522m, Rue: Place du Traité de Rome
Tronçon: 624172886 -> 26149147, Longueur: 128.50743m, Rue: Boulevard Pinel
Tronçon: 624172886 -> 26149148, Longueur: 217.56914m, Rue: Cours Richard Vitton
Tronçon: 624172892 -> 4150019141, Longueur: 4.618146m, Rue: Cours Richard Vitton
Tronçon: 624172892 -> 624172877, Longueur: 186.89046m, Rue: Rue de l'Industrie
Tronçon: 325772444 -> 1835868019, Longueur: 59.349297m, Rue: Rue Général Leclerc
Tronçon: 325772444 -> 191134628, Longueur: 35.63852m, Rue: Rue Général Leclerc
Tronçon: 624172874 -> 26149142, Longueur: 2.0872772m, Rue: Cours Docteur Long
Tronçon: 624172877 -> 25611211, Longueur: 101.240425m, Rue: Rue du Vinatier
Tronçon: 624172877 -> 624172892, Longueur: 186.89046m, Rue: Rue de l'Industrie
Tronçon: 325772452 -> 325772462, Longueur: 46.933887m, Rue: Rue Panissod
Tronçon: 624172864 -> 26155475, Longueur: 131.42741m, Rue: Rue Ferdinand Buisson
Tronçon: 624172864 -> 25303807, Longueur: 31.483784m, Rue: Avenue Lacassagne
Tronçon: 2072612784 -> 26035104, Longueur: 81.826805m, Rue: Rue Fournet
Tronçon: 2072612784 -> 26035106, Longueur: 87.71894m, Rue: Rue Fournet
Tronçon: 2072612784 -> 254581659, Longueur: 325.92032m, Rue: Boulevard Vivier-Merle Tunnel Brotteaux-Servient
Tronçon: 2072612784 -> 254580774, Longueur: 144.02711m, Rue: Boulevard des Brotteaux
Tronçon: 2072612784 -> 25310895, Longueur: 69.257126m, Rue: Boulevard des Brotteaux
Tronçon: 26296413 -> 2858254528, Longueur: 63.368607m, Rue: Rue Dedieu
Tronçon: 26296413 -> 2858254523, Longueur: 63.36337m, Rue: Rue d'Inkermann
Tronçon: 624172842 -> 26464257, Longueur: 48.605232m, Rue: Rue Pascal
Tronçon: 624172842 -> 25610774, Longueur: 83.41324m, Rue: Avenue Lacassagne
Tronçon: 624172842 -> 26463665, Longueur: 13.61647m, Rue: Avenue Lacassagne
Tronçon: 342914416 -> 342914321, Longueur: 196.43991m, Rue: Passage du Ténor
Tronçon: 342914416 -> 190951229, Longueur: 66.01322m, Rue: Rue Pierre Voyant
Tronçon: 342914416 -> 190951253, Longueur: 95.988396m, Rue: Rue Pierre Voyant
Tronçon: 325772482 -> 325772474, Longueur: 45.893867m, Rue: Rue Andrée Brevet
Tronçon: 325772482 -> 325772552, Longueur: 30.500122m, Rue: Rue Charrin
Tronçon: 2069548756 -> 2069548810, Longueur: 207.19589m, Rue: Rue de Bonnel
Tronçon: 2069548756 -> 26035087, Longueur: 205.9423m, Rue: Boulevard Vivier-Merle
Tronçon: 26053248 -> 26053249, Longueur: 51.13461m, Rue: Rue de la Part-Dieu
Tronçon: 26053248 -> 26054494, Longueur: 88.36625m, Rue: Rue Commandant Dubois
Tronçon: 26053249 -> 26053250, Longueur: 67.1101m, Rue: Rue de la Part-Dieu
Tronçon: 26053249 -> 26054493, Longueur: 87.58305m, Rue: Rue de Sévigné
Tronçon: 565375197 -> 1682387615, Longueur: 129.8884m, Rue: Impasse Belloeuf
Tronçon: 565375197 -> 26317248, Longueur: 32.646736m, Rue: Rue du Dauphiné
Tronçon: 565375197 -> 26125366, Longueur: 71.13966m, Rue: Rue du Dauphiné
Tronçon: 26296433 -> 26296512, Longueur: 67.636185m, Rue: Cours Émile Zola
Tronçon: 26296433 -> 26296856, Longueur: 161.66037m, Rue: Rue Jean-Claude Vivant
Tronçon: 26296433 -> 25932608, Longueur: 49.935356m, Rue: Cours Émile Zola
Tronçon: 26079802 -> 26079800, Longueur: 23.776384m, Rue: Place Danton
Tronçon: 26079802 -> 2117622731, Longueur: 108.09743m, Rue: Rue du Pensionnat
Tronçon: 26079801 -> 26079802, Longueur: 24.764387m, Rue: Place Danton
Tronçon: 26079801 -> 25175791, Longueur: 88.53801m, Rue: Rue Danton
Tronçon: 26079800 -> 26079798, Longueur: 23.799927m, Rue: Place Danton
Tronçon: 325772462 -> 325772452, Longueur: 46.933887m, Rue: Rue Panissod
Tronçon: 325772462 -> 325772444, Longueur: 84.19544m, Rue: Rue Charrin
Tronçon: 325772462 -> 325772469, Longueur: 60.91046m, Rue: Rue Panissod
Tronçon: 325772469 -> 251048924, Longueur: 78.992m, Rue: Boulevard Honoré de Balzac
Tronçon: 325772469 -> 325772462, Longueur: 60.91046m, Rue: Rue Panissod
Tronçon: 249081135 -> 55457297, Longueur: 100.95813m, Rue: Cours Tolstoï
Tronçon: 249081135 -> 55447041, Longueur: 259.66147m, Rue: Rue Baudelaire
Tronçon: 325772474 -> 325772482, Longueur: 45.893867m, Rue: Rue Andrée Brevet
Tronçon: 3702337618 -> 252626865, Longueur: 184.46751m, Rue: Avenue Salvador Allende
Tronçon: 3702337618 -> 252629167, Longueur: 15.971105m, Rue: Avenue Salvador Allende
Tronçon: 2272025370 -> 190866507, Longueur: 22.160467m, Rue: Rue des Bienvenus
Tronçon: 2272025370 -> 190866574, Longueur: 60.979126m, Rue: Rue des Bienvenus
Tronçon: 4112101965 -> 4112101951, Longueur: 63.889175m, Rue: 
Tronçon: 4112101965 -> 2804431848, Longueur: 80.938705m, Rue: Rue Blanche et Georges Caton
Tronçon: 4112101965 -> 2804431850, Longueur: 90.709114m, Rue: Rue Blanche et Georges Caton
Tronçon: 25471761 -> 25525378, Longueur: 174.37424m, Rue: Rue Paul Cazeneuve
Tronçon: 25471761 -> 21852317, Longueur: 54.30394m, Rue: Rue Paul Cazeneuve
Tronçon: 4112101951 -> 4112101965, Longueur: 63.889175m, Rue: 
Tronçon: 4112101951 -> 26084608, Longueur: 88.84401m, Rue: Rue Lortet
Tronçon: 4112101951 -> 26084606, Longueur: 116.64377m, Rue: Rue Lortet
Tronçon: 54803136 -> 54803121, Longueur: 101.27579m, Rue: Rue du Docteur Dolard
Tronçon: 130143398 -> 130143420, Longueur: 161.26253m, Rue: Rue du Mail
Tronçon: 130143399 -> 130143401, Longueur: 51.2524m, Rue: Rue Dumont d'Urville
Tronçon: 130143399 -> 130143386, Longueur: 100.31567m, Rue: Rue de Nuits
Tronçon: 130143399 -> 130143396, Longueur: 45.55978m, Rue: Rue Dumont d'Urville
Tronçon: 48880093 -> 48880096, Longueur: 10.114911m, Rue: Rue Émile Combes
Tronçon: 48880093 -> 48880085, Longueur: 8.833753m, Rue: Rue Émile Combes
Tronçon: 2086402543 -> 26058163, Longueur: 23.431826m, Rue: Rue Béchevelin
Tronçon: 2086402543 -> 26079756, Longueur: 23.071098m, Rue: Place du Commandant Claude Bulard
Tronçon: 2086402543 -> 26079757, Longueur: 6.335016m, Rue: Rue Béchevelin
Tronçon: 48880089 -> 48880096, Longueur: 9.916635m, Rue: Rue Émile Combes
Tronçon: 48880089 -> 48880085, Longueur: 9.462378m, Rue: Rue Émile Combes
Tronçon: 48880089 -> 25471743, Longueur: 103.74106m, Rue: Rue Émile Combes
Tronçon: 48880085 -> 48880089, Longueur: 9.462378m, Rue: Rue Émile Combes
Tronçon: 48880085 -> 48880093, Longueur: 8.833753m, Rue: Rue Émile Combes
Tronçon: 48880085 -> 25471741, Longueur: 99.72446m, Rue: Rue Xavier Privas
Tronçon: 25471743 -> 48880065, Longueur: 54.35711m, Rue: Rue Émile Combes
Tronçon: 25471743 -> 48880118, Longueur: 50.04231m, Rue: Rue Antoine Péricaud
Tronçon: 25471741 -> 25471761, Longueur: 242.66351m, Rue: Rue Xavier Privas
Tronçon: 25471741 -> 48880114, Longueur: 127.97538m, Rue: Rue Joseph Chapelle
Tronçon: 130143396 -> 130143399, Longueur: 45.55978m, Rue: Rue Dumont d'Urville
Tronçon: 130143396 -> 130143405, Longueur: 48.44629m, Rue: Rue Dumont d'Urville
Tronçon: 130143396 -> 130143397, Longueur: 83.30023m, Rue: Rue du Chariot d'Or
Tronçon: 130143397 -> 130143400, Longueur: 45.841255m, Rue: Rue Louis Thévenet
Tronçon: 130143397 -> 130143406, Longueur: 50.70912m, Rue: Rue Louis Thévenet
Tronçon: 130143394 -> 130143395, Longueur: 77.52741m, Rue: Rue du Chariot d'Or
Tronçon: 130143394 -> 130143403, Longueur: 47.22969m, Rue: Grande Rue de la Croix-Rousse
Tronçon: 130143395 -> 253416306, Longueur: 88.25488m, Rue: Rue du Chariot d'Or
Tronçon: 130143395 -> 130143398, Longueur: 46.62224m, Rue: Rue du Mail
Tronçon: 130143387 -> 130143401, Longueur: 108.39384m, Rue: Rue Gigodot
Tronçon: 130143387 -> 253416990, Longueur: 112.039215m, Rue: Rue de Belfort
Tronçon: 130143387 -> 253416582, Longueur: 32.859184m, Rue: Impasse Gigodot
Tronçon: 194605197 -> 194605312, Longueur: 67.11316m, Rue: Avenue Franklin Roosevelt
Tronçon: 194605197 -> 60901947, Longueur: 143.77457m, Rue: Avenue Franklin Roosevelt
Tronçon: 25471737 -> 25471719, Longueur: 97.04487m, Rue: Rue Antoine Péricaud
Tronçon: 409269451 -> 409269452, Longueur: 74.35243m, Rue: Impasse Ferret
Tronçon: 409269451 -> 1026030492, Longueur: 65.11347m, Rue: Rue Paul Cazeneuve
Tronçon: 26570167 -> 25303800, Longueur: 61.36792m, Rue: Rue du Professeur Rochaix
Tronçon: 26570167 -> 2865089011, Longueur: 146.8064m, Rue: Impasse Alexandre Aujas
Tronçon: 409269452 -> 409269451, Longueur: 74.35243m, Rue: Impasse Ferret
Tronçon: 26570169 -> 26155402, Longueur: 207.15201m, Rue: Avenue du Château
Tronçon: 26570169 -> 25303803, Longueur: 32.34036m, Rue: Avenue Lacassagne
Tronçon: 409269454 -> 26132251, Longueur: 268.1231m, Rue: Rue de Nice
Tronçon: 48880096 -> 48880089, Longueur: 9.916635m, Rue: Rue Émile Combes
Tronçon: 48880096 -> 253449740, Longueur: 43.873844m, Rue: Rue Xavier Privas
Tronçon: 48880096 -> 48880093, Longueur: 10.114911m, Rue: Rue Émile Combes
Tronçon: 409269455 -> 2930837817, Longueur: 102.82409m, Rue: Impasse de la Baudette
Tronçon: 409269455 -> 415638612, Longueur: 19.149618m, Rue: Rue Pierre Delore
Tronçon: 409269455 -> 415904109, Longueur: 105.25669m, Rue: Rue Pierre Delore
Tronçon: 25471730 -> 25471728, Longueur: 18.490034m, Rue: Rue Joseph Chapelle
Tronçon: 25471730 -> 26132242, Longueur: 90.754105m, Rue: Boulevard des États-Unis
Tronçon: 130143381 -> 130144266, Longueur: 85.383255m, Rue: Rue Justin Godart
Tronçon: 130143381 -> 130144380, Longueur: 53.580933m, Rue: Rue de Belfort
Tronçon: 130143380 -> 1171868956, Longueur: 116.040146m, Rue: Rue d'Austerlitz
Tronçon: 130143380 -> 130143381, Longueur: 40.9647m, Rue: Rue de Belfort
Tronçon: 130143380 -> 987974102, Longueur: 7.970483m, Rue: Rue Aimé Boussange
Tronçon: 130143385 -> 130143386, Longueur: 45.089485m, Rue: Rue de Belfort
Tronçon: 130143385 -> 130143396, Longueur: 94.90779m, Rue: Rue du Chariot d'Or
Tronçon: 130143386 -> 130143387, Longueur: 52.194286m, Rue: Rue de Belfort
Tronçon: 130143386 -> 253416092, Longueur: 36.313656m, Rue: Rue de Nuits
Tronçon: 92375972 -> 975886496, Longueur: 15.188097m, Rue: Place Pierre Renaudel
Tronçon: 92375972 -> 26033324, Longueur: 27.423489m, Rue: Rue Lavoisier
Tronçon: 92375975 -> 2117622744, Longueur: 63.53379m, Rue: Rue Paul Bert
Tronçon: 92375975 -> 26033324, Longueur: 29.939322m, Rue: Rue Paul Bert
Tronçon: 130143384 -> 130143385, Longueur: 49.387062m, Rue: Rue de Belfort
Tronçon: 130143384 -> 130143404, Longueur: 133.13719m, Rue: Rue d'Ivry
Tronçon: 92375974 -> 92375972, Longueur: 22.408638m, Rue: Rue Lavoisier
Tronçon: 92375974 -> 92375975, Longueur: 40.51647m, Rue: Place Pierre Renaudel
Tronçon: 1423439485 -> 2456932713, Longueur: 169.0433m, Rue: Rue Richelieu
Tronçon: 1423439485 -> 55457354, Longueur: 39.759953m, Rue: Rue Richelieu
Tronçon: 48880067 -> 48880065, Longueur: 17.492863m, Rue: Rue Émile Combes
Tronçon: 48880067 -> 48880059, Longueur: 18.695309m, Rue: Rue Émile Combes
Tronçon: 48880063 -> 48880065, Longueur: 17.005377m, Rue: Rue Émile Combes
Tronçon: 48880063 -> 48880059, Longueur: 15.205003m, Rue: Rue Émile Combes
Tronçon: 48880065 -> 48880067, Longueur: 17.492863m, Rue: Rue Émile Combes
Tronçon: 48880065 -> 48880063, Longueur: 17.005377m, Rue: Rue Émile Combes
Tronçon: 194605193 -> 21715078, Longueur: 31.737026m, Rue: Avenue Franklin Roosevelt
Tronçon: 194605193 -> 657813231, Longueur: 28.853428m, Rue: Avenue Franklin Roosevelt
Tronçon: 1433939683 -> 383733808, Longueur: 30.808119m, Rue: Rue d'Alsace
Tronçon: 1433939683 -> 1423304200, Longueur: 170.64687m, Rue: Cours Émile Zola
Tronçon: 1433939683 -> 25932607, Longueur: 49.052135m, Rue: Rue d'Alsace
Tronçon: 35291696 -> 35291698, Longueur: 38.928894m, Rue: Rue Grognard
Tronçon: 35291696 -> 35291572, Longueur: 12.1366m, Rue: Rue Grognard
Tronçon: 35291698 -> 35291696, Longueur: 38.928894m, Rue: Rue Grognard
Tronçon: 35291698 -> 1171868956, Longueur: 136.54222m, Rue: Rue Mottet de Gérando
Tronçon: 35291698 -> 35291574, Longueur: 72.6904m, Rue: Rue Mottet de Gérando
Tronçon: 3552894977 -> 21729405, Longueur: 23.210917m, Rue: Rue Bataille
Tronçon: 3552894977 -> 3552894983, Longueur: 19.494959m, Rue: Rue Thomas Blanchet
Tronçon: 54803125 -> 54803427, Longueur: 108.97635m, Rue: Rue du 24 Février 1848
Tronçon: 54803125 -> 208822503, Longueur: 124.96992m, Rue: Rue Saint-Sidoine
Tronçon: 54803121 -> 54803125, Longueur: 121.46178m, Rue: Rue du 14 Juillet 1789
Tronçon: 54803121 -> 54803119, Longueur: 98.74163m, Rue: Rue du Docteur Dolard
Tronçon: 54803122 -> 54803125, Longueur: 99.5104m, Rue: Rue Claudius Pionchon
Tronçon: 54803122 -> 54803119, Longueur: 123.30982m, Rue: Rue du 4 Septembre 1797 Rue Saint-Victorien
Tronçon: 54803119 -> 3870641969, Longueur: 213.72795m, Rue: Rue de la Cité Rue du Docteur Dolard
Tronçon: 54803119 -> 54803122, Longueur: 123.30982m, Rue: Rue du 4 Septembre 1797 Rue Saint-Victorien
Tronçon: 54803114 -> 54803136, Longueur: 19.115274m, Rue: Rue du Docteur Dolard
Tronçon: 54803114 -> 1679897962, Longueur: 117.4148m, Rue: Cours Tolstoï
Tronçon: 25625500 -> 1026030476, Longueur: 10.920293m, Rue: Rue Henri Barbusse
Tronçon: 25625500 -> 1026030617, Longueur: 11.333219m, Rue: Route de Vienne
Tronçon: 25625500 -> 600873327, Longueur: 15.754986m, Rue: Rue Challemel-Lacour
Tronçon: 48880059 -> 25624145, Longueur: 51.799427m, Rue: Rue Émile Combes
Tronçon: 48880059 -> 48880067, Longueur: 18.695309m, Rue: Rue Émile Combes
Tronçon: 48880059 -> 48880063, Longueur: 15.205003m, Rue: Rue Émile Combes
Tronçon: 3760110976 -> 2066074368, Longueur: 31.373528m, Rue: Rue Jean Voillot
Tronçon: 3760110976 -> 3760110977, Longueur: 33.229546m, Rue: 
Tronçon: 3760110976 -> 245023120, Longueur: 90.73961m, Rue: Rue Jean Voillot
Tronçon: 3760110977 -> 3760110976, Longueur: 33.229546m, Rue: 
Tronçon: 1315984564 -> 1315984649, Longueur: 208.04944m, Rue: Rue Édouard Branly
Tronçon: 1315984564 -> 1315984675, Longueur: 83.23393m, Rue: Rue Édouard Branly
Tronçon: 1315984563 -> 1315984649, Longueur: 41.87205m, Rue: Rue du Parc
Tronçon: 1315984563 -> 1315984606, Longueur: 251.8222m, Rue: Rue du Parc
Tronçon: 251047560 -> 459797860, Longueur: 67.994415m, Rue: Rue de Domrémy
Tronçon: 251047560 -> 25321447, Longueur: 113.25773m, Rue: Avenue Lacassagne
Tronçon: 1171869035 -> 130143417, Longueur: 99.2869m, Rue: Place de la Croix-Rousse
Tronçon: 1171869035 -> 1171868102, Longueur: 12.585666m, Rue: Place de la Croix-Rousse
Tronçon: 3760110978 -> 2066074368, Longueur: 38.046425m, Rue: 
Tronçon: 1301805017 -> 567809298, Longueur: 9.693007m, Rue: Allée Léopold Sédar Senghor
Tronçon: 1301805017 -> 567871882, Longueur: 89.42849m, Rue: Rue Maurice Bouchor
Tronçon: 1301805017 -> 1301805013, Longueur: 171.27092m, Rue: Allée Léopold Sédar Senghor
Tronçon: 26059302 -> 26059303, Longueur: 44.61698m, Rue: Rue Jean-Marie Chavant
Tronçon: 26059302 -> 195251, Longueur: 49.702007m, Rue: Avenue Félix Faure
Tronçon: 1301805013 -> 1301805017, Longueur: 171.27092m, Rue: Allée Léopold Sédar Senghor
Tronçon: 1301805013 -> 567871890, Longueur: 18.27549m, Rue: Allée Léopold Sédar Senghor
Tronçon: 26059303 -> 25337457, Longueur: 48.133923m, Rue: Grande Rue de la Guillotière
Tronçon: 1315984556 -> 1315984629, Longueur: 188.68517m, Rue: Rue du Sergent Buttin
Tronçon: 195325592 -> 195325590, Longueur: 56.177494m, Rue: Rue des Antonins
Tronçon: 195325592 -> 195325656, Longueur: 295.29715m, Rue: Rue Marcel Dutartre
Tronçon: 195325590 -> 195325673, Longueur: 180.82562m, Rue: Rue Georges Courteline
Tronçon: 195325590 -> 3400498634, Longueur: 98.15783m, Rue: Rue des Antonins
Tronçon: 195325590 -> 195325701, Longueur: 99.5819m, Rue: Rue Georges Courteline
Tronçon: 25547435 -> 25470914, Longueur: 97.99077m, Rue: Rue Audibert et Lavirotte
Tronçon: 25547435 -> 25547436, Longueur: 202.87442m, Rue: Rue Audibert et Lavirotte
Tronçon: 25547435 -> 1837331250, Longueur: 243.0884m, Rue: Impasse Antoine Dumont
Tronçon: 25547436 -> 59654817, Longueur: 226.13655m, Rue: Route de Vienne
Tronçon: 25547436 -> 59654818, Longueur: 68.4074m, Rue: Route de Vienne
Tronçon: 25547441 -> 59654823, Longueur: 190.07784m, Rue: Rue du Presbytère Place Louis Lebret
Tronçon: 25547441 -> 59640254, Longueur: 55.941532m, Rue: Route de Vienne
Tronçon: 25547441 -> 59640015, Longueur: 39.810078m, Rue: Route de Vienne
Tronçon: 891129825 -> 25624160, Longueur: 9.242232m, Rue: Rue Jean Sarrazin
Tronçon: 891129825 -> 891129809, Longueur: 111.132576m, Rue: Avenue Paul Santy
Tronçon: 25547440 -> 25471072, Longueur: 151.7849m, Rue: Rue Villon
Tronçon: 25547440 -> 25470916, Longueur: 258.5272m, Rue: Rue Professeur Kleinclausz
Tronçon: 25547440 -> 25468089, Longueur: 76.59745m, Rue: Rue Villon
Tronçon: 251047558 -> 459797860, Longueur: 72.6692m, Rue: Rue de Domrémy
Tronçon: 60492620 -> 2500355152, Longueur: 151.07127m, Rue: Rue Docteur Frappaz
Tronçon: 60492620 -> 191134658, Longueur: 47.7802m, Rue: Rue Docteur Frappaz
Tronçon: 60492620 -> 60492621, Longueur: 99.39015m, Rue: Rue du Progrès
Tronçon: 60492621 -> 60492620, Longueur: 99.39015m, Rue: Rue du Progrès
Tronçon: 60492621 -> 60492626, Longueur: 85.193275m, Rue: Impasse Martin
Tronçon: 60492621 -> 55447004, Longueur: 242.39565m, Rue: Rue du Progrès
Tronçon: 1315984530 -> 21715088, Longueur: 82.90059m, Rue: Rue André Hermann
Tronçon: 60492626 -> 3236245966, Longueur: 35.05903m, Rue: Passage Martin
Tronçon: 60492626 -> 60492621, Longueur: 85.193275m, Rue: Impasse Martin
Tronçon: 55444244 -> 55444208, Longueur: 7.029378m, Rue: Rue de Delle
Tronçon: 55444244 -> 1874920127, Longueur: 159.67017m, Rue: Rue Léon Blum
Tronçon: 60492628 -> 2500355152, Longueur: 16.514887m, Rue: Boulevard Eugène Réguillon
Tronçon: 60492628 -> 459797853, Longueur: 69.8372m, Rue: Rue Pierre-Louis Bernaix
Tronçon: 60492628 -> 191134750, Longueur: 98.00572m, Rue: Boulevard Eugène Réguillon
Tronçon: 190825078 -> 190817728, Longueur: 113.46473m, Rue: Rue Château-Gaillard
Tronçon: 190825078 -> 342918363, Longueur: 118.00896m, Rue: Rue Alexandre Dumas
Tronçon: 190825078 -> 2684668925, Longueur: 77.52319m, Rue: Rue Château-Gaillard
Tronçon: 342910908 -> 190951242, Longueur: 116.203575m, Rue: Rue de la Sérénité
Tronçon: 342910908 -> 342911231, Longueur: 125.598465m, Rue: Allée des Enfants
Tronçon: 2787290644 -> 2787290646, Longueur: 64.18558m, Rue: Rue Mauvert
Tronçon: 2787290646 -> 110422009, Longueur: 191.50969m, Rue: Rue Mauvert
Tronçon: 2787290646 -> 2787290644, Longueur: 64.18558m, Rue: Rue Mauvert
Tronçon: 190951295 -> 190951290, Longueur: 78.98332m, Rue: Rue Pierre Voyant
Tronçon: 190951295 -> 190951319, Longueur: 109.10172m, Rue: Rue de Mulhouse
Tronçon: 190951295 -> 190951301, Longueur: 65.7944m, Rue: Rue Pierre Voyant
Tronçon: 2453716845 -> 1921830160, Longueur: 12.683293m, Rue: Boulevard Pinel
Tronçon: 2453716845 -> 25610688, Longueur: 178.81972m, Rue: Boulevard Pinel
Tronçon: 1988133711 -> 1789612770, Longueur: 91.08942m, Rue: Rue Cyprian
Tronçon: 1988133711 -> 1988133669, Longueur: 116.54006m, Rue: Rue du Port
Tronçon: 1988133711 -> 191134397, Longueur: 48.08656m, Rue: Rue Cyprian
Tronçon: 25316260 -> 25316256, Longueur: 130.52834m, Rue: Avenue Maréchal Foch
Tronçon: 25316260 -> 1042749273, Longueur: 74.14558m, Rue: Rue Tronchet
Tronçon: 1988133712 -> 1988133669, Longueur: 52.676147m, Rue: Rue du Port
Tronçon: 1856728236 -> 1036842184, Longueur: 146.9631m, Rue: Rue Duguesclin
Tronçon: 1856728236 -> 1856728232, Longueur: 17.670399m, Rue: Avenue Félix Faure
Tronçon: 25316263 -> 25316262, Longueur: 78.31942m, Rue: Rue Boileau
Tronçon: 25316263 -> 25316252, Longueur: 133.84393m, Rue: Rue Tronchet
Tronçon: 25316262 -> 25316261, Longueur: 52.29537m, Rue: Rue Boileau
Tronçon: 25316261 -> 21674808, Longueur: 133.03134m, Rue: Rue Sully
Tronçon: 25316261 -> 25316198, Longueur: 82.90747m, Rue: Rue Boileau
Tronçon: 190951290 -> 190903037, Longueur: 203.2982m, Rue: Rue Professeur Calmette
Tronçon: 190951290 -> 190951229, Longueur: 36.46005m, Rue: Rue Pierre Voyant
Tronçon: 190951290 -> 190951295, Longueur: 78.98332m, Rue: Rue Pierre Voyant
Tronçon: 25316259 -> 25316257, Longueur: 65.40542m, Rue: Rue Sully
Tronçon: 25316259 -> 1042749277, Longueur: 131.9399m, Rue: Rue Godefroy
Tronçon: 1171869062 -> 130143417, Longueur: 49.694324m, Rue: Place de la Croix-Rousse
Tronçon: 1171869062 -> 1171868102, Longueur: 94.16285m, Rue: Place de la Croix-Rousse
Tronçon: 25316258 -> 25620306, Longueur: 40.774178m, Rue: Rue Docteur Mouisset
Tronçon: 25316258 -> 25316259, Longueur: 86.59692m, Rue: Rue Godefroy
Tronçon: 55444215 -> 55444208, Longueur: 233.94528m, Rue: Rue Léon Blum
Tronçon: 55444215 -> 2623015186, Longueur: 308.61716m, Rue: Rue Pierre Baratin
Tronçon: 55444215 -> 1637480422, Longueur: 217.2399m, Rue: Rue Émile Decorps
Tronçon: 55444215 -> 55444038, Longueur: 307.35544m, Rue: Rue Léon Blum
Tronçon: 25316257 -> 25316256, Longueur: 74.346466m, Rue: Rue Sully
Tronçon: 25316257 -> 25316192, Longueur: 86.66585m, Rue: Rue Malesherbes
Tronçon: 25316256 -> 1042749170, Longueur: 46.32819m, Rue: Avenue Maréchal Foch
Tronçon: 25316255 -> 25316249, Longueur: 80.18146m, Rue: Rue Crillon
Tronçon: 25316255 -> 25316254, Longueur: 77.40007m, Rue: Rue Vendôme
Tronçon: 25316254 -> 25316260, Longueur: 90.387825m, Rue: Rue Tronchet
Tronçon: 25316254 -> 16050062, Longueur: 88.594765m, Rue: Rue Vendôme
Tronçon: 25316252 -> 25316250, Longueur: 96.92727m, Rue: Rue Tronchet
Tronçon: 25316252 -> 21674895, Longueur: 86.54734m, Rue: Rue Duguesclin
Tronçon: 25316251 -> 25316262, Longueur: 133.10197m, Rue: Rue Crillon
Tronçon: 25316251 -> 25316252, Longueur: 78.96629m, Rue: Rue Duguesclin
Tronçon: 25316250 -> 25316249, Longueur: 78.22904m, Rue: Rue de Créqui
Tronçon: 25316250 -> 25316254, Longueur: 80.42537m, Rue: Rue Tronchet
Tronçon: 891129815 -> 891129825, Longueur: 118.49535m, Rue: Avenue Paul Santy
Tronçon: 891129815 -> 25624143, Longueur: 9.125065m, Rue: Rue Varichon
Tronçon: 891129818 -> 25624144, Longueur: 9.456145m, Rue: Rue Laurent Carle
Tronçon: 891129818 -> 891129815, Longueur: 83.49688m, Rue: Avenue Paul Santy
Tronçon: 25316249 -> 25316251, Longueur: 98.00963m, Rue: Rue Crillon
Tronçon: 25316249 -> 25316247, Longueur: 53.297855m, Rue: Rue de Créqui
Tronçon: 1856728232 -> 1291379525, Longueur: 76.849724m, Rue: Avenue Félix Faure
Tronçon: 25316247 -> 21674809, Longueur: 79.85276m, Rue: Rue Sully
Tronçon: 25316247 -> 1042749613, Longueur: 47.61699m, Rue: Rue de Créqui
Tronçon: 55444208 -> 55444244, Longueur: 7.029378m, Rue: Rue de Delle
Tronçon: 55444208 -> 55444180, Longueur: 138.3207m, Rue: Rue Léon Blum
Tronçon: 55444208 -> 2857957397, Longueur: 174.36278m, Rue: Rue de Delle
Tronçon: 891129803 -> 528892076, Longueur: 8.730935m, Rue: Rue du Professeur Beauvisage
Tronçon: 891129803 -> 2066046276, Longueur: 88.78489m, Rue: Rue du Professeur Beauvisage
Tronçon: 891129803 -> 3626479007, Longueur: 15.439669m, Rue: Avenue Paul Santy
Tronçon: 891129809 -> 1957527548, Longueur: 83.70231m, Rue: Avenue Paul Santy
Tronçon: 891129809 -> 25624158, Longueur: 6.8056097m, Rue: Avenue du Général Frère
Tronçon: 891129809 -> 1957527551, Longueur: 362.76224m, Rue: Avenue du Général Frère
Tronçon: 9214618 -> 21674907, Longueur: 94.084885m, Rue: Rue de Marseille
Tronçon: 9214618 -> 25451862, Longueur: 52.67937m, Rue: Avenue Berthelot
Tronçon: 25618436 -> 25618216, Longueur: 132.22435m, Rue: Rue de Genève
Tronçon: 25618436 -> 1384310580, Longueur: 118.45454m, Rue: Rue Antoine Barbier
Tronçon: 25618436 -> 3932053909, Longueur: 52.751087m, Rue: Rue d'Hanoï
Tronçon: 190951253 -> 342914416, Longueur: 95.988396m, Rue: Rue Pierre Voyant
Tronçon: 190951253 -> 190951215, Longueur: 196.24327m, Rue: Rue Paul Gojon
Tronçon: 190951253 -> 190903024, Longueur: 184.06906m, Rue: Rue de la Coopérative
Tronçon: 190951253 -> 190951242, Longueur: 113.745544m, Rue: Rue Pierre Voyant
Tronçon: 26054497 -> 1036025386, Longueur: 23.124636m, Rue: Rue de Bonnel
Tronçon: 26054497 -> 265809740, Longueur: 113.87923m, Rue: Cours de la Liberté
Tronçon: 26079797 -> 26079798, Longueur: 28.791878m, Rue: Rue du Pensionnat
Tronçon: 26054495 -> 26079779, Longueur: 119.67386m, Rue: Rue Pierre Corneille
Tronçon: 26054495 -> 21604549, Longueur: 91.91841m, Rue: Rue Chaponnay
Tronçon: 26054494 -> 25719220, Longueur: 54.05697m, Rue: Rue Servient
Tronçon: 26054493 -> 26054494, Longueur: 49.838104m, Rue: Rue Servient
Tronçon: 26079790 -> 26079788, Longueur: 117.36873m, Rue: Rue Léon Jouhaux
Tronçon: 26079790 -> 25175798, Longueur: 66.93807m, Rue: Rue de l'Abondance
Tronçon: 25451370 -> 195272, Longueur: 154.44595m, Rue: Rue Saint-Philippe
Tronçon: 25451370 -> 195268, Longueur: 127.95288m, Rue: Rue Saint-Philippe
Tronçon: 26079798 -> 26079801, Longueur: 24.543253m, Rue: Place Danton
Tronçon: 190951246 -> 342910908, Longueur: 74.947464m, Rue: Rue de la Sérénité
Tronçon: 190951246 -> 1423529502, Longueur: 21.508636m, Rue: Rue du 8 Mai 1945
Tronçon: 190951246 -> 342911231, Longueur: 49.923054m, Rue: Rue du 8 Mai 1945
Tronçon: 190951242 -> 190951212, Longueur: 229.93138m, Rue: Rue Gustave Chamboeuf
Tronçon: 190951242 -> 190951236, Longueur: 117.647545m, Rue: Rue Pierre Voyant
Tronçon: 190951242 -> 190951253, Longueur: 113.745544m, Rue: Rue Pierre Voyant
Tronçon: 25618439 -> 26035256, Longueur: 29.67485m, Rue: Cours Vitton
Tronçon: 25618439 -> 1384310579, Longueur: 30.304817m, Rue: Rue Michel Rambaud
Tronçon: 25618439 -> 26291349, Longueur: 141.81017m, Rue: Rue Michel Rambaud
Tronçon: 3267479470 -> 3870641963, Longueur: 3.812855m, Rue: Place de la Ferrandière
Tronçon: 2509481780 -> 2509481762, Longueur: 97.28917m, Rue: 
Tronçon: 2509481780 -> 2509481765, Longueur: 55.518623m, Rue: 
Tronçon: 2509481780 -> 2509481775, Longueur: 17.654867m, Rue: 
Tronçon: 1921810545 -> 1921810508, Longueur: 20.885132m, Rue: 
Tronçon: 1921810545 -> 25611155, Longueur: 30.355381m, Rue: Boulevard Pinel
Tronçon: 190951275 -> 25932596, Longueur: 43.90788m, Rue: Rue du 4 Août 1789
Tronçon: 190951275 -> 190951265, Longueur: 104.40573m, Rue: Rue Pierre Voyant
Tronçon: 25258758 -> 25306176, Longueur: 43.657223m, Rue: Rue Paul Bert
Tronçon: 25258758 -> 25258753, Longueur: 70.03997m, Rue: Rue Edison
Tronçon: 25258758 -> 25306158, Longueur: 86.09737m, Rue: Rue Edison
Tronçon: 25258759 -> 25258720, Longueur: 56.080383m, Rue: Rue Mazenod
Tronçon: 25258759 -> 25258734, Longueur: 65.19114m, Rue: Rue Clos Suiphon
Tronçon: 25258755 -> 25306178, Longueur: 71.108765m, Rue: Rue Vaudrey
Tronçon: 25258755 -> 25258757, Longueur: 112.76628m, Rue: Rue Vendôme
Tronçon: 25258757 -> 25306158, Longueur: 56.79848m, Rue: Rue Vendôme
Tronçon: 25258757 -> 25258758, Longueur: 37.55461m, Rue: Rue Paul Bert
Tronçon: 25258750 -> 25306175, Longueur: 121.81769m, Rue: Rue Voltaire
Tronçon: 25258750 -> 25258751, Longueur: 48.340904m, Rue: Rue Verlet-Hanus
Tronçon: 25258751 -> 25258728, Longueur: 56.861557m, Rue: Rue de Créqui
Tronçon: 25258753 -> 25258755, Longueur: 58.06252m, Rue: Rue Vaudrey
Tronçon: 25258753 -> 25258726, Longueur: 114.69833m, Rue: Rue Edison
Tronçon: 190951265 -> 190951198, Longueur: 151.9098m, Rue: Rue Chambfort
Tronçon: 190951265 -> 190889840, Longueur: 215.52852m, Rue: Rue de Venise
Tronçon: 190951265 -> 190951275, Longueur: 104.40573m, Rue: Rue Pierre Voyant
Tronçon: 190951265 -> 190951236, Longueur: 247.68272m, Rue: Rue Pierre Voyant
Tronçon: 2509481775 -> 2684668925, Longueur: 97.249695m, Rue: Rue Château-Gaillard
Tronçon: 2509481775 -> 2509481780, Longueur: 17.654867m, Rue: 
Tronçon: 2509481775 -> 2509481765, Longueur: 73.34578m, Rue: 
Tronçon: 2509481776 -> 2509481769, Longueur: 87.58317m, Rue: Impasse Richard
Tronçon: 2509481776 -> 2509481762, Longueur: 151.48027m, Rue: 
Tronçon: 2509481776 -> 2509481772, Longueur: 100.20048m, Rue: Impasse Richard
Tronçon: 25258749 -> 25258750, Longueur: 47.874268m, Rue: Rue Verlet-Hanus
Tronçon: 25258749 -> 25258535, Longueur: 125.04729m, Rue: Rue Duguesclin
Tronçon: 2509481772 -> 2509481776, Longueur: 100.20048m, Rue: Impasse Richard
Tronçon: 25258743 -> 25258746, Longueur: 63.84877m, Rue: Rue Clos Suiphon
Tronçon: 25258743 -> 25258749, Longueur: 51.45586m, Rue: Rue Verlet-Hanus
Tronçon: 25631417 -> 60756056, Longueur: 221.6741m, Rue: Rue Pierre Brossolette
Tronçon: 25631417 -> 25631306, Longueur: 138.05408m, Rue: Rue du Moulin à Vent
Tronçon: 25258746 -> 25258522, Longueur: 84.348335m, Rue: Rue Étienne Dolet
Tronçon: 25258746 -> 25258534, Longueur: 61.43389m, Rue: Rue Clos Suiphon
Tronçon: 26295043 -> 1678246930, Longueur: 54.022465m, Rue: Rue Godinot
Tronçon: 26295043 -> 25468019, Longueur: 66.20448m, Rue: Rue Bellecombe
Tronçon: 25258741 -> 25258737, Longueur: 56.387295m, Rue: Rue André Philip
Tronçon: 25258741 -> 25258743, Longueur: 82.05918m, Rue: Rue Verlet-Hanus
Tronçon: 567371628 -> 26084485, Longueur: 21.183493m, Rue: Rue Félix Brun
Tronçon: 567371628 -> 567371610, Longueur: 24.725231m, Rue: Rue Félix Brun
Tronçon: 567371628 -> 26084498, Longueur: 137.33684m, Rue: Rue Félix Brun
Tronçon: 190951215 -> 190951212, Longueur: 115.82397m, Rue: Rue Louis Galvani
Tronçon: 190951215 -> 190951253, Longueur: 196.24327m, Rue: Rue Paul Gojon
Tronçon: 190951215 -> 190951222, Longueur: 104.66847m, Rue: Rue Louis Galvani
Tronçon: 190951212 -> 190951242, Longueur: 229.93138m, Rue: Rue Gustave Chamboeuf
Tronçon: 190951212 -> 190951215, Longueur: 115.82397m, Rue: Rue Louis Galvani
Tronçon: 190951212 -> 190951203, Longueur: 112.24874m, Rue: Rue Louis Galvani
Tronçon: 26079753 -> 26053988, Longueur: 70.07133m, Rue: Cours de la Liberté
Tronçon: 26079753 -> 26079703, Longueur: 39.842163m, Rue: Rue de l'Épée
Tronçon: 2509481765 -> 2509481762, Longueur: 8.741008m, Rue: 
Tronçon: 2509481765 -> 2509481780, Longueur: 55.518623m, Rue: 
Tronçon: 2509481765 -> 2509481775, Longueur: 73.34578m, Rue: 
Tronçon: 2509481762 -> 2509481776, Longueur: 151.48027m, Rue: 
Tronçon: 2509481762 -> 2509481780, Longueur: 97.28917m, Rue: 
Tronçon: 2509481762 -> 2509481765, Longueur: 8.741008m, Rue: 
Tronçon: 25258737 -> 26033313, Longueur: 66.332146m, Rue: Rue André Philip
Tronçon: 25258737 -> 34400271, Longueur: 102.92865m, Rue: Rue Chaponnay
Tronçon: 2685072831 -> 2685072832, Longueur: 157.50496m, Rue: Passage de l'Etoile
Tronçon: 2685072832 -> 2685072831, Longueur: 157.50496m, Rue: Passage de l'Etoile
Tronçon: 2685072832 -> 110422009, Longueur: 12.716948m, Rue: Rue Francis de Pressensé
Tronçon: 2685072832 -> 110421999, Longueur: 144.28902m, Rue: Rue Francis de Pressensé
Tronçon: 25258732 -> 25258749, Longueur: 55.893547m, Rue: Rue Duguesclin
Tronçon: 25258732 -> 25258734, Longueur: 52.551544m, Rue: Rue Chaponnay
Tronçon: 25258734 -> 25258737, Longueur: 81.032104m, Rue: Rue Chaponnay
Tronçon: 25258734 -> 25258743, Longueur: 55.923344m, Rue: Rue Clos Suiphon
Tronçon: 26079755 -> 195252, Longueur: 66.58376m, Rue: Grande Rue de la Guillotière
Tronçon: 26079754 -> 26058712, Longueur: 39.97182m, Rue: Cours de la Liberté
Tronçon: 26079757 -> 26079755, Longueur: 100.43256m, Rue: Rue des Trois Rois
Tronçon: 26079757 -> 2086402543, Longueur: 6.335016m, Rue: Rue Béchevelin
Tronçon: 26079756 -> 26058653, Longueur: 47.518085m, Rue: Rue d'Aguesseau
Tronçon: 2509481769 -> 2509481776, Longueur: 87.58317m, Rue: Impasse Richard
Tronçon: 2509481769 -> 190817728, Longueur: 133.77806m, Rue: Rue Alexis Perroncel
Tronçon: 2509481769 -> 190817747, Longueur: 70.21024m, Rue: Rue Alexis Perroncel
Tronçon: 190951203 -> 190951236, Longueur: 240.37735m, Rue: Rue François Molé
Tronçon: 190951203 -> 1426128895, Longueur: 158.5278m, Rue: Rue Louis Galvani
Tronçon: 190951203 -> 190951212, Longueur: 112.24874m, Rue: Rue Louis Galvani
Tronçon: 2108824887 -> 25306164, Longueur: 23.604042m, Rue: Rue Vendôme
Tronçon: 2108824887 -> 3066729207, Longueur: 21.70537m, Rue: Rue Vendôme
Tronçon: 25258729 -> 25258732, Longueur: 47.60957m, Rue: Rue Chaponnay
Tronçon: 25258729 -> 25258750, Longueur: 55.96158m, Rue: Rue Voltaire
Tronçon: 25258725 -> 25258755, Longueur: 82.44653m, Rue: Rue Vendôme
Tronçon: 25258725 -> 25258726, Longueur: 62.830822m, Rue: Rue Chaponnay
Tronçon: 25258726 -> 25258728, Longueur: 16.940718m, Rue: Rue Chaponnay
Tronçon: 9214651 -> 26131889, Longueur: 86.3934m, Rue: Rue Bancel
Tronçon: 9214651 -> 26059066, Longueur: 99.67513m, Rue: Avenue Berthelot
Tronçon: 25258728 -> 25258729, Longueur: 48.91824m, Rue: Rue Chaponnay
Tronçon: 25258728 -> 25258722, Longueur: 63.678875m, Rue: Rue de Créqui
Tronçon: 25258721 -> 25258729, Longueur: 63.760643m, Rue: Rue Voltaire
Tronçon: 25258721 -> 25258722, Longueur: 47.976425m, Rue: Rue Mazenod
Tronçon: 25258722 -> 2181616448, Longueur: 55.689083m, Rue: Rue de Créqui
Tronçon: 25258724 -> 1502680505, Longueur: 21.04569m, Rue: Rue Mazenod
Tronçon: 25258724 -> 25258725, Longueur: 60.220108m, Rue: Rue Vendôme
Tronçon: 9214658 -> 600816161, Longueur: 20.855902m, Rue: Avenue Berthelot
Tronçon: 9214658 -> 95836805, Longueur: 17.800688m, Rue: Avenue Jean Jaurès
Tronçon: 25258720 -> 25258721, Longueur: 47.62413m, Rue: Rue Mazenod
Tronçon: 25258720 -> 25258732, Longueur: 63.669468m, Rue: Rue Duguesclin
Tronçon: 1921810508 -> 26470087, Longueur: 111.988495m, Rue: Rue Chevalier
Tronçon: 21992836 -> 21992835, Longueur: 28.6527m, Rue: Rue des Tuiliers
Tronçon: 21992836 -> 565368324, Longueur: 186.07007m, Rue: Rue Saint-Hippolyte
Tronçon: 2922474452 -> 130143408, Longueur: 78.11692m, Rue: Rue Dumenge
Tronçon: 2922474452 -> 130143409, Longueur: 81.44527m, Rue: Rue Dumenge
Tronçon: 2922474452 -> 130143384, Longueur: 50.542946m, Rue: Rue de Belfort
Tronçon: 190951236 -> 190951242, Longueur: 117.647545m, Rue: Rue Pierre Voyant
Tronçon: 190951236 -> 190951203, Longueur: 240.37735m, Rue: Rue François Molé
Tronçon: 190951236 -> 190951265, Longueur: 247.68272m, Rue: Rue Pierre Voyant
Tronçon: 21992835 -> 21993015, Longueur: 68.14592m, Rue: Rue des Tuiliers
Tronçon: 567371610 -> 26084485, Longueur: 15.336975m, Rue: Rue des Girondins
Tronçon: 26079777 -> 26053540, Longueur: 56.88815m, Rue: Rue Duphot
Tronçon: 26079779 -> 320914498, Longueur: 42.826168m, Rue: Rue Pierre Corneille
Tronçon: 26079779 -> 25306178, Longueur: 54.35338m, Rue: Rue Moncey
Tronçon: 208822503 -> 26086123, Longueur: 56.935192m, Rue: Rue Saint-Sidoine
Tronçon: 190951229 -> 342914416, Longueur: 66.01322m, Rue: Rue Pierre Voyant
Tronçon: 190951229 -> 190951290, Longueur: 36.46005m, Rue: Rue Pierre Voyant
Tronçon: 190951229 -> 190951222, Longueur: 128.67621m, Rue: Rue Deauville
Tronçon: 190951222 -> 190951215, Longueur: 104.66847m, Rue: Rue Louis Galvani
Tronçon: 251055998 -> 26149164, Longueur: 83.97729m, Rue: Rue Camille
Tronçon: 251055998 -> 251069553, Longueur: 140.91663m, Rue: Rue Antoinette
Tronçon: 251055998 -> 26149163, Longueur: 140.74245m, Rue: Cours Richard Vitton
Tronçon: 26079784 -> 26086284, Longueur: 84.28338m, Rue: Place Bir-Hakeim
Tronçon: 26079784 -> 26079790, Longueur: 77.07951m, Rue: Rue Léon Jouhaux
Tronçon: 26079784 -> 34401986, Longueur: 92.1042m, Rue: Avenue Félix Faure
Tronçon: 71261934 -> 71261880, Longueur: 101.85709m, Rue: Rue Marguerite
Tronçon: 71261934 -> 71261935, Longueur: 71.56091m, Rue: Rue du Boulevard
Tronçon: 71261934 -> 27512838, Longueur: 84.13303m, Rue: Rue du Boulevard
Tronçon: 364731972 -> 3020993751, Longueur: 20.65247m, Rue: Place Adrien Godien
Tronçon: 26079788 -> 26033233, Longueur: 145.43732m, Rue: Rue Léon Jouhaux
Tronçon: 26079788 -> 34401979, Longueur: 91.75097m, Rue: Rue du Pensionnat
Tronçon: 26079788 -> 26079789, Longueur: 69.18822m, Rue: Rue du Pensionnat
Tronçon: 71261935 -> 71261882, Longueur: 96.353m, Rue: Rue de Bruxelles
Tronçon: 71261935 -> 252626900, Longueur: 105.24162m, Rue: Rue de Bruxelles
Tronçon: 71261935 -> 71261934, Longueur: 71.56091m, Rue: Rue du Boulevard
Tronçon: 26079789 -> 26079788, Longueur: 69.18822m, Rue: Rue du Pensionnat
Tronçon: 26079789 -> 25175805, Longueur: 67.226654m, Rue: Rue du Pensionnat
Tronçon: 26079789 -> 25175798, Longueur: 118.135315m, Rue: Rue du Lac
Tronçon: 25175791 -> 25175778, Longueur: 69.979805m, Rue: Rue Danton
Tronçon: 25175791 -> 2117622723, Longueur: 136.00636m, Rue: Rue de l'Abondance
Tronçon: 25175794 -> 25175805, Longueur: 116.67868m, Rue: Rue de la Bannière
Tronçon: 25175794 -> 25175791, Longueur: 91.40676m, Rue: Rue de l'Abondance
Tronçon: 25175798 -> 25175794, Longueur: 65.30282m, Rue: Rue de l'Abondance
Tronçon: 25175798 -> 25175743, Longueur: 75.60348m, Rue: Rue du Lac
Tronçon: 1035871899 -> 25153067, Longueur: 44.497795m, Rue: Rue Domer
Tronçon: 1035871899 -> 25499134, Longueur: 79.09507m, Rue: Rue du Brigadier Voituret
Tronçon: 325772567 -> 26317396, Longueur: 187.21068m, Rue: Rue Saint-Isidore
Tronçon: 325772567 -> 365087270, Longueur: 3.491316m, Rue: 
Tronçon: 365117223 -> 26464311, Longueur: 119.659744m, Rue: Avenue Esquirol
Tronçon: 365117223 -> 365117235, Longueur: 9.069907m, Rue: 
Tronçon: 26079710 -> 26079706, Longueur: 55.50039m, Rue: Rue Moncey
Tronçon: 26079710 -> 26053647, Longueur: 53.6333m, Rue: Rue Villeroy
Tronçon: 26132246 -> 25624146, Longueur: 88.84289m, Rue: Rue Wakatsuki
Tronçon: 26132246 -> 25624139, Longueur: 86.28663m, Rue: Rue Wakatsuki
Tronçon: 26132246 -> 26132245, Longueur: 74.14395m, Rue: Rue Théodore Lévigne
Tronçon: 26132246 -> 26132247, Longueur: 67.95382m, Rue: Rue Théodore Lévigne
Tronçon: 26132247 -> 25624145, Longueur: 113.99873m, Rue: Rue Rochambeau
Tronçon: 26132247 -> 25624058, Longueur: 62.335304m, Rue: Rue Rochambeau
Tronçon: 26132247 -> 26132246, Longueur: 67.95382m, Rue: Rue Théodore Lévigne
Tronçon: 26132244 -> 25624138, Longueur: 91.67663m, Rue: Boulevard des États-Unis
Tronçon: 26132244 -> 26132220, Longueur: 74.212715m, Rue: Rue Théodore Lévigne
Tronçon: 26132245 -> 26132243, Longueur: 89.84666m, Rue: Boulevard des États-Unis
Tronçon: 26132245 -> 26132246, Longueur: 74.14395m, Rue: Rue Théodore Lévigne
Tronçon: 26132242 -> 26132244, Longueur: 88.74634m, Rue: Boulevard des États-Unis
Tronçon: 26132242 -> 26132221, Longueur: 73.49561m, Rue: Rue Émile Combes
Tronçon: 26132243 -> 25471728, Longueur: 91.51319m, Rue: Boulevard des États-Unis
Tronçon: 26132243 -> 26132242, Longueur: 19.200087m, Rue: Rue Émile Combes
Tronçon: 35413414 -> 25625417, Longueur: 102.141304m, Rue: Rue Simon Fryd
Tronçon: 26296512 -> 26296433, Longueur: 67.636185m, Rue: Cours Émile Zola
Tronçon: 26296512 -> 60685035, Longueur: 22.659779m, Rue: Cours Émile Zola
Tronçon: 33233726 -> 25721832, Longueur: 1379.2288m, Rue: 
Tronçon: 33233726 -> 25721828, Longueur: 421.58145m, Rue: 
Tronçon: 1471842572 -> 730804047, Longueur: 128.46187m, Rue: Rue Joseph Serlin
Tronçon: 190951319 -> 190951314, Longueur: 75.962234m, Rue: Rue de Mulhouse
Tronçon: 190951319 -> 190951308, Longueur: 63.95133m, Rue: Rue Georges Picot
Tronçon: 190951319 -> 190951295, Longueur: 109.10172m, Rue: Rue de Mulhouse
Tronçon: 190951314 -> 190951422, Longueur: 96.96521m, Rue: Rue Jules Siegfried
Tronçon: 190951314 -> 190951319, Longueur: 75.962234m, Rue: Rue de Mulhouse
Tronçon: 190951314 -> 190903039, Longueur: 71.04478m, Rue: Rue de Mulhouse
Tronçon: 495424862 -> 25175778, Longueur: 86.8148m, Rue: Rue Professeur René Guillet
Tronçon: 495424862 -> 500434722, Longueur: 88.02864m, Rue: Rue Danielle Faÿnel Duclos Rue Julien Duvivier
Tronçon: 495424862 -> 479185309, Longueur: 159.34192m, Rue: Rue Danielle Faÿnel Duclos Rue Philomène Magnin
Tronçon: 495424862 -> 479185303, Longueur: 86.1731m, Rue: Rue Professeur René Guillet
Tronçon: 26132256 -> 465470622, Longueur: 143.44336m, Rue: Rue Denis Père et Fils
Tronçon: 26132256 -> 26132218, Longueur: 98.00701m, Rue: Rue Jean Sarrazin
Tronçon: 26132256 -> 26132383, Longueur: 230.75432m, Rue: Rue Jean Sarrazin
Tronçon: 26132254 -> 26132251, Longueur: 19.913363m, Rue: Rue Paul Cazeneuve
Tronçon: 26132254 -> 409269451, Longueur: 32.55471m, Rue: Rue Paul Cazeneuve
Tronçon: 26132254 -> 465470622, Longueur: 143.68681m, Rue: Rue Denis Père et Fils
Tronçon: 26132251 -> 409269454, Longueur: 268.1231m, Rue: Rue de Nice
Tronçon: 26132251 -> 26132210, Longueur: 194.76688m, Rue: Rue Paul Cazeneuve
Tronçon: 26132251 -> 26132254, Longueur: 19.913363m, Rue: Rue Paul Cazeneuve
Tronçon: 2857957346 -> 2857957343, Longueur: 86.28711m, Rue: Impasse Poncet
Tronçon: 2857957347 -> 2857957358, Longueur: 116.04019m, Rue: Rue de l'Oranger
Tronçon: 25175778 -> 25175764, Longueur: 84.79415m, Rue: Avenue Félix Faure
Tronçon: 2858254523 -> 25468018, Longueur: 56.54174m, Rue: Rue d'Inkermann
Tronçon: 2858254523 -> 2858254528, Longueur: 124.7831m, Rue: Rue Sylvestre
Tronçon: 2857957351 -> 2857957358, Longueur: 61.055878m, Rue: Rue de l'Oranger
Tronçon: 2858254528 -> 26296850, Longueur: 61.019566m, Rue: Rue Dedieu
Tronçon: 273216478 -> 26106451, Longueur: 16.859259m, Rue: Place des Cordeliers
Tronçon: 325772549 -> 325772482, Longueur: 105.610245m, Rue: Rue Charrin
Tronçon: 191988222 -> 130143394, Longueur: 8.666696m, Rue: Grande Rue de la Croix-Rousse
Tronçon: 190951308 -> 190951329, Longueur: 153.92389m, Rue: Rue Georges Picot
Tronçon: 190951308 -> 190951319, Longueur: 63.95133m, Rue: Rue Georges Picot
Tronçon: 190951308 -> 190951303, Longueur: 55.02492m, Rue: Rue de la Jeunesse
Tronçon: 190951303 -> 190951308, Longueur: 55.02492m, Rue: Rue de la Jeunesse
Tronçon: 190951303 -> 190951301, Longueur: 74.052505m, Rue: Rue de la Jeunesse
Tronçon: 190951303 -> 190951329, Longueur: 211.18146m, Rue: Rue Jean Zuber Rue de Barcelone
Tronçon: 365117238 -> 365117230, Longueur: 10.010384m, Rue: 
Tronçon: 191988226 -> 1171869062, Longueur: 49.732723m, Rue: Grande Rue de la Croix-Rousse
Tronçon: 190951301 -> 190951303, Longueur: 74.052505m, Rue: Rue de la Jeunesse
Tronçon: 190951301 -> 190951295, Longueur: 65.7944m, Rue: Rue Pierre Voyant
Tronçon: 190951301 -> 2858140663, Longueur: 104.07842m, Rue: Rue de Turin
Tronçon: 25175764 -> 25175794, Longueur: 74.79178m, Rue: Rue de la Bannière
Tronçon: 25175764 -> 500434722, Longueur: 83.613174m, Rue: Rue de la Bannière
Tronçon: 25175764 -> 26086303, Longueur: 57.467144m, Rue: Avenue Félix Faure
Tronçon: 1678246930 -> 26295043, Longueur: 54.022465m, Rue: Rue Godinot
Tronçon: 1678246930 -> 25468020, Longueur: 67.18745m, Rue: Rue Pétrequin
Tronçon: 1678246930 -> 26294955, Longueur: 59.71767m, Rue: Rue Pétrequin
Tronçon: 1678246930 -> 378212455, Longueur: 38.642723m, Rue: Rue Godinot
Tronçon: 2857957343 -> 2857957346, Longueur: 86.28711m, Rue: Impasse Poncet
Tronçon: 2857957343 -> 240470324, Longueur: 63.070858m, Rue: Route de Genas
Tronçon: 2857957343 -> 191134374, Longueur: 91.843445m, Rue: Route de Genas
Tronçon: 325772552 -> 325772462, Longueur: 45.96831m, Rue: Rue Charrin
Tronçon: 365117235 -> 365117223, Longueur: 9.069907m, Rue: 
Tronçon: 365117230 -> 365117238, Longueur: 10.010384m, Rue: 
Tronçon: 365117230 -> 26464252, Longueur: 70.70675m, Rue: Cours Eugénie
Tronçon: 365117230 -> 26464318, Longueur: 92.293686m, Rue: Cours Eugénie
Tronçon: 1502674588 -> 1148982729, Longueur: 105.93244m, Rue: Rue Camille Roy
Tronçon: 1777396070 -> 25468078, Longueur: 90.009796m, Rue: 
Tronçon: 1777396070 -> 376978465, Longueur: 44.593193m, Rue: Cours Lafayette
Tronçon: 21992798 -> 2294100851, Longueur: 22.796827m, Rue: Rue de l'Épargne
Tronçon: 21992798 -> 2786991023, Longueur: 174.80392m, Rue: Rue de la Solidarité
Tronçon: 26079707 -> 26053988, Longueur: 80.03953m, Rue: Rue Villeroy
Tronçon: 565447496 -> 25450959, Longueur: 26.449217m, Rue: Rue Sébastien Gryphe
Tronçon: 565447495 -> 565447496, Longueur: 62.618023m, Rue: Rue de la Thibaudière
Tronçon: 565447495 -> 25450963, Longueur: 85.46965m, Rue: Rue Chalopin
Tronçon: 1351109211 -> 25634092, Longueur: 56.62558m, Rue: Rue Paul Bert
Tronçon: 1351109211 -> 1463826439, Longueur: 49.52272m, Rue: Rue Moncey
Tronçon: 26079704 -> 26079706, Longueur: 40.8767m, Rue: Rue de l'Épée
Tronçon: 26079704 -> 26053647, Longueur: 53.411865m, Rue: Rue Marignan
Tronçon: 26079703 -> 26079704, Longueur: 63.7742m, Rue: Rue de l'Épée
Tronçon: 26079703 -> 26079707, Longueur: 54.9935m, Rue: Rue Gutenberg
Tronçon: 26079706 -> 1463826439, Longueur: 63.33057m, Rue: Rue Moncey
Tronçon: 25316194 -> 25316195, Longueur: 69.640854m, Rue: Rue Vaïsse
Tronçon: 25316194 -> 25498538, Longueur: 45.415485m, Rue: Rue Malesherbes
Tronçon: 25316193 -> 25316192, Longueur: 117.89442m, Rue: Rue Malesherbes
Tronçon: 25316193 -> 25316180, Longueur: 70.95523m, Rue: Rue Duquesne
Tronçon: 25316192 -> 25316258, Longueur: 65.71927m, Rue: Rue Docteur Mouisset
Tronçon: 25316191 -> 25316192, Longueur: 73.63365m, Rue: Rue Docteur Mouisset
Tronçon: 25316191 -> 25316190, Longueur: 33.351658m, Rue: Avenue Maréchal Foch
Tronçon: 25316190 -> 25316180, Longueur: 84.40442m, Rue: Avenue Maréchal Foch
Tronçon: 25316199 -> 25316198, Longueur: 68.91619m, Rue: Rue Montgolfier
Tronçon: 25316198 -> 25310832, Longueur: 49.08477m, Rue: Rue Montgolfier
Tronçon: 25316198 -> 25316176, Longueur: 121.711205m, Rue: Rue Boileau
Tronçon: 25316197 -> 25316199, Longueur: 66.091606m, Rue: Rue Montgolfier
Tronçon: 25316197 -> 21674808, Longueur: 83.30315m, Rue: Rue Duguesclin
Tronçon: 25316196 -> 25316194, Longueur: 40.138306m, Rue: Place d'Helvétie
Tronçon: 25316195 -> 25316181, Longueur: 39.958828m, Rue: Avenue Maréchal Foch
Tronçon: 2466569947 -> 55435016, Longueur: 52.501575m, Rue: Boulevard Eugène Réguillon
Tronçon: 2466569947 -> 2485871064, Longueur: 47.732044m, Rue: Boulevard Eugène Réguillon
Tronçon: 21604585 -> 21604576, Longueur: 595.6863m, Rue: Rue Croix Barret
Tronçon: 21604585 -> 59654811, Longueur: 144.7075m, Rue: Rue de Montagny
Tronçon: 21604585 -> 25549077, Longueur: 173.7058m, Rue: Rue Croix Barret
Tronçon: 25316183 -> 25316171, Longueur: 100.45635m, Rue: Rue Vendôme
Tronçon: 25316183 -> 25316182, Longueur: 96.85308m, Rue: Rue Barrême
Tronçon: 25316182 -> 26052732, Longueur: 78.64455m, Rue: Avenue Maréchal Foch
Tronçon: 25316182 -> 25722294, Longueur: 47.96719m, Rue: Rue Barrême
Tronçon: 25316181 -> 25316171, Longueur: 96.708275m, Rue: Rue du Lieutenant-Colonel Prévost
Tronçon: 25316181 -> 25316196, Longueur: 69.63833m, Rue: Rue du Lieutenant-Colonel Prévost
Tronçon: 25316181 -> 25316182, Longueur: 100.06065m, Rue: Avenue Maréchal Foch
Tronçon: 342914321 -> 342914416, Longueur: 196.43991m, Rue: Passage du Ténor
Tronçon: 342914321 -> 190903036, Longueur: 65.56973m, Rue: Rue du 8 Mai 1945
Tronçon: 342914321 -> 190903030, Longueur: 43.90615m, Rue: Rue du 8 Mai 1945
Tronçon: 25316180 -> 25498539, Longueur: 9.272682m, Rue: Avenue Maréchal Foch
Tronçon: 25316180 -> 25316178, Longueur: 95.05889m, Rue: Rue Duquesne
Tronçon: 25316189 -> 1042749309, Longueur: 72.28596m, Rue: Rue Vendôme
Tronçon: 25316189 -> 25316190, Longueur: 92.12394m, Rue: Place Puvis de Chavannes
Tronçon: 25316188 -> 25316179, Longueur: 81.768135m, Rue: Rue de Créqui
Tronçon: 25316188 -> 25316189, Longueur: 79.445564m, Rue: Place Puvis de Chavannes
Tronçon: 25316187 -> 25316188, Longueur: 39.158676m, Rue: Rue de Créqui
Tronçon: 25316187 -> 25316197, Longueur: 99.19646m, Rue: Rue Montgolfier
Tronçon: 25316186 -> 25316185, Longueur: 66.785355m, Rue: Rue Barrême
Tronçon: 25316186 -> 25316174, Longueur: 101.8653m, Rue: Rue Félix Jacquier
Tronçon: 25316185 -> 25316184, Longueur: 98.808975m, Rue: Rue Barrême
Tronçon: 25316185 -> 25316173, Longueur: 102.008354m, Rue: Rue Duguesclin
Tronçon: 25316184 -> 25495339, Longueur: 97.31456m, Rue: Rue de Créqui
Tronçon: 25316184 -> 25316183, Longueur: 79.764656m, Rue: Rue Barrême
Tronçon: 25468227 -> 554237881, Longueur: 187.58209m, Rue: Avenue Jean Jaurès
Tronçon: 25468227 -> 25468226, Longueur: 154.78798m, Rue: Avenue Jean Jaurès
Tronçon: 342903683 -> 190951431, Longueur: 42.272156m, Rue: Rue Pierre-Joseph Proudhon
Tronçon: 342903683 -> 342904849, Longueur: 76.04943m, Rue: Rue Pierre-Joseph Proudhon
Tronçon: 25468228 -> 25468216, Longueur: 178.08614m, Rue: Rue Pré Gaudry
Tronçon: 25468228 -> 26120305, Longueur: 110.72725m, Rue: Rue Pré Gaudry
Tronçon: 25468228 -> 25468226, Longueur: 73.06449m, Rue: Avenue Jean Jaurès
Tronçon: 25468228 -> 283326996, Longueur: 87.02327m, Rue: Avenue Jean Jaurès
Tronçon: 21604576 -> 21604585, Longueur: 595.6863m, Rue: Rue Croix Barret
Tronçon: 21604576 -> 26289662, Longueur: 325.6185m, Rue: Boulevard de l'Artillerie
Tronçon: 21604576 -> 25468214, Longueur: 26.691854m, Rue: Rue Croix Barret
Tronçon: 25468226 -> 25468227, Longueur: 154.78798m, Rue: Avenue Jean Jaurès
Tronçon: 25468226 -> 25468228, Longueur: 73.06449m, Rue: Avenue Jean Jaurès
Tronçon: 25316172 -> 25316173, Longueur: 97.62434m, Rue: Rue du Lieutenant-Colonel Prévost
Tronçon: 25316172 -> 25316184, Longueur: 101.74287m, Rue: Rue de Créqui
Tronçon: 25316171 -> 25316172, Longueur: 80.7306m, Rue: Rue du Lieutenant-Colonel Prévost
Tronçon: 25316171 -> 25498540, Longueur: 85.85407m, Rue: Rue Vendôme
Tronçon: 25316179 -> 25498566, Longueur: 9.410945m, Rue: Rue de Créqui
Tronçon: 25316179 -> 21674807, Longueur: 96.7966m, Rue: Rue Duquesne
Tronçon: 26084253 -> 26084216, Longueur: 200.55553m, Rue: Avenue Jean Jaurès
Tronçon: 26084253 -> 26084258, Longueur: 171.80415m, Rue: Avenue Jean Jaurès
Tronçon: 26084253 -> 25452874, Longueur: 172.34984m, Rue: Rue Challemel-Lacour
Tronçon: 25316178 -> 25316179, Longueur: 81.902405m, Rue: Rue Duquesne
Tronçon: 25316178 -> 25316189, Longueur: 84.19603m, Rue: Rue Vendôme
Tronçon: 25316177 -> 25316176, Longueur: 66.97694m, Rue: Rue Duquesne
Tronçon: 25316177 -> 25316199, Longueur: 121.355385m, Rue: Rue Félix Jacquier
Tronçon: 25316176 -> 25498569, Longueur: 9.372207m, Rue: Rue Boileau
Tronçon: 25316176 -> 25310831, Longueur: 50.972942m, Rue: Rue Duquesne
Tronçon: 26084258 -> 25452884, Longueur: 188.07437m, Rue: Rue Benjamin Delessert
Tronçon: 26084258 -> 26084253, Longueur: 171.80415m, Rue: Avenue Jean Jaurès
Tronçon: 25316175 -> 25495336, Longueur: 101.60497m, Rue: Rue Boileau
Tronçon: 25316175 -> 25310830, Longueur: 51.038933m, Rue: Rue du Lieutenant-Colonel Prévost
Tronçon: 25316174 -> 25316175, Longueur: 67.4955m, Rue: Rue du Lieutenant-Colonel Prévost
Tronçon: 25316174 -> 25498568, Longueur: 84.79758m, Rue: Rue Félix Jacquier
Tronçon: 25316173 -> 25316174, Longueur: 65.53954m, Rue: Rue du Lieutenant-Colonel Prévost
Tronçon: 25316173 -> 25498567, Longueur: 84.54879m, Rue: Rue Duguesclin
Tronçon: 25468216 -> 25468217, Longueur: 79.14617m, Rue: Rue de Gerland
Tronçon: 25468216 -> 25468228, Longueur: 178.08614m, Rue: Rue Pré Gaudry
Tronçon: 25468216 -> 25468215, Longueur: 81.015015m, Rue: Rue de Gerland
Tronçon: 25468217 -> 25468216, Longueur: 79.14617m, Rue: Rue de Gerland
Tronçon: 25468217 -> 928170072, Longueur: 110.012436m, Rue: Rue de Gerland
Tronçon: 25468217 -> 25468226, Longueur: 163.50403m, Rue: Rue Ravier
Tronçon: 25468218 -> 928170072, Longueur: 54.178432m, Rue: Rue de Gerland
Tronçon: 25468218 -> 25468219, Longueur: 32.331696m, Rue: Rue de Gerland
Tronçon: 25468218 -> 215687070, Longueur: 79.34182m, Rue: Rue Abraham Bloch
Tronçon: 25468219 -> 25468218, Longueur: 32.331696m, Rue: Rue de Gerland
Tronçon: 25468219 -> 25468227, Longueur: 129.2165m, Rue: Place Jean Jaurès
Tronçon: 25468219 -> 569061957, Longueur: 158.251m, Rue: Rue de Gerland
Tronçon: 21604566 -> 21604561, Longueur: 309.9563m, Rue: Rue Challemel-Lacour
Tronçon: 21604566 -> 1056701798, Longueur: 23.35318m, Rue: Rue Challemel-Lacour
Tronçon: 21604566 -> 26289662, Longueur: 461.60715m, Rue: Boulevard de l'Artillerie
Tronçon: 25468214 -> 21604576, Longueur: 26.691854m, Rue: Rue Croix Barret
Tronçon: 25468214 -> 1108937309, Longueur: 297.99777m, Rue: Rue Paul Massimi
Tronçon: 25468214 -> 25468215, Longueur: 204.66856m, Rue: Rue Croix Barret
Tronçon: 25468215 -> 25468216, Longueur: 81.015015m, Rue: Rue de Gerland
Tronçon: 25468215 -> 283325403, Longueur: 41.793312m, Rue: Rue de Gerland
Tronçon: 25468215 -> 283326996, Longueur: 209.50931m, Rue: Rue Marie-Madeleine Fourcade
Tronçon: 25468215 -> 25468214, Longueur: 204.66856m, Rue: Rue Croix Barret
Tronçon: 21604561 -> 25625417, Longueur: 15.003122m, Rue: Rue de Gerland
Tronçon: 21604561 -> 25452866, Longueur: 236.12572m, Rue: Rue Simon Fryd
Tronçon: 21604561 -> 25452887, Longueur: 131.97755m, Rue: Rue de Gerland
Tronçon: 1035871834 -> 25152928, Longueur: 34.18m, Rue: Rue de la Madeleine
Tronçon: 1035871834 -> 3812424995, Longueur: 19.165045m, Rue: Rue de la Madeleine
Tronçon: 25625417 -> 21604561, Longueur: 15.003122m, Rue: Rue de Gerland
Tronçon: 25625417 -> 1990796150, Longueur: 298.01022m, Rue: Rue Challemel-Lacour
Tronçon: 25625417 -> 25452878, Longueur: 102.71678m, Rue: Rue Challemel-Lacour
Tronçon: 25625417 -> 21604559, Longueur: 191.00555m, Rue: Rue de Gerland
Tronçon: 1335415641 -> 1335415565, Longueur: 110.278435m, Rue: Impasse Claude Jourdan
Tronçon: 26084249 -> 26084216, Longueur: 159.9015m, Rue: Avenue Debourg
Tronçon: 26084249 -> 26084213, Longueur: 344.71558m, Rue: Allée de Fontenay
Tronçon: 21604559 -> 411275577, Longueur: 201.30579m, Rue: Avenue du Château de Gerland
Tronçon: 21604559 -> 25625417, Longueur: 191.00555m, Rue: Rue de Gerland
Tronçon: 21604559 -> 286483713, Longueur: 70.727234m, Rue: Rue de Gerland
Tronçon: 21604553 -> 25319201, Longueur: 78.19344m, Rue: Rue Cuvier
Tronçon: 21604553 -> 25316395, Longueur: 85.42317m, Rue: Rue Cuvier
Tronçon: 21604553 -> 26053016, Longueur: 54.81655m, Rue: Avenue du Maréchal de Saxe
Tronçon: 21604551 -> 21674803, Longueur: 86.28117m, Rue: Rue Rabelais
Tronçon: 21604551 -> 25319190, Longueur: 101.62002m, Rue: Avenue Maréchal de Saxe
Tronçon: 21604552 -> 25319212, Longueur: 81.48692m, Rue: Rue Vauban
Tronçon: 21604552 -> 25319195, Longueur: 116.192764m, Rue: Avenue du Maréchal de Saxe
Tronçon: 21604550 -> 25319259, Longueur: 76.06665m, Rue: Rue Dunoir
Tronçon: 21604550 -> 25310932, Longueur: 87.42015m, Rue: Rue Dunoir
Tronçon: 21604550 -> 25310933, Longueur: 80.65401m, Rue: Avenue Maréchal de Saxe
Tronçon: 26059236 -> 195235, Longueur: 155.06763m, Rue: Rue Béchevelin
Tronçon: 26059236 -> 25450967, Longueur: 66.851395m, Rue: Rue Salomon Reinach
Tronçon: 35291569 -> 35291568, Longueur: 34.371574m, Rue: Montée Saint-Sébastien
Tronçon: 35291569 -> 35224303, Longueur: 40.92387m, Rue: Rue Imbert Colomès
Tronçon: 21604549 -> 1502680505, Longueur: 81.31761m, Rue: Rue Moncey
Tronçon: 21604549 -> 25306180, Longueur: 59.962654m, Rue: Avenue Maréchal de Saxe
Tronçon: 21604549 -> 25258725, Longueur: 71.25412m, Rue: Rue Chaponnay
Tronçon: 35291568 -> 35224289, Longueur: 72.1203m, Rue: Montée Saint-Sébastien
Tronçon: 35291568 -> 35291702, Longueur: 140.53912m, Rue: Rue des Fantasques
Tronçon: 35291568 -> 35291569, Longueur: 34.371574m, Rue: Montée Saint-Sébastien
Tronçon: 1988133670 -> 1988133079, Longueur: 37.013783m, Rue: Impasse Buyet
Tronçon: 2069548810 -> 25468078, Longueur: 145.74846m, Rue: Rue de Bonnel
Tronçon: 3404990017 -> 143439, Longueur: 139.37384m, Rue: Rue de l'Épargne
Tronçon: 2857957358 -> 2857957362, Longueur: 33.191715m, Rue: Rue de l'Oranger
Tronçon: 2857957358 -> 2857957347, Longueur: 116.04019m, Rue: Rue de l'Oranger
Tronçon: 2857957358 -> 2857957351, Longueur: 61.055878m, Rue: Rue de l'Oranger
Tronçon: 2857957362 -> 191134439, Longueur: 102.82633m, Rue: Rue des Lauriers
Tronçon: 2857957362 -> 191134377, Longueur: 52.25962m, Rue: Rue des Lauriers
Tronçon: 2857957362 -> 2857957358, Longueur: 33.191715m, Rue: Rue de l'Oranger
Tronçon: 21604533 -> 25337456, Longueur: 68.711266m, Rue: Rue de la Thibaudière
Tronçon: 21604533 -> 26059185, Longueur: 105.01066m, Rue: Rue Saint-Jérôme
Tronçon: 21604533 -> 25450962, Longueur: 76.58197m, Rue: Rue de la Thibaudière
Tronçon: 21604533 -> 25337463, Longueur: 79.04249m, Rue: Avenue Jean Jaurès
Tronçon: 35291571 -> 35291569, Longueur: 102.49286m, Rue: Montée Saint-Sébastien
Tronçon: 35291571 -> 1171867708, Longueur: 209.42564m, Rue: Rue Magneval
Tronçon: 35291571 -> 35291575, Longueur: 39.350143m, Rue: Montée Saint-Sébastien
Tronçon: 273216489 -> 2865332640, Longueur: 11.264842m, Rue: Place des Cordeliers
Tronçon: 35291574 -> 35291698, Longueur: 72.6904m, Rue: Rue Mottet de Gérando
Tronçon: 35291574 -> 35291579, Longueur: 83.92609m, Rue: Place Colbert
Tronçon: 35291575 -> 240467585, Longueur: 185.34183m, Rue: Rue Bodin
Tronçon: 35291575 -> 35291571, Longueur: 39.350143m, Rue: Montée Saint-Sébastien
Tronçon: 35291575 -> 529136501, Longueur: 29.244936m, Rue: Montée Saint-Sébastien
Tronçon: 35291572 -> 35291696, Longueur: 12.1366m, Rue: Rue Grognard
Tronçon: 35291572 -> 35291574, Longueur: 78.91434m, Rue: Montée Saint-Sébastien
Tronçon: 35291579 -> 35291577, Longueur: 45.694267m, Rue: Place Colbert
Tronçon: 35291579 -> 35291574, Longueur: 83.92609m, Rue: Place Colbert
Tronçon: 35291577 -> 35222969, Longueur: 156.4506m, Rue: Rue Diderot Rue Pouteau
Tronçon: 35291577 -> 35291579, Longueur: 45.694267m, Rue: Place Colbert
Tronçon: 35291577 -> 35291575, Longueur: 85.96417m, Rue: Place Colbert
Tronçon: 26132219 -> 26132218, Longueur: 64.79275m, Rue: Rue Jean Sarrazin
Tronçon: 26132219 -> 26132220, Longueur: 90.547745m, Rue: Rue des Serpollières
Tronçon: 26132219 -> 25624138, Longueur: 75.4039m, Rue: Rue Jean Sarrazin
Tronçon: 459797903 -> 459797906, Longueur: 67.521576m, Rue: Impasse du Boucheret
Tronçon: 459797903 -> 190889847, Longueur: 114.818756m, Rue: Rue des Boucherets
Tronçon: 26132217 -> 26132218, Longueur: 91.262115m, Rue: Rue Ludovic Arrachart
Tronçon: 26132217 -> 26132220, Longueur: 66.67807m, Rue: Rue Théodore Lévigne
Tronçon: 459797901 -> 459797903, Longueur: 68.13954m, Rue: Rue des Boucherets
Tronçon: 459797901 -> 1361474570, Longueur: 30.459938m, Rue: Impasse Million
Tronçon: 459797901 -> 1361474562, Longueur: 143.05846m, Rue: Impasse Million
Tronçon: 26132218 -> 26132256, Longueur: 98.00701m, Rue: Rue Jean Sarrazin
Tronçon: 26132218 -> 1375459139, Longueur: 56.396465m, Rue: Rue Ludovic Arrachart
Tronçon: 26132218 -> 26132219, Longueur: 64.79275m, Rue: Rue Jean Sarrazin
Tronçon: 26132216 -> 26132217, Longueur: 88.63935m, Rue: Rue Ludovic Arrachart
Tronçon: 26132211 -> 984186416, Longueur: 124.66408m, Rue: Rue des Serpollières
Tronçon: 26132211 -> 25471730, Longueur: 74.033134m, Rue: Rue Joseph Chapelle
Tronçon: 26132212 -> 26132216, Longueur: 90.279526m, Rue: Rue Ludovic Arrachart
Tronçon: 26132212 -> 26132211, Longueur: 66.13907m, Rue: Rue Joseph Chapelle
Tronçon: 26132210 -> 984186416, Longueur: 74.10086m, Rue: Rue Paul Cazeneuve
Tronçon: 26132210 -> 26132251, Longueur: 194.76688m, Rue: Rue Paul Cazeneuve
Tronçon: 26132210 -> 26132212, Longueur: 85.4694m, Rue: Rue Ludovic Arrachart
Tronçon: 26084213 -> 26084249, Longueur: 344.71558m, Rue: Allée de Fontenay
Tronçon: 26084213 -> 3002320972, Longueur: 10.917658m, Rue: Rue André Bollier
Tronçon: 26084216 -> 26084249, Longueur: 159.9015m, Rue: Avenue Debourg
Tronçon: 26084216 -> 26084253, Longueur: 200.55553m, Rue: Avenue Jean Jaurès
Tronçon: 26084216 -> 26289593, Longueur: 222.96031m, Rue: Avenue Jean Jaurès
Tronçon: 26084216 -> 26289489, Longueur: 141.7355m, Rue: Avenue Debourg
Tronçon: 2857957397 -> 55444208, Longueur: 174.36278m, Rue: Rue de Delle
Tronçon: 1335415605 -> 1382784520, Longueur: 8.7178135m, Rue: Rue Marc Sangnier
Tronçon: 1335415605 -> 27362559, Longueur: 39.397007m, Rue: Avenue Jean Mermoz
Tronçon: 1988133669 -> 1988133712, Longueur: 52.676147m, Rue: Rue du Port
Tronçon: 1988133669 -> 1988133711, Longueur: 116.54006m, Rue: Rue du Port
Tronçon: 1988133669 -> 1988133079, Longueur: 89.94143m, Rue: Impasse Buyet
Tronçon: 55434918 -> 55435051, Longueur: 19.841352m, Rue: 
Tronçon: 55434918 -> 55435003, Longueur: 24.642113m, Rue: 
Tronçon: 26132220 -> 26132217, Longueur: 66.67807m, Rue: Rue Théodore Lévigne
Tronçon: 26132220 -> 26132244, Longueur: 74.212715m, Rue: Rue Théodore Lévigne
Tronçon: 26132220 -> 26132221, Longueur: 88.80743m, Rue: Rue des Serpollières
Tronçon: 26132221 -> 26132216, Longueur: 65.73521m, Rue: Rue Émile Combes
Tronçon: 26132221 -> 26132211, Longueur: 90.73086m, Rue: Rue des Serpollières
Tronçon: 459797908 -> 459797907, Longueur: 95.20126m, Rue: Impasse des Iris
Tronçon: 459797907 -> 190889803, Longueur: 156.53816m, Rue: Rue Francis de Pressensé
Tronçon: 459797907 -> 459797908, Longueur: 95.20126m, Rue: Impasse des Iris
Tronçon: 459797906 -> 459797903, Longueur: 67.521576m, Rue: Impasse du Boucheret
Tronçon: 245025984 -> 245023129, Longueur: 84.24832m, Rue: Rue Claude Delaigue
Tronçon: 245025984 -> 245026013, Longueur: 29.794321m, Rue: Rue Paul Pic
Tronçon: 245025984 -> 245025982, Longueur: 127.85888m, Rue: Rue Claude Delaigue
Tronçon: 245025982 -> 245025984, Longueur: 127.85888m, Rue: Rue Claude Delaigue
Tronçon: 25624160 -> 891129825, Longueur: 9.242232m, Rue: Rue Jean Sarrazin
Tronçon: 25624160 -> 25624059, Longueur: 239.91522m, Rue: Rue Jean Sarrazin
Tronçon: 25624160 -> 25624143, Longueur: 116.148186m, Rue: Avenue Paul Santy
Tronçon: 245025987 -> 1349383079, Longueur: 99.56359m, Rue: Avenue des Colonnes
Tronçon: 245025987 -> 245023208, Longueur: 88.1617m, Rue: Avenue du Bois
Tronçon: 245025987 -> 245023124, Longueur: 52.302273m, Rue: Avenue du Bois
Tronçon: 25624152 -> 48880093, Longueur: 120.872505m, Rue: Rue Émile Combes
Tronçon: 25624152 -> 25624158, Longueur: 81.57972m, Rue: Avenue Paul Santy
Tronçon: 25624158 -> 25624160, Longueur: 113.45845m, Rue: Avenue Paul Santy
Tronçon: 25624158 -> 891129809, Longueur: 6.8056097m, Rue: Avenue du Général Frère
Tronçon: 26470110 -> 26470094, Longueur: 127.89019m, Rue: Rue des Peupliers
Tronçon: 2171168174 -> 2171168185, Longueur: 49.182285m, Rue: Cours Vitton
Tronçon: 2171168174 -> 25310868, Longueur: 42.16187m, Rue: Cours Vitton
Tronçon: 26470113 -> 26470098, Longueur: 91.93658m, Rue: Rue Trarieux
Tronçon: 26470113 -> 25610774, Longueur: 126.15663m, Rue: Rue des Mobiles
Tronçon: 26577743 -> 2069548810, Longueur: 168.78093m, Rue: Rue de Bonnel
Tronçon: 26577743 -> 25932612, Longueur: 73.17347m, Rue: Boulevard Vivier-Merle
Tronçon: 26149140 -> 624172886, Longueur: 2.6749234m, Rue: Cours Richard Vitton
Tronçon: 26149140 -> 26149146, Longueur: 91.766914m, Rue: Cours Docteur Long
Tronçon: 26149141 -> 25611366, Longueur: 79.42391m, Rue: Rue Saint-Charles
Tronçon: 26149141 -> 26149140, Longueur: 138.74037m, Rue: Cours Richard Vitton
Tronçon: 26149142 -> 26149157, Longueur: 73.11533m, Rue: Cours Docteur Long
Tronçon: 26149142 -> 26149160, Longueur: 166.69008m, Rue: Rue Sainte-Marie
Tronçon: 26149143 -> 624172874, Longueur: 6.254207m, Rue: Cours Docteur Long
Tronçon: 26149143 -> 26149141, Longueur: 101.74607m, Rue: Rue Saint-Charles
Tronçon: 26149144 -> 26149145, Longueur: 92.435585m, Rue: Rue Ferdinand Buisson
Tronçon: 26149144 -> 624172874, Longueur: 129.30148m, Rue: Rue Sainte-Marie
Tronçon: 569061956 -> 26120306, Longueur: 67.47312m, Rue: Rue de Gerland
Tronçon: 569061956 -> 569061957, Longueur: 10.327796m, Rue: Rue de Gerland
Tronçon: 569061956 -> 3095792647, Longueur: 78.57565m, Rue: Impasse de l'Asphalte
Tronçon: 2171168185 -> 26022624, Longueur: 69.16059m, Rue: Boulevard Anatole France
Tronçon: 26470107 -> 26470091, Longueur: 27.837751m, Rue: Rue André Chénier
Tronçon: 569061957 -> 25468219, Longueur: 158.251m, Rue: Rue de Gerland
Tronçon: 569061957 -> 569061956, Longueur: 10.327796m, Rue: Rue de Gerland
Tronçon: 27512827 -> 27512824, Longueur: 33.8694m, Rue: 
Tronçon: 27512827 -> 27512830, Longueur: 33.347404m, Rue: 
Tronçon: 27512827 -> 195325656, Longueur: 36.48446m, Rue: Avenue Albert Einstein
Tronçon: 26149156 -> 26149158, Longueur: 47.484478m, Rue: Cours Docteur Long
Tronçon: 59654815 -> 59654816, Longueur: 39.364265m, Rue: Rue de Montagny
Tronçon: 59654815 -> 59654829, Longueur: 42.419247m, Rue: Rue de Champagneux
Tronçon: 26149157 -> 26149152, Longueur: 133.19466m, Rue: Rue des Sports
Tronçon: 26149157 -> 26149156, Longueur: 51.39518m, Rue: Cours Docteur Long
Tronçon: 59654812 -> 59654811, Longueur: 132.22667m, Rue: Rue de Montagny
Tronçon: 59654812 -> 1794342477, Longueur: 41.692753m, Rue: Rue de Montagny
Tronçon: 26149158 -> 26149154, Longueur: 138.81725m, Rue: Rue des Aubépines
Tronçon: 26149158 -> 26149165, Longueur: 45.51251m, Rue: Cours Docteur Long
Tronçon: 26149159 -> 26149160, Longueur: 9.721402m, Rue: Place Ronde André Bourgogne
Tronçon: 26149159 -> 26149156, Longueur: 166.40881m, Rue: Rue de l'Église
Tronçon: 26149159 -> 864608478, Longueur: 12.255087m, Rue: Place Ronde André Bourgogne
Tronçon: 59654818 -> 59654812, Longueur: 226.15457m, Rue: Rue du Général Gouraud
Tronçon: 59654818 -> 25547436, Longueur: 68.4074m, Rue: Route de Vienne
Tronçon: 59654818 -> 59640015, Longueur: 41.82006m, Rue: Route de Vienne
Tronçon: 59654819 -> 59654823, Longueur: 76.31776m, Rue: Rue du Presbytère
Tronçon: 27512824 -> 27512827, Longueur: 33.8694m, Rue: 
Tronçon: 27512824 -> 27512822, Longueur: 19.292389m, Rue: 
Tronçon: 27512824 -> 34499745, Longueur: 82.43598m, Rue: Rue de la Doua
Tronçon: 59654816 -> 59654817, Longueur: 121.54324m, Rue: Rue de Montagny
Tronçon: 1845317118 -> 25618156, Longueur: 108.629555m, Rue: Allée Marcel Achard
Tronçon: 59654817 -> 25547436, Longueur: 226.13655m, Rue: Route de Vienne
Tronçon: 59654817 -> 2587605830, Longueur: 14.047006m, Rue: Route de Vienne
Tronçon: 27512822 -> 27512824, Longueur: 19.292389m, Rue: 
Tronçon: 27512822 -> 27512830, Longueur: 10.730625m, Rue: 
Tronçon: 34401011 -> 34401010, Longueur: 59.845375m, Rue: Rue Garibaldi
Tronçon: 34401011 -> 25258741, Longueur: 104.13407m, Rue: Rue Verlet-Hanus
Tronçon: 34401010 -> 34401008, Longueur: 63.830402m, Rue: Rue Garibaldi
Tronçon: 59654811 -> 21604585, Longueur: 144.7075m, Rue: Rue de Montagny
Tronçon: 59654811 -> 59654812, Longueur: 132.22667m, Rue: Rue de Montagny
Tronçon: 34401008 -> 34401545, Longueur: 101.18558m, Rue: Rue Garibaldi
Tronçon: 34401008 -> 975656243, Longueur: 18.459091m, Rue: Rue Paul Bert
Tronçon: 34401008 -> 1036842321, Longueur: 102.13676m, Rue: Rue Paul Bert
Tronçon: 26149160 -> 26149161, Longueur: 8.4511385m, Rue: Place Ronde André Bourgogne
Tronçon: 26149160 -> 26149159, Longueur: 9.721402m, Rue: Place Ronde André Bourgogne
Tronçon: 26149161 -> 26149160, Longueur: 8.4511385m, Rue: Place Ronde André Bourgogne
Tronçon: 26149161 -> 26149141, Longueur: 138.47215m, Rue: Cours Richard Vitton
Tronçon: 26149161 -> 26149167, Longueur: 24.58702m, Rue: Place Ronde André Bourgogne
Tronçon: 26149163 -> 864608478, Longueur: 11.851402m, Rue: Place Ronde André Bourgogne
Tronçon: 26149163 -> 26149167, Longueur: 18.476887m, Rue: Place Ronde André Bourgogne
Tronçon: 26149164 -> 251055998, Longueur: 83.97729m, Rue: Rue Camille
Tronçon: 26149164 -> 26286696, Longueur: 133.84438m, Rue: Rue Julien
Tronçon: 26035256 -> 25618206, Longueur: 55.32156m, Rue: Cours Vitton
Tronçon: 26149165 -> 2865000885, Longueur: 98.23846m, Rue: Rue Camille
Tronçon: 26149165 -> 26149166, Longueur: 63.785366m, Rue: Cours Docteur Long
Tronçon: 26149166 -> 26149170, Longueur: 144.77594m, Rue: Rue du Commandant Marchand
Tronçon: 26149166 -> 26149172, Longueur: 65.708916m, Rue: Cours Docteur Long
Tronçon: 26149145 -> 26149146, Longueur: 125.34691m, Rue: Rue de la Caille
Tronçon: 26149145 -> 26149147, Longueur: 92.06652m, Rue: Rue Ferdinand Buisson
Tronçon: 26149146 -> 26149143, Longueur: 81.12767m, Rue: Cours Docteur Long
Tronçon: 59654823 -> 59654819, Longueur: 76.31776m, Rue: Rue du Presbytère
Tronçon: 59654823 -> 59654811, Longueur: 73.04118m, Rue: Rue du Presbytère
Tronçon: 26149147 -> 26149149, Longueur: 100.6748m, Rue: Boulevard Pinel
Tronçon: 26149147 -> 26149148, Longueur: 175.49118m, Rue: Rue Ferdinand Buisson
Tronçon: 26149148 -> 25611211, Longueur: 22.719738m, Rue: Cours Richard Vitton
Tronçon: 59654829 -> 2465004217, Longueur: 22.42454m, Rue: Rue de Champagneux
Tronçon: 59654829 -> 59654816, Longueur: 34.71634m, Rue: Rue de Champagneux
Tronçon: 26149149 -> 25611209, Longueur: 97.98257m, Rue: Rue de la Balme
Tronçon: 26149149 -> 26470491, Longueur: 90.103455m, Rue: Boulevard Pinel
Tronçon: 26023286 -> 3020993750, Longueur: 255.29181m, Rue: Pont Winston Churchill
Tronçon: 26059219 -> 195235, Longueur: 77.644615m, Rue: Rue de l'Université
Tronçon: 55446998 -> 60492194, Longueur: 150.74901m, Rue: Rue Victor Subit
Tronçon: 55446998 -> 55446995, Longueur: 36.51984m, Rue: Rue du 4 Août 1789
Tronçon: 26149150 -> 26149145, Longueur: 102.91698m, Rue: Rue de la Caille
Tronçon: 26149150 -> 26149149, Longueur: 90.91338m, Rue: Rue de la Balme
Tronçon: 26149151 -> 26149144, Longueur: 103.594475m, Rue: Rue Sainte-Marie
Tronçon: 26149151 -> 26149150, Longueur: 97.27458m, Rue: Rue de la Balme
Tronçon: 1335415655 -> 1351112938, Longueur: 200.43214m, Rue: Rue des Roses
Tronçon: 1335415655 -> 1335415565, Longueur: 84.60963m, Rue: Avenue Général Frère
Tronçon: 1335415655 -> 27362903, Longueur: 63.51339m, Rue: Avenue Général Frère
Tronçon: 26149152 -> 26149144, Longueur: 74.93435m, Rue: Rue Ferdinand Buisson
Tronçon: 932576999 -> 25624666, Longueur: 20.919886m, Rue: Rue Professeur Morat
Tronçon: 932576999 -> 932576343, Longueur: 188.68437m, Rue: Rue Jacqueline Auriol
Tronçon: 26149153 -> 26149156, Longueur: 135.66924m, Rue: Rue des Cerisiers
Tronçon: 26149153 -> 26149152, Longueur: 51.98755m, Rue: Rue Ferdinand Buisson
Tronçon: 26149154 -> 26149153, Longueur: 47.574432m, Rue: Rue Ferdinand Buisson
Tronçon: 26149155 -> 26149154, Longueur: 58.799225m, Rue: Rue Ferdinand Buisson
Tronçon: 26149155 -> 26149165, Longueur: 141.1658m, Rue: Rue Camille
Tronçon: 26149155 -> 26149174, Longueur: 103.28616m, Rue: Rue Camille
Tronçon: 27362894 -> 27362896, Longueur: 21.080292m, Rue: Avenue du Général Frère
Tronçon: 27362894 -> 21718034, Longueur: 281.53613m, Rue: Boulevard Edmond Michelet
Tronçon: 27362894 -> 27362892, Longueur: 12.67436m, Rue: Avenue du Général Frère
Tronçon: 25624139 -> 25624136, Longueur: 75.21199m, Rue: Rue Jean Sarrazin
Tronçon: 25624139 -> 25624058, Longueur: 71.65138m, Rue: Rue Jean Sarrazin
Tronçon: 25624139 -> 25624140, Longueur: 120.98399m, Rue: Rue Commandant Pégout
Tronçon: 25624139 -> 26132246, Longueur: 86.28663m, Rue: Rue Wakatsuki
Tronçon: 25624138 -> 25624136, Longueur: 17.354439m, Rue: Rue Jean Sarrazin
Tronçon: 25624138 -> 26132219, Longueur: 75.4039m, Rue: Rue Jean Sarrazin
Tronçon: 25624138 -> 1375459149, Longueur: 56.02399m, Rue: Boulevard des États-Unis
Tronçon: 27362896 -> 27362890, Longueur: 14.127916m, Rue: Avenue du Général Frère
Tronçon: 27362896 -> 25624666, Longueur: 79.25346m, Rue: Avenue Général Frère
Tronçon: 27362896 -> 27362894, Longueur: 21.080292m, Rue: Avenue du Général Frère
Tronçon: 836850031 -> 2512682731, Longueur: 166.74545m, Rue: Boulevard Pinel
Tronçon: 27362898 -> 27362892, Longueur: 172.6383m, Rue: Avenue Général Frère
Tronçon: 27362898 -> 564782189, Longueur: 130.62074m, Rue: Passage Comtois
Tronçon: 27362898 -> 27362903, Longueur: 127.96542m, Rue: Avenue Général Frère
Tronçon: 55446995 -> 191134705, Longueur: 41.496403m, Rue: Rue Charles Robin
Tronçon: 55446995 -> 55446987, Longueur: 88.90477m, Rue: Rue du 4 Août 1789
Tronçon: 27362899 -> 27362900, Longueur: 73.15029m, Rue: Avenue Jean Mermoz
Tronçon: 27362899 -> 27362901, Longueur: 153.71727m, Rue: Rue Claude Violet
Tronçon: 836850034 -> 836850031, Longueur: 58.456215m, Rue: Boulevard Pinel
Tronçon: 836850034 -> 21715071, Longueur: 37.549965m, Rue: Avenue Rockefeller
Tronçon: 27362890 -> 27362896, Longueur: 14.127916m, Rue: Avenue du Général Frère
Tronçon: 27362890 -> 2066046276, Longueur: 47.409824m, Rue: Rue du Professeur Beauvisage
Tronçon: 27362890 -> 27362892, Longueur: 20.642748m, Rue: Avenue du Général Frère
Tronçon: 270492131 -> 1967907778, Longueur: 15.975175m, Rue: Rue Paul Chenavard
Tronçon: 270492131 -> 26584165, Longueur: 50.362747m, Rue: Rue Paul Chenavard
Tronçon: 270492131 -> 270492135, Longueur: 32.176018m, Rue: Place Meissonier
Tronçon: 59654830 -> 2465004181, Longueur: 67.70757m, Rue: 
Tronçon: 59654830 -> 2465004217, Longueur: 94.58011m, Rue: Rue de Champagneux
Tronçon: 59654830 -> 25625381, Longueur: 145.04424m, Rue: Rue de Champagneux
Tronçon: 27362892 -> 27362898, Longueur: 172.6383m, Rue: Avenue Général Frère
Tronçon: 27362892 -> 27362890, Longueur: 20.642748m, Rue: Avenue du Général Frère
Tronçon: 27362892 -> 27362894, Longueur: 12.67436m, Rue: Avenue du Général Frère
Tronçon: 270492135 -> 1967907778, Longueur: 19.715868m, Rue: Place Meissonier
Tronçon: 270492135 -> 270492131, Longueur: 32.176018m, Rue: Place Meissonier
Tronçon: 270492135 -> 26584166, Longueur: 24.149475m, Rue: Rue de la Platière
Tronçon: 2282851220 -> 25468010, Longueur: 14.223561m, Rue: Rue de la Gaîté
Tronçon: 2282851220 -> 25468013, Longueur: 99.67774m, Rue: Petite Rue de la Viabert
Tronçon: 25624143 -> 25624144, Longueur: 85.26761m, Rue: Avenue Paul Santy
Tronçon: 25624143 -> 25624060, Longueur: 223.53236m, Rue: Rue Varichon
Tronçon: 25624143 -> 891129815, Longueur: 9.125065m, Rue: Rue Varichon
Tronçon: 55446987 -> 191134724, Longueur: 89.807304m, Rue: Rue Victor Basch
Tronçon: 55446987 -> 25932598, Longueur: 89.638596m, Rue: Rue du 4 Août 1789
Tronçon: 25624142 -> 25624144, Longueur: 213.70789m, Rue: Rue Laurent Carle
Tronçon: 25624142 -> 25624060, Longueur: 79.0986m, Rue: Rue de la Concorde
Tronçon: 25624142 -> 25624141, Longueur: 168.52164m, Rue: Rue Laurent Carle
Tronçon: 25624142 -> 1255306647, Longueur: 128.98991m, Rue: Rue de la Concorde
Tronçon: 25624141 -> 25624056, Longueur: 65.70112m, Rue: Rue Rochambeau
Tronçon: 25624141 -> 27362922, Longueur: 74.39439m, Rue: Rue Rochambeau
Tronçon: 25624141 -> 25624142, Longueur: 168.52164m, Rue: Rue Laurent Carle
Tronçon: 25624140 -> 25624056, Longueur: 70.54645m, Rue: Rue Varichon
Tronçon: 25624140 -> 27362923, Longueur: 119.85178m, Rue: Rue Commandant Pégout
Tronçon: 25624146 -> 26132243, Longueur: 75.75727m, Rue: Rue Émile Combes
Tronçon: 25624146 -> 26132246, Longueur: 88.84289m, Rue: Rue Wakatsuki
Tronçon: 25624146 -> 25624055, Longueur: 98.95721m, Rue: Rue Wakatsuki
Tronçon: 25624145 -> 25624146, Longueur: 70.86223m, Rue: Rue Émile Combes
Tronçon: 25624145 -> 26132247, Longueur: 113.99873m, Rue: Rue Rochambeau
Tronçon: 2786991022 -> 2786991023, Longueur: 112.31407m, Rue: Rue de la Solidarité
Tronçon: 2786991022 -> 21992644, Longueur: 48.294308m, Rue: Rue de l'Éternité
Tronçon: 25624144 -> 891129818, Longueur: 9.456145m, Rue: Rue Laurent Carle
Tronçon: 25624144 -> 3626479005, Longueur: 200.4509m, Rue: Avenue Paul Santy
Tronçon: 25624144 -> 25624142, Longueur: 213.70789m, Rue: Rue Laurent Carle
Tronçon: 2786991023 -> 2786991022, Longueur: 112.31407m, Rue: Rue de la Solidarité
Tronçon: 2786991023 -> 4428355483, Longueur: 53.39359m, Rue: Rue de la Solidarité
Tronçon: 27512838 -> 27512837, Longueur: 10.373743m, Rue: Rue du Boulevard
Tronçon: 27512838 -> 27512835, Longueur: 107.50032m, Rue: Boulevard du 11 Novembre 1918
Tronçon: 27512838 -> 71261934, Longueur: 84.13303m, Rue: Rue du Boulevard
Tronçon: 26149167 -> 25611368, Longueur: 52.07925m, Rue: Rue de l'Église
Tronçon: 26149167 -> 26149161, Longueur: 24.58702m, Rue: Place Ronde André Bourgogne
Tronçon: 26149167 -> 26149163, Longueur: 18.476887m, Rue: Place Ronde André Bourgogne
Tronçon: 27512835 -> 27512836, Longueur: 11.349008m, Rue: Rue Bonnet
Tronçon: 27512835 -> 71261880, Longueur: 89.82252m, Rue: Rue Bonnet
Tronçon: 27512835 -> 27512831, Longueur: 191.55046m, Rue: Boulevard du 11 Novembre 1918
Tronçon: 27512836 -> 27512835, Longueur: 11.349008m, Rue: Rue Bonnet
Tronçon: 27512836 -> 27512837, Longueur: 105.83864m, Rue: Boulevard du 11 Novembre 1918
Tronçon: 27512837 -> 27512838, Longueur: 10.373743m, Rue: Rue du Boulevard
Tronçon: 27512837 -> 252626872, Longueur: 150.72263m, Rue: Boulevard du 11 Novembre 1918
Tronçon: 27512830 -> 27512827, Longueur: 33.347404m, Rue: 
Tronçon: 27512830 -> 27512822, Longueur: 10.730625m, Rue: 
Tronçon: 27512830 -> 27512832, Longueur: 173.45042m, Rue: Boulevard du 11 Novembre 1918
Tronçon: 27512831 -> 27512832, Longueur: 10.006173m, Rue: Avenue Gaston Berger
Tronçon: 27512831 -> 280694139, Longueur: 25.144354m, Rue: Boulevard du 11 Novembre 1918
Tronçon: 27512832 -> 27512836, Longueur: 189.82182m, Rue: Boulevard du 11 Novembre 1918
Tronçon: 27512832 -> 205310558, Longueur: 51.60308m, Rue: Avenue Gaston Berger
Tronçon: 27512832 -> 27512831, Longueur: 10.006173m, Rue: Avenue Gaston Berger
Tronçon: 1423381489 -> 1423419205, Longueur: 96.46522m, Rue: Avenue Roger Salengro
Tronçon: 26149170 -> 26149155, Longueur: 64.10841m, Rue: Rue Ferdinand Buisson
Tronçon: 26149170 -> 26149166, Longueur: 144.77594m, Rue: Rue du Commandant Marchand
Tronçon: 26149171 -> 26149170, Longueur: 64.29533m, Rue: Rue Ferdinand Buisson
Tronçon: 26149171 -> 26149173, Longueur: 101.80973m, Rue: Rue Louis
Tronçon: 21604593 -> 21702435, Longueur: 39.647953m, Rue: Rue du Professeur Calmette
Tronçon: 21604593 -> 21702438, Longueur: 99.86113m, Rue: Avenue des Frères Lumière
Tronçon: 21604593 -> 24640391, Longueur: 61.55783m, Rue: Rue du Professeur Calmette
Tronçon: 26149172 -> 26155375, Longueur: 123.8789m, Rue: Cours Docteur Long
Tronçon: 26149172 -> 26149171, Longueur: 147.7514m, Rue: Rue Louis
Tronçon: 21604594 -> 21604601, Longueur: 45.66181m, Rue: Place d'Arsonval
Tronçon: 26149173 -> 26149174, Longueur: 125.330864m, Rue: Rue de la Balme
Tronçon: 25624136 -> 25624138, Longueur: 17.354439m, Rue: Rue Jean Sarrazin
Tronçon: 25624136 -> 25624139, Longueur: 75.21199m, Rue: Rue Jean Sarrazin
Tronçon: 25624136 -> 26132245, Longueur: 90.436615m, Rue: Boulevard des États-Unis
Tronçon: 25625460 -> 1494035763, Longueur: 55.347855m, Rue: Rue Challemel-Lacour
Tronçon: 25625460 -> 1026030479, Longueur: 34.298016m, Rue: Rue Challemel-Lacour
Tronçon: 26149174 -> 26149155, Longueur: 103.28616m, Rue: Rue Camille
Tronçon: 26149174 -> 26149151, Longueur: 244.45262m, Rue: Rue de la Balme
Tronçon: 21604592 -> 29006600, Longueur: 29.591192m, Rue: Rue Jean Perréal
Tronçon: 21604592 -> 21604593, Longueur: 142.41502m, Rue: Avenue des Frères Lumière
Tronçon: 1519682890 -> 1519682880, Longueur: 111.66918m, Rue: Rue Guy
Tronçon: 1519682890 -> 25451454, Longueur: 4.418207m, Rue: Cours Albert Thomas
Tronçon: 34402386 -> 25173749, Longueur: 73.02983m, Rue: Rue de l'Abbé Boisard
Tronçon: 34402384 -> 25174163, Longueur: 44.552753m, Rue: Rue Garibaldi
Tronçon: 34402383 -> 1036842269, Longueur: 12.417234m, Rue: Rue Rachais
Tronçon: 34402383 -> 34402214, Longueur: 46.01145m, Rue: Rue Garibaldi
Tronçon: 1042749613 -> 25316187, Longueur: 35.528732m, Rue: Rue de Créqui
Tronçon: 1794342477 -> 59654812, Longueur: 41.692753m, Rue: Rue de Montagny
Tronçon: 1794342477 -> 59654815, Longueur: 301.62726m, Rue: Rue de Montagny
Tronçon: 1519682880 -> 7300862, Longueur: 37.19503m, Rue: Rue du Docteur Bonhomme
Tronçon: 554237881 -> 25468227, Longueur: 187.58209m, Rue: Avenue Jean Jaurès
Tronçon: 554237881 -> 26084660, Longueur: 96.93752m, Rue: Avenue Jean Jaurès
Tronçon: 554237881 -> 569061957, Longueur: 93.16858m, Rue: Rue Etienne Jayet
Tronçon: 26079690 -> 26079697, Longueur: 48.054295m, Rue: Rue Bonnefoi
Tronçon: 26079690 -> 26079691, Longueur: 75.62605m, Rue: Rue de l'Humilité
Tronçon: 26079690 -> 2450730437, Longueur: 39.43058m, Rue: Rue Bonnefoi
Tronçon: 2587460578 -> 26079653, Longueur: 64.645546m, Rue: Rue Étienne Richerand
Tronçon: 2587460577 -> 26086129, Longueur: 47.348785m, Rue: Rue Baraban
Tronçon: 2587460577 -> 2587460578, Longueur: 134.90417m, Rue: Rue des Teinturiers
Tronçon: 2587460577 -> 26079654, Longueur: 66.22617m, Rue: Rue Baraban
Tronçon: 843129906 -> 843129903, Longueur: 145.73216m, Rue: Impasse Caton
Tronçon: 843129903 -> 843129906, Longueur: 145.73216m, Rue: Impasse Caton
Tronçon: 843129903 -> 59640013, Longueur: 7.9623566m, Rue: Route de Vienne
Tronçon: 843129903 -> 59640254, Longueur: 36.07172m, Rue: Route de Vienne
Tronçon: 251048924 -> 325772482, Longueur: 67.45719m, Rue: Rue Aynès
Tronçon: 251048924 -> 1835868021, Longueur: 135.01819m, Rue: Boulevard Honoré de Balzac
Tronçon: 25149522 -> 25149513, Longueur: 57.03272m, Rue: Quai du Docteur Gailleton
Tronçon: 25149522 -> 26575622, Longueur: 25.979858m, Rue: Rue de Condé
Tronçon: 26079689 -> 25634092, Longueur: 104.51114m, Rue: Rue Auguste Lacroix
Tronçon: 26079689 -> 26079690, Longueur: 51.309864m, Rue: Rue de l'Humilité
Tronçon: 2383442941 -> 2383442931, Longueur: 63.2941m, Rue: Rue du Général Mouton-Duvernet
Tronçon: 2383442941 -> 195261, Longueur: 71.5091m, Rue: Rue du Général Mouton-Duvernet
Tronçon: 26079697 -> 25452392, Longueur: 48.46786m, Rue: Rue Commandant Fuzier
Tronçon: 26079697 -> 26079690, Longueur: 48.054295m, Rue: Rue Bonnefoi
Tronçon: 26079691 -> 25306160, Longueur: 80.60657m, Rue: Avenue Maréchal de Saxe
Tronçon: 25175819 -> 26576963, Longueur: 18.624685m, Rue: Boulevard Vivier-Merle
Tronçon: 25631306 -> 984553654, Longueur: 55.75696m, Rue: Avenue Francis de Pressensé
Tronçon: 25631306 -> 26132383, Longueur: 178.23439m, Rue: Avenue Francis de Pressensé
Tronçon: 25631308 -> 1494035768, Longueur: 10.959218m, Rue: Rue Pierre Delore
Tronçon: 25631308 -> 1655683917, Longueur: 237.03708m, Rue: Rue Henri Barbusse
Tronçon: 25451454 -> 195278, Longueur: 65.10557m, Rue: Cours Albert Thomas
Tronçon: 25451455 -> 245957281, Longueur: 91.82442m, Rue: Avenue des Frères Lumière
Tronçon: 25451455 -> 25451454, Longueur: 168.86066m, Rue: Place Ambroise Courtois
Tronçon: 25175805 -> 26033235, Longueur: 129.35579m, Rue: Rue de la Bannière
Tronçon: 25175805 -> 26079797, Longueur: 62.372m, Rue: Rue du Pensionnat
Tronçon: 611630141 -> 195256, Longueur: 51.5287m, Rue: Quai Claude Bernard
Tronçon: 611630141 -> 1468747927, Longueur: 55.548016m, Rue: Quai Claude Bernard
Tronçon: 26053016 -> 25719219, Longueur: 75.66237m, Rue: Avenue du Maréchal de Saxe
Tronçon: 2383442929 -> 2383442939, Longueur: 60.350677m, Rue: Rue du Général Mouton-Duvernet
Tronçon: 2383442929 -> 26057062, Longueur: 127.89951m, Rue: Rue du Général Mouton-Duvernet
Tronçon: 190951335 -> 190951329, Longueur: 41.31367m, Rue: Rue Jean Zuber
Tronçon: 190951335 -> 190951418, Longueur: 81.4367m, Rue: Place Paul Strauss
Tronçon: 190951335 -> 190951407, Longueur: 28.501974m, Rue: Place Paul Strauss
Tronçon: 1801085333 -> 1801085331, Longueur: 111.08429m, Rue: Impasse Chatigny
Tronçon: 1801085331 -> 110422066, Longueur: 52.419548m, Rue: Rue Alexis Perroncel
Tronçon: 1801085331 -> 1801085333, Longueur: 111.08429m, Rue: Impasse Chatigny
Tronçon: 2112826857 -> 93856091, Longueur: 157.3432m, Rue: Rue de Montagny
Tronçon: 26464320 -> 26155538, Longueur: 47.51565m, Rue: Cours Eugénie
Tronçon: 26464320 -> 26464315, Longueur: 103.82252m, Rue: Cours Eugénie
Tronçon: 26464320 -> 26464319, Longueur: 141.26773m, Rue: Rue Trarieux
Tronçon: 26464321 -> 29003880, Longueur: 15.684817m, Rue: Rue Viala
Tronçon: 26464321 -> 26464319, Longueur: 26.197243m, Rue: Rue Viala
Tronçon: 26464322 -> 26464321, Longueur: 53.388508m, Rue: Rue Viala
Tronçon: 26464323 -> 325213175, Longueur: 63.68262m, Rue: Rue Trarieux
Tronçon: 190951329 -> 190951436, Longueur: 53.106777m, Rue: Rue Georges Picot
Tronçon: 190951329 -> 190951308, Longueur: 153.92389m, Rue: Rue Georges Picot
Tronçon: 190951329 -> 190951335, Longueur: 41.31367m, Rue: Rue Jean Zuber
Tronçon: 190951329 -> 190951303, Longueur: 211.18146m, Rue: Rue Jean Zuber Rue de Barcelone
Tronçon: 2383442939 -> 2383442931, Longueur: 33.079563m, Rue: Rue du Général Mouton-Duvernet
Tronçon: 2383442939 -> 2383442929, Longueur: 60.239296m, Rue: Rue du Général Mouton-Duvernet
Tronçon: 21714981 -> 25624670, Longueur: 103.98335m, Rue: Rue Professeur Morat
Tronçon: 21714981 -> 21718034, Longueur: 142.242m, Rue: Avenue Jean Mermoz
Tronçon: 21714981 -> 143403, Longueur: 12.122826m, Rue: Rue Professeur Morat
Tronçon: 21992709 -> 1298421634, Longueur: 112.88493m, Rue: Rue de l'Éternité
Tronçon: 21992709 -> 21992798, Longueur: 94.77853m, Rue: Rue de l'Épargne
Tronçon: 21714980 -> 21714981, Longueur: 90.73697m, Rue: Avenue Jean Mermoz
Tronçon: 21714980 -> 25624670, Longueur: 94.14752m, Rue: Rue Édouard Nieuport
Tronçon: 21714982 -> 27362904, Longueur: 191.95879m, Rue: Rue du Professeur Joseph Nicolas
Tronçon: 21714982 -> 143402, Longueur: 8.570351m, Rue: Rue du Professeur Joseph Nicolas
Tronçon: 21714982 -> 1335415605, Longueur: 97.7589m, Rue: Avenue Jean Mermoz
Tronçon: 1037257423 -> 24810638, Longueur: 82.72214m, Rue: Quai du Docteur Gailleton
Tronçon: 1037257423 -> 26575616, Longueur: 88.566635m, Rue: Quai du Docteur Gailleton
Tronçon: 1037257423 -> 195231, Longueur: 21.414202m, Rue: Quai du Docteur Gailleton
Tronçon: 21714985 -> 1778329200, Longueur: 11.691807m, Rue: Rue Lionel Terray
Tronçon: 21714985 -> 21714986, Longueur: 171.44789m, Rue: 
Tronçon: 21714985 -> 1395793336, Longueur: 74.025635m, Rue: Rue Lionel Terray
Tronçon: 2383442931 -> 2383442939, Longueur: 33.079563m, Rue: Rue du Général Mouton-Duvernet
Tronçon: 2383442931 -> 2383442941, Longueur: 63.680832m, Rue: Rue du Général Mouton-Duvernet
Tronçon: 2858254533 -> 2858254535, Longueur: 27.836203m, Rue: Rue Delornage
Tronçon: 21714986 -> 25721826, Longueur: 520.50494m, Rue: 
Tronçon: 21714986 -> 143386, Longueur: 508.80933m, Rue: 
Tronçon: 2858254535 -> 60728040, Longueur: 25.703176m, Rue: Rue des Charmettes
Tronçon: 2858254535 -> 2858254533, Longueur: 27.836203m, Rue: Rue Delornage
Tronçon: 1984104231 -> 197288365, Longueur: 3.1402595m, Rue: Rue des Acacias
Tronçon: 3923936253 -> 3923936252, Longueur: 12.912915m, Rue: 
Tronçon: 3923936252 -> 3923936250, Longueur: 18.339193m, Rue: 
Tronçon: 3923936252 -> 3923936253, Longueur: 12.912915m, Rue: 
Tronçon: 3923936252 -> 2684720864, Longueur: 213.44998m, Rue: Rue Greuze
Tronçon: 3923936251 -> 3923936250, Longueur: 13.422504m, Rue: 
Tronçon: 3923936250 -> 3923936251, Longueur: 13.422504m, Rue: 
Tronçon: 3923936250 -> 3923936252, Longueur: 18.339193m, Rue: 
Tronçon: 3923936250 -> 3923935917, Longueur: 35.44177m, Rue: 
Tronçon: 1037257439 -> 24809692, Longueur: 28.494156m, Rue: Rue de la Charité
Tronçon: 1037257439 -> 24809679, Longueur: 51.192547m, Rue: Rue de la Charité
Tronçon: 1037257437 -> 1037257442, Longueur: 32.419483m, Rue: Rue Charles Biennier
Tronçon: 1037257437 -> 26575615, Longueur: 23.19584m, Rue: Rue Charles Biennier
Tronçon: 1037257431 -> 24809692, Longueur: 15.119363m, Rue: Rue Sala
Tronçon: 1037257431 -> 1037257439, Longueur: 33.07215m, Rue: Rue Sala
Tronçon: 21992712 -> 9214835, Longueur: 125.76754m, Rue: Avenue Berthelot
Tronçon: 21992712 -> 2786991022, Longueur: 71.031845m, Rue: Rue de l'Éternité
Tronçon: 26079652 -> 26079653, Longueur: 78.23124m, Rue: Rue Antoine Charial
Tronçon: 26079654 -> 2587460577, Longueur: 66.22617m, Rue: Rue Baraban
Tronçon: 26079654 -> 26079655, Longueur: 79.02355m, Rue: Rue Antoine Charial
Tronçon: 26079653 -> 26057083, Longueur: 156.70116m, Rue: Rue Étienne Richerand
Tronçon: 26079653 -> 2835339775, Longueur: 69.480034m, Rue: Rue Antoine Charial
Tronçon: 251167391 -> 25321469, Longueur: 92.586105m, Rue: Rue Feuillat
Tronçon: 251167391 -> 1860559399, Longueur: 84.843506m, Rue: Impasse Gazagnon
Tronçon: 26079656 -> 26057064, Longueur: 174.16241m, Rue: Rue Maurice Flandin
Tronçon: 26079656 -> 26079652, Longueur: 160.01234m, Rue: Rue Antoine Charial
Tronçon: 26079655 -> 26316513, Longueur: 118.77753m, Rue: Rue Antoine Charial
Tronçon: 26079655 -> 26057085, Longueur: 145.00984m, Rue: Rue Turbil
Tronçon: 1468502076 -> 273216489, Longueur: 90.89215m, Rue: Rue Champier
Tronçon: 1468502076 -> 959373323, Longueur: 81.34128m, Rue: Rue du Président Carnot
Tronçon: 1468502076 -> 26583884, Longueur: 13.849484m, Rue: Rue du Président Carnot
Tronçon: 239603465 -> 191134387, Longueur: 39.202938m, Rue: Route de Genas
Tronçon: 239603465 -> 240470316, Longueur: 83.29809m, Rue: Route de Genas
Tronçon: 1037257442 -> 26575615, Longueur: 40.569317m, Rue: Quai du Docteur Gailleton
Tronçon: 239603466 -> 240470318, Longueur: 82.206856m, Rue: Rue des Myosotis
Tronçon: 239603466 -> 239603465, Longueur: 108.94565m, Rue: Rue des Genêts
Tronçon: 26464314 -> 26464322, Longueur: 80.69259m, Rue: Rue Viala
Tronçon: 26464314 -> 26464316, Longueur: 186.82266m, Rue: Rue Martin
Tronçon: 26464315 -> 26464316, Longueur: 76.18862m, Rue: Cours Eugénie
Tronçon: 26464315 -> 29003879, Longueur: 146.24663m, Rue: Rue Coignet
Tronçon: 26464315 -> 26464320, Longueur: 103.82252m, Rue: Cours Eugénie
Tronçon: 26464316 -> 26464315, Longueur: 76.18862m, Rue: Cours Eugénie
Tronçon: 26464316 -> 26464270, Longueur: 77.434326m, Rue: Cours Eugénie
Tronçon: 26464318 -> 1373967339, Longueur: 9.008328m, Rue: Cours Eugénie
Tronçon: 26464318 -> 2512682805, Longueur: 133.25873m, Rue: Avenue Rockefeller
Tronçon: 26464318 -> 365117230, Longueur: 92.293686m, Rue: Cours Eugénie
Tronçon: 26464319 -> 29003880, Longueur: 25.618595m, Rue: Rue Viala
Tronçon: 26464319 -> 26464323, Longueur: 67.61341m, Rue: Rue Trarieux
Tronçon: 26464319 -> 388568803, Longueur: 112.676926m, Rue: Rue Viala
Tronçon: 26464311 -> 3905948463, Longueur: 7.865304m, Rue: Rue Viala
Tronçon: 26464312 -> 26464313, Longueur: 97.453995m, Rue: Rue Viala
Tronçon: 26464312 -> 26464271, Longueur: 217.785m, Rue: Rue Piperoux
Tronçon: 26464313 -> 26464314, Longueur: 79.17529m, Rue: Rue Viala
Tronçon: 60493268 -> 55474916, Longueur: 81.181366m, Rue: Rue Jean Jaurès
Tronçon: 60493268 -> 55463831, Longueur: 101.16821m, Rue: Rue Jean Jaurès
Tronçon: 25618153 -> 249759745, Longueur: 242.37598m, Rue: Rue Louis Guérin
Tronçon: 25618153 -> 25618156, Longueur: 97.21804m, Rue: Rue Charlie Chaplin
Tronçon: 25618153 -> 25618133, Longueur: 128.06287m, Rue: Rue Louis Guérin
Tronçon: 25618153 -> 25618149, Longueur: 65.37983m, Rue: Rue Charlie Chaplin
Tronçon: 1242516434 -> 1361474572, Longueur: 19.952896m, Rue: Rue Francis de Pressensé
Tronçon: 1242516434 -> 1423529531, Longueur: 6.812537m, Rue: Rue Denis Papin
Tronçon: 1242516434 -> 190889748, Longueur: 115.405365m, Rue: Rue Denis Papin
Tronçon: 251049182 -> 1850080438, Longueur: 86.854355m, Rue: Rue de la Fraternité
Tronçon: 251049182 -> 1682387640, Longueur: 54.19763m, Rue: Rue George Sand
Tronçon: 26155475 -> 26155484, Longueur: 53.426987m, Rue: Rue Ferdinand Buisson
Tronçon: 251049185 -> 251055443, Longueur: 79.18021m, Rue: Rue George Sand
Tronçon: 3101723973 -> 3101723992, Longueur: 255.89587m, Rue: Quai du Docteur Gailleton
Tronçon: 3101723973 -> 3101723978, Longueur: 24.25004m, Rue: Quai du Docteur Gailleton
Tronçon: 3101723973 -> 3101723979, Longueur: 24.551382m, Rue: Quai du Docteur Gailleton
Tronçon: 25618156 -> 25618153, Longueur: 97.21804m, Rue: Rue Charlie Chaplin
Tronçon: 25618156 -> 25618138, Longueur: 127.58609m, Rue: Rue du Général Dayan
Tronçon: 25618156 -> 1845317118, Longueur: 108.629555m, Rue: Allée Marcel Achard
Tronçon: 1026030547 -> 25631308, Longueur: 33.08308m, Rue: Rue Pierre Delore
Tronçon: 1026030547 -> 93856100, Longueur: 70.53315m, Rue: Rue Pierre Delore
Tronçon: 215687061 -> 215687070, Longueur: 157.40338m, Rue: Rue Pierre Bourdeix
Tronçon: 2774590462 -> 2774590476, Longueur: 12.430098m, Rue: 
Tronçon: 2774590462 -> 2774590477, Longueur: 15.935466m, Rue: 
Tronçon: 2774590462 -> 25932604, Longueur: 135.98303m, Rue: Cours de la République
Tronçon: 2774590477 -> 2774590489, Longueur: 12.359177m, Rue: 
Tronçon: 2774590477 -> 2774590462, Longueur: 15.935466m, Rue: 
Tronçon: 2774590477 -> 110421994, Longueur: 109.91045m, Rue: Rue Francis de Pressensé
Tronçon: 2774590476 -> 2774590489, Longueur: 13.438265m, Rue: 
Tronçon: 2774590476 -> 2774590462, Longueur: 12.430098m, Rue: 
Tronçon: 2774590476 -> 60685053, Longueur: 91.880775m, Rue: Rue Francis de Pressensé
Tronçon: 1026030536 -> 25625460, Longueur: 62.21545m, Rue: Rue Challemel-Lacour
Tronçon: 1026030536 -> 1026030479, Longueur: 88.42309m, Rue: Rue Challemel-Lacour
Tronçon: 1260995429 -> 60756057, Longueur: 52.846222m, Rue: Rue Louise Michel
Tronçon: 1260995429 -> 60755986, Longueur: 54.309757m, Rue: Rue Louise Michel
Tronçon: 1260995448 -> 60755984, Longueur: 12.227863m, Rue: 
Tronçon: 1260995448 -> 60755986, Longueur: 10.119848m, Rue: 
Tronçon: 1260995448 -> 1260995429, Longueur: 54.67127m, Rue: Rue Louise Michel
Tronçon: 26155498 -> 26155421, Longueur: 89.33489m, Rue: Rue Ferdinand Buisson
Tronçon: 3101723996 -> 195232, Longueur: 49.657337m, Rue: Pont de l'Université
Tronçon: 3101723996 -> 1037257423, Longueur: 53.140446m, Rue: Pont de l'Université
Tronçon: 1260995445 -> 60755984, Longueur: 51.929756m, Rue: Rue du Professeur Roux
Tronçon: 3101723992 -> 829528480, Longueur: 7.1559157m, Rue: Quai du Docteur Gailleton
Tronçon: 3101723992 -> 3101723993, Longueur: 16.608515m, Rue: Quai du Docteur Gailleton
Tronçon: 1439751395 -> 55447043, Longueur: 94.62796m, Rue: Rue Racine
Tronçon: 1439751395 -> 866520453, Longueur: 93.24315m, Rue: Rue Racine
Tronçon: 1439751395 -> 58584518, Longueur: 163.22437m, Rue: Rue Louis Becker
Tronçon: 868450669 -> 35220546, Longueur: 55.47323m, Rue: Place de la Comédie
Tronçon: 868450669 -> 26480155, Longueur: 32.119827m, Rue: Rue Joseph Serlin
Tronçon: 253415591 -> 130144267, Longueur: 16.471128m, Rue: Rue Jeanne-Marie Célu
Tronçon: 27362900 -> 27362901, Longueur: 222.29085m, Rue: Rue Toussaint Mille Rue Catherine Favre
Tronçon: 27362900 -> 21714982, Longueur: 80.95538m, Rue: Avenue Jean Mermoz
Tronçon: 3101723986 -> 3101723983, Longueur: 18.510475m, Rue: Quai du Docteur Gailleton
Tronçon: 868450680 -> 868450596, Longueur: 11.7239895m, Rue: Quai André Lassagne
Tronçon: 868450680 -> 26740270, Longueur: 39.78365m, Rue: Quai André Lassagne
Tronçon: 3101723983 -> 24485749, Longueur: 3.7296562m, Rue: Quai du Docteur Gailleton
Tronçon: 26155484 -> 26155498, Longueur: 58.865597m, Rue: Rue Ferdinand Buisson
Tronçon: 26155484 -> 26155540, Longueur: 160.52829m, Rue: Rue Jean-Marc Bernard
Tronçon: 1109063396 -> 2984665353, Longueur: 18.675482m, Rue: Rue du Canal
Tronçon: 1109063396 -> 602531992, Longueur: 188.03194m, Rue: Rue du Canal
Tronçon: 1109063396 -> 1109063483, Longueur: 46.13582m, Rue: Rue des Violettes
Tronçon: 1026030552 -> 1026030581, Longueur: 22.375587m, Rue: Route de Vienne
Tronçon: 1026030552 -> 2587605830, Longueur: 164.28297m, Rue: Route de Vienne
Tronçon: 3101723979 -> 3101723973, Longueur: 24.551382m, Rue: Quai du Docteur Gailleton
Tronçon: 1109063392 -> 1109063437, Longueur: 90.10692m, Rue: Rue Léon Piat
Tronçon: 3101723978 -> 25149522, Longueur: 27.1206m, Rue: Quai du Docteur Gailleton
Tronçon: 3101723978 -> 3101723973, Longueur: 24.25004m, Rue: Quai du Docteur Gailleton
Tronçon: 27362901 -> 27362898, Longueur: 143.94315m, Rue: Rue Claude Violet
Tronçon: 27362901 -> 27362900, Longueur: 222.29085m, Rue: Rue Toussaint Mille Rue Catherine Favre
Tronçon: 27362904 -> 27362561, Longueur: 219.08798m, Rue: Rue de la Meuse
Tronçon: 27362904 -> 21714982, Longueur: 191.95879m, Rue: Rue du Professeur Joseph Nicolas
Tronçon: 27362904 -> 27362903, Longueur: 159.4576m, Rue: Rue du Professeur Joseph Nicolas
Tronçon: 27362903 -> 27362904, Longueur: 159.4576m, Rue: Rue du Professeur Joseph Nicolas
Tronçon: 27362903 -> 27362898, Longueur: 127.96542m, Rue: Avenue Général Frère
Tronçon: 27362903 -> 1335415655, Longueur: 63.51339m, Rue: Avenue Général Frère
Tronçon: 1109063390 -> 35408667, Longueur: 30.000385m, Rue: Rue Tita Coïs
Tronçon: 1109063390 -> 1109063415, Longueur: 150.68779m, Rue: Rue Tita Coïs
Tronçon: 27362906 -> 27362905, Longueur: 87.039825m, Rue: Avenue Général Frère
Tronçon: 27362906 -> 27362907, Longueur: 52.91869m, Rue: Avenue Général Frère
Tronçon: 27362905 -> 27362560, Longueur: 102.411255m, Rue: Avenue Général Frère
Tronçon: 27362905 -> 27362906, Longueur: 87.039825m, Rue: Avenue Général Frère
Tronçon: 27362905 -> 27362917, Longueur: 228.29712m, Rue: Rue Joseph Chalier
Tronçon: 27362907 -> 27362913, Longueur: 215.70732m, Rue: Rue Jules Froment
Tronçon: 27362907 -> 27362906, Longueur: 52.91869m, Rue: Avenue Général Frère
Tronçon: 26315034 -> 25618214, Longueur: 106.15414m, Rue: Rue Béranger
Tronçon: 26315034 -> 33062371, Longueur: 60.0894m, Rue: Rue des Émeraudes
Tronçon: 342904849 -> 190903067, Longueur: 158.63582m, Rue: Rue Pierre-Joseph Proudhon
Tronçon: 342904849 -> 342903683, Longueur: 442.55646m, Rue: Rue Pierre-Joseph Proudhon
Tronçon: 3759925034 -> 245026018, Longueur: 14.848107m, Rue: Avenue Édouard Herriot
Tronçon: 3759925034 -> 245026015, Longueur: 107.16524m, Rue: Rue Paul Bellemain
Tronçon: 3759925036 -> 292658561, Longueur: 29.439377m, Rue: Rue Paul Pic
Tronçon: 1026030581 -> 1026030476, Longueur: 55.27517m, Rue: Route de Vienne
Tronçon: 1026030581 -> 25625500, Longueur: 58.90295m, Rue: Route de Vienne
Tronçon: 25618133 -> 252644561, Longueur: 59.48824m, Rue: Rue Louis Guérin
Tronçon: 25618133 -> 25618138, Longueur: 99.54947m, Rue: Rue Louis Malle
Tronçon: 25618133 -> 25618153, Longueur: 128.06287m, Rue: Rue Louis Guérin
Tronçon: 26106489 -> 26106485, Longueur: 66.987274m, Rue: Rue des Forces
Tronçon: 26106489 -> 692874655, Longueur: 25.559988m, Rue: Rue du Président Édouard Herriot
Tronçon: 26106487 -> 692874633, Longueur: 33.257298m, Rue: Rue du Président Édouard Herriot
Tronçon: 26106488 -> 1032776498, Longueur: 71.89196m, Rue: Rue de la Fromagerie
Tronçon: 26106488 -> 26106483, Longueur: 21.931019m, Rue: Rue du Président Édouard Herriot
Tronçon: 25618138 -> 25618133, Longueur: 99.54947m, Rue: Rue Louis Malle
Tronçon: 25618138 -> 252644535, Longueur: 60.134655m, Rue: Rue du Général Dayan
Tronçon: 25618143 -> 252644534, Longueur: 120.537575m, Rue: Avenue Antoine Dutrievoz
Tronçon: 25152584 -> 25152613, Longueur: 16.063324m, Rue: Rue Victorien Sardou
Tronçon: 25152584 -> 25152614, Longueur: 29.071362m, Rue: Grande Rue de la Guillotière
Tronçon: 26106477 -> 26106468, Longueur: 46.956287m, Rue: Rue du Président Édouard Herriot
Tronçon: 25618149 -> 249759744, Longueur: 243.81834m, Rue: Boulevard de la Bataille de Stalingrad
Tronçon: 25618149 -> 25618153, Longueur: 65.37983m, Rue: Rue Charlie Chaplin
Tronçon: 25618149 -> 25733772, Longueur: 8.701779m, Rue: Rue Charlie Chaplin
Tronçon: 26106485 -> 26106487, Longueur: 156.77576m, Rue: Rue de la Gerbe Rue de la Poulaillerie
Tronçon: 26106483 -> 26106481, Longueur: 32.873814m, Rue: Rue du Président Édouard Herriot
Tronçon: 26106484 -> 26106485, Longueur: 33.418293m, Rue: Rue de la Gerbe
Tronçon: 26106484 -> 692874655, Longueur: 62.6644m, Rue: Rue Gentil Place Antoine Rivoire
Tronçon: 215687070 -> 215687061, Longueur: 157.40338m, Rue: Rue Pierre Bourdeix
Tronçon: 215687070 -> 3101729530, Longueur: 102.44141m, Rue: Rue Abraham Bloch
Tronçon: 215687070 -> 25468218, Longueur: 79.34182m, Rue: Rue Abraham Bloch
Tronçon: 26106481 -> 26106477, Longueur: 31.471317m, Rue: Rue du Président Édouard Herriot
Tronçon: 26084597 -> 26084596, Longueur: 73.72622m, Rue: Rue de Gerland
Tronçon: 26084597 -> 26120306, Longueur: 35.939716m, Rue: Rue de Gerland
Tronçon: 26084597 -> 26084660, Longueur: 74.19249m, Rue: Rue Lortet
Tronçon: 26084596 -> 26084642, Longueur: 61.78466m, Rue: Rue de Gerland
Tronçon: 26084596 -> 26084597, Longueur: 73.72622m, Rue: Rue de Gerland
Tronçon: 26084596 -> 26120311, Longueur: 221.8369m, Rue: Rue Pierre Semard
Tronçon: 26084599 -> 26084600, Longueur: 76.08589m, Rue: Rue Galland
Tronçon: 26084599 -> 26084601, Longueur: 93.921196m, Rue: Rue de la Grande Famille
Tronçon: 26084599 -> 26084598, Longueur: 81.69061m, Rue: Rue de la Grande Famille
Tronçon: 252502665 -> 252502667, Longueur: 55.62721m, Rue: Rue Mascrany
Tronçon: 26084598 -> 26084599, Longueur: 81.69061m, Rue: Rue de la Grande Famille
Tronçon: 26084598 -> 26084660, Longueur: 91.413506m, Rue: Rue Lortet
Tronçon: 26084598 -> 637043151, Longueur: 76.79997m, Rue: Rue Lortet
Tronçon: 1351112938 -> 1351112937, Longueur: 6.004636m, Rue: Rue des Roses
Tronçon: 1351112938 -> 27362283, Longueur: 59.485134m, Rue: Avenue Paul Santy
Tronçon: 1351112938 -> 1335415655, Longueur: 200.43214m, Rue: Rue des Roses
Tronçon: 1351112937 -> 1351112938, Longueur: 6.004636m, Rue: Rue des Roses
Tronçon: 1351112937 -> 27362287, Longueur: 45.57835m, Rue: Avenue Paul Santy
Tronçon: 252502667 -> 130144280, Longueur: 109.680664m, Rue: Rue Eugène Pons Rue des Actionnaires
Tronçon: 252502667 -> 252502665, Longueur: 55.62721m, Rue: Rue Mascrany
Tronçon: 252502667 -> 2865915271, Longueur: 127.29678m, Rue: Rue Eugène Pons Rue Guitton Rue Mascrany
Tronçon: 4140288663 -> 2283933927, Longueur: 42.983574m, Rue: 
Tronçon: 4140288663 -> 34829076, Longueur: 39.22572m, Rue: Route de Genas
Tronçon: 4140288660 -> 4140288663, Longueur: 11.0480175m, Rue: 
Tronçon: 4140288660 -> 34829071, Longueur: 37.082912m, Rue: Route de Genas
Tronçon: 252502656 -> 1171867500, Longueur: 198.49184m, Rue: Rue Joséphin Soulary
Tronçon: 1794348104 -> 2924219000, Longueur: 102.47358m, Rue: Avenue Jean Mermoz
Tronçon: 1794348104 -> 2790259884, Longueur: 206.29018m, Rue: Rue du Professeur Ranvier
Tronçon: 26155419 -> 4034132513, Longueur: 11.100588m, Rue: Cours Eugénie
Tronçon: 190889803 -> 190889792, Longueur: 16.885654m, Rue: 
Tronçon: 190889803 -> 1423529510, Longueur: 20.179802m, Rue: 
Tronçon: 26155402 -> 26155475, Longueur: 80.1679m, Rue: Rue Bonnand
Tronçon: 26155402 -> 26155382, Longueur: 200.52408m, Rue: Avenue du Château
Tronçon: 1226411789 -> 1226411788, Longueur: 15.341311m, Rue: Rue Montgolfier
Tronçon: 1226411789 -> 190823200, Longueur: 145.9015m, Rue: Rue Château-Gaillard
Tronçon: 1226411789 -> 190951431, Longueur: 211.74005m, Rue: Rue Montgolfier
Tronçon: 1226411788 -> 190823195, Longueur: 10.887971m, Rue: Rue Montgolfier
Tronçon: 1226411788 -> 1226411789, Longueur: 15.341311m, Rue: Rue Montgolfier
Tronçon: 1226411788 -> 190904323, Longueur: 284.82324m, Rue: Rue du Champ de l'Orme
Tronçon: 190889821 -> 190889792, Longueur: 6.1217976m, Rue: 
Tronçon: 190889821 -> 1423529510, Longueur: 7.614923m, Rue: 
Tronçon: 21741450 -> 25932577, Longueur: 1475.4718m, Rue: Boulevard Laurent Bonnevay
Tronçon: 1637473441 -> 1637473438, Longueur: 120.815865m, Rue: Rue Gérard Maire
Tronçon: 1637473441 -> 190817714, Longueur: 135.7396m, Rue: Rue Francis de Pressensé
Tronçon: 1637473441 -> 190817699, Longueur: 93.22329m, Rue: Rue Francis de Pressensé
Tronçon: 25618197 -> 26022624, Longueur: 132.90794m, Rue: Rue Tronchet
Tronçon: 25618197 -> 25618206, Longueur: 88.36066m, Rue: Boulevard Stalingrad
Tronçon: 1637473446 -> 1637473443, Longueur: 147.81468m, Rue: Impasse des Bienvenus
Tronçon: 1637473443 -> 1637473446, Longueur: 147.81468m, Rue: Impasse des Bienvenus
Tronçon: 1637473443 -> 190817699, Longueur: 145.49454m, Rue: Rue Francis de Pressensé
Tronçon: 1637473443 -> 190817734, Longueur: 32.651493m, Rue: Rue Francis de Pressensé
Tronçon: 1502680505 -> 25306180, Longueur: 53.099865m, Rue: Rue Mazenod
Tronçon: 26084554 -> 1106229027, Longueur: 83.18081m, Rue: Rue Pré Gaudry
Tronçon: 26084554 -> 26120305, Longueur: 358.55997m, Rue: Rue Pré Gaudry
Tronçon: 26084554 -> 26084498, Longueur: 190.19595m, Rue: Rue Félix Brun
Tronçon: 26480372 -> 26480375, Longueur: 75.00585m, Rue: Quai Jules Courmont
Tronçon: 26480370 -> 26480371, Longueur: 58.410343m, Rue: Quai Jules Courmont
Tronçon: 26480370 -> 26583884, Longueur: 56.562424m, Rue: Rue Saint-Bonaventure
Tronçon: 1156367438 -> 21717905, Longueur: 18.09807m, Rue: Rue Volney
Tronçon: 26480371 -> 26480372, Longueur: 50.221535m, Rue: Quai Jules Courmont
Tronçon: 26480376 -> 1510257225, Longueur: 29.979774m, Rue: Quai Jules Courmont
Tronçon: 26480376 -> 26480377, Longueur: 43.2807m, Rue: Quai Jules Courmont
Tronçon: 26480377 -> 26480569, Longueur: 90.824005m, Rue: Quai Jules Courmont
Tronçon: 26480377 -> 26583871, Longueur: 52.765823m, Rue: Rue Childebert
Tronçon: 1637473449 -> 1637473456, Longueur: 138.47429m, Rue: Rue Greuze
Tronçon: 1637473448 -> 190817736, Longueur: 70.65363m, Rue: Rue des Bienvenus
Tronçon: 1637473448 -> 1637473447, Longueur: 75.019424m, Rue: Impasse Comby
Tronçon: 26480375 -> 26480376, Longueur: 51.052006m, Rue: Quai Jules Courmont
Tronçon: 26480375 -> 26583848, Longueur: 70.94537m, Rue: Rue Jussieu
Tronçon: 1637473447 -> 1637473448, Longueur: 75.019424m, Rue: Impasse Comby
Tronçon: 26155423 -> 26155424, Longueur: 54.895096m, Rue: Rue Ferdinand Buisson
Tronçon: 26155423 -> 26155514, Longueur: 152.42525m, Rue: Cours Eugénie
Tronçon: 26155424 -> 26155381, Longueur: 56.563183m, Rue: Rue Ferdinand Buisson
Tronçon: 26155421 -> 26155382, Longueur: 79.34999m, Rue: Rue Louise
Tronçon: 26155421 -> 26155423, Longueur: 53.48106m, Rue: Rue Ferdinand Buisson
Tronçon: 26480360 -> 959373323, Longueur: 28.57405m, Rue: Quai Jules Courmont
Tronçon: 26480360 -> 7469501, Longueur: 22.340065m, Rue: Quai Jules Courmont
Tronçon: 26480365 -> 175379380, Longueur: 46.696686m, Rue: Quai Jean Moulin
Tronçon: 829528478 -> 24485759, Longueur: 48.39575m, Rue: Quai du Docteur Gailleton
Tronçon: 1637473438 -> 1637473441, Longueur: 120.815865m, Rue: Rue Gérard Maire
Tronçon: 1637473438 -> 190823168, Longueur: 91.78008m, Rue: Rue Anatole France
Tronçon: 1298421634 -> 21992644, Longueur: 10.267049m, Rue: Rue de l'Éternité
Tronçon: 829528479 -> 829528478, Longueur: 10.6517515m, Rue: Quai du Docteur Gailleton
Tronçon: 26480367 -> 868450596, Longueur: 39.598305m, Rue: Quai André Lassagne
Tronçon: 26480367 -> 26480182, Longueur: 36.12085m, Rue: Quai André Lassagne
Tronçon: 26480367 -> 26740270, Longueur: 32.900803m, Rue: Quai André Lassagne
Tronçon: 1637473462 -> 1637473457, Longueur: 157.08417m, Rue: Impasse François Chanteur
Tronçon: 190889840 -> 190889847, Longueur: 58.714787m, Rue: Rue Francis de Pressensé
Tronçon: 1637473467 -> 1637473466, Longueur: 66.79048m, Rue: Rue Basile
Tronçon: 1637473467 -> 190866513, Longueur: 106.06373m, Rue: Rue Château-Gaillard
Tronçon: 1637473467 -> 34499782, Longueur: 118.57534m, Rue: Rue Château-Gaillard
Tronçon: 1637473466 -> 1637473467, Longueur: 66.79048m, Rue: Rue Basile
Tronçon: 1468747927 -> 195256, Longueur: 13.896359m, Rue: Avenue Berthelot
Tronçon: 1468747927 -> 3305876674, Longueur: 28.18477m, Rue: Avenue Berthelot Pont Gallieni
Tronçon: 190889847 -> 459797907, Longueur: 115.81615m, Rue: Rue Francis de Pressensé
Tronçon: 2774590489 -> 2774590476, Longueur: 13.438265m, Rue: 
Tronçon: 2774590489 -> 2774590477, Longueur: 12.359177m, Rue: 
Tronçon: 2774590489 -> 60685057, Longueur: 148.4192m, Rue: Rue Colin
Tronçon: 829528480 -> 195232, Longueur: 27.638624m, Rue: Quai du Docteur Gailleton
Tronçon: 829528480 -> 829528478, Longueur: 25.305456m, Rue: Quai du Docteur Gailleton
Tronçon: 1489507797 -> 25306162, Longueur: 27.681984m, Rue: Rue Villeroy
Tronçon: 1489507797 -> 25306163, Longueur: 25.390377m, Rue: Rue Commandant Fuzier
Tronçon: 26480357 -> 1845251154, Longueur: 160.77106m, Rue: Quai Jean Moulin
Tronçon: 26480357 -> 273218195, Longueur: 38.5918m, Rue: Rue Gentil
Tronçon: 1637473457 -> 190866507, Longueur: 94.50856m, Rue: Rue Château-Gaillard
Tronçon: 1637473457 -> 1637473462, Longueur: 157.08417m, Rue: Impasse François Chanteur
Tronçon: 1637473457 -> 190866495, Longueur: 46.258793m, Rue: Rue Château-Gaillard
Tronçon: 1637473456 -> 2684720864, Longueur: 120.29134m, Rue: Rue Greuze
Tronçon: 1637473456 -> 1637473449, Longueur: 138.47429m, Rue: Rue Greuze
Tronçon: 1637473456 -> 190903076, Longueur: 27.553701m, Rue: Rue Greuze
Tronçon: 1637473454 -> 190817799, Longueur: 42.53557m, Rue: Rue Benjamin Constant
Tronçon: 1421966743 -> 1421966792, Longueur: 253.29826m, Rue: Rue Songieu
Tronçon: 1421966743 -> 26297447, Longueur: 54.767574m, Rue: Rue Dedieu
Tronçon: 1171867500 -> 252502656, Longueur: 198.49184m, Rue: Rue Joséphin Soulary
Tronçon: 1171867500 -> 130144381, Longueur: 10.666177m, Rue: Rue Louis Thévenet
Tronçon: 1171867500 -> 130143406, Longueur: 67.089745m, Rue: Rue Louis Thévenet
Tronçon: 4256166056 -> 25499159, Longueur: 114.299286m, Rue: Rue Camille Roy
Tronçon: 480971528 -> 25499153, Longueur: 62.025608m, Rue: Rue Saint-Lazare
Tronçon: 25499140 -> 25499136, Longueur: 30.040833m, Rue: Rue Camille Roy
Tronçon: 25499140 -> 3208799313, Longueur: 62.43674m, Rue: Rue Chevreul
Tronçon: 25499141 -> 25499140, Longueur: 21.365662m, Rue: Rue Chevreul
Tronçon: 1463826439 -> 1351109211, Longueur: 49.52272m, Rue: Rue Moncey
Tronçon: 1463826439 -> 1463826444, Longueur: 28.980053m, Rue: Rue Turenne
Tronçon: 25499136 -> 412284481, Longueur: 52.422897m, Rue: Rue de la Madeleine
Tronçon: 25499136 -> 25495293, Longueur: 39.17782m, Rue: Rue Marc Bloch
Tronçon: 25499133 -> 25499155, Longueur: 82.546295m, Rue: Rue du Brigadier Voituret
Tronçon: 25499133 -> 25499141, Longueur: 168.71333m, Rue: Rue Chevreul
Tronçon: 25499134 -> 25153108, Longueur: 67.15985m, Rue: Rue Marc Bloch
Tronçon: 25499153 -> 25499154, Longueur: 79.85606m, Rue: Rue Saint-Lazare
Tronçon: 25499153 -> 25499156, Longueur: 79.266716m, Rue: Rue Parmentier
Tronçon: 25499154 -> 25499149, Longueur: 84.25917m, Rue: Rue Saint-Lazare
Tronçon: 25499154 -> 25499151, Longueur: 55.334057m, Rue: Rue Jaboulay
Tronçon: 25499151 -> 25499152, Longueur: 80.80157m, Rue: Rue du Colombier
Tronçon: 25499151 -> 26058994, Longueur: 47.046955m, Rue: Rue Jaboulay
Tronçon: 29006600 -> 21604592, Longueur: 29.591192m, Rue: Rue Jean Perréal
Tronçon: 29006600 -> 21702418, Longueur: 206.39043m, Rue: Rue Jean Perréal
Tronçon: 25499152 -> 25499153, Longueur: 27.36231m, Rue: Rue Parmentier
Tronçon: 25499152 -> 480971528, Longueur: 64.42211m, Rue: Rue du Colombier
Tronçon: 25499152 -> 26058995, Longueur: 52.149555m, Rue: Rue Parmentier
Tronçon: 25499150 -> 25499149, Longueur: 52.33242m, Rue: Rue Chevreul
Tronçon: 25499150 -> 412291343, Longueur: 31.606989m, Rue: Rue Domer
Tronçon: 25499149 -> 3846297541, Longueur: 32.577297m, Rue: Rue Saint-Lazare
Tronçon: 25499149 -> 25499133, Longueur: 80.46585m, Rue: Rue Chevreul
Tronçon: 25499165 -> 25153108, Longueur: 19.175592m, Rue: Rue Domer
Tronçon: 25499165 -> 3846297548, Longueur: 24.334858m, Rue: Rue Domer
Tronçon: 25499161 -> 480971528, Longueur: 25.987389m, Rue: Rue Saint-Lazare
Tronçon: 25499161 -> 9214706, Longueur: 76.82773m, Rue: Avenue Berthelot
Tronçon: 26584163 -> 26584164, Longueur: 46.36129m, Rue: Rue Lanterne
Tronçon: 26584163 -> 26584166, Longueur: 41.207085m, Rue: Rue de la Platière
Tronçon: 26584162 -> 35216590, Longueur: 66.82316m, Rue: Rue Terme
Tronçon: 26584162 -> 26584159, Longueur: 43.602554m, Rue: Rue d'Algérie
Tronçon: 26584165 -> 25620809, Longueur: 47.95957m, Rue: Rue Paul Chenavard
Tronçon: 26584165 -> 270492131, Longueur: 50.362747m, Rue: Rue Paul Chenavard
Tronçon: 26584164 -> 26584158, Longueur: 62.076447m, Rue: Rue Lanterne
Tronçon: 26584164 -> 26584167, Longueur: 41.303345m, Rue: Rue Major Martin
Tronçon: 26584167 -> 26584165, Longueur: 49.124664m, Rue: Rue Major Martin
Tronçon: 26584167 -> 26584166, Longueur: 50.73665m, Rue: Rue Valfenière
Tronçon: 26584166 -> 26584163, Longueur: 41.207085m, Rue: Rue de la Platière
Tronçon: 26584166 -> 270492135, Longueur: 24.149475m, Rue: Rue de la Platière
Tronçon: 26584169 -> 26584168, Longueur: 50.71187m, Rue: Rue Longue
Tronçon: 26584169 -> 26584163, Longueur: 84.40397m, Rue: Rue Lanterne
Tronçon: 26584168 -> 26016366, Longueur: 47.22008m, Rue: Quai de la Pêcherie
Tronçon: 4084536085 -> 1382784520, Longueur: 38.92733m, Rue: Avenue Jean Mermoz
Tronçon: 4084536085 -> 27362559, Longueur: 9.285617m, Rue: Rue de la Moselle
Tronçon: 26584170 -> 26106542, Longueur: 31.274027m, Rue: Rue Paul Chenavard
Tronçon: 25624060 -> 25624056, Longueur: 156.51607m, Rue: Rue Varichon
Tronçon: 25624060 -> 25624059, Longueur: 116.491486m, Rue: Rue de la Concorde
Tronçon: 25624060 -> 25624143, Longueur: 223.53236m, Rue: Rue Varichon
Tronçon: 26584172 -> 26584169, Longueur: 13.413119m, Rue: Rue Longue
Tronçon: 26584172 -> 26584170, Longueur: 72.51328m, Rue: Rue Chavanne
Tronçon: 25499159 -> 25499155, Longueur: 117.14912m, Rue: Rue Jaboulay
Tronçon: 25499159 -> 25499140, Longueur: 119.76003m, Rue: Rue Camille Roy
Tronçon: 25499155 -> 25499156, Longueur: 75.091446m, Rue: Rue du Brigadier Voituret
Tronçon: 25499155 -> 25499154, Longueur: 80.445656m, Rue: Rue Jaboulay
Tronçon: 25499156 -> 26059099, Longueur: 46.130695m, Rue: Rue du Brigadier Voituret
Tronçon: 25499156 -> 4256166056, Longueur: 46.228104m, Rue: Rue Parmentier
Tronçon: 26584159 -> 26584162, Longueur: 43.602554m, Rue: Rue d'Algérie
Tronçon: 1463826444 -> 26079704, Longueur: 61.74085m, Rue: Rue Marignan
Tronçon: 1463826444 -> 26079754, Longueur: 62.600533m, Rue: Rue Turenne
Tronçon: 26584158 -> 26584159, Longueur: 51.58893m, Rue: Rue Lanterne
Tronçon: 25625381 -> 25625383, Longueur: 13.326434m, Rue: Rue de Champagneux
Tronçon: 25625381 -> 59654830, Longueur: 145.04424m, Rue: Rue de Champagneux
Tronçon: 25625381 -> 26731886, Longueur: 584.9231m, Rue: Rue Challemel-Lacour
Tronçon: 25624055 -> 25624146, Longueur: 98.95721m, Rue: Rue Wakatsuki
Tronçon: 25624055 -> 25471717, Longueur: 91.81562m, Rue: Rue Joseph Chapelle
Tronçon: 54695781 -> 1422033320, Longueur: 62.34049m, Rue: Cours Émile Zola
Tronçon: 54695781 -> 58584515, Longueur: 213.15207m, Rue: Rue Racine
Tronçon: 54695781 -> 58584524, Longueur: 71.148056m, Rue: Cours Émile Zola
Tronçon: 631489389 -> 25258542, Longueur: 43.98373m, Rue: Rue des Rancy
Tronçon: 25624059 -> 25624160, Longueur: 239.91522m, Rue: Rue Jean Sarrazin
Tronçon: 25624059 -> 25624058, Longueur: 130.3928m, Rue: Rue Jean Sarrazin
Tronçon: 25624059 -> 48880067, Longueur: 159.24022m, Rue: Rue du Bocage
Tronçon: 25625383 -> 25625381, Longueur: 13.326434m, Rue: Rue de Champagneux
Tronçon: 25625383 -> 25625460, Longueur: 72.84221m, Rue: Rue Challemel-Lacour
Tronçon: 25624058 -> 25624056, Longueur: 124.92857m, Rue: Rue Rochambeau
Tronçon: 25624058 -> 25624139, Longueur: 71.65138m, Rue: Rue Jean Sarrazin
Tronçon: 25624058 -> 26132247, Longueur: 62.335304m, Rue: Rue Rochambeau
Tronçon: 25624058 -> 25624059, Longueur: 130.3928m, Rue: Rue Jean Sarrazin
Tronçon: 25624056 -> 25624140, Longueur: 70.54645m, Rue: Rue Varichon
Tronçon: 25624056 -> 25624058, Longueur: 124.92857m, Rue: Rue Rochambeau
Tronçon: 25624056 -> 25624060, Longueur: 156.51607m, Rue: Rue Varichon
Tronçon: 25624056 -> 25624141, Longueur: 65.70112m, Rue: Rue Rochambeau
Tronçon: 26584185 -> 3832656458, Longueur: 104.00695m, Rue: Place Bellecour Rue de la Barre
Tronçon: 26584185 -> 2848402510, Longueur: 304.68155m, Rue: Rue Marcel-Gabriel Rivière Rue Bellecordière Place de l'Hôpital
Tronçon: 26584174 -> 26584178, Longueur: 22.395533m, Rue: Place Saint-Nizier
Tronçon: 26584174 -> 26584175, Longueur: 24.694117m, Rue: Rue de Brest
Tronçon: 26584176 -> 26584174, Longueur: 9.616922m, Rue: Rue de Brest
Tronçon: 26584175 -> 26584178, Longueur: 23.926184m, Rue: Place Saint-Nizier
Tronçon: 26584175 -> 26583876, Longueur: 43.588085m, Rue: Rue de Brest
Tronçon: 26584178 -> 26584179, Longueur: 42.11388m, Rue: Rue des Bouquetiers
Tronçon: 26584178 -> 26584174, Longueur: 22.395533m, Rue: Place Saint-Nizier
Tronçon: 26584178 -> 26584175, Longueur: 23.926184m, Rue: Place Saint-Nizier
Tronçon: 26584179 -> 26584181, Longueur: 19.644102m, Rue: Place d'Albon
Tronçon: 26584181 -> 26584172, Longueur: 47.991085m, Rue: Rue Chavanne
Tronçon: 26584181 -> 26016366, Longueur: 45.664005m, Rue: Place d'Albon
Tronçon: 26584182 -> 26016369, Longueur: 33.189106m, Rue: Rue Dubois
Tronçon: 26584182 -> 26584179, Longueur: 100.82344m, Rue: Rue Mercière
Tronçon: 529135133 -> 35224298, Longueur: 12.723114m, Rue: Place Chardonnet
Tronçon: 529135133 -> 529135133, Longueur: 100.96176m, Rue: Place Chardonnet
Tronçon: 2659801362 -> 34400264, Longueur: 75.71828m, Rue: Rue Garibaldi
Tronçon: 2207317999 -> 252629167, Longueur: 26.002901m, Rue: Avenue Salvador Allende
Tronçon: 1463174015 -> 190951450, Longueur: 49.693153m, Rue: Rue Alfred Brinon
Tronçon: 640541652 -> 25336254, Longueur: 11.288361m, Rue: Rue Bara
Tronçon: 2598240826 -> 26480357, Longueur: 22.297m, Rue: Rue Gentil
Tronçon: 2598240826 -> 1471824481, Longueur: 129.41913m, Rue: Quai Jean Moulin
Tronçon: 253416990 -> 253416987, Longueur: 38.74818m, Rue: Rue de Belfort
Tronçon: 2365928001 -> 26058937, Longueur: 81.84019m, Rue: Rue Raoul Servant
Tronçon: 2365928001 -> 2365927999, Longueur: 19.13879m, Rue: Rue Raoul Servant
Tronçon: 25618206 -> 2171168174, Longueur: 69.753006m, Rue: Cours Vitton
Tronçon: 25618206 -> 26035007, Longueur: 108.66395m, Rue: Rue Waldeck-Rousseau
Tronçon: 253416987 -> 130144275, Longueur: 44.63578m, Rue: Rue de Belfort
Tronçon: 253416987 -> 130144269, Longueur: 131.2554m, Rue: Place Commandant Arnaud
Tronçon: 25618218 -> 25618216, Longueur: 28.892494m, Rue: Cours Vitton
Tronçon: 25618218 -> 3932053909, Longueur: 123.68092m, Rue: Avenue Antoine Dutrievoz Avenue Thiers
Tronçon: 25618216 -> 25618214, Longueur: 41.837208m, Rue: Cours Vitton
Tronçon: 25618214 -> 25618439, Longueur: 92.7967m, Rue: Cours Vitton
Tronçon: 2104502856 -> 26079754, Longueur: 55.8212m, Rue: Cours de la Liberté
Tronçon: 3846297548 -> 25499150, Longueur: 60.4692m, Rue: Rue Domer
Tronçon: 3846297541 -> 3846297548, Longueur: 13.006387m, Rue: Rue Saint-Lazare
Tronçon: 3846297541 -> 25499165, Longueur: 23.761097m, Rue: Rue Saint-Lazare
Tronçon: 27362911 -> 27362561, Longueur: 41.032604m, Rue: Rue de la Moselle
Tronçon: 27362911 -> 270298916, Longueur: 21.632996m, Rue: Rue de Narvik
Tronçon: 27362911 -> 27362559, Longueur: 161.54666m, Rue: Rue de la Moselle
Tronçon: 26106542 -> 26584176, Longueur: 47.024944m, Rue: Rue Paul Chenavard
Tronçon: 26106542 -> 26106475, Longueur: 26.843147m, Rue: Rue Longue
Tronçon: 26106542 -> 26584172, Longueur: 60.369728m, Rue: Rue Longue
Tronçon: 1042749537 -> 25620306, Longueur: 67.28714m, Rue: Quai de Serbie
Tronçon: 1042749537 -> 603121447, Longueur: 20.146797m, Rue: Rue Godefroy
Tronçon: 27362913 -> 1297007321, Longueur: 63.480286m, Rue: Rue de Narvik
Tronçon: 27362913 -> 27362914, Longueur: 26.319368m, Rue: Rue de Narvik
Tronçon: 27362913 -> 27362907, Longueur: 215.70732m, Rue: Rue Jules Froment
Tronçon: 27362912 -> 27362554, Longueur: 77.108795m, Rue: Boulevard Pinel
Tronçon: 27362914 -> 27362912, Longueur: 51.625607m, Rue: Rue de Narvik
Tronçon: 27362914 -> 27362913, Longueur: 26.319368m, Rue: Rue de Narvik
Tronçon: 27362917 -> 1297007321, Longueur: 77.415m, Rue: Rue de Narvik
Tronçon: 27362917 -> 27362905, Longueur: 228.29712m, Rue: Rue Joseph Chalier
Tronçon: 27362917 -> 270298919, Longueur: 37.965347m, Rue: Rue de Narvik
Tronçon: 252628610 -> 252628608, Longueur: 92.442894m, Rue: Rue Lakanal Rue Garande
Tronçon: 252628610 -> 252626866, Longueur: 87.58874m, Rue: Rue Lakanal
Tronçon: 252628610 -> 252628611, Longueur: 102.16923m, Rue: Rue Mozart
Tronçon: 252628611 -> 252626865, Longueur: 100.72028m, Rue: Avenue Salvador Allende
Tronçon: 252628611 -> 1480891862, Longueur: 25.191965m, Rue: Avenue Salvador Allende
Tronçon: 2841904735 -> 2034547839, Longueur: 45.08708m, Rue: Boulevard des Tchécoslovaques
Tronçon: 2841904735 -> 3393859927, Longueur: 50.13689m, Rue: Boulevard des Tchécoslovaques
Tronçon: 252628607 -> 252628608, Longueur: 91.09981m, Rue: Rue Garande
Tronçon: 252628607 -> 252626870, Longueur: 79.88083m, Rue: Avenue Condorcet
Tronçon: 2841904730 -> 3393859927, Longueur: 16.706312m, Rue: 
Tronçon: 2841904730 -> 25173820, Longueur: 96.30125m, Rue: Cours Gambetta
Tronçon: 252628608 -> 2222846089, Longueur: 86.85472m, Rue: Passage Rossel
Tronçon: 252628608 -> 252628610, Longueur: 92.442894m, Rue: Rue Lakanal Rue Garande
Tronçon: 252628608 -> 252628607, Longueur: 91.09981m, Rue: Rue Garande
Tronçon: 27362922 -> 27362923, Longueur: 62.753944m, Rue: Rue du Professeur Beauvisage
Tronçon: 27362922 -> 1382707461, Longueur: 74.65573m, Rue: Rue du Professeur Beauvisage
Tronçon: 27362922 -> 25624141, Longueur: 74.39439m, Rue: Rue Rochambeau
Tronçon: 33066313 -> 33065949, Longueur: 10.711094m, Rue: Rue de la Villette
Tronçon: 33066313 -> 26576965, Longueur: 259.48038m, Rue: Avenue Georges Pompidou
Tronçon: 252628603 -> 444667999, Longueur: 86.895325m, Rue: Rue Phelypeaux
Tronçon: 27362923 -> 27362922, Longueur: 62.753944m, Rue: Rue du Professeur Beauvisage
Tronçon: 27362923 -> 33225461, Longueur: 295.9885m, Rue: Rue Philippe Fabia
Tronçon: 27362923 -> 26132621, Longueur: 77.477974m, Rue: Rue du Professeur Beauvisage
Tronçon: 252628606 -> 60685047, Longueur: 69.79026m, Rue: Rue Gervais Bussière
Tronçon: 252628606 -> 60685054, Longueur: 65.45743m, Rue: Rue Gervais Bussière
Tronçon: 252628606 -> 1433928351, Longueur: 64.54056m, Rue: Rue de Milan
Tronçon: 252628600 -> 71261884, Longueur: 105.99758m, Rue: Avenue Galline
Tronçon: 252628600 -> 1423381489, Longueur: 23.207699m, Rue: Avenue Galline
Tronçon: 252628601 -> 252628607, Longueur: 58.129364m, Rue: Avenue Condorcet
Tronçon: 252628601 -> 2222846089, Longueur: 101.67179m, Rue: Avenue Galline
Tronçon: 252628601 -> 252628602, Longueur: 11.299359m, Rue: Avenue Galline
Tronçon: 252628602 -> 252626900, Longueur: 126.22714m, Rue: Avenue Condorcet
Tronçon: 252628602 -> 71261884, Longueur: 145.1133m, Rue: Avenue Galline
Tronçon: 252628602 -> 252628601, Longueur: 11.299359m, Rue: Avenue Galline
Tronçon: 2291375541 -> 2291375539, Longueur: 20.833296m, Rue: 
Tronçon: 2291375541 -> 25310868, Longueur: 32.63965m, Rue: Boulevard des Belges
Tronçon: 25152613 -> 2139361034, Longueur: 79.89682m, Rue: Rue Victorien Sardou
Tronçon: 25152613 -> 25152614, Longueur: 26.120935m, Rue: Rue Domer
Tronçon: 25152614 -> 25152442, Longueur: 102.57032m, Rue: Grande Rue de la Guillotière
Tronçon: 25152615 -> 25152680, Longueur: 62.458344m, Rue: Rue Tourville
Tronçon: 25152615 -> 25152618, Longueur: 51.69966m, Rue: Rue Domer
Tronçon: 1026030528 -> 3842221821, Longueur: 62.326275m, Rue: Route de Vienne
Tronçon: 1026030528 -> 1026030630, Longueur: 19.968868m, Rue: Route de Vienne
Tronçon: 471133022 -> 21717932, Longueur: 76.54216m, Rue: Boulevard Ambroise Paré
Tronçon: 471133022 -> 21717939, Longueur: 41.212082m, Rue: Boulevard Ambroise Paré
Tronçon: 471133022 -> 471133023, Longueur: 95.85405m, Rue: Impasse Jean Jaurès
Tronçon: 471133023 -> 471133022, Longueur: 95.85405m, Rue: Impasse Jean Jaurès
Tronçon: 2291375539 -> 25310867, Longueur: 53.767086m, Rue: Boulevard des Brotteaux
Tronçon: 25152616 -> 3824873194, Longueur: 71.0644m, Rue: Rue Domer
Tronçon: 25152616 -> 25152679, Longueur: 104.10616m, Rue: Rue du Bâtonnier Jacquier
Tronçon: 25152618 -> 3824873200, Longueur: 44.018536m, Rue: Rue Domer
Tronçon: 25152618 -> 25152621, Longueur: 75.30815m, Rue: Rue Garibaldi
Tronçon: 567859674 -> 1445329952, Longueur: 182.74625m, Rue: Rue Michel Félizat
Tronçon: 567859674 -> 567871880, Longueur: 154.82126m, Rue: Rue André Bollier
Tronçon: 567859674 -> 26108118, Longueur: 27.745827m, Rue: Rue André Bollier
Tronçon: 1699105138 -> 1699105136, Longueur: 11.2359085m, Rue: 
Tronçon: 1699105138 -> 34500664, Longueur: 10.271966m, Rue: 
Tronçon: 1699105136 -> 1423419160, Longueur: 12.913325m, Rue: 
Tronçon: 1699105136 -> 1699105138, Longueur: 11.2359085m, Rue: 
Tronçon: 1699105136 -> 1480891869, Longueur: 27.003702m, Rue: Avenue Condorcet
Tronçon: 25152621 -> 3824873178, Longueur: 15.469458m, Rue: Rue Tourville
Tronçon: 25152621 -> 25152845, Longueur: 138.88875m, Rue: Rue Garibaldi
Tronçon: 2485984761 -> 2605393566, Longueur: 70.84659m, Rue: Rue Marcel Teppaz
Tronçon: 2485984761 -> 25495295, Longueur: 48.672802m, Rue: Route de Vienne
Tronçon: 25468088 -> 25468089, Longueur: 19.765337m, Rue: Rue Villon
Tronçon: 25468088 -> 143412, Longueur: 165.04675m, Rue: Rue Villon
Tronçon: 25468088 -> 25468085, Longueur: 241.32239m, Rue: Boulevard des États-Unis
Tronçon: 25468089 -> 25547440, Longueur: 76.59745m, Rue: Rue Villon
Tronçon: 25468089 -> 25468088, Longueur: 19.765337m, Rue: Rue Villon
Tronçon: 25468089 -> 984186485, Longueur: 298.6474m, Rue: Boulevard des États-Unis
Tronçon: 25468085 -> 382011402, Longueur: 32.797863m, Rue: Boulevard des États-Unis
Tronçon: 25468085 -> 382011406, Longueur: 20.11262m, Rue: Boulevard des États-Unis
Tronçon: 54803427 -> 54803136, Longueur: 117.40521m, Rue: Rue de la Convention
Tronçon: 1109063483 -> 1109063417, Longueur: 146.4769m, Rue: Rue Servignat
Tronçon: 1109063483 -> 1109063396, Longueur: 46.13582m, Rue: Rue des Violettes
Tronçon: 1109063483 -> 1109063478, Longueur: 103.092834m, Rue: Rue des Violettes
Tronçon: 2485984756 -> 3160860324, Longueur: 68.17103m, Rue: Rue Garibaldi
Tronçon: 2485984756 -> 9214708, Longueur: 68.08148m, Rue: Rue Garibaldi
Tronçon: 2485984756 -> 2605393566, Longueur: 112.97996m, Rue: Rue Marcel Teppaz
Tronçon: 26016373 -> 26016372, Longueur: 20.076424m, Rue: Quai Saint-Antoine
Tronçon: 26016373 -> 26014245, Longueur: 30.220886m, Rue: Pont du Maréchal Juin
Tronçon: 26016372 -> 26014245, Longueur: 19.679756m, Rue: Pont du Maréchal Juin
Tronçon: 26016372 -> 26016370, Longueur: 32.477764m, Rue: Quai Saint-Antoine
Tronçon: 26016372 -> 26106391, Longueur: 55.355392m, Rue: Rue Grenette
Tronçon: 25468070 -> 254567104, Longueur: 64.74053m, Rue: Rue Riboud
Tronçon: 25468070 -> 25468041, Longueur: 70.17448m, Rue: Rue Riboud
Tronçon: 25468070 -> 26086114, Longueur: 75.166565m, Rue: Rue Maurice Flandin
Tronçon: 25152442 -> 21712144, Longueur: 124.095695m, Rue: Rue Nicolaï
Tronçon: 25152442 -> 15925440, Longueur: 119.96085m, Rue: Grande Rue de la Guillotière
Tronçon: 25468076 -> 25468025, Longueur: 67.67938m, Rue: Rue Germain
Tronçon: 25468076 -> 25468037, Longueur: 91.59352m, Rue: Rue des Droits de l'Homme
Tronçon: 25468078 -> 25468075, Longueur: 20.686256m, Rue: Rue de Bonnel
Tronçon: 25152444 -> 26576954, Longueur: 50.25232m, Rue: Grande Rue de la Guillotière
Tronçon: 25152444 -> 26576955, Longueur: 36.783928m, Rue: Grande Rue de la Guillotière
Tronçon: 25152444 -> 2477791932, Longueur: 41.447834m, Rue: Grande Rue de la Guillotière
Tronçon: 25468073 -> 25468035, Longueur: 84.10899m, Rue: Rue de la Villette
Tronçon: 25468073 -> 25468069, Longueur: 75.62837m, Rue: Rue Saint-Antoine
Tronçon: 25468075 -> 25468073, Longueur: 8.148002m, Rue: Rue de Bonnel
Tronçon: 25468075 -> 33066313, Longueur: 424.68805m, Rue: Rue de la Villette
Tronçon: 25468069 -> 25468070, Longueur: 98.08811m, Rue: Rue Maurice Flandin
Tronçon: 25468069 -> 25468046, Longueur: 83.81758m, Rue: Rue Maurice Flandin
Tronçon: 26016366 -> 26016373, Longueur: 153.44174m, Rue: Quai Saint-Antoine
Tronçon: 25468066 -> 25468068, Longueur: 168.6345m, Rue: Rue Saint-Antoine
Tronçon: 25468066 -> 26086118, Longueur: 180.88611m, Rue: Rue Étienne Richerand
Tronçon: 25468067 -> 25468068, Longueur: 99.0108m, Rue: Rue Ternois
Tronçon: 25468068 -> 25468040, Longueur: 70.7328m, Rue: Rue Saint-Antoine
Tronçon: 2864952654 -> 26317392, Longueur: 68.26572m, Rue: Impasse Victor Hugo
Tronçon: 2864952654 -> 26317341, Longueur: 97.99328m, Rue: Impasse Victor Hugo
Tronçon: 2864952654 -> 2864952656, Longueur: 28.779528m, Rue: Impasse Magnaudi
Tronçon: 2864952656 -> 2864952654, Longueur: 28.779528m, Rue: Impasse Magnaudi
Tronçon: 838347921 -> 26480607, Longueur: 128.07683m, Rue: Place Antonin Poncet
Tronçon: 60756053 -> 26132383, Longueur: 21.66321m, Rue: Avenue Francis de Pressensé
Tronçon: 60756053 -> 60756055, Longueur: 149.27708m, Rue: Rue Louise Michel
Tronçon: 60756053 -> 3890028870, Longueur: 153.16353m, Rue: Avenue Francis de Pressensé
Tronçon: 60756056 -> 25631417, Longueur: 221.6741m, Rue: Rue Pierre Brossolette
Tronçon: 60756056 -> 60756055, Longueur: 15.28609m, Rue: 
Tronçon: 60756056 -> 60756057, Longueur: 17.36238m, Rue: 
Tronçon: 60756055 -> 60756053, Longueur: 149.27708m, Rue: Rue Louise Michel
Tronçon: 60756055 -> 60756056, Longueur: 15.28609m, Rue: 
Tronçon: 60756055 -> 60756059, Longueur: 18.740826m, Rue: 
Tronçon: 60756057 -> 1260995429, Longueur: 52.846222m, Rue: Rue Louise Michel
Tronçon: 60756057 -> 60756056, Longueur: 17.36238m, Rue: 
Tronçon: 60756057 -> 60756059, Longueur: 13.350509m, Rue: 
Tronçon: 60756059 -> 60756057, Longueur: 13.350509m, Rue: 
Tronçon: 60756059 -> 60756055, Longueur: 18.740826m, Rue: 
Tronçon: 1109063448 -> 1109063417, Longueur: 21.91432m, Rue: Rue des Genièvres
Tronçon: 1109063448 -> 602531992, Longueur: 50.416477m, Rue: Rue des Genièvres
Tronçon: 1109063448 -> 1109063413, Longueur: 202.72302m, Rue: Rue Marcel
Tronçon: 838347949 -> 1301701129, Longueur: 5.724064m, Rue: Rue Victor Hugo
Tronçon: 838347949 -> 838347881, Longueur: 52.97302m, Rue: Place Bellecour
Tronçon: 1109063446 -> 1109063406, Longueur: 123.64286m, Rue: Rue de l'Ancienne Digue
Tronçon: 190903024 -> 190903030, Longueur: 67.266975m, Rue: Rue du 8 Mai 1945
Tronçon: 190903024 -> 342911231, Longueur: 50.793537m, Rue: Rue du 8 Mai 1945
Tronçon: 190903024 -> 190951253, Longueur: 184.06906m, Rue: Rue de la Coopérative
Tronçon: 1042749495 -> 1042749273, Longueur: 94.50973m, Rue: Place Maréchal Lyautey
Tronçon: 1042749495 -> 1042749339, Longueur: 95.54384m, Rue: Place Maréchal Lyautey
Tronçon: 26740258 -> 1316035137, Longueur: 16.047112m, Rue: Quai André Lassagne
Tronçon: 26740258 -> 62026451, Longueur: 217.1112m, Rue: Quai André Lassagne Cours d'Herbouville
Tronçon: 197477463 -> 197310518, Longueur: 12.129218m, Rue: Rue du Canal
Tronçon: 26740271 -> 868450680, Longueur: 95.080315m, Rue: Quai André Lassagne
Tronçon: 26740270 -> 1471827643, Longueur: 166.70988m, Rue: Quai André Lassagne
Tronçon: 25620304 -> 1042749384, Longueur: 133.00972m, Rue: Quai de Serbie
Tronçon: 25620304 -> 25316259, Longueur: 52.468014m, Rue: Rue Sully
Tronçon: 190904335 -> 190823195, Longueur: 127.709236m, Rue: Rue Château-Gaillard
Tronçon: 190904335 -> 190889748, Longueur: 31.021467m, Rue: Rue Château-Gaillard
Tronçon: 190904335 -> 190904325, Longueur: 103.37422m, Rue: Rue Charles Perrault
Tronçon: 25620306 -> 25620304, Longueur: 87.13541m, Rue: Quai de Serbie
Tronçon: 838347933 -> 918297329, Longueur: 45.219036m, Rue: Rue de la Charité
Tronçon: 838347933 -> 3832656458, Longueur: 175.76953m, Rue: Place Bellecour
Tronçon: 838347933 -> 838347921, Longueur: 28.761229m, Rue: Place Antonin Poncet
Tronçon: 1109063451 -> 1109063468, Longueur: 181.36028m, Rue: Rue du Clos Mon Désir
Tronçon: 629225129 -> 197310506, Longueur: 27.481815m, Rue: Rue du Canal
Tronçon: 629225129 -> 1109063462, Longueur: 162.94511m, Rue: Rue du Canal
Tronçon: 190904325 -> 190904335, Longueur: 103.37422m, Rue: Rue Charles Perrault
Tronçon: 190904325 -> 190817714, Longueur: 129.66196m, Rue: Rue Flachet
Tronçon: 190904325 -> 190823195, Longueur: 73.95416m, Rue: Rue Flachet
Tronçon: 1109063466 -> 1109063402, Longueur: 5.52289m, Rue: Rue Léon Piat
Tronçon: 1109063466 -> 1109063423, Longueur: 35.850563m, Rue: Rue Léon Piat
Tronçon: 1109063466 -> 1109063406, Longueur: 415.7982m, Rue: Rue de l'Ancienne Digue
Tronçon: 1109063468 -> 1109063451, Longueur: 181.36028m, Rue: Rue du Clos Mon Désir
Tronçon: 1109063468 -> 197395453, Longueur: 33.078773m, Rue: Rue des Jardins
Tronçon: 1109063468 -> 1109063408, Longueur: 191.02362m, Rue: Rue des Jardins
Tronçon: 48837735 -> 25468037, Longueur: 50.3151m, Rue: Rue Lannes
Tronçon: 1109063462 -> 629225129, Longueur: 162.94511m, Rue: Rue du Canal
Tronçon: 1109063462 -> 1109063403, Longueur: 232.68124m, Rue: Rue Saint-Jean
Tronçon: 1109063462 -> 2984665374, Longueur: 325.68167m, Rue: Rue du Canal
Tronçon: 2117622744 -> 92375975, Longueur: 63.53379m, Rue: Rue Paul Bert
Tronçon: 2117622744 -> 2117622742, Longueur: 98.99292m, Rue: Boulevard Vivier-Merle
Tronçon: 2117622744 -> 26057055, Longueur: 10.406557m, Rue: Rue Paul Bert
Tronçon: 2117622742 -> 2117622739, Longueur: 70.71593m, Rue: Boulevard Vivier-Merle
Tronçon: 2117622742 -> 26033326, Longueur: 40.810665m, Rue: Rue des Rancy
Tronçon: 2471166661 -> 190817691, Longueur: 111.726494m, Rue: Avenue du Commandant L'Herminier
Tronçon: 2471166661 -> 729763332, Longueur: 134.1643m, Rue: Avenue du Commandant L'Herminier
Tronçon: 2471166661 -> 321238837, Longueur: 259.95966m, Rue: Rue Julien Peyhorgue
Tronçon: 1026030481 -> 1026030617, Longueur: 14.632827m, Rue: Rue Challemel-Lacour
Tronçon: 1026030481 -> 1026030676, Longueur: 14.714804m, Rue: Rue Challemel-Lacour
Tronçon: 25468090 -> 382011401, Longueur: 58.913612m, Rue: Rue Audibert et Lavirotte
Tronçon: 25468090 -> 1643908326, Longueur: 18.557129m, Rue: Boulevard des États-Unis
Tronçon: 1109063478 -> 1109063417, Longueur: 151.86151m, Rue: Rue des Genièvres
Tronçon: 1109063478 -> 1109063483, Longueur: 103.092834m, Rue: Rue des Violettes
Tronçon: 1109063478 -> 1109063413, Longueur: 29.24112m, Rue: Rue des Violettes
Tronçon: 1423304200 -> 25932604, Longueur: 148.82574m, Rue: Cours Émile Zola
Tronçon: 1423304200 -> 25932605, Longueur: 11.181685m, Rue: Cours Émile Zola
Tronçon: 1026030479 -> 25625381, Longueur: 42.208866m, Rue: Rue Challemel-Lacour
Tronçon: 2117622739 -> 2117622731, Longueur: 63.25565m, Rue: Boulevard Vivier-Merle
Tronçon: 2117622739 -> 26033326, Longueur: 83.423706m, Rue: Rue Lavoisier
Tronçon: 190904320 -> 190904323, Longueur: 106.80842m, Rue: Rue Greuze
Tronçon: 190904320 -> 190904335, Longueur: 182.71394m, Rue: Rue Lançon
Tronçon: 190904320 -> 190889787, Longueur: 160.38332m, Rue: Rue Greuze
Tronçon: 1026030476 -> 25625500, Longueur: 10.920293m, Rue: Rue Henri Barbusse
Tronçon: 1026030476 -> 1026030552, Longueur: 77.45857m, Rue: Route de Vienne
Tronçon: 1026030476 -> 4092061493, Longueur: 146.97728m, Rue: Rue Henri Barbusse
Tronçon: 190904323 -> 2684720864, Longueur: 87.07872m, Rue: Rue Greuze
Tronçon: 190904323 -> 190904320, Longueur: 106.80842m, Rue: Rue Greuze
Tronçon: 190904323 -> 190903036, Longueur: 177.56631m, Rue: Rue du Champ de l'Orme
Tronçon: 2117622731 -> 25175819, Longueur: 10.355757m, Rue: Rue du Pensionnat
Tronçon: 2117622731 -> 2117622723, Longueur: 84.0667m, Rue: Boulevard Vivier-Merle
Tronçon: 1109063408 -> 1109063401, Longueur: 156.29839m, Rue: Rue des Jardins
Tronçon: 1109063408 -> 1109063403, Longueur: 77.2579m, Rue: Rue Saint-Jean
Tronçon: 1109063408 -> 1109063468, Longueur: 191.02362m, Rue: Rue des Jardins
Tronçon: 1109063408 -> 1109063406, Longueur: 155.55522m, Rue: Rue des Coquelicots
Tronçon: 26155514 -> 26155528, Longueur: 74.225136m, Rue: Rue Pierre Bonnaud
Tronçon: 26155514 -> 26155538, Longueur: 186.68196m, Rue: Cours Eugénie
Tronçon: 26155514 -> 26155423, Longueur: 152.42525m, Rue: Cours Eugénie
Tronçon: 1109063405 -> 1109063407, Longueur: 11.357426m, Rue: Rue du Canal
Tronçon: 1109063407 -> 2984665354, Longueur: 4.426128m, Rue: Rue Léon Piat
Tronçon: 1109063407 -> 2984665353, Longueur: 33.61531m, Rue: Rue du Canal
Tronçon: 1109063406 -> 1109063408, Longueur: 155.55522m, Rue: Rue des Coquelicots
Tronçon: 1109063406 -> 1109063466, Longueur: 415.7982m, Rue: Rue de l'Ancienne Digue
Tronçon: 1109063406 -> 1109063446, Longueur: 123.64286m, Rue: Rue de l'Ancienne Digue
Tronçon: 1109063401 -> 1109063408, Longueur: 156.29839m, Rue: Rue des Jardins
Tronçon: 1109063401 -> 1835888314, Longueur: 242.56604m, Rue: Rue des Jardins
Tronçon: 1109063401 -> 1109063403, Longueur: 91.86375m, Rue: Rue de l'Épi de Blé
Tronçon: 249122723 -> 55447040, Longueur: 114.7658m, Rue: Rue Paul Verlaine
Tronçon: 249122723 -> 60491705, Longueur: 133.19489m, Rue: Rue Paul Verlaine
Tronçon: 1109063403 -> 1109063408, Longueur: 77.2579m, Rue: Rue Saint-Jean
Tronçon: 1109063403 -> 1109063433, Longueur: 219.54202m, Rue: Rue de l'Épi de Blé
Tronçon: 1109063403 -> 1109063462, Longueur: 232.68124m, Rue: Rue Saint-Jean
Tronçon: 1109063403 -> 1109063401, Longueur: 91.86375m, Rue: Rue de l'Épi de Blé
Tronçon: 1109063402 -> 1385942314, Longueur: 110.23485m, Rue: Rue Léon Piat
Tronçon: 1109063402 -> 1109063466, Longueur: 5.52289m, Rue: Rue Léon Piat
Tronçon: 1109063402 -> 1109063437, Longueur: 23.623283m, Rue: Rue Léon Piat
Tronçon: 25306159 -> 25258757, Longueur: 72.333885m, Rue: Rue Paul Bert
Tronçon: 25306159 -> 3351626551, Longueur: 85.221825m, Rue: Avenue Maréchal de Saxe
Tronçon: 25306158 -> 25306162, Longueur: 43.251366m, Rue: Rue Vendôme
Tronçon: 2117622723 -> 2650077854, Longueur: 70.70859m, Rue: Boulevard Vivier-Merle
Tronçon: 2117622721 -> 2587463836, Longueur: 72.46447m, Rue: Avenue Félix Faure
Tronçon: 2117622721 -> 195261, Longueur: 112.49038m, Rue: Avenue Félix Faure
Tronçon: 2117622721 -> 2650077854, Longueur: 62.200565m, Rue: Avenue Félix Faure
Tronçon: 26058174 -> 26058664, Longueur: 65.19518m, Rue: Rue Pasteur
Tronçon: 26058174 -> 26058687, Longueur: 76.46318m, Rue: Rue Passet
Tronçon: 1109063415 -> 602531992, Longueur: 88.55213m, Rue: Rue Tita Coïs
Tronçon: 1109063415 -> 1109063413, Longueur: 269.1636m, Rue: Rue Claudia Rue des Violettes
Tronçon: 1109063415 -> 1109063390, Longueur: 150.68779m, Rue: Rue Tita Coïs
Tronçon: 1481116994 -> 271151897, Longueur: 151.43343m, Rue: Rue Elie Metral
Tronçon: 1481116994 -> 271151899, Longueur: 21.958439m, Rue: Rue Elie Metral
Tronçon: 1481116994 -> 271151860, Longueur: 301.50235m, Rue: Rue Martin
Tronçon: 1109063417 -> 1109063448, Longueur: 21.91432m, Rue: Rue des Genièvres
Tronçon: 1109063417 -> 1109063483, Longueur: 146.4769m, Rue: Rue Servignat
Tronçon: 1109063417 -> 1109063478, Longueur: 151.86151m, Rue: Rue des Genièvres
Tronçon: 1109063413 -> 1109063448, Longueur: 202.72302m, Rue: Rue Marcel
Tronçon: 1109063413 -> 1109063478, Longueur: 29.24112m, Rue: Rue des Violettes
Tronçon: 1109063413 -> 1109063415, Longueur: 269.1636m, Rue: Rue Claudia Rue des Violettes
Tronçon: 26058165 -> 26058168, Longueur: 101.03871m, Rue: Quai Claude Bernard
Tronçon: 26058168 -> 25613678, Longueur: 138.32469m, Rue: Quai Claude Bernard
Tronçon: 26058168 -> 26058151, Longueur: 70.95248m, Rue: Place Ollier
Tronçon: 1026030492 -> 1026030547, Longueur: 31.076662m, Rue: Rue Pierre Delore
Tronçon: 1026030492 -> 25631308, Longueur: 7.6770606m, Rue: Rue Paul Cazeneuve
Tronçon: 26155538 -> 26464320, Longueur: 47.51565m, Rue: Cours Eugénie
Tronçon: 26155538 -> 26155514, Longueur: 186.68196m, Rue: Cours Eugénie
Tronçon: 26155538 -> 26470389, Longueur: 92.09046m, Rue: Avenue Lacassagne
Tronçon: 26058160 -> 26058174, Longueur: 73.37424m, Rue: Rue Pasteur
Tronçon: 26058160 -> 26058159, Longueur: 70.37663m, Rue: Rue d'Aguesseau
Tronçon: 254580798 -> 34389257, Longueur: 281.17477m, Rue: Rue Servient
Tronçon: 26058163 -> 25337465, Longueur: 33.743633m, Rue: Rue Béchevelin
Tronçon: 26058163 -> 26079756, Longueur: 26.885609m, Rue: Rue d'Aguesseau
Tronçon: 26058163 -> 2086402543, Longueur: 23.431826m, Rue: Rue Béchevelin
Tronçon: 26084498 -> 26084497, Longueur: 121.71822m, Rue: Rue Crépet
Tronçon: 26084498 -> 26084554, Longueur: 190.19595m, Rue: Rue Félix Brun
Tronçon: 26084498 -> 3114521492, Longueur: 169.30452m, Rue: Rue Crépet
Tronçon: 26084498 -> 567371628, Longueur: 137.33684m, Rue: Rue Félix Brun
Tronçon: 26084497 -> 26084498, Longueur: 121.71822m, Rue: Rue Crépet
Tronçon: 26084497 -> 653293588, Longueur: 240.84328m, Rue: Boulevard Yves Farge
Tronçon: 1109063423 -> 1109063466, Longueur: 35.850563m, Rue: Rue Léon Piat
Tronçon: 1109063423 -> 1109063437, Longueur: 32.19569m, Rue: Rue Léon Piat
Tronçon: 1109063423 -> 2984665354, Longueur: 40.683556m, Rue: Rue Léon Piat
Tronçon: 26058153 -> 26058145, Longueur: 117.07195m, Rue: Rue Pasteur
Tronçon: 26058153 -> 26058156, Longueur: 82.72425m, Rue: Rue Salomon Reinach
Tronçon: 26058156 -> 21674905, Longueur: 145.4695m, Rue: Rue de Marseille
Tronçon: 26058156 -> 277046124, Longueur: 35.82046m, Rue: Rue Salomon Reinach
Tronçon: 26058158 -> 26058145, Longueur: 81.12691m, Rue: Rue de Bonald
Tronçon: 26058158 -> 276635165, Longueur: 48.798954m, Rue: Rue de Marseille
Tronçon: 26058159 -> 2100687400, Longueur: 11.428281m, Rue: Place Raspail
Tronçon: 26058159 -> 663650206, Longueur: 13.292004m, Rue: Rue d'Aguesseau
Tronçon: 26155528 -> 26155514, Longueur: 74.225136m, Rue: Rue Pierre Bonnaud
Tronçon: 26155528 -> 26155541, Longueur: 50.938293m, Rue: Rue Constant
Tronçon: 26155528 -> 26470078, Longueur: 184.55595m, Rue: Rue Pierre Bonnaud
Tronçon: 728283328 -> 26053967, Longueur: 33.091496m, Rue: Rue Chaponnay
Tronçon: 26058150 -> 26058148, Longueur: 63.335533m, Rue: Rue Cavenne
Tronçon: 26058150 -> 26058165, Longueur: 67.67099m, Rue: Rue de Bonald
Tronçon: 26058151 -> 26058153, Longueur: 70.597984m, Rue: Rue Salomon Reinach
Tronçon: 26058151 -> 26058150, Longueur: 108.79178m, Rue: Rue Cavenne
Tronçon: 26084483 -> 567871889, Longueur: 85.36358m, Rue: Rue Clément Marot
Tronçon: 26084483 -> 26084484, Longueur: 35.236244m, Rue: Rue Félix Brun
Tronçon: 26084483 -> 567871885, Longueur: 78.93216m, Rue: Rue Félix Brun
Tronçon: 26084485 -> 567371628, Longueur: 21.183493m, Rue: Rue Félix Brun
Tronçon: 26084485 -> 26084484, Longueur: 86.6579m, Rue: Rue Félix Brun
Tronçon: 26084485 -> 567371610, Longueur: 15.336975m, Rue: Rue des Girondins
Tronçon: 26084484 -> 26084483, Longueur: 35.236244m, Rue: Rue Félix Brun
Tronçon: 26084484 -> 26084485, Longueur: 86.6579m, Rue: Rue Félix Brun
Tronçon: 1109063437 -> 1109063392, Longueur: 90.10692m, Rue: Rue Léon Piat
Tronçon: 1109063437 -> 1109063423, Longueur: 32.19569m, Rue: Rue Léon Piat
Tronçon: 1109063437 -> 1109063402, Longueur: 23.623283m, Rue: Rue Léon Piat
Tronçon: 1109063433 -> 2479685608, Longueur: 3.7611125m, Rue: Petite Rue du Roulet
Tronçon: 1109063433 -> 197395453, Longueur: 101.50101m, Rue: Petite Rue du Roulet
Tronçon: 1109063433 -> 1109063403, Longueur: 219.54202m, Rue: Rue de l'Épi de Blé
Tronçon: 728283326 -> 728283328, Longueur: 82.72825m, Rue: Rue Marius Audin
Tronçon: 728283326 -> 26009822, Longueur: 9.080124m, Rue: Rue Jean Larrivé
Tronçon: 2285210449 -> 190866567, Longueur: 25.755104m, Rue: Rue Georges Clemenceau
Tronçon: 26058145 -> 26058147, Longueur: 63.542416m, Rue: Rue Pasteur
Tronçon: 26058145 -> 26058150, Longueur: 68.317726m, Rue: Rue de Bonald
Tronçon: 26058147 -> 26058160, Longueur: 61.69062m, Rue: Rue Pasteur
Tronçon: 26058147 -> 21674904, Longueur: 80.59852m, Rue: Rue Montesquieu
Tronçon: 26058148 -> 26058147, Longueur: 70.53264m, Rue: Rue Montesquieu
Tronçon: 26058148 -> 26058159, Longueur: 61.578537m, Rue: Rue Cavenne
Tronçon: 251069553 -> 26286696, Longueur: 75.61342m, Rue: Rue Louis
Tronçon: 251069553 -> 26286694, Longueur: 125.06325m, Rue: Rue Antoinette
Tronçon: 251069553 -> 251055998, Longueur: 140.91663m, Rue: Rue Antoinette
Tronçon: 25468043 -> 25468044, Longueur: 90.445274m, Rue: Cours Lafayette
Tronçon: 25468044 -> 25468032, Longueur: 166.06639m, Rue: Rue des Charmettes
Tronçon: 25468044 -> 3840320449, Longueur: 66.904915m, Rue: Cours Lafayette
Tronçon: 25468044 -> 25468066, Longueur: 91.20428m, Rue: Rue Étienne Richerand
Tronçon: 25468046 -> 25468037, Longueur: 73.44617m, Rue: Rue des Droits de l'Homme
Tronçon: 25468046 -> 25468039, Longueur: 68.25337m, Rue: Cours Lafayette
Tronçon: 25468040 -> 25468041, Longueur: 100.53371m, Rue: Rue Bellecombe
Tronçon: 25468040 -> 25468069, Longueur: 69.77439m, Rue: Rue Saint-Antoine
Tronçon: 25468041 -> 25468067, Longueur: 65.390274m, Rue: Rue Riboud
Tronçon: 25468041 -> 26086115, Longueur: 76.27878m, Rue: Rue Bellecombe
Tronçon: 25468042 -> 25468043, Longueur: 79.91555m, Rue: Cours Lafayette
Tronçon: 25468042 -> 25468007, Longueur: 163.15779m, Rue: Rue Sainte-Geneviève
Tronçon: 868450569 -> 868450761, Longueur: 28.66802m, Rue: Impasse Saint-Polycarpe
Tronçon: 25468037 -> 25468076, Longueur: 91.59352m, Rue: Rue des Droits de l'Homme
Tronçon: 25468037 -> 25468038, Longueur: 66.82673m, Rue: Rue Lannes
Tronçon: 25468037 -> 25468046, Longueur: 73.44617m, Rue: Rue des Droits de l'Homme
Tronçon: 25468037 -> 48837735, Longueur: 50.3151m, Rue: Rue Lannes
Tronçon: 25468038 -> 25468037, Longueur: 66.82673m, Rue: Rue Lannes
Tronçon: 25468038 -> 25468039, Longueur: 73.07805m, Rue: Rue Bellecombe
Tronçon: 25468039 -> 25468040, Longueur: 83.905945m, Rue: Rue Bellecombe
Tronçon: 25468039 -> 25468042, Longueur: 85.791885m, Rue: Cours Lafayette
Tronçon: 505061101 -> 191134595, Longueur: 126.782524m, Rue: Rue Émile Decorps
Tronçon: 505061101 -> 505061092, Longueur: 24.685703m, Rue: Rue Émile Decorps
Tronçon: 25468032 -> 25468006, Longueur: 98.51506m, Rue: Rue Germain
Tronçon: 25468032 -> 25468030, Longueur: 125.927605m, Rue: Rue des Charmettes
Tronçon: 26155540 -> 26464323, Longueur: 139.33737m, Rue: Rue Jean-Marc Bernard
Tronçon: 26155540 -> 388568803, Longueur: 68.1403m, Rue: Avenue Lacassagne
Tronçon: 25468033 -> 25468032, Longueur: 64.836044m, Rue: Rue Germain
Tronçon: 25468033 -> 3840320449, Longueur: 166.76808m, Rue: Rue Notre-Dame
Tronçon: 26155541 -> 26155424, Longueur: 107.28122m, Rue: Rue Constant
Tronçon: 26155541 -> 26149173, Longueur: 181.71822m, Rue: Rue de la Balme
Tronçon: 25468035 -> 25468025, Longueur: 167.62086m, Rue: Avenue Thiers
Tronçon: 25468035 -> 25468046, Longueur: 71.55295m, Rue: Cours Lafayette
Tronçon: 25468030 -> 25468028, Longueur: 123.64015m, Rue: Rue des Charmettes
Tronçon: 25468030 -> 25468005, Longueur: 104.055824m, Rue: Rue de la Viabert
Tronçon: 25306186 -> 612426770, Longueur: 64.7901m, Rue: Rue François Garcin
Tronçon: 25306186 -> 26033460, Longueur: 76.107735m, Rue: Rue de la Part-Dieu
Tronçon: 25306186 -> 25258759, Longueur: 76.18217m, Rue: Rue François Garcin
Tronçon: 25468029 -> 25468028, Longueur: 62.691505m, Rue: Rue Millon
Tronçon: 25468029 -> 3875764382, Longueur: 119.359406m, Rue: Rue Jean-Claude Vivant
Tronçon: 25306185 -> 25258720, Longueur: 76.750595m, Rue: Rue Duguesclin
Tronçon: 25306185 -> 25306186, Longueur: 58.319233m, Rue: Rue de la Part-Dieu
Tronçon: 25468025 -> 25468022, Longueur: 126.99609m, Rue: Avenue Thiers
Tronçon: 25468027 -> 26296850, Longueur: 122.47807m, Rue: Rue des Charmettes
Tronçon: 25468028 -> 25468027, Longueur: 104.60705m, Rue: Rue des Charmettes
Tronçon: 25468028 -> 25468014, Longueur: 110.4284m, Rue: Rue Millon
Tronçon: 25306180 -> 26053253, Longueur: 89.994995m, Rue: Rue Mazenod
Tronçon: 25306180 -> 25306181, Longueur: 79.916374m, Rue: Avenue Maréchal de Saxe
Tronçon: 25306182 -> 2181616436, Longueur: 13.110836m, Rue: Rue Vendôme
Tronçon: 25306182 -> 25306183, Longueur: 81.35594m, Rue: Rue de la Part-Dieu
Tronçon: 25306181 -> 26027220, Longueur: 87.48274m, Rue: Avenue Maréchal de Saxe
Tronçon: 25306181 -> 25306182, Longueur: 75.32621m, Rue: Rue de la Part-Dieu
Tronçon: 25306184 -> 25258721, Longueur: 76.3205m, Rue: Rue Voltaire
Tronçon: 25306184 -> 25306185, Longueur: 47.31283m, Rue: Rue de la Part-Dieu
Tronçon: 25306183 -> 25306184, Longueur: 47.58821m, Rue: Rue de la Part-Dieu
Tronçon: 25306183 -> 26027222, Longueur: 85.86214m, Rue: Rue de Créqui
Tronçon: 25468021 -> 25468020, Longueur: 93.36296m, Rue: Rue Pétrequin
Tronçon: 25468021 -> 25468023, Longueur: 61.821022m, Rue: Rue de la Gaîté
Tronçon: 25468022 -> 376378078, Longueur: 11.697491m, Rue: Rue de la Viabert
Tronçon: 25468022 -> 25468023, Longueur: 106.3375m, Rue: Avenue Thiers
Tronçon: 25468023 -> 25468024, Longueur: 94.01309m, Rue: Avenue Thiers
Tronçon: 25468024 -> 25468020, Longueur: 58.909145m, Rue: Rue Jean Broquin
Tronçon: 25468024 -> 33062369, Longueur: 124.5565m, Rue: Avenue Thiers
Tronçon: 868450596 -> 868450777, Longueur: 5.4498053m, Rue: Quai André Lassagne
Tronçon: 868450596 -> 868450739, Longueur: 9.078406m, Rue: Place Tolozan
Tronçon: 25468020 -> 25468024, Longueur: 58.909145m, Rue: Rue Jean Broquin
Tronçon: 25468020 -> 1678246930, Longueur: 67.18745m, Rue: Rue Pétrequin
Tronçon: 25468020 -> 25468019, Longueur: 56.39859m, Rue: Rue Jean Broquin
Tronçon: 25468020 -> 25468021, Longueur: 93.36296m, Rue: Rue Pétrequin
Tronçon: 25306175 -> 25258535, Longueur: 48.1111m, Rue: Rue Paul Bert
Tronçon: 25468018 -> 25468013, Longueur: 28.38518m, Rue: Rue d'Inkermann
Tronçon: 25468018 -> 25468017, Longueur: 79.11786m, Rue: Rue Jean Broquin
Tronçon: 25468019 -> 25468020, Longueur: 56.39859m, Rue: Rue Jean Broquin
Tronçon: 25468019 -> 25468012, Longueur: 96.10059m, Rue: Rue Bellecombe
Tronçon: 25468019 -> 25468017, Longueur: 120.64753m, Rue: Rue Jean Broquin
Tronçon: 470040825 -> 55447011, Longueur: 113.07424m, Rue: 
Tronçon: 25306176 -> 25258751, Longueur: 118.558975m, Rue: Rue de Créqui
Tronçon: 25306176 -> 25306175, Longueur: 48.320076m, Rue: Rue Paul Bert
Tronçon: 25468014 -> 25468005, Longueur: 124.56214m, Rue: Rue d'Inkermann
Tronçon: 25306178 -> 21604549, Longueur: 83.76844m, Rue: Avenue Maréchal de Saxe
Tronçon: 21993013 -> 565368324, Longueur: 86.49793m, Rue: Petite Rue de Monplaisir
Tronçon: 21993013 -> 21992995, Longueur: 76.79771m, Rue: Rue Édouard Rochet
Tronçon: 21993013 -> 21992980, Longueur: 75.947624m, Rue: Petite Rue de Monplaisir
Tronçon: 25468017 -> 26297627, Longueur: 123.675415m, Rue: Rue Jules Vallès
Tronçon: 25468017 -> 25468018, Longueur: 79.11786m, Rue: Rue Jean Broquin
Tronçon: 25468017 -> 25468019, Longueur: 120.64753m, Rue: Rue Jean Broquin
Tronçon: 1315984576 -> 1315984682, Longueur: 42.101345m, Rue: Rue Wilson
Tronçon: 1315984573 -> 1315984684, Longueur: 94.130714m, Rue: Rue du Parc
Tronçon: 1315984573 -> 2512682687, Longueur: 43.6763m, Rue: Rue du Parc
Tronçon: 25468010 -> 25468017, Longueur: 95.82602m, Rue: Rue Sainte-Geneviève
Tronçon: 25468010 -> 2282851220, Longueur: 14.223561m, Rue: Rue de la Gaîté
Tronçon: 25468010 -> 25468012, Longueur: 114.14191m, Rue: Rue de la Gaîté
Tronçon: 25468011 -> 25468010, Longueur: 23.069208m, Rue: Rue Sainte-Geneviève
Tronçon: 25468011 -> 2282851220, Longueur: 28.186407m, Rue: Petite Rue de la Viabert
Tronçon: 21993017 -> 21992995, Longueur: 54.23289m, Rue: Rue Saint-Théodore
Tronçon: 21993017 -> 21992980, Longueur: 80.674286m, Rue: Cours Albert Thomas
Tronçon: 25468012 -> 25468009, Longueur: 67.0621m, Rue: Rue Bellecombe
Tronçon: 25468012 -> 25468010, Longueur: 114.14191m, Rue: Rue de la Gaîté
Tronçon: 25468012 -> 25468021, Longueur: 56.99301m, Rue: Rue de la Gaîté
Tronçon: 25468013 -> 25468014, Longueur: 69.344864m, Rue: Rue d'Inkermann
Tronçon: 25468013 -> 25468027, Longueur: 125.52353m, Rue: Petite Rue de la Viabert
Tronçon: 21993015 -> 195276, Longueur: 33.907093m, Rue: Rue des Tuiliers
Tronçon: 21993015 -> 271415805, Longueur: 164.78891m, Rue: Rue Édouard Rochet
Tronçon: 25306164 -> 26059302, Longueur: 165.78749m, Rue: Rue Jean-Marie Chavant
Tronçon: 25306164 -> 3066729207, Longueur: 23.894476m, Rue: Cours Gambetta
Tronçon: 25468007 -> 25468008, Longueur: 97.37339m, Rue: Rue Germain
Tronçon: 25468007 -> 25468004, Longueur: 128.22372m, Rue: Rue Sainte-Geneviève
Tronçon: 25306163 -> 25306161, Longueur: 75.26804m, Rue: Rue Commandant Fuzier
Tronçon: 25306163 -> 1465125837, Longueur: 130.91153m, Rue: Rue Vendôme
Tronçon: 25468008 -> 25468076, Longueur: 65.996735m, Rue: Rue Germain
Tronçon: 25468008 -> 25468038, Longueur: 91.757515m, Rue: Rue Bellecombe
Tronçon: 25468009 -> 25468011, Longueur: 133.79297m, Rue: Petite Rue de la Viabert
Tronçon: 25468009 -> 25468003, Longueur: 41.13942m, Rue: Rue Bellecombe
Tronçon: 25468003 -> 25468008, Longueur: 130.23997m, Rue: Rue Bellecombe
Tronçon: 25468003 -> 25468022, Longueur: 127.23069m, Rue: Rue de la Viabert
Tronçon: 25468004 -> 25468011, Longueur: 95.76503m, Rue: Rue Sainte-Geneviève
Tronçon: 25468004 -> 25468003, Longueur: 105.83518m, Rue: Rue de la Viabert
Tronçon: 25468005 -> 25468004, Longueur: 78.26721m, Rue: Rue de la Viabert
Tronçon: 25468005 -> 25468006, Longueur: 127.41112m, Rue: Rue d'Inkermann
Tronçon: 25468006 -> 25468043, Longueur: 165.098m, Rue: Rue d'Inkermann
Tronçon: 25468006 -> 25468007, Longueur: 76.39737m, Rue: Rue Germain
Tronçon: 25306160 -> 26057043, Longueur: 34.783558m, Rue: Rue Villeroy
Tronçon: 25306160 -> 25306159, Longueur: 30.167866m, Rue: Avenue Maréchal de Saxe
Tronçon: 25306162 -> 25306160, Longueur: 86.508316m, Rue: Rue Villeroy
Tronçon: 25306162 -> 25306163, Longueur: 27.968678m, Rue: Rue Vendôme
Tronçon: 25306161 -> 26079697, Longueur: 69.193375m, Rue: Rue Commandant Fuzier
Tronçon: 25306161 -> 26079691, Longueur: 33.45729m, Rue: Avenue Maréchal de Saxe
Tronçon: 3393859927 -> 2034547839, Longueur: 15.589813m, Rue: Cours Albert Thomas
Tronçon: 3393859927 -> 3393859930, Longueur: 8.647819m, Rue: 
Tronçon: 1315984684 -> 2698476320, Longueur: 47.19194m, Rue: 
Tronçon: 1315984682 -> 1315984576, Longueur: 42.101345m, Rue: Rue Wilson
Tronçon: 1315984682 -> 21715083, Longueur: 72.99405m, Rue: Rue Wilson
Tronçon: 1315984682 -> 1315984607, Longueur: 216.9135m, Rue: Rue Henri Teissier
Tronçon: 3393859920 -> 25719228, Longueur: 7.7847524m, Rue: Rue du Général Mouton-Duvernet
Tronçon: 3393859920 -> 1036842078, Longueur: 74.09365m, Rue: Boulevard Vivier-Merle Cours Albert Thomas
Tronçon: 3393859920 -> 195262, Longueur: 53.857296m, Rue: Rue du Général Mouton-Duvernet
Tronçon: 1315984690 -> 1315984659, Longueur: 111.14609m, Rue: Rue Léon Boyer
Tronçon: 1315984690 -> 21715083, Longueur: 62.260216m, Rue: Boulevard Pinel
Tronçon: 254070189 -> 110422048, Longueur: 62.493042m, Rue: Rue Francis de Pressensé
Tronçon: 254070189 -> 110422017, Longueur: 41.51558m, Rue: Rue Francis de Pressensé
Tronçon: 1315984675 -> 2512682702, Longueur: 6.577687m, Rue: Rue Édouard Branly
Tronçon: 1315984675 -> 21715088, Longueur: 36.29253m, Rue: Boulevard Pinel
Tronçon: 1315984675 -> 1315984564, Longueur: 83.23393m, Rue: Rue Édouard Branly
Tronçon: 3393859930 -> 2841904730, Longueur: 10.372925m, Rue: 
Tronçon: 26480163 -> 26480152, Longueur: 42.75565m, Rue: Quai Jean Moulin
Tronçon: 26480163 -> 35220546, Longueur: 150.4492m, Rue: Place Louis Pradel
Tronçon: 2283399575 -> 26480163, Longueur: 11.325496m, Rue: Quai Jean Moulin
Tronçon: 2283399575 -> 175379380, Longueur: 31.762432m, Rue: Quai Jean Moulin
Tronçon: 3393859904 -> 195259, Longueur: 207.29044m, Rue: Boulevard Vivier-Merle
Tronçon: 26480152 -> 26480136, Longueur: 111.35879m, Rue: Quai Jean Moulin
Tronçon: 26480152 -> 26480365, Longueur: 28.376707m, Rue: Rue Joseph Serlin
Tronçon: 26480155 -> 26480152, Longueur: 103.12763m, Rue: Rue Joseph Serlin
Tronçon: 3066729207 -> 195254, Longueur: 57.928158m, Rue: Cours Gambetta
Tronçon: 1315984659 -> 1315984690, Longueur: 111.14609m, Rue: Rue Léon Boyer
Tronçon: 26480146 -> 26480155, Longueur: 37.70131m, Rue: Rue du Garet
Tronçon: 26480144 -> 26480136, Longueur: 90.35595m, Rue: Rue de l'Arbre Sec
Tronçon: 26480144 -> 26480146, Longueur: 59.636257m, Rue: Rue du Garet
Tronçon: 1701038065 -> 25611003, Longueur: 18.365248m, Rue: Avenue Lacassagne
Tronçon: 1701038065 -> 25610774, Longueur: 35.136753m, Rue: Avenue Lacassagne
Tronçon: 1701038064 -> 25611043, Longueur: 25.763437m, Rue: Avenue Lacassagne
Tronçon: 1701038064 -> 25611052, Longueur: 27.306328m, Rue: Avenue Lacassagne
Tronçon: 25499220 -> 25499218, Longueur: 92.32122m, Rue: Rue Jaboulay
Tronçon: 25499220 -> 26058935, Longueur: 18.152414m, Rue: Rue Renan
Tronçon: 254580774 -> 25310908, Longueur: 41.21602m, Rue: Boulevard des Brotteaux
Tronçon: 245031145 -> 245031147, Longueur: 163.85109m, Rue: Avenue Victor Hugo
Tronçon: 245031145 -> 245026021, Longueur: 80.51601m, Rue: Rue Jean Jaurès
Tronçon: 245031147 -> 245031137, Longueur: 93.229836m, Rue: Rue Louis Maggiorini
Tronçon: 245031147 -> 245031146, Longueur: 59.713417m, Rue: Avenue Victor Hugo
Tronçon: 245031147 -> 245031145, Longueur: 163.85109m, Rue: Avenue Victor Hugo
Tronçon: 1315984649 -> 2512682686, Longueur: 34.31558m, Rue: Rue du Parc
Tronçon: 245031146 -> 245031147, Longueur: 59.713417m, Rue: Avenue Victor Hugo
Tronçon: 25471728 -> 25471059, Longueur: 184.1563m, Rue: Boulevard des États-Unis
Tronçon: 25471728 -> 25624055, Longueur: 75.95317m, Rue: Rue Joseph Chapelle
Tronçon: 35291281 -> 35291282, Longueur: 105.78471m, Rue: Petite Rue des Feuillants
Tronçon: 35291281 -> 25478611, Longueur: 43.10693m, Rue: Place du Griffon
Tronçon: 35291281 -> 35224314, Longueur: 54.52539m, Rue: Rue du Griffon
Tronçon: 35291282 -> 868450739, Longueur: 82.729614m, Rue: Place Tolozan
Tronçon: 35291282 -> 35291293, Longueur: 17.151993m, Rue: Grande Rue des Feuillants
Tronçon: 25499218 -> 25499210, Longueur: 89.78375m, Rue: Rue Saint-Jérôme
Tronçon: 25499218 -> 15925452, Longueur: 73.58634m, Rue: Rue Jaboulay
Tronçon: 25499219 -> 25499218, Longueur: 98.30856m, Rue: Rue Saint-Jérôme
Tronçon: 25499219 -> 26058937, Longueur: 52.597775m, Rue: Rue du Professeur Grignard
Tronçon: 35291288 -> 35291289, Longueur: 73.00506m, Rue: Rue de Thou
Tronçon: 35291288 -> 3923472452, Longueur: 44.03035m, Rue: Place Croix-Paquet
Tronçon: 35291288 -> 35224310, Longueur: 57.26953m, Rue: Place Croix-Paquet
Tronçon: 25499216 -> 25499217, Longueur: 36.69459m, Rue: Rue Chevreul
Tronçon: 25499216 -> 581678, Longueur: 107.394485m, Rue: Avenue Jean Jaurès
Tronçon: 35291289 -> 35291288, Longueur: 73.00506m, Rue: Rue de Thou
Tronçon: 25499217 -> 25153100, Longueur: 93.86105m, Rue: Rue Élie Rochette
Tronçon: 25499217 -> 25499150, Longueur: 83.70889m, Rue: Rue Chevreul
Tronçon: 25499215 -> 25499216, Longueur: 97.12014m, Rue: Rue Chevreul
Tronçon: 25499215 -> 25499220, Longueur: 102.1311m, Rue: Rue Renan
Tronçon: 25499212 -> 25499215, Longueur: 33.464146m, Rue: Rue Renan
Tronçon: 25499210 -> 25499215, Longueur: 22.91215m, Rue: Rue Chevreul
Tronçon: 1259561375 -> 1288817934, Longueur: 83.691925m, Rue: Rue Professeur Louis Roche
Tronçon: 1699170901 -> 55444180, Longueur: 7.9343386m, Rue: Rue Frédéric Fays
Tronçon: 1699170901 -> 55444244, Longueur: 137.88548m, Rue: Rue Léon Blum
Tronçon: 1699170901 -> 1637479775, Longueur: 309.0828m, Rue: Rue Frédéric Fays
Tronçon: 25471719 -> 25471737, Longueur: 97.04487m, Rue: Rue Antoine Péricaud
Tronçon: 25471719 -> 25471741, Longueur: 112.64196m, Rue: Rue Joseph Chapelle
Tronçon: 25471719 -> 25471743, Longueur: 101.635605m, Rue: Rue Antoine Péricaud
Tronçon: 25471717 -> 25471719, Longueur: 70.772934m, Rue: Rue Joseph Chapelle
Tronçon: 25471717 -> 48880063, Longueur: 87.460075m, Rue: Rue du Bocage
Tronçon: 25471715 -> 25525378, Longueur: 32.97337m, Rue: Rue Paul Cazeneuve
Tronçon: 25471715 -> 25471717, Longueur: 210.61961m, Rue: Rue du Bocage
Tronçon: 25471715 -> 644712590, Longueur: 5.667331m, Rue: Rue Paul Cazeneuve
Tronçon: 35291291 -> 35291290, Longueur: 104.17117m, Rue: Quai André Lassagne
Tronçon: 35291291 -> 35291294, Longueur: 51.705177m, Rue: Rue Eugénie Brazier
Tronçon: 639567628 -> 21604553, Longueur: 51.898373m, Rue: Avenue du Maréchal de Saxe
Tronçon: 639567628 -> 695208116, Longueur: 84.02368m, Rue: Place Edgar Quinet
Tronçon: 35291292 -> 35291290, Longueur: 48.923786m, Rue: Rue Roger Violi
Tronçon: 35291292 -> 35291294, Longueur: 103.80768m, Rue: Rue Royale
Tronçon: 35291290 -> 26740271, Longueur: 62.4543m, Rue: Quai André Lassagne
Tronçon: 35291293 -> 35291292, Longueur: 83.118m, Rue: Rue Royale
Tronçon: 35291293 -> 3923472452, Longueur: 89.621925m, Rue: Grande Rue des Feuillants
Tronçon: 35291294 -> 35291297, Longueur: 35.946625m, Rue: Rue Eugénie Brazier
Tronçon: 35291297 -> 252466530, Longueur: 101.150475m, Rue: Rue Alsace Lorraine
Tronçon: 35291297 -> 3923472452, Longueur: 108.23696m, Rue: Rue Alsace Lorraine
Tronçon: 35291298 -> 26740276, Longueur: 72.25842m, Rue: Quai André Lassagne Tunnel de la Croix-Rousse
Tronçon: 1315984629 -> 60901938, Longueur: 71.98886m, Rue: Rue des Essarts
Tronçon: 1315984629 -> 1315984556, Longueur: 188.68517m, Rue: Rue du Sergent Buttin
Tronçon: 1315984629 -> 1315984606, Longueur: 72.04899m, Rue: Rue des Essarts
Tronçon: 15925452 -> 25451866, Longueur: 49.372665m, Rue: Rue Jaboulay
Tronçon: 15925452 -> 15925451, Longueur: 114.79578m, Rue: Rue d'Anvers
Tronçon: 15925451 -> 25499219, Longueur: 118.048454m, Rue: Rue du Professeur Grignard
Tronçon: 15925451 -> 9214651, Longueur: 93.01801m, Rue: Rue Bancel
Tronçon: 15925438 -> 18697400, Longueur: 98.89972m, Rue: Rue Rachais
Tronçon: 15925438 -> 195249, Longueur: 187.51176m, Rue: Grande Rue de la Guillotière
Tronçon: 2587605830 -> 1026030552, Longueur: 164.28297m, Rue: Route de Vienne
Tronçon: 2587605830 -> 59654817, Longueur: 14.047006m, Rue: Route de Vienne
Tronçon: 26480182 -> 2283399575, Longueur: 60.723553m, Rue: Quai André Lassagne Quai Jean Moulin
Tronçon: 110422060 -> 71262664, Longueur: 114.800476m, Rue: Rue Marteret
Tronçon: 110422060 -> 34500667, Longueur: 71.198326m, Rue: Avenue Roger Salengro
Tronçon: 110422060 -> 71262774, Longueur: 80.53438m, Rue: Avenue Roger Salengro
Tronçon: 110422060 -> 60685055, Longueur: 177.07706m, Rue: Rue Descartes
Tronçon: 110422063 -> 110422068, Longueur: 120.003044m, Rue: Rue Alexis Perroncel
Tronçon: 15925440 -> 25152444, Longueur: 60.756367m, Rue: Grande Rue de la Guillotière
Tronçon: 110422065 -> 1299295947, Longueur: 128.27814m, Rue: Rue Mauvert
Tronçon: 110422065 -> 110422063, Longueur: 89.01055m, Rue: Rue Alexis Perroncel
Tronçon: 15925442 -> 30267248, Longueur: 344.43073m, Rue: Boulevard des Tchécoslovaques Rue de l'Épargne
Tronçon: 15925442 -> 143439, Longueur: 200.11652m, Rue: Rue de l'Épargne
Tronçon: 110422067 -> 110422065, Longueur: 66.72488m, Rue: Rue Alexis Perroncel
Tronçon: 110422067 -> 3400498621, Longueur: 214.71617m, Rue: Rue Yvonne
Tronçon: 110422067 -> 1299295953, Longueur: 98.515274m, Rue: Impasse Yvonne
Tronçon: 110422066 -> 1299295955, Longueur: 54.62932m, Rue: Rue Alexis Perroncel
Tronçon: 15925447 -> 1856728232, Longueur: 29.499687m, Rue: Rue Duguesclin
Tronçon: 15925447 -> 25306020, Longueur: 114.718735m, Rue: Cours Gambetta
Tronçon: 110422068 -> 822274655, Longueur: 119.362656m, Rue: Rue Alexis Perroncel
Tronçon: 110422068 -> 190817778, Longueur: 74.66448m, Rue: Rue Édouard Vaillant
Tronçon: 15925446 -> 25306034, Longueur: 78.18533m, Rue: Rue André Philip
Tronçon: 15925446 -> 975232215, Longueur: 125.62059m, Rue: Cours Gambetta
Tronçon: 1400710127 -> 26035040, Longueur: 40.19497m, Rue: Rue Juliette Récamier
Tronçon: 1400710127 -> 25310910, Longueur: 69.51299m, Rue: Boulevard des Brotteaux
Tronçon: 2158614641 -> 26058651, Longueur: 13.133172m, Rue: Place Gabriel Péri
Tronçon: 2158614641 -> 249717502, Longueur: 212.0204m, Rue: Cours Gambetta
Tronçon: 245031101 -> 245031108, Longueur: 130.37054m, Rue: Rue Carnot
Tronçon: 245031105 -> 245031108, Longueur: 77.516174m, Rue: Rue Villard
Tronçon: 245031105 -> 245031103, Longueur: 211.03992m, Rue: Avenue Pasteur
Tronçon: 1315984607 -> 60901938, Longueur: 67.53967m, Rue: Rue des Essarts
Tronçon: 1315984607 -> 1315984682, Longueur: 216.9135m, Rue: Rue Henri Teissier
Tronçon: 1315984607 -> 21715082, Longueur: 60.116817m, Rue: Rue des Essarts
Tronçon: 245031103 -> 245031105, Longueur: 211.03992m, Rue: Avenue Pasteur
Tronçon: 1315984606 -> 1315984629, Longueur: 72.04899m, Rue: Rue des Essarts
Tronçon: 1315984606 -> 1315984563, Longueur: 251.8222m, Rue: Rue du Parc
Tronçon: 1315984606 -> 60901941, Longueur: 127.865036m, Rue: Rue des Essarts
Tronçon: 245031108 -> 245031106, Longueur: 94.03229m, Rue: Rue Villard
Tronçon: 245031108 -> 245031105, Longueur: 77.516174m, Rue: Rue Villard
Tronçon: 245031108 -> 1349383079, Longueur: 225.2108m, Rue: Rue Carnot
Tronçon: 55416524 -> 55429279, Longueur: 226.84042m, Rue: Boulevard Laurent Bonnevay
Tronçon: 245031106 -> 245023208, Longueur: 152.82278m, Rue: Avenue du Bois
Tronçon: 245031106 -> 245031108, Longueur: 94.03229m, Rue: Rue Villard
Tronçon: 190903067 -> 190903058, Longueur: 7.682776m, Rue: 
Tronçon: 190903067 -> 190903076, Longueur: 16.431908m, Rue: 
Tronçon: 190903067 -> 342904849, Longueur: 158.63582m, Rue: Rue Pierre-Joseph Proudhon
Tronçon: 110422048 -> 190817752, Longueur: 199.50856m, Rue: Rue Francis de Pressensé
Tronçon: 110422048 -> 254070189, Longueur: 62.493042m, Rue: Rue Francis de Pressensé
Tronçon: 110422048 -> 321238837, Longueur: 110.06684m, Rue: Rue Branly
Tronçon: 55416533 -> 386185878, Longueur: 665.8015m, Rue: Boulevard Laurent Bonnevay
Tronçon: 60728860 -> 60728859, Longueur: 11.584941m, Rue: Boulevard du 11 Novembre 1918
Tronçon: 60728860 -> 249759743, Longueur: 308.0951m, Rue: Boulevard de la Bataille de Stalingrad
Tronçon: 1606993801 -> 25316435, Longueur: 62.956097m, Rue: Rue de Sèze
Tronçon: 190903058 -> 190903047, Longueur: 14.322039m, Rue: 
Tronçon: 190903058 -> 190903067, Longueur: 7.682776m, Rue: 
Tronçon: 190903058 -> 190903087, Longueur: 71.54654m, Rue: Rue du 8 Mai 1945
Tronçon: 103755057 -> 55463564, Longueur: 271.18234m, Rue: Rue Eugène Fournière
Tronçon: 103755057 -> 103755052, Longueur: 21.690157m, Rue: Rue Eugène Fournière
Tronçon: 103755057 -> 249725347, Longueur: 162.87897m, Rue: Rue des Deux Frères
Tronçon: 190903039 -> 190951314, Longueur: 71.04478m, Rue: Rue de Mulhouse
Tronçon: 190903039 -> 190903043, Longueur: 131.58849m, Rue: Rue du 8 Mai 1945
Tronçon: 190903039 -> 190903037, Longueur: 98.395515m, Rue: Rue du 8 Mai 1945
Tronçon: 190903037 -> 190951290, Longueur: 203.2982m, Rue: Rue Professeur Calmette
Tronçon: 190903037 -> 190903036, Longueur: 43.695335m, Rue: Rue du 8 Mai 1945
Tronçon: 190903037 -> 190903039, Longueur: 98.395515m, Rue: Rue du 8 Mai 1945
Tronçon: 103755052 -> 103755057, Longueur: 21.690157m, Rue: Rue Eugène Fournière
Tronçon: 103755052 -> 325772549, Longueur: 32.520096m, Rue: Rue Charrin
Tronçon: 103755052 -> 1835868021, Longueur: 80.40853m, Rue: Rue Eugène Fournière
Tronçon: 928170073 -> 928170072, Longueur: 47.44059m, Rue: Place Jean Jaurès
Tronçon: 264496810 -> 264496809, Longueur: 95.666695m, Rue: Rue Rabelais
Tronçon: 264496810 -> 26027233, Longueur: 127.267975m, Rue: Rue Duguesclin
Tronçon: 928170072 -> 25468217, Longueur: 110.012436m, Rue: Rue de Gerland
Tronçon: 928170072 -> 25468218, Longueur: 54.178432m, Rue: Rue de Gerland
Tronçon: 928170072 -> 928170073, Longueur: 47.44059m, Rue: Place Jean Jaurès
Tronçon: 26290948 -> 26297627, Longueur: 128.05487m, Rue: Rue Dedieu
Tronçon: 26290948 -> 26295043, Longueur: 60.858715m, Rue: Rue Bellecombe
Tronçon: 190903047 -> 190903058, Longueur: 14.322039m, Rue: 
Tronçon: 190903047 -> 190903043, Longueur: 8.773032m, Rue: 
Tronçon: 190903047 -> 190951422, Longueur: 156.32144m, Rue: Rue Louise Michel
Tronçon: 110422030 -> 110422035, Longueur: 88.81415m, Rue: Cours Émile Zola
Tronçon: 110422030 -> 58584525, Longueur: 6.2207456m, Rue: Cours Émile Zola
Tronçon: 60728859 -> 25733769, Longueur: 12.647013m, Rue: Boulevard de la Bataille de Stalingrad
Tronçon: 60728859 -> 249759738, Longueur: 65.420166m, Rue: Boulevard du 11 Novembre 1918
Tronçon: 264496809 -> 21674802, Longueur: 80.19649m, Rue: Rue Rabelais
Tronçon: 264496809 -> 25319183, Longueur: 82.26866m, Rue: Rue de Créqui
Tronçon: 190903043 -> 190903047, Longueur: 8.773032m, Rue: 
Tronçon: 190903043 -> 190903076, Longueur: 8.505548m, Rue: 
Tronçon: 190903043 -> 190903039, Longueur: 131.58849m, Rue: Rue du 8 Mai 1945
Tronçon: 110422035 -> 110422030, Longueur: 88.81415m, Rue: Cours Émile Zola
Tronçon: 110422035 -> 58584526, Longueur: 141.34332m, Rue: Cours Émile Zola
Tronçon: 110422035 -> 321238837, Longueur: 153.73137m, Rue: Rue Branly
Tronçon: 110422026 -> 110422017, Longueur: 59.255436m, Rue: Rue Francis de Pressensé
Tronçon: 110422026 -> 110422013, Longueur: 41.957672m, Rue: Rue Francis de Pressensé
Tronçon: 1384133087 -> 1384133080, Longueur: 37.01288m, Rue: Avenue Henri Barbusse
Tronçon: 1384133087 -> 25932602, Longueur: 15.424824m, Rue: Cours Émile Zola
Tronçon: 1384133087 -> 58584524, Longueur: 43.734455m, Rue: Cours Émile Zola
Tronçon: 245031137 -> 245031147, Longueur: 93.229836m, Rue: Rue Louis Maggiorini
Tronçon: 245031137 -> 245026021, Longueur: 152.01743m, Rue: Avenue d'Annonay
Tronçon: 245031137 -> 245026022, Longueur: 46.885967m, Rue: Avenue d'Annonay
Tronçon: 245031137 -> 1373825334, Longueur: 64.82694m, Rue: Rue Paul Pic
Tronçon: 103755060 -> 21604594, Longueur: 26.04043m, Rue: Place d'Arsonval
Tronçon: 103755060 -> 21702438, Longueur: 24.10737m, Rue: Place d'Arsonval
Tronçon: 1384133080 -> 25932602, Longueur: 33.248787m, Rue: Avenue Henri Barbusse
Tronçon: 1384133080 -> 249084445, Longueur: 119.83225m, Rue: Avenue Henri Barbusse
Tronçon: 26053253 -> 26053251, Longueur: 69.19398m, Rue: Rue Mazenod
Tronçon: 26053253 -> 26054495, Longueur: 61.297806m, Rue: Rue Pierre Corneille
Tronçon: 26463665 -> 26470098, Longueur: 111.52274m, Rue: Rue des Peupliers
Tronçon: 26463665 -> 624172842, Longueur: 13.61647m, Rue: Avenue Lacassagne
Tronçon: 26463665 -> 26463666, Longueur: 96.53003m, Rue: Avenue Lacassagne
Tronçon: 26463666 -> 26464258, Longueur: 72.54352m, Rue: Rue Montaigne
Tronçon: 26463666 -> 26463665, Longueur: 96.53003m, Rue: Avenue Lacassagne
Tronçon: 26463666 -> 26463669, Longueur: 51.055664m, Rue: Avenue Lacassagne
Tronçon: 26053251 -> 26053249, Longueur: 78.24557m, Rue: Rue de Sévigné
Tronçon: 26053251 -> 26053252, Longueur: 45.409756m, Rue: Rue Mazenod
Tronçon: 26463667 -> 26464320, Longueur: 107.75593m, Rue: Rue Trarieux
Tronçon: 26463667 -> 26463669, Longueur: 125.646904m, Rue: Avenue Lacassagne
Tronçon: 26463667 -> 26470389, Longueur: 30.700241m, Rue: Avenue Lacassagne
Tronçon: 26053252 -> 26053928, Longueur: 61.341007m, Rue: Rue Mazenod
Tronçon: 26053252 -> 26053540, Longueur: 61.339367m, Rue: Rue Duphot
Tronçon: 26463669 -> 26464261, Longueur: 88.660446m, Rue: Rue François Villon
Tronçon: 26463669 -> 26463666, Longueur: 51.055664m, Rue: Avenue Lacassagne
Tronçon: 26463669 -> 26463667, Longueur: 125.646904m, Rue: Avenue Lacassagne
Tronçon: 26053250 -> 25306181, Longueur: 89.83152m, Rue: Rue de la Part-Dieu
Tronçon: 26053250 -> 26053253, Longueur: 78.94592m, Rue: Rue Pierre Corneille
Tronçon: 25499208 -> 25499210, Longueur: 86.63033m, Rue: Rue Chevreul
Tronçon: 25499208 -> 15925452, Longueur: 91.521m, Rue: Rue d'Anvers
Tronçon: 190903036 -> 342914321, Longueur: 65.56973m, Rue: Rue du 8 Mai 1945
Tronçon: 190903036 -> 190903037, Longueur: 43.695335m, Rue: Rue du 8 Mai 1945
Tronçon: 190903030 -> 190904320, Longueur: 188.00931m, Rue: Rue Lançon
Tronçon: 190903030 -> 342914321, Longueur: 43.90615m, Rue: Rue du 8 Mai 1945
Tronçon: 190903030 -> 190903024, Longueur: 67.266975m, Rue: Rue du 8 Mai 1945
Tronçon: 110422017 -> 254070189, Longueur: 41.51558m, Rue: Rue Francis de Pressensé
Tronçon: 110422017 -> 110422026, Longueur: 59.255436m, Rue: Rue Francis de Pressensé
Tronçon: 110422017 -> 110422030, Longueur: 253.98537m, Rue: Rue Jean Bourgey
Tronçon: 362076524 -> 26086273, Longueur: 53.82268m, Rue: Rue des Cuirassiers
Tronçon: 362076524 -> 26033322, Longueur: 71.00682m, Rue: Rue Paul Bert
Tronçon: 362076524 -> 26033323, Longueur: 69.4218m, Rue: Rue d'Essling
Tronçon: 362076524 -> 26033324, Longueur: 68.8328m, Rue: Rue Paul Bert
Tronçon: 110422013 -> 110422009, Longueur: 119.7716m, Rue: Rue Francis de Pressensé
Tronçon: 110422013 -> 110422026, Longueur: 41.957672m, Rue: Rue Francis de Pressensé
Tronçon: 110422013 -> 190817812, Longueur: 163.4343m, Rue: Rue Billon
Tronçon: 110422009 -> 2685072832, Longueur: 12.716948m, Rue: Rue Francis de Pressensé
Tronçon: 110422009 -> 110422013, Longueur: 119.7716m, Rue: Rue Francis de Pressensé
Tronçon: 2294100851 -> 15925442, Longueur: 143.09781m, Rue: Rue de l'Épargne
Tronçon: 2294100851 -> 26576932, Longueur: 132.91972m, Rue: Boulevard des Tchécoslovaques
Tronçon: 529136501 -> 35291575, Longueur: 29.244936m, Rue: Montée Saint-Sébastien
Tronçon: 868438829 -> 26155375, Longueur: 83.254456m, Rue: Rue Charles Richard
Tronçon: 190903095 -> 190951407, Longueur: 247.89882m, Rue: Rue Émile Cheysson
Tronçon: 190903095 -> 342907028, Longueur: 8.70082m, Rue: Rue du 8 Mai 1945
Tronçon: 190903095 -> 190903087, Longueur: 84.04016m, Rue: Rue du 8 Mai 1945
Tronçon: 986573876 -> 538824568, Longueur: 136.97739m, Rue: 
Tronçon: 986573876 -> 966190520, Longueur: 27.326916m, Rue: Avenue Pierre de Coubertin
Tronçon: 190903087 -> 190903058, Longueur: 71.54654m, Rue: Rue du 8 Mai 1945
Tronçon: 190903087 -> 190951414, Longueur: 167.54378m, Rue: Rue Alexandre Ribot
Tronçon: 190903087 -> 190903095, Longueur: 84.04016m, Rue: Rue du 8 Mai 1945
Tronçon: 190903076 -> 190903043, Longueur: 8.505548m, Rue: 
Tronçon: 190903076 -> 190903067, Longueur: 16.431908m, Rue: 
Tronçon: 190903076 -> 1637473456, Longueur: 27.553701m, Rue: Rue Greuze
Tronçon: 342907028 -> 342906826, Longueur: 141.82251m, Rue: 
Tronçon: 342907028 -> 342906618, Longueur: 26.543236m, Rue: Rue du 8 Mai 1945
Tronçon: 342907028 -> 190903095, Longueur: 8.70082m, Rue: Rue du 8 Mai 1945
Tronçon: 1042749339 -> 25319201, Longueur: 132.83101m, Rue: Rue Pierre Corneille
Tronçon: 1042749339 -> 25719219, Longueur: 79.10755m, Rue: Rue de Sèze
Tronçon: 25495339 -> 25495334, Longueur: 96.90867m, Rue: Rue Commandant Faurax
Tronçon: 25495339 -> 26052730, Longueur: 82.4339m, Rue: Rue Commandant Faurax
Tronçon: 25495339 -> 25495340, Longueur: 131.7735m, Rue: Rue de Créqui
Tronçon: 25495336 -> 25316186, Longueur: 64.2343m, Rue: Rue Barrême
Tronçon: 25495336 -> 25495338, Longueur: 27.25704m, Rue: Rue Boileau
Tronçon: 25495335 -> 21674806, Longueur: 79.8559m, Rue: Boulevard des Belges
Tronçon: 25495335 -> 25316186, Longueur: 96.93222m, Rue: Rue Félix Jacquier
Tronçon: 25495335 -> 25495338, Longueur: 112.82304m, Rue: Boulevard des Belges
Tronçon: 25495335 -> 25495334, Longueur: 62.873604m, Rue: Rue Commandant Faurax
Tronçon: 25495338 -> 25495347, Longueur: 47.461224m, Rue: Boulevard des Belges
Tronçon: 25495338 -> 25495335, Longueur: 112.82304m, Rue: Boulevard des Belges
Tronçon: 190903102 -> 190951520, Longueur: 254.46289m, Rue: Rue du 8 Mai 1945
Tronçon: 190903102 -> 342906618, Longueur: 37.529434m, Rue: Rue du 8 Mai 1945
Tronçon: 190903102 -> 342906843, Longueur: 107.96507m, Rue: Rue Michel Dupeuble
Tronçon: 190903102 -> 190951450, Longueur: 267.28726m, Rue: Rue Alfred Brinon
Tronçon: 25495334 -> 25316185, Longueur: 96.6675m, Rue: Rue Duguesclin
Tronçon: 25495334 -> 25495339, Longueur: 96.90867m, Rue: Rue Commandant Faurax
Tronçon: 25495334 -> 25495335, Longueur: 62.873604m, Rue: Rue Commandant Faurax
Tronçon: 25495347 -> 25495346, Longueur: 65.27271m, Rue: Boulevard des Belges
Tronçon: 25495347 -> 25495345, Longueur: 104.717834m, Rue: Rue Morellet
Tronçon: 25495347 -> 25495338, Longueur: 47.461224m, Rue: Boulevard des Belges
Tronçon: 25495346 -> 25495347, Longueur: 65.27271m, Rue: Boulevard des Belges
Tronçon: 25495346 -> 25495343, Longueur: 57.132843m, Rue: Rue Garibaldi
Tronçon: 25495343 -> 25495344, Longueur: 34.829926m, Rue: Rue du Lieutenant-Colonel Prévost
Tronçon: 25495343 -> 25498571, Longueur: 82.270485m, Rue: Rue Garibaldi
Tronçon: 25495345 -> 25495343, Longueur: 37.74534m, Rue: Rue du Lieutenant-Colonel Prévost
Tronçon: 25495344 -> 25495346, Longueur: 74.54282m, Rue: Boulevard des Belges
Tronçon: 25495340 -> 1655658195, Longueur: 60.359676m, Rue: 
Tronçon: 25495340 -> 21674805, Longueur: 60.315704m, Rue: Boulevard des Belges
Tronçon: 25495340 -> 21674806, Longueur: 123.47773m, Rue: Boulevard des Belges
Tronçon: 528892076 -> 891129803, Longueur: 8.730935m, Rue: Rue du Professeur Beauvisage
Tronçon: 528892076 -> 27362284, Longueur: 391.49353m, Rue: Avenue Paul Santy
Tronçon: 528892076 -> 1255306647, Longueur: 203.31926m, Rue: Rue du Professeur Beauvisage
Tronçon: 26106298 -> 26106297, Longueur: 56.04555m, Rue: Place des Jacobins
Tronçon: 26106298 -> 25743299, Longueur: 103.88362m, Rue: Rue du Président Édouard Herriot
Tronçon: 26106298 -> 26583863, Longueur: 152.65518m, Rue: Place de la République Rue Jean de Tournes
Tronçon: 26106297 -> 1029524866, Longueur: 36.94326m, Rue: Place des Jacobins
Tronçon: 1042749309 -> 1042749613, Longueur: 79.58837m, Rue: 
Tronçon: 1042749309 -> 21674809, Longueur: 48.19833m, Rue: Rue Vendôme
Tronçon: 60492194 -> 1361474570, Longueur: 67.27862m, Rue: Cours Émile Zola
Tronçon: 60492194 -> 25932598, Longueur: 197.53099m, Rue: Cours Émile Zola
Tronçon: 60492194 -> 55446998, Longueur: 150.74901m, Rue: Rue Victor Subit
Tronçon: 1042749302 -> 1042749297, Longueur: 73.47652m, Rue: Place Maréchal Lyautey
Tronçon: 1042749302 -> 26052934, Longueur: 130.65025m, Rue: Quai Général Sarrail
Tronçon: 2672660419 -> 26057106, Longueur: 120.3281m, Rue: Rue Paul Bert
Tronçon: 1384310579 -> 1384310580, Longueur: 129.50755m, Rue: Rue Louis Guerin
Tronçon: 1384310579 -> 252645518, Longueur: 172.607m, Rue: Rue Michel Rambaud
Tronçon: 1384310579 -> 25618439, Longueur: 30.304817m, Rue: Rue Michel Rambaud
Tronçon: 34499782 -> 3400498645, Longueur: 7.442739m, Rue: 
Tronçon: 34499782 -> 1637473467, Longueur: 118.57534m, Rue: Rue Château-Gaillard
Tronçon: 376378078 -> 376978465, Longueur: 292.63498m, Rue: Avenue Thiers
Tronçon: 376378078 -> 26035131, Longueur: 168.68459m, Rue: Rue de la Viabert
Tronçon: 1384310580 -> 24644347, Longueur: 57.100685m, Rue: Rue Louis Guérin
Tronçon: 1384310580 -> 25618436, Longueur: 118.45454m, Rue: Rue Antoine Barbier
Tronçon: 25722288 -> 25722292, Longueur: 384.57538m, Rue: Quai Charles de Gaulle
Tronçon: 25722288 -> 26023286, Longueur: 262.02713m, Rue: Quai Charles de Gaulle
Tronçon: 25610888 -> 26464257, Longueur: 62.683636m, Rue: Rue Coignet
Tronçon: 25610888 -> 25610774, Longueur: 27.277784m, Rue: Place Jules Hottin
Tronçon: 190903123 -> 190951520, Longueur: 21.754019m, Rue: Rue du 8 Mai 1945
Tronçon: 190903123 -> 1362204817, Longueur: 89.560234m, Rue: Rue du 8 Mai 1945
Tronçon: 190903123 -> 190951501, Longueur: 222.55418m, Rue: Rue René
Tronçon: 25722292 -> 25722293, Longueur: 99.341866m, Rue: Quai Charles de Gaulle
Tronçon: 25722292 -> 1438257885, Longueur: 20.04187m, Rue: Boulevard des Belges
Tronçon: 25722297 -> 25498533, Longueur: 202.63501m, Rue: Pont de Lattre de Tassigny
Tronçon: 25722294 -> 746310128, Longueur: 31.922234m, Rue: Avenue de Grande-Bretagne
Tronçon: 25722293 -> 26052730, Longueur: 107.04658m, Rue: Rue Vendôme
Tronçon: 25722293 -> 26052731, Longueur: 126.65026m, Rue: Avenue de Grande-Bretagne
Tronçon: 25722293 -> 21674805, Longueur: 81.25211m, Rue: Avenue de Grande-Bretagne
Tronçon: 2451394927 -> 967133152, Longueur: 27.314392m, Rue: 
Tronçon: 2451394927 -> 1036842225, Longueur: 52.81504m, Rue: Grande Rue de la Guillotière
Tronçon: 1370403198 -> 1370403200, Longueur: 16.588041m, Rue: Rue Émile Decorps
Tronçon: 1370403198 -> 4150021194, Longueur: 16.851885m, Rue: Rue Émile Decorps
Tronçon: 1383027258 -> 26286690, Longueur: 134.41188m, Rue: Rue Bonnand
Tronçon: 1383027258 -> 26286760, Longueur: 44.19373m, Rue: Rue Bonnand
Tronçon: 1370403192 -> 4146048139, Longueur: 60.12354m, Rue: Rue Émile Decorps
Tronçon: 1370403192 -> 1370403198, Longueur: 20.455664m, Rue: Rue Émile Decorps
Tronçon: 1370403183 -> 25611209, Longueur: 45.07846m, Rue: Rue du Vinatier
Tronçon: 1370403183 -> 1370403179, Longueur: 145.67622m, Rue: Impasse Chapuis
Tronçon: 24810638 -> 7470130, Longueur: 631.99963m, Rue: Quai du Docteur Gailleton Quai Jules Courmont
Tronçon: 24810638 -> 195222, Longueur: 418.0018m, Rue: Quai du Docteur Gailleton
Tronçon: 975232215 -> 1856728236, Longueur: 31.727324m, Rue: Avenue Félix Faure
Tronçon: 975232215 -> 15925447, Longueur: 39.49624m, Rue: Cours Gambetta
Tronçon: 25174163 -> 34402386, Longueur: 15.620764m, Rue: Rue de l'Abbé Boisard
Tronçon: 25174163 -> 18697415, Longueur: 73.835785m, Rue: Rue Garibaldi
Tronçon: 25174163 -> 2451394927, Longueur: 85.43765m, Rue: Grande Rue de la Guillotière Rue de l'Abbé Boisard
Tronçon: 24485749 -> 3101723978, Longueur: 79.7874m, Rue: Quai du Docteur Gailleton
Tronçon: 24485740 -> 24485754, Longueur: 129.71136m, Rue: Rue des Remparts d'Ainay
Tronçon: 1367639422 -> 55420619, Longueur: 64.670235m, Rue: 
Tronçon: 1367639422 -> 191134552, Longueur: 176.6112m, Rue: Rue de l'ÉgalitéCours Émile Zola
Tronçon: 342868447 -> 208769457, Longueur: 15.785075m, Rue: Rue Richelieu
Tronçon: 342868447 -> 208769312, Longueur: 82.82316m, Rue: Rue Richelieu
Tronçon: 342868447 -> 342869317, Longueur: 147.80559m, Rue: Allée du Couchant Allée de l'Enfance
Tronçon: 24809664 -> 838347881, Longueur: 109.40657m, Rue: Rue Auguste Comte
Tronçon: 24809664 -> 24809679, Longueur: 105.89363m, Rue: Rue François Dauphin
Tronçon: 1171867708 -> 35291571, Longueur: 209.42564m, Rue: Rue Magneval
Tronçon: 564766082 -> 564766063, Longueur: 147.9383m, Rue: Rue Montvert
Tronçon: 564766082 -> 257682550, Longueur: 114.14867m, Rue: Avenue Rockefeller
Tronçon: 564766082 -> 2512682814, Longueur: 8.25934m, Rue: Rue Montvert
Tronçon: 32973806 -> 3427659978, Longueur: 15.355552m, Rue: 
Tronçon: 32973806 -> 2238282801, Longueur: 172.20204m, Rue: Boulevard du 11 Novembre 1918
Tronçon: 32973806 -> 32973810, Longueur: 149.46504m, Rue: Avenue Claude Bernard
Tronçon: 24809679 -> 918297329, Longueur: 89.579025m, Rue: Rue de la Charité
Tronçon: 24809679 -> 1037257437, Longueur: 144.78261m, Rue: Rue Charles Biennier
Tronçon: 24809679 -> 1037257439, Longueur: 51.192547m, Rue: Rue de la Charité
Tronçon: 1042749384 -> 1042749232, Longueur: 65.090416m, Rue: Place du Maréchal Lyautey
Tronçon: 1606993790 -> 1606993792, Longueur: 70.2658m, Rue: Rue Vendôme
Tronçon: 1606993790 -> 25327135, Longueur: 61.343304m, Rue: Rue Louis Blanc
Tronçon: 1606993799 -> 1606993801, Longueur: 75.46694m, Rue: Rue Vendôme
Tronçon: 1606993799 -> 21674801, Longueur: 16.989798m, Rue: Rue Bossuet
Tronçon: 1606993796 -> 1042749228, Longueur: 63.595833m, Rue: Place Edgar Quinet
Tronçon: 1606993796 -> 695208116, Longueur: 18.078709m, Rue: Place Edgar Quinet
Tronçon: 1606993796 -> 1606993797, Longueur: 49.316322m, Rue: Rue Vendôme
Tronçon: 1606993797 -> 1606993799, Longueur: 55.86776m, Rue: Rue Vendôme
Tronçon: 1606993797 -> 25316399, Longueur: 63.587006m, Rue: Rue Cuvier
Tronçon: 1606993794 -> 1042749196, Longueur: 60.281635m, Rue: Place Edgar Quinet
Tronçon: 1606993794 -> 761253220, Longueur: 18.94463m, Rue: Place Edgar Quinet
Tronçon: 1606993792 -> 1606993794, Longueur: 84.985275m, Rue: Rue Vendôme
Tronçon: 1606993792 -> 25319194, Longueur: 18.448101m, Rue: Rue Vauban
Tronçon: 26053647 -> 1036025279, Longueur: 8.429303m, Rue: Rue Villeroy
Tronçon: 26480136 -> 26480120, Longueur: 64.22527m, Rue: Quai Jean Moulin
Tronçon: 21597591 -> 26106298, Longueur: 50.487698m, Rue: Rue du Président Édouard Herriot
Tronçon: 21597590 -> 26583688, Longueur: 52.79225m, Rue: Rue des Archers
Tronçon: 21597590 -> 21597594, Longueur: 83.834885m, Rue: Rue Émile Zola
Tronçon: 1356838561 -> 25611154, Longueur: 93.14925m, Rue: Boulevard Pinel
Tronçon: 21597593 -> 21597589, Longueur: 87.051476m, Rue: Rue Gasparin
Tronçon: 21597593 -> 2384797254, Longueur: 40.07686m, Rue: Place des Jacobins
Tronçon: 21597594 -> 1029524884, Longueur: 8.869344m, Rue: Rue Jean Fabre
Tronçon: 35224310 -> 35291288, Longueur: 57.26953m, Rue: Place Croix-Paquet
Tronçon: 35224310 -> 35224305, Longueur: 39.522015m, Rue: Montée Saint-Sébastien
Tronçon: 35224310 -> 35224308, Longueur: 16.891924m, Rue: Rue du Griffon
Tronçon: 26480120 -> 1471824481, Longueur: 21.28576m, Rue: Rue du Bât d'Argent
Tronçon: 26480120 -> 26480357, Longueur: 127.42654m, Rue: Quai Jean Moulin
Tronçon: 35224314 -> 35224308, Longueur: 13.881158m, Rue: Rue du Griffon
Tronçon: 32973810 -> 32973806, Longueur: 149.46504m, Rue: Avenue Claude Bernard
Tronçon: 21597588 -> 21597587, Longueur: 50.83807m, Rue: Rue Simon Maupin
Tronçon: 21597588 -> 21597804, Longueur: 69.86627m, Rue: Rue Gasparin
Tronçon: 21597587 -> 21597584, Longueur: 72.58329m, Rue: Rue du Président Édouard Herriot
Tronçon: 21597587 -> 21597586, Longueur: 59.11298m, Rue: Rue Simon Maupin
Tronçon: 251171098 -> 25303832, Longueur: 266.44214m, Rue: Rue Jules Verne
Tronçon: 251171098 -> 25303841, Longueur: 110.330574m, Rue: Rue Jeanne d'Arc
Tronçon: 251171098 -> 251171031, Longueur: 137.23657m, Rue: Rue de l'Est
Tronçon: 21597589 -> 21597588, Longueur: 71.08968m, Rue: Rue Gasparin
Tronçon: 21597589 -> 21597590, Longueur: 43.08272m, Rue: Rue des Archers
Tronçon: 24809692 -> 24485922, Longueur: 86.76064m, Rue: Rue de la Charité
Tronçon: 24809692 -> 1037257439, Longueur: 28.494156m, Rue: Rue de la Charité
Tronçon: 1370403178 -> 2858197804, Longueur: 94.5697m, Rue: Avenue Doyen Jean Lépine
Tronçon: 1370403178 -> 316535038, Longueur: 152.81384m, Rue: Avenue Doyen Jean Lépine
Tronçon: 1370403179 -> 1370403183, Longueur: 145.67622m, Rue: Impasse Chapuis
Tronçon: 1967907778 -> 270492131, Longueur: 15.975175m, Rue: Rue Paul Chenavard
Tronçon: 1967907778 -> 25722214, Longueur: 5.2285123m, Rue: Rue Paul Chenavard
Tronçon: 1967907778 -> 270492135, Longueur: 19.715868m, Rue: Place Meissonier
Tronçon: 761253220 -> 25319194, Longueur: 84.45615m, Rue: Rue Vendôme
Tronçon: 761253220 -> 1606993794, Longueur: 18.94463m, Rue: Place Edgar Quinet
Tronçon: 761253220 -> 1042749162, Longueur: 64.14251m, Rue: Place Edgar Quinet
Tronçon: 34401545 -> 25258521, Longueur: 104.409706m, Rue: Rue des Rancy
Tronçon: 34401545 -> 34401979, Longueur: 158.28804m, Rue: Rue Garibaldi
Tronçon: 34830594 -> 34829067, Longueur: 39.5866m, Rue: 
Tronçon: 34830594 -> 34830595, Longueur: 22.587744m, Rue: 
Tronçon: 1606993788 -> 25327136, Longueur: 19.907223m, Rue: Rue Robert
Tronçon: 1606993788 -> 1606993790, Longueur: 52.86065m, Rue: Rue Vendôme
Tronçon: 34830595 -> 191134345, Longueur: 121.34428m, Rue: Rue des Roses
Tronçon: 34830595 -> 34829069, Longueur: 33.296864m, Rue: 
Tronçon: 1383027249 -> 251171098, Longueur: 261.12875m, Rue: Rue Jeanne d'Arc
Tronçon: 1383027249 -> 25303836, Longueur: 199.94739m, Rue: Rue Amiral Courbet
Tronçon: 34830591 -> 2283924269, Longueur: 312.8194m, Rue: 
Tronçon: 26296850 -> 26296856, Longueur: 62.423557m, Rue: Rue Dedieu
Tronçon: 26296850 -> 2858254535, Longueur: 92.437645m, Rue: Rue des Charmettes
Tronçon: 26296856 -> 26416305, Longueur: 56.141205m, Rue: Rue Dedieu
Tronçon: 26296856 -> 25468029, Longueur: 231.8271m, Rue: Rue Jean-Claude Vivant
Tronçon: 1423529531 -> 1242516434, Longueur: 6.812537m, Rue: Rue Denis Papin
Tronçon: 959373366 -> 273218195, Longueur: 159.18677m, Rue: Rue Claudia
Tronçon: 959373366 -> 959373590, Longueur: 32.086624m, Rue: Place des Cordeliers
Tronçon: 21789166 -> 1148982723, Longueur: 59.525246m, Rue: Rue du Repos
Tronçon: 26289662 -> 21604576, Longueur: 325.6185m, Rue: Boulevard de l'Artillerie
Tronçon: 26289662 -> 26115853, Longueur: 255.81242m, Rue: Avenue Jean-François Raclet
Tronçon: 26289662 -> 21604566, Longueur: 461.60715m, Rue: Boulevard de l'Artillerie
Tronçon: 21597584 -> 21597585, Longueur: 84.512245m, Rue: Rue des Archers
Tronçon: 21597584 -> 21597589, Longueur: 46.34795m, Rue: Rue des Archers
Tronçon: 21597584 -> 2384797254, Longueur: 90.86112m, Rue: Rue du Président Édouard Herriot
Tronçon: 21597586 -> 21597587, Longueur: 59.11298m, Rue: Rue Simon Maupin
Tronçon: 21597585 -> 21597584, Longueur: 84.512245m, Rue: Rue des Archers
Tronçon: 34400264 -> 26033313, Longueur: 115.18493m, Rue: Rue Mazenod
Tronçon: 34400264 -> 3113108906, Longueur: 148.48814m, Rue: Rue du Docteur Bouchut
Tronçon: 34400264 -> 34401979, Longueur: 505.56763m, Rue: Rue Garibaldi
Tronçon: 34400264 -> 975656249, Longueur: 233.98187m, Rue: Rue Garibaldi
Tronçon: 34400264 -> 34400271, Longueur: 70.47029m, Rue: Rue Garibaldi
Tronçon: 26057106 -> 26057098, Longueur: 126.56524m, Rue: Rue Paul Bert
Tronçon: 26057106 -> 26316429, Longueur: 138.28099m, Rue: Rue Saint-Eusèbe
Tronçon: 26057109 -> 48830472, Longueur: 100.56292m, Rue: Rue de l'Espérance
Tronçon: 26057109 -> 2672660419, Longueur: 128.7313m, Rue: Rue de l'Espérance
Tronçon: 26057109 -> 48830470, Longueur: 136.30344m, Rue: Rue Antoine Charial
Tronçon: 34400271 -> 34401011, Longueur: 57.205273m, Rue: Rue Garibaldi
Tronçon: 34400269 -> 3113108906, Longueur: 5.504856m, Rue: Rue du Lac
Tronçon: 34400269 -> 34400264, Longueur: 146.73262m, Rue: Rue du Docteur Bouchut
Tronçon: 130144269 -> 253417073, Longueur: 90.78374m, Rue: Rue Claudius Linossier
Tronçon: 130144269 -> 130144270, Longueur: 52.067818m, Rue: Rue de la Tour du Pin
Tronçon: 130144269 -> 130143401, Longueur: 142.7105m, Rue: Rue Dumont d'Urville
Tronçon: 130144267 -> 1328321035, Longueur: 38.465534m, Rue: Rue Jeanne-Marie Célu
Tronçon: 130144267 -> 130144380, Longueur: 87.83644m, Rue: Rue Joséphin Soulary
Tronçon: 130144267 -> 253415591, Longueur: 16.471128m, Rue: Rue Jeanne-Marie Célu
Tronçon: 24485763 -> 24485740, Longueur: 56.62696m, Rue: Rue de la Charité
Tronçon: 24485763 -> 24485759, Longueur: 135.21075m, Rue: Rue Laurencin
Tronçon: 26289694 -> 25452888, Longueur: 127.60566m, Rue: Avenue Debourg
Tronçon: 26289694 -> 26289581, Longueur: 178.2696m, Rue: Rue de l'Effort
Tronçon: 26289694 -> 25452887, Longueur: 112.639366m, Rue: Avenue Debourg
Tronçon: 564766063 -> 564766082, Longueur: 147.9383m, Rue: Rue Montvert
Tronçon: 4146048139 -> 1370403192, Longueur: 60.12354m, Rue: Rue Émile Decorps
Tronçon: 4146048139 -> 4150019167, Longueur: 17.99415m, Rue: Rue Émile Decorps
Tronçon: 1480891862 -> 252626866, Longueur: 121.56198m, Rue: Avenue Piaton
Tronçon: 1480891862 -> 252628611, Longueur: 25.191965m, Rue: Avenue Salvador Allende
Tronçon: 1480891862 -> 252626807, Longueur: 31.666313m, Rue: Avenue Salvador Allende
Tronçon: 26084717 -> 26084716, Longueur: 74.71507m, Rue: Rue Victor Lagrange
Tronçon: 26084717 -> 26084718, Longueur: 89.53303m, Rue: Rue Camille Desmoulins
Tronçon: 26084716 -> 3446506083, Longueur: 82.977005m, Rue: Rue Victor Lagrange
Tronçon: 26084719 -> 26084608, Longueur: 73.462585m, Rue: Rue Gustave Nadaud
Tronçon: 26084719 -> 26084716, Longueur: 107.442245m, Rue: Rue Desaugiers
Tronçon: 26084719 -> 26084718, Longueur: 75.376785m, Rue: Rue Gustave Nadaud
Tronçon: 26084718 -> 26084719, Longueur: 75.376785m, Rue: Rue Gustave Nadaud
Tronçon: 130144266 -> 1171868956, Longueur: 127.47146m, Rue: Rue Jeanne-Marie Célu
Tronçon: 130144266 -> 230047436, Longueur: 55.456623m, Rue: Rue Justin Godart
Tronçon: 2238282801 -> 249759738, Longueur: 12.95394m, Rue: 
Tronçon: 2238282801 -> 25733769, Longueur: 67.28554m, Rue: Boulevard du 11 Novembre 1918
Tronçon: 1480891849 -> 252644528, Longueur: 13.974152m, Rue: Rue de Bat Yam
Tronçon: 1480891849 -> 1480891844, Longueur: 108.86452m, Rue: Cours André Philip
Tronçon: 24485759 -> 24485754, Longueur: 46.526062m, Rue: Quai du Docteur Gailleton
Tronçon: 1480891844 -> 1480891849, Longueur: 108.86452m, Rue: Cours André Philip
Tronçon: 1480891844 -> 34500650, Longueur: 14.128206m, Rue: Rond-Point des Charpennes
Tronçon: 1480891844 -> 34500655, Longueur: 7.6308002m, Rue: Rond-Point des Charpennes
Tronçon: 25614440 -> 54704577, Longueur: 165.13266m, Rue: Rue d'Alsace
Tronçon: 25614440 -> 54704581, Longueur: 67.62772m, Rue: Cours Tolstoï
Tronçon: 24485754 -> 3101723983, Longueur: 81.65564m, Rue: Quai du Docteur Gailleton
Tronçon: 1301701129 -> 838347949, Longueur: 5.724064m, Rue: Rue Victor Hugo
Tronçon: 252467947 -> 1734636083, Longueur: 66.67811m, Rue: Place Bellevue Rue Lebrun
Tronçon: 252467947 -> 230047436, Longueur: 80.503944m, Rue: Rue Lebrun
Tronçon: 252467947 -> 252466525, Longueur: 483.38733m, Rue: Montée Bonafous
Tronçon: 959373377 -> 25743306, Longueur: 29.920244m, Rue: Rue du Président Carnot
Tronçon: 959373377 -> 26583858, Longueur: 28.36618m, Rue: Rue du Président Carnot
Tronçon: 1990796150 -> 21604566, Longueur: 18.359356m, Rue: Rue Challemel-Lacour
Tronçon: 1990796150 -> 1056701798, Longueur: 34.87868m, Rue: Rue Challemel-Lacour
Tronçon: 130144280 -> 130144281, Longueur: 16.666986m, Rue: Rue Eugène Pons
Tronçon: 130144280 -> 253415075, Longueur: 25.437016m, Rue: Rue Joséphin Soulary
Tronçon: 130144280 -> 252502667, Longueur: 109.680664m, Rue: Rue Eugène Pons Rue des Actionnaires
Tronçon: 130144281 -> 130144280, Longueur: 16.666986m, Rue: Rue Eugène Pons
Tronçon: 130144281 -> 62026543, Longueur: 280.12762m, Rue: Cours d'Herbouville
Tronçon: 1426128895 -> 190951203, Longueur: 158.5278m, Rue: Rue Louis Galvani
Tronçon: 1426128895 -> 190951198, Longueur: 147.67929m, Rue: Rue Bourgchanin
Tronçon: 1426128895 -> 1480230656, Longueur: 51.959602m, Rue: Rue Louis Galvani
Tronçon: 26132617 -> 26132388, Longueur: 173.61293m, Rue: Rue du Professeur Tavernier
Tronçon: 26132620 -> 26132388, Longueur: 78.40502m, Rue: Rue du Professeur Beauvisage
Tronçon: 26132620 -> 26132621, Longueur: 18.668295m, Rue: Rue du Professeur Beauvisage
Tronçon: 26132621 -> 25624136, Longueur: 232.24734m, Rue: Boulevard des États-Unis
Tronçon: 26132621 -> 27362923, Longueur: 77.477974m, Rue: Rue du Professeur Beauvisage
Tronçon: 26132621 -> 26132620, Longueur: 18.668295m, Rue: Rue du Professeur Beauvisage
Tronçon: 1480891869 -> 1699105138, Longueur: 29.303518m, Rue: Avenue Condorcet
Tronçon: 1480891869 -> 252626870, Longueur: 70.438324m, Rue: Avenue Condorcet
Tronçon: 1608264170 -> 197288360, Longueur: 20.035269m, Rue: Allée du Mens
Tronçon: 1608264170 -> 197288363, Longueur: 42.70399m, Rue: Allée du Mens
Tronçon: 130144270 -> 130144269, Longueur: 52.067818m, Rue: Rue de la Tour du Pin
Tronçon: 130144270 -> 130144271, Longueur: 119.35891m, Rue: Rue Richan
Tronçon: 130144271 -> 130144273, Longueur: 14.511471m, Rue: 
Tronçon: 130144271 -> 130144275, Longueur: 22.47149m, Rue: Rue Richan
Tronçon: 130144276 -> 130144273, Longueur: 19.505222m, Rue: Montée Georges Kubler
Tronçon: 130144275 -> 253417218, Longueur: 158.9146m, Rue: Rue Janin
Tronçon: 130144275 -> 130144276, Longueur: 22.576134m, Rue: Rue de Belfort
Tronçon: 26106347 -> 26583681, Longueur: 18.862911m, Rue: Rue de Savoie
Tronçon: 1735877076 -> 240467585, Longueur: 25.273386m, Rue: Place Bellevue
Tronçon: 24640391 -> 21604593, Longueur: 61.55783m, Rue: Rue du Professeur Calmette
Tronçon: 24640391 -> 7300874, Longueur: 208.40036m, Rue: Cours Albert Thomas
Tronçon: 24640391 -> 25303795, Longueur: 68.765854m, Rue: Rue du Professeur Rochaix
Tronçon: 1621556354 -> 1606993788, Longueur: 44.27376m, Rue: Rue Vendôme
Tronçon: 1621556354 -> 25319183, Longueur: 62.882027m, Rue: Cours Lafayette
Tronçon: 60492201 -> 60492203, Longueur: 18.87969m, Rue: Rue Pierre Cacard
Tronçon: 60492201 -> 55447004, Longueur: 38.265774m, Rue: Rue du 4 Août 1789
Tronçon: 412284481 -> 25152928, Longueur: 50.085194m, Rue: Rue de la Madeleine
Tronçon: 412284481 -> 25495293, Longueur: 22.648869m, Rue: Rue de la Madeleine
Tronçon: 60492203 -> 55447007, Longueur: 36.701424m, Rue: Rue Pierre Cacard
Tronçon: 60492203 -> 60492200, Longueur: 238.50636m, Rue: Rue Pierre Cacard
Tronçon: 60492203 -> 60492201, Longueur: 20.152687m, Rue: Rue Pierre Cacard
Tronçon: 25152845 -> 195244, Longueur: 14.781918m, Rue: Rue Garibaldi
Tronçon: 25336254 -> 2129259176, Longueur: 47.480927m, Rue: Avenue Lacassagne
Tronçon: 25152846 -> 25152847, Longueur: 13.715747m, Rue: Rue du Repos
Tronçon: 25152846 -> 25152849, Longueur: 17.62027m, Rue: Rue du Repos
Tronçon: 1299295953 -> 110422067, Longueur: 98.515274m, Rue: Impasse Yvonne
Tronçon: 1299295955 -> 110422067, Longueur: 39.70088m, Rue: Rue Alexis Perroncel
Tronçon: 25152847 -> 25152616, Longueur: 108.28718m, Rue: Rue du Bâtonnier Jacquier
Tronçon: 25152847 -> 25152845, Longueur: 20.94804m, Rue: Rue du Repos
Tronçon: 25152849 -> 25152847, Longueur: 23.647593m, Rue: Rue du Repos
Tronçon: 25152849 -> 25152928, Longueur: 137.29544m, Rue: Rue du Sauveur
Tronçon: 25152849 -> 25152846, Longueur: 17.62027m, Rue: Rue du Repos
Tronçon: 25336247 -> 25321433, Longueur: 82.277626m, Rue: Rue du Docteur Rebatel
Tronçon: 25336247 -> 251050862, Longueur: 101.70724m, Rue: Rue Bara
Tronçon: 26106342 -> 26106297, Longueur: 141.19743m, Rue: Rue de l'Ancienne Préfecture
Tronçon: 26106343 -> 26106342, Longueur: 18.244362m, Rue: 
Tronçon: 3824873200 -> 25152613, Longueur: 160.72589m, Rue: Rue Domer
Tronçon: 1299295947 -> 2787290646, Longueur: 23.301933m, Rue: Rue Mauvert
Tronçon: 1299295947 -> 1299295955, Longueur: 211.20615m, Rue: Rue Philippe Verzier
Tronçon: 2858197804 -> 1370403178, Longueur: 94.5697m, Rue: Avenue Doyen Jean Lépine
Tronçon: 2858197804 -> 239601996, Longueur: 140.8508m, Rue: Avenue Doyen Jean Lépine
Tronçon: 2858197804 -> 2858197821, Longueur: 292.09763m, Rue: Rue de la Perle
Tronçon: 26740277 -> 2606667675, Longueur: 197.06213m, Rue: Rue Duquesne Pont de Lattre de Tassigny
Tronçon: 26740276 -> 35291291, Longueur: 74.81991m, Rue: Quai André Lassagne
Tronçon: 26740278 -> 26740258, Longueur: 79.316765m, Rue: Quai André Lassagne
Tronçon: 26740278 -> 26740277, Longueur: 140.52669m, Rue: Quai André Lassagne
Tronçon: 398398299 -> 55474924, Longueur: 62.88187m, Rue: Rue Valentin Hauy
Tronçon: 398398299 -> 55474940, Longueur: 149.63223m, Rue: Rue Valentin Hauy
Tronçon: 838347881 -> 838347933, Longueur: 93.07145m, Rue: Place Bellecour
Tronçon: 244499824 -> 244499822, Longueur: 121.22307m, Rue: Impasse René
Tronçon: 244499825 -> 244499820, Longueur: 63.13196m, Rue: Rue de Reims
Tronçon: 2066046272 -> 2066046275, Longueur: 75.7515m, Rue: Rue Pierre Verger
Tronçon: 2066046277 -> 2066046275, Longueur: 30.72055m, Rue: Rue Pierre Verger
Tronçon: 2814044874 -> 25327117, Longueur: 86.82253m, Rue: Rue Tête d'Or
Tronçon: 2814044874 -> 2814044876, Longueur: 76.36177m, Rue: Rue Jean-Jacques de Boissieu
Tronçon: 2066046276 -> 27362890, Longueur: 47.409824m, Rue: Rue du Professeur Beauvisage
Tronçon: 2066046276 -> 2066046275, Longueur: 10.709484m, Rue: Rue Pierre Verger
Tronçon: 2066046276 -> 891129803, Longueur: 88.78489m, Rue: Rue du Professeur Beauvisage
Tronçon: 2066046275 -> 2066046272, Longueur: 75.7515m, Rue: Rue Pierre Verger
Tronçon: 2066046275 -> 2066046276, Longueur: 10.709484m, Rue: Rue Pierre Verger
Tronçon: 2066046275 -> 2066046277, Longueur: 30.72055m, Rue: Rue Pierre Verger
Tronçon: 1637479784 -> 602510192, Longueur: 150.1955m, Rue: 
Tronçon: 1637479782 -> 191134679, Longueur: 17.701582m, Rue: Avenue Marcel Cerdan
Tronçon: 1637479782 -> 25932590, Longueur: 45.397892m, Rue: 
Tronçon: 244499820 -> 244499825, Longueur: 63.13196m, Rue: Rue de Reims
Tronçon: 244499820 -> 244499769, Longueur: 51.35245m, Rue: Rue de Reims
Tronçon: 244499820 -> 244499822, Longueur: 84.375046m, Rue: Rue de Reims
Tronçon: 1637479780 -> 1637479778, Longueur: 68.81105m, Rue: Impasse Marcel Cerdan
Tronçon: 1637479780 -> 191134679, Longueur: 16.233652m, Rue: Avenue Marcel Cerdan
Tronçon: 1637479780 -> 25932591, Longueur: 81.774605m, Rue: Avenue Marcel Cerdan
Tronçon: 244499822 -> 244499824, Longueur: 121.22307m, Rue: Impasse René
Tronçon: 244499822 -> 244499820, Longueur: 84.375046m, Rue: Rue de Reims
Tronçon: 2858197824 -> 240470322, Longueur: 191.07631m, Rue: Impasse des Coquelicots Rue Léon Paviot
Tronçon: 25722217 -> 26106395, Longueur: 72.27475m, Rue: Rue Grenette
Tronçon: 25722217 -> 26106405, Longueur: 49.714615m, Rue: Rue de Brest
Tronçon: 25722214 -> 1967907778, Longueur: 5.2285123m, Rue: Rue Paul Chenavard
Tronçon: 25722214 -> 26584170, Longueur: 54.19042m, Rue: Rue Paul Chenavard
Tronçon: 2858197821 -> 240470332, Longueur: 205.77821m, Rue: Rue Jacques Daligand
Tronçon: 2858197821 -> 2858197804, Longueur: 292.09763m, Rue: Rue de la Perle
Tronçon: 2814044876 -> 25310822, Longueur: 35.117554m, Rue: Rue Jacques Moyron
Tronçon: 2814044876 -> 2814044874, Longueur: 76.36177m, Rue: Rue Jean-Jacques de Boissieu
Tronçon: 415904109 -> 415904110, Longueur: 78.914566m, Rue: Impasse Jouhet
Tronçon: 415904109 -> 93856105, Longueur: 27.630648m, Rue: Rue Pierre Delore
Tronçon: 415904109 -> 409269455, Longueur: 105.25669m, Rue: Rue Pierre Delore
Tronçon: 1637479778 -> 1637479780, Longueur: 68.81105m, Rue: Impasse Marcel Cerdan
Tronçon: 1637479775 -> 1637479776, Longueur: 219.60754m, Rue: Impasse Frédéric Fays
Tronçon: 1637479775 -> 191134552, Longueur: 102.155334m, Rue: Rue Frédéric Fays
Tronçon: 1637479776 -> 1637479775, Longueur: 219.60754m, Rue: Impasse Frédéric Fays
Tronçon: 959438333 -> 26480401, Longueur: 89.570946m, Rue: Quai du Docteur Gailleton
Tronçon: 244499803 -> 2853168571, Longueur: 22.72673m, Rue: Impasse Pont
Tronçon: 987967672 -> 36855706, Longueur: 19.559813m, Rue: Rue Aimé Boussange
Tronçon: 987967672 -> 1513320571, Longueur: 18.470198m, Rue: Rue Aimé Boussange
Tronçon: 987967672 -> 987967684, Longueur: 55.003952m, Rue: Boulevard de la Croix-Rousse
Tronçon: 1423529502 -> 190951246, Longueur: 21.508636m, Rue: Rue du 8 Mai 1945
Tronçon: 1423529502 -> 190889821, Longueur: 32.15753m, Rue: Rue du 8 Mai 1945
Tronçon: 244499800 -> 2853168571, Longueur: 28.567532m, Rue: Impasse Pont
Tronçon: 244499800 -> 244499796, Longueur: 296.33786m, Rue: Impasse Kimmerling Rue Pétetin
Tronçon: 34389257 -> 2659801362, Longueur: 83.56186m, Rue: Rue Garibaldi
Tronçon: 34389257 -> 26027238, Longueur: 112.503136m, Rue: Rue Servient
Tronçon: 60492200 -> 190951192, Longueur: 51.3152m, Rue: Cours Émile Zola
Tronçon: 60492200 -> 60492203, Longueur: 238.50636m, Rue: Rue Pierre Cacard
Tronçon: 60492200 -> 55457380, Longueur: 89.607834m, Rue: Cours Émile Zola
Tronçon: 415904110 -> 415904109, Longueur: 78.914566m, Rue: Impasse Jouhet
Tronçon: 244499815 -> 244499769, Longueur: 18.492088m, Rue: Rue de Reims
Tronçon: 244499815 -> 3266667859, Longueur: 18.80024m, Rue: Rue Jean Bouin
Tronçon: 1423529510 -> 190889803, Longueur: 20.179802m, Rue: 
Tronçon: 1423529510 -> 190889821, Longueur: 7.614923m, Rue: 
Tronçon: 1423529510 -> 1423529502, Longueur: 29.411081m, Rue: Rue du 8 Mai 1945
Tronçon: 2479685609 -> 2479685608, Longueur: 58.126534m, Rue: Allée Paulette Cornu
Tronçon: 2479685608 -> 1109063433, Longueur: 3.7611125m, Rue: Petite Rue du Roulet
Tronçon: 2479685608 -> 197310545, Longueur: 260.95428m, Rue: Petite Rue du Roulet
Tronçon: 2479685608 -> 2479685609, Longueur: 58.126534m, Rue: Allée Paulette Cornu
Tronçon: 987967684 -> 36855707, Longueur: 10.53313m, Rue: Place de la Croix-Rousse
Tronçon: 25152679 -> 2451278936, Longueur: 65.407776m, Rue: Rue Pauline Kergomard
Tronçon: 25152679 -> 18697397, Longueur: 95.21083m, Rue: Rue du Béguin
Tronçon: 2139361023 -> 2139361034, Longueur: 384.43558m, Rue: Ruelle du Grand Casernement
Tronçon: 2139361023 -> 195244, Longueur: 67.09523m, Rue: Rue du Repos
Tronçon: 2139361023 -> 25495294, Longueur: 31.808687m, Rue: Rue du Repos
Tronçon: 1026030667 -> 1026030536, Longueur: 23.111702m, Rue: Rue Challemel-Lacour
Tronçon: 1026030667 -> 600873327, Longueur: 45.115944m, Rue: Rue Challemel-Lacour
Tronçon: 21704354 -> 21702431, Longueur: 66.83312m, Rue: Rue des Alouettes
Tronçon: 21704354 -> 21704353, Longueur: 230.299m, Rue: Rue Neuve de Monplaisir
Tronçon: 21704353 -> 21704354, Longueur: 230.299m, Rue: Rue Neuve de Monplaisir
Tronçon: 21704353 -> 7300869, Longueur: 78.899124m, Rue: Avenue des Frères Lumière
Tronçon: 434308458 -> 25303801, Longueur: 143.87892m, Rue: Rue du Professeur Florence
Tronçon: 434308458 -> 2365376413, Longueur: 46.439487m, Rue: Avenue Lacassagne
Tronçon: 434308458 -> 26570169, Longueur: 41.6974m, Rue: Avenue Lacassagne
Tronçon: 25152680 -> 195249, Longueur: 163.56383m, Rue: Rue Tourville
Tronçon: 25152680 -> 25152679, Longueur: 85.12219m, Rue: Rue du Béguin
Tronçon: 253416582 -> 130143387, Longueur: 32.859184m, Rue: Impasse Gigodot
Tronçon: 1825010868 -> 444583124, Longueur: 10.432897m, Rue: Rue Francis de Pressensé
Tronçon: 1825010868 -> 1825010866, Longueur: 13.163495m, Rue: 
Tronçon: 1825010866 -> 459797899, Longueur: 270.30176m, Rue: Rue Greuze
Tronçon: 868450777 -> 26480182, Longueur: 20.560265m, Rue: Quai André Lassagne
Tronçon: 21704340 -> 21704341, Longueur: 84.04493m, Rue: Rue Auguste Pinton
Tronçon: 21704340 -> 21717954, Longueur: 119.040665m, Rue: Rue Auguste Pinton
Tronçon: 21704344 -> 21703598, Longueur: 86.61062m, Rue: Rue Nungesser et Coli
Tronçon: 21704344 -> 21704345, Longueur: 71.40632m, Rue: Rue Nungesser et Coli
Tronçon: 21704344 -> 21704346, Longueur: 210.69463m, Rue: Rue Seignemartin
Tronçon: 21704341 -> 21704347, Longueur: 101.78206m, Rue: Rue Auguste Pinton
Tronçon: 21704341 -> 21704340, Longueur: 84.04493m, Rue: Rue Auguste Pinton
Tronçon: 21704341 -> 21704334, Longueur: 113.51532m, Rue: Rue Gabriel Sarrazin
Tronçon: 21704348 -> 21729400, Longueur: 117.360016m, Rue: Rue Thomas Blanchet
Tronçon: 21704348 -> 3552894983, Longueur: 147.43497m, Rue: Rue Thomas Blanchet
Tronçon: 21704348 -> 21717932, Longueur: 114.74528m, Rue: Rue Seignemartin
Tronçon: 21704347 -> 21717908, Longueur: 184.35991m, Rue: Rue Pierre Sonnerat
Tronçon: 21704347 -> 21704341, Longueur: 101.78206m, Rue: Rue Auguste Pinton
Tronçon: 21704347 -> 21704348, Longueur: 234.92941m, Rue: Rue Seignemartin
Tronçon: 21704346 -> 21704347, Longueur: 85.12745m, Rue: Rue Seignemartin
Tronçon: 21704346 -> 21717904, Longueur: 160.7465m, Rue: Rue Longefer
Tronçon: 21704345 -> 21702424, Longueur: 194.05954m, Rue: Rue Léa et Napoléon Bullukian
Tronçon: 21704345 -> 21715353, Longueur: 140.96996m, Rue: Rue Nungesser et Coli
Tronçon: 21704345 -> 21704344, Longueur: 71.40632m, Rue: Rue Nungesser et Coli
Tronçon: 26155379 -> 26155368, Longueur: 77.67057m, Rue: Rue Bonnand
Tronçon: 26155379 -> 26155380, Longueur: 111.934784m, Rue: Rue du Général Brulard
Tronçon: 26155379 -> 26155378, Longueur: 28.787182m, Rue: Rue Julie
Tronçon: 26155375 -> 26155376, Longueur: 76.79349m, Rue: Rue Charles Richard
Tronçon: 26155375 -> 26155374, Longueur: 92.53872m, Rue: Cours Docteur Long
Tronçon: 26155376 -> 26155377, Longueur: 67.46955m, Rue: Rue Charles Richard
Tronçon: 26155376 -> 26155372, Longueur: 169.26012m, Rue: Rue du Capitaine
Tronçon: 21715029 -> 1382784515, Longueur: 9.740029m, Rue: Rue Saint-Alban
Tronçon: 21715029 -> 2553957835, Longueur: 163.48402m, Rue: Avenue Jean Mermoz
Tronçon: 26155377 -> 26155378, Longueur: 171.31862m, Rue: Rue Julie
Tronçon: 26155377 -> 26286695, Longueur: 51.757576m, Rue: Rue Charles Richard
Tronçon: 26155378 -> 26155377, Longueur: 171.31862m, Rue: Rue Julie
Tronçon: 26155378 -> 26155379, Longueur: 28.787182m, Rue: Rue Julie
Tronçon: 26155372 -> 26155378, Longueur: 68.19679m, Rue: Rue Louise
Tronçon: 26155372 -> 26155368, Longueur: 78.84686m, Rue: Rue du Capitaine
Tronçon: 26155373 -> 365086537, Longueur: 112.57306m, Rue: Cours Docteur Long
Tronçon: 26155373 -> 26155372, Longueur: 76.63646m, Rue: Rue Louise
Tronçon: 26155374 -> 26155419, Longueur: 72.84372m, Rue: Cours Eugénie
Tronçon: 26155374 -> 26155373, Longueur: 72.582924m, Rue: Cours Docteur Long
Tronçon: 26053540 -> 26079777, Longueur: 56.88815m, Rue: Rue Duphot
Tronçon: 26053540 -> 26053570, Longueur: 44.578445m, Rue: Rue Chaponnay
Tronçon: 26053540 -> 26053252, Longueur: 61.339367m, Rue: Rue Duphot
Tronçon: 26155380 -> 26155379, Longueur: 111.934784m, Rue: Rue du Général Brulard
Tronçon: 26155380 -> 325772567, Longueur: 67.12251m, Rue: Rue Saint-Isidore
Tronçon: 26155380 -> 26317393, Longueur: 351.61423m, Rue: Avenue des Acacias
Tronçon: 26155381 -> 868438829, Longueur: 69.300064m, Rue: Rue Charles Richard
Tronçon: 26155381 -> 26149171, Longueur: 114.26855m, Rue: Rue Ferdinand Buisson
Tronçon: 252628599 -> 2222846089, Longueur: 83.7388m, Rue: Avenue Galline
Tronçon: 252628599 -> 252626865, Longueur: 124.39525m, Rue: Rue du Tonkin
Tronçon: 252628599 -> 444667999, Longueur: 102.788795m, Rue: Rue du Tonkin
Tronçon: 2920302042 -> 21703594, Longueur: 129.51945m, Rue: Passage des Alouettes
Tronçon: 2920302042 -> 21704335, Longueur: 141.2137m, Rue: Rue Longefer
Tronçon: 26155368 -> 26155369, Longueur: 90.45478m, Rue: Rue Bonnand
Tronçon: 26155368 -> 26155367, Longueur: 112.687355m, Rue: Rue Jeanne d'Arc
Tronçon: 26155369 -> 365086531, Longueur: 2.5734012m, Rue: Rue Bonnand
Tronçon: 26155369 -> 26155366, Longueur: 115.08945m, Rue: Rue Jean Cardona
Tronçon: 26155366 -> 26155369, Longueur: 115.08945m, Rue: Rue Jean Cardona
Tronçon: 26155366 -> 26155367, Longueur: 90.93916m, Rue: Rue Saint-Isidore
Tronçon: 26155367 -> 1383027249, Longueur: 145.65408m, Rue: Rue Jeanne d'Arc
Tronçon: 26155367 -> 26155380, Longueur: 77.53749m, Rue: Rue Saint-Isidore
Tronçon: 2139361034 -> 25152142, Longueur: 201.78784m, Rue: Rue du Docteur Crestin Rue Victorien Sardou
Tronçon: 1328321035 -> 130143409, Longueur: 5.948068m, Rue: Rue Dumont d'Urville
Tronçon: 1328321035 -> 130144267, Longueur: 38.465534m, Rue: Rue Jeanne-Marie Célu
Tronçon: 1328321035 -> 130143405, Longueur: 42.976273m, Rue: Rue Dumont d'Urville
Tronçon: 26155370 -> 26155402, Longueur: 88.70358m, Rue: Rue Bonnand
Tronçon: 26155370 -> 25303839, Longueur: 157.58064m, Rue: Cours Docteur Long
Tronçon: 1026030676 -> 2431836611, Longueur: 42.87705m, Rue: Route de Vienne
Tronçon: 55475018 -> 208769499, Longueur: 96.57731m, Rue: Rue Édouard Aynard
Tronçon: 55475018 -> 55475025, Longueur: 12.28458m, Rue: Place Marengo
Tronçon: 55475018 -> 55475004, Longueur: 28.9105m, Rue: Place Marengo
Tronçon: 35224293 -> 529122835, Longueur: 32.099533m, Rue: Rue des Tables Claudiennes
Tronçon: 35224293 -> 253868661, Longueur: 60.526176m, Rue: Rue des Tables Claudiennes
Tronçon: 35224293 -> 35224303, Longueur: 49.96112m, Rue: Rue Chappet
Tronçon: 35224298 -> 35224300, Longueur: 84.90822m, Rue: Rue des Tables Claudiennes Rue Camille Jordan
Tronçon: 35224298 -> 529135133, Longueur: 12.723114m, Rue: Place Chardonnet
Tronçon: 1382784520 -> 21718297, Longueur: 136.20628m, Rue: Rue Marc Sangnier
Tronçon: 1382784520 -> 143402, Longueur: 95.0224m, Rue: Avenue Jean Mermoz
Tronçon: 35224289 -> 35291568, Longueur: 72.1203m, Rue: Montée Saint-Sébastien
Tronçon: 35224289 -> 35224305, Longueur: 54.26683m, Rue: Montée Saint-Sébastien
Tronçon: 1382784515 -> 21715029, Longueur: 9.740029m, Rue: Rue Saint-Alban
Tronçon: 1382784515 -> 21718245, Longueur: 155.48624m, Rue: Rue Saint-Alban
Tronçon: 1382784515 -> 4084536085, Longueur: 30.536215m, Rue: Avenue Jean Mermoz
Tronçon: 25610743 -> 259977334, Longueur: 20.762053m, Rue: Rue Trarieux
Tronçon: 25610743 -> 25611054, Longueur: 142.73347m, Rue: Boulevard Pinel
Tronçon: 25610743 -> 25611151, Longueur: 178.05112m, Rue: Boulevard Pinel
Tronçon: 26106397 -> 273216478, Longueur: 116.80495m, Rue: Rue Grenette Place des Cordeliers
Tronçon: 26106395 -> 26583882, Longueur: 49.127197m, Rue: Rue du Président Édouard Herriot
Tronçon: 26106395 -> 26106397, Longueur: 67.86636m, Rue: Rue Grenette
Tronçon: 26106391 -> 25722217, Longueur: 48.619015m, Rue: Rue Grenette
Tronçon: 26106391 -> 26584182, Longueur: 54.909035m, Rue: Rue Mercière
Tronçon: 26317345 -> 25611404, Longueur: 110.589035m, Rue: Impasse du Sablon
Tronçon: 26317341 -> 2864952654, Longueur: 97.99328m, Rue: Impasse Victor Hugo
Tronçon: 2451278936 -> 25152679, Longueur: 65.407776m, Rue: Rue Pauline Kergomard
Tronçon: 55475004 -> 55475018, Longueur: 28.9105m, Rue: Place Marengo
Tronçon: 55475004 -> 55474989, Longueur: 14.101396m, Rue: Place Marengo
Tronçon: 55475004 -> 208769295, Longueur: 82.654625m, Rue: Avenue Antoine de Saint-Exupéry
Tronçon: 55416694 -> 55416533, Longueur: 426.58185m, Rue: 
Tronçon: 35224285 -> 35220563, Longueur: 23.778889m, Rue: Rue de l'Abbé Rozier
Tronçon: 35224285 -> 35224286, Longueur: 74.963326m, Rue: Rue Donnée
Tronçon: 26155382 -> 26155419, Longueur: 73.137596m, Rue: Avenue du Château
Tronçon: 26155382 -> 26155373, Longueur: 73.23125m, Rue: Rue Louise
Tronçon: 1848025104 -> 191134707, Longueur: 39.05926m, Rue: Rue François Jacob
Tronçon: 35224286 -> 25478602, Longueur: 34.100258m, Rue: Rue Coysevox
Tronçon: 26106387 -> 1933378797, Longueur: 14.599626m, Rue: Rue Tupin
Tronçon: 26106387 -> 26106397, Longueur: 50.50767m, Rue: Rue du Palais Grillet
Tronçon: 868450739 -> 868450777, Longueur: 11.059847m, Rue: Place Tolozan
Tronçon: 868450739 -> 35291282, Longueur: 82.729614m, Rue: Place Tolozan
Tronçon: 26106384 -> 26106387, Longueur: 54.465588m, Rue: Rue Tupin
Tronçon: 26106384 -> 25743294, Longueur: 93.637115m, Rue: Rue des 4 Chapeaux
Tronçon: 26106382 -> 1504023584, Longueur: 39.223873m, Rue: Rue Tupin
Tronçon: 26106382 -> 26106384, Longueur: 22.630547m, Rue: Rue Tupin
Tronçon: 26106382 -> 26106395, Longueur: 49.8845m, Rue: Rue du Président Édouard Herriot
Tronçon: 26317311 -> 26317313, Longueur: 70.25573m, Rue: Impasse Morel
Tronçon: 26317312 -> 26317313, Longueur: 31.349016m, Rue: Rue Claudius Penet
Tronçon: 52564033 -> 26286762, Longueur: 49.107445m, Rue: Place de la Reconnaissance (rue)
Tronçon: 52564033 -> 26286759, Longueur: 116.31195m, Rue: Cours Richard Vitton
Tronçon: 26317310 -> 26317313, Longueur: 87.10888m, Rue: Rue Claudius Penet
Tronçon: 26317310 -> 26317315, Longueur: 69.944435m, Rue: Impasse Laurency
Tronçon: 26317310 -> 25611411, Longueur: 91.03066m, Rue: Rue Claudius Penet
Tronçon: 55475038 -> 55475025, Longueur: 19.43745m, Rue: Place Marengo
Tronçon: 55475038 -> 55474983, Longueur: 23.662092m, Rue: Place Marengo
Tronçon: 55475038 -> 208769047, Longueur: 91.837265m, Rue: Rue François Gillet
Tronçon: 251053981 -> 1835868026, Longueur: 84.85891m, Rue: Rue de l'Amitié
Tronçon: 251053981 -> 1835868028, Longueur: 86.406m, Rue: Rue Charny
Tronçon: 316535038 -> 1370403178, Longueur: 152.81384m, Rue: Avenue Doyen Jean Lépine
Tronçon: 316535038 -> 240348199, Longueur: 25.406101m, Rue: Avenue Doyen Jean Lépine
Tronçon: 1042749232 -> 7469500, Longueur: 224.72508m, Rue: Pont Morand
Tronçon: 1042749232 -> 1042749302, Longueur: 108.27117m, Rue: Place du Maréchal Lyautey
Tronçon: 21704337 -> 2920302042, Longueur: 91.04188m, Rue: Rue Longefer
Tronçon: 21704337 -> 932576342, Longueur: 63.958065m, Rue: Rue Bataille
Tronçon: 21704335 -> 21704334, Longueur: 81.8366m, Rue: Rue Longefer
Tronçon: 21704335 -> 21704339, Longueur: 202.91936m, Rue: Rue du Transvaal
Tronçon: 21704335 -> 21704340, Longueur: 139.38611m, Rue: Rue Président Krüger
Tronçon: 21704334 -> 21704346, Longueur: 95.5549m, Rue: Rue Longefer
Tronçon: 21704334 -> 21703596, Longueur: 104.56964m, Rue: Rue Gabriel Sarrazin
Tronçon: 21704339 -> 21718264, Longueur: 54.121277m, Rue: Rue Bataille
Tronçon: 55475025 -> 55475018, Longueur: 12.28458m, Rue: Place Marengo
Tronçon: 55475025 -> 55475038, Longueur: 19.43745m, Rue: Place Marengo
Tronçon: 55475025 -> 208769039, Longueur: 115.5685m, Rue: Avenue Marc Sangnier
Tronçon: 868450761 -> 868450569, Longueur: 28.66802m, Rue: Impasse Saint-Polycarpe
Tronçon: 868450761 -> 3370408163, Longueur: 52.849556m, Rue: Impasse Saint-Polycarpe
Tronçon: 868450761 -> 35315103, Longueur: 21.554602m, Rue: Impasse Saint-Polycarpe
Tronçon: 25610774 -> 25610888, Longueur: 27.277784m, Rue: Place Jules Hottin
Tronçon: 25610774 -> 26470113, Longueur: 126.15663m, Rue: Rue des Mobiles
Tronçon: 25610774 -> 624172842, Longueur: 83.41324m, Rue: Avenue Lacassagne
Tronçon: 25610774 -> 1701038065, Longueur: 35.136753m, Rue: Avenue Lacassagne
Tronçon: 26053570 -> 26054495, Longueur: 72.24259m, Rue: Rue Chaponnay
Tronçon: 26053570 -> 1036025279, Longueur: 118.36518m, Rue: Rue Pierre Bourdan
Tronçon: 1042749228 -> 1606993796, Longueur: 63.595833m, Rue: Place Edgar Quinet
Tronçon: 1042749228 -> 25316399, Longueur: 49.18298m, Rue: Rue de Créqui
Tronçon: 26317318 -> 25611409, Longueur: 194.32607m, Rue: Rue Cyrano
Tronçon: 26317315 -> 26317310, Longueur: 69.944435m, Rue: Impasse Laurency
Tronçon: 250042857 -> 25611760, Longueur: 214.0224m, Rue: Avenue Félix Faure
Tronçon: 250042857 -> 25336179, Longueur: 48.468773m, Rue: Avenue Félix Faure
Tronçon: 250042857 -> 249801845, Longueur: 29.81919m, Rue: Rue Kimmerling
Tronçon: 26317313 -> 26317312, Longueur: 31.349016m, Rue: Rue Claudius Penet
Tronçon: 26317313 -> 26317310, Longueur: 87.10888m, Rue: Rue Claudius Penet
Tronçon: 26317313 -> 26317311, Longueur: 70.25573m, Rue: Impasse Morel
Tronçon: 21715087 -> 21715088, Longueur: 7.209151m, Rue: Rue Saint-Alban
Tronçon: 21715087 -> 2512682702, Longueur: 37.653587m, Rue: Boulevard Pinel
Tronçon: 21715087 -> 1440845047, Longueur: 111.127686m, Rue: Rue Saint-Alban
Tronçon: 21715088 -> 21715087, Longueur: 7.209151m, Rue: Rue Saint-Alban
Tronçon: 21715088 -> 1315984690, Longueur: 82.94667m, Rue: Boulevard Pinel
Tronçon: 21715088 -> 1315984530, Longueur: 82.90059m, Rue: Rue André Hermann
Tronçon: 2984665364 -> 2984665365, Longueur: 9.294163m, Rue: Rue du Canal
Tronçon: 2984665364 -> 1835888314, Longueur: 16.337572m, Rue: Rue des Jardins
Tronçon: 55434505 -> 55435051, Longueur: 43.00859m, Rue: 
Tronçon: 55434505 -> 55434918, Longueur: 33.519714m, Rue: 
Tronçon: 55434505 -> 55457342, Longueur: 17.340714m, Rue: Cours Tolstoï
Tronçon: 2984665361 -> 2984665364, Longueur: 22.076792m, Rue: Rue du Canal
Tronçon: 2984665361 -> 1109063405, Longueur: 32.15361m, Rue: Rue des Jardins
Tronçon: 2984665356 -> 2984665361, Longueur: 36.002666m, Rue: Rue du Canal
Tronçon: 2984665356 -> 1835888314, Longueur: 64.30723m, Rue: Rue du Canal
Tronçon: 1608224786 -> 190823200, Longueur: 23.531622m, Rue: Rue Joseph Gillet
Tronçon: 1608224786 -> 1608224781, Longueur: 56.593266m, Rue: Rue Joseph Gillet
Tronçon: 1608224786 -> 1608224782, Longueur: 135.5423m, Rue: Rue Henri Balay
Tronçon: 1608224787 -> 190817721, Longueur: 95.520164m, Rue: Rue Joseph Gillet
Tronçon: 2984665354 -> 1109063407, Longueur: 4.426128m, Rue: Rue Léon Piat
Tronçon: 2984665354 -> 1109063423, Longueur: 40.683556m, Rue: Rue Léon Piat
Tronçon: 2984665354 -> 2984665356, Longueur: 6.592015m, Rue: Rue du Canal
Tronçon: 1608224782 -> 1608224794, Longueur: 27.90157m, Rue: Rue Henri Balay
Tronçon: 1608224782 -> 1608224781, Longueur: 41.34337m, Rue: Rue Lazare Drut
Tronçon: 1608224782 -> 1608224786, Longueur: 135.5423m, Rue: Rue Henri Balay
Tronçon: 1608224781 -> 190817721, Longueur: 27.156013m, Rue: Rue Joseph Gillet
Tronçon: 1608224781 -> 1608224786, Longueur: 56.593266m, Rue: Rue Joseph Gillet
Tronçon: 1608224781 -> 1608224782, Longueur: 41.34337m, Rue: Rue Lazare Drut
Tronçon: 1042749297 -> 1042749339, Longueur: 65.79973m, Rue: Place Maréchal Lyautey
Tronçon: 21715081 -> 21715082, Longueur: 9.241578m, Rue: Rue Laennec
Tronçon: 21715081 -> 21715080, Longueur: 31.705185m, Rue: Rue Laennec
Tronçon: 21715081 -> 21715087, Longueur: 327.43304m, Rue: Boulevard Pinel
Tronçon: 21715080 -> 21715081, Longueur: 31.705185m, Rue: Rue Laennec
Tronçon: 21715080 -> 21717915, Longueur: 503.41928m, Rue: Rue Guillaume Paradin
Tronçon: 21715080 -> 1201354422, Longueur: 322.69272m, Rue: Rue Laennec
Tronçon: 21715083 -> 1315984682, Longueur: 72.99405m, Rue: Rue Wilson
Tronçon: 21715083 -> 21715082, Longueur: 182.47508m, Rue: Boulevard Pinel
Tronçon: 2684720864 -> 1637473456, Longueur: 120.29134m, Rue: Rue Greuze
Tronçon: 2684720864 -> 190904323, Longueur: 87.07872m, Rue: Rue Greuze
Tronçon: 2684720864 -> 3923936252, Longueur: 213.44998m, Rue: Rue Greuze
Tronçon: 21715082 -> 21715081, Longueur: 9.241578m, Rue: Rue Laennec
Tronçon: 21715082 -> 21715075, Longueur: 124.15875m, Rue: Boulevard Pinel
Tronçon: 21715082 -> 1315984607, Longueur: 60.116817m, Rue: Rue des Essarts
Tronçon: 21715076 -> 21715077, Longueur: 85.96872m, Rue: Rue Laborde
Tronçon: 21715076 -> 21715079, Longueur: 152.29219m, Rue: Rue Julien Baudrand
Tronçon: 21715075 -> 2512682727, Longueur: 21.289513m, Rue: Rue Cortelain
Tronçon: 21715075 -> 21715077, Longueur: 161.48994m, Rue: Rue Cortelain
Tronçon: 21715075 -> 21715079, Longueur: 101.88579m, Rue: Boulevard Pinel
Tronçon: 21715078 -> 60901944, Longueur: 85.61649m, Rue: Avenue Franklin Roosevelt
Tronçon: 21715078 -> 194605193, Longueur: 31.737026m, Rue: Avenue Franklin Roosevelt
Tronçon: 21715078 -> 21715076, Longueur: 245.57903m, Rue: Rue Laborde
Tronçon: 21715077 -> 60901937, Longueur: 93.14367m, Rue: Rue Laborde
Tronçon: 21715077 -> 21715075, Longueur: 161.48994m, Rue: Rue Cortelain
Tronçon: 26057083 -> 26057069, Longueur: 81.91166m, Rue: Rue Paul Bert
Tronçon: 26057084 -> 26057083, Longueur: 127.00451m, Rue: Rue Paul Bert
Tronçon: 26057084 -> 26079654, Longueur: 153.978m, Rue: Rue Baraban
Tronçon: 21715079 -> 2512682731, Longueur: 29.547972m, Rue: Rue Julien Baudrand
Tronçon: 21715079 -> 21715076, Longueur: 152.29219m, Rue: Rue Julien Baudrand
Tronçon: 21715079 -> 21715070, Longueur: 197.50446m, Rue: Boulevard Pinel
Tronçon: 26057085 -> 26057084, Longueur: 84.381294m, Rue: Rue Paul Bert
Tronçon: 26057085 -> 26317229, Longueur: 232.252m, Rue: Rue Turbil
Tronçon: 2984665371 -> 2984665364, Longueur: 32.424904m, Rue: Rue du Canal Rue des Jardins
Tronçon: 2984665371 -> 1109063405, Longueur: 81.877754m, Rue: Rue du Canal
Tronçon: 2282805720 -> 2392360249, Longueur: 166.48314m, Rue: Rue Jean Jaurès
Tronçon: 2282805720 -> 55474916, Longueur: 27.940016m, Rue: Rue Jean Jaurès
Tronçon: 2282805720 -> 55474949, Longueur: 185.87515m, Rue: Avenue Antoine de Saint-Exupéry
Tronçon: 2984665374 -> 2984665371, Longueur: 46.134933m, Rue: Rue du Canal
Tronçon: 2984665374 -> 1109063462, Longueur: 325.68167m, Rue: Rue du Canal
Tronçon: 2984665365 -> 2984665374, Longueur: 64.14868m, Rue: Rue du Canal
Tronçon: 21715070 -> 21715067, Longueur: 60.722424m, Rue: Boulevard Pinel
Tronçon: 21715070 -> 21715069, Longueur: 36.490505m, Rue: Boulevard Pinel
Tronçon: 21715072 -> 26464318, Longueur: 315.7939m, Rue: Avenue Rockefeller
Tronçon: 21715072 -> 21715071, Longueur: 11.252497m, Rue: Boulevard Pinel
Tronçon: 21715071 -> 21715069, Longueur: 10.438765m, Rue: Avenue Rockefeller
Tronçon: 21715071 -> 836850031, Longueur: 40.977337m, Rue: Boulevard Pinel
Tronçon: 342867241 -> 2456932713, Longueur: 113.9548m, Rue: Rue Lafontaine
Tronçon: 342867241 -> 342869317, Longueur: 67.77638m, Rue: Allée de l'Enfance
Tronçon: 342867241 -> 4025995466, Longueur: 129.73003m, Rue: Rue Lafontaine
Tronçon: 1042749273 -> 1042749277, Longueur: 66.58076m, Rue: Place Maréchal Lyautey
Tronçon: 1042749273 -> 25316257, Longueur: 131.31941m, Rue: Rue Malesherbes
Tronçon: 26057064 -> 25336179, Longueur: 357.00134m, Rue: Rue Maurice Flandin
Tronçon: 26057064 -> 26317236, Longueur: 164.15819m, Rue: Avenue Lacassagne
Tronçon: 26057064 -> 26057062, Longueur: 67.43828m, Rue: Rue Paul Bert
Tronçon: 1042749277 -> 1042749384, Longueur: 68.88825m, Rue: Place Maréchal Lyautey
Tronçon: 26057069 -> 26057064, Longueur: 167.2197m, Rue: Rue Paul Bert
Tronçon: 26057069 -> 26079652, Longueur: 159.78378m, Rue: Rue Gabillot
Tronçon: 1472874878 -> 35291702, Longueur: 17.18861m, Rue: Rue Adamoli
Tronçon: 26057062 -> 26057064, Longueur: 67.43828m, Rue: Rue Paul Bert
Tronçon: 26057062 -> 2383442929, Longueur: 127.89951m, Rue: Rue du Général Mouton-Duvernet
Tronçon: 26057062 -> 33065949, Longueur: 211.0173m, Rue: Rue de la Villette
Tronçon: 26057062 -> 26057055, Longueur: 225.47935m, Rue: Rue Paul Bert
Tronçon: 2984665353 -> 1109063396, Longueur: 18.675482m, Rue: Rue du Canal
Tronçon: 2984665353 -> 2984665354, Longueur: 33.937943m, Rue: Rue du Canal
Tronçon: 1608224794 -> 190817721, Longueur: 41.67664m, Rue: Rue de la Prévoyance
Tronçon: 1608224794 -> 1608224782, Longueur: 27.90157m, Rue: Rue Henri Balay
Tronçon: 1608224794 -> 190817699, Longueur: 169.40483m, Rue: Rue de la Prévoyance
Tronçon: 26057055 -> 2117622744, Longueur: 10.406557m, Rue: Rue Paul Bert
Tronçon: 26057055 -> 26576964, Longueur: 71.57768m, Rue: Boulevard Vivier-Merle
Tronçon: 26057055 -> 26057062, Longueur: 225.47935m, Rue: Rue Paul Bert
Tronçon: 2571377366 -> 2888295412, Longueur: 132.75754m, Rue: Place Louis Chazette
Tronçon: 2571377366 -> 252466525, Longueur: 25.454002m, Rue: Place Louis Chazette
Tronçon: 1575752049 -> 58584535, Longueur: 36.692318m, Rue: 
Tronçon: 1575752049 -> 58584526, Longueur: 61.451595m, Rue: Rue Anatole France
Tronçon: 26027238 -> 26027224, Longueur: 134.53043m, Rue: Rue Servient
Tronçon: 26027238 -> 26027237, Longueur: 81.49419m, Rue: Rue André Philip
Tronçon: 26027239 -> 1502690954, Longueur: 60.144104m, Rue: Rue Duguesclin
Tronçon: 26027236 -> 975728143, Longueur: 29.3739m, Rue: Rue Moncey
Tronçon: 26027237 -> 2483668732, Longueur: 113.05968m, Rue: Rue Dunoir
Tronçon: 26027237 -> 26027236, Longueur: 57.745777m, Rue: Rue André Philip
Tronçon: 26027234 -> 26027239, Longueur: 142.22902m, Rue: Rue Dunoir Rue François Garcin
Tronçon: 26027234 -> 975728143, Longueur: 86.940186m, Rue: Rue de Bonnel
Tronçon: 26027232 -> 264496809, Longueur: 60.907322m, Rue: Rue de Créqui
Tronçon: 26027232 -> 25319255, Longueur: 80.32979m, Rue: Rue Le Royer
Tronçon: 26027233 -> 26027234, Longueur: 68.00596m, Rue: Rue de Bonnel
Tronçon: 26027233 -> 26027239, Longueur: 79.90203m, Rue: Rue Duguesclin
Tronçon: 1250985265 -> 1794348104, Longueur: 40.79021m, Rue: Avenue Jean Mermoz
Tronçon: 1250985265 -> 1250985279, Longueur: 13.156015m, Rue: Boulevard Pinel
Tronçon: 342869875 -> 342869317, Longueur: 150.91774m, Rue: Allée du Levant
Tronçon: 342869875 -> 4025995466, Longueur: 68.580284m, Rue: Rue Florian
Tronçon: 342869875 -> 55474949, Longueur: 131.22498m, Rue: Rue Florian
Tronçon: 1250985266 -> 1250985273, Longueur: 12.881966m, Rue: Boulevard Pinel
Tronçon: 1250985266 -> 2698476323, Longueur: 279.37506m, Rue: Avenue Jean Mermoz
Tronçon: 240467585 -> 1171868956, Longueur: 86.00494m, Rue: Rue Bodin
Tronçon: 240467585 -> 1735877076, Longueur: 25.273386m, Rue: Place Bellevue
Tronçon: 1468553185 -> 7470130, Longueur: 190.1807m, Rue: Quai Jules Courmont
Tronçon: 959373323 -> 959373476, Longueur: 26.538233m, Rue: Rue du Président Carnot
Tronçon: 959373323 -> 26480370, Longueur: 66.82186m, Rue: Quai Jules Courmont
Tronçon: 959373323 -> 1468502076, Longueur: 81.34128m, Rue: Rue du Président Carnot
Tronçon: 26084661 -> 26084601, Longueur: 140.04498m, Rue: Rue Victor Lagrange
Tronçon: 26084661 -> 26084660, Longueur: 158.91441m, Rue: Avenue Jean Jaurès
Tronçon: 26084661 -> 600816158, Longueur: 97.7521m, Rue: Avenue Jean Jaurès
Tronçon: 26084660 -> 554237881, Longueur: 96.93752m, Rue: Avenue Jean Jaurès
Tronçon: 26084660 -> 26084661, Longueur: 158.91441m, Rue: Avenue Jean Jaurès
Tronçon: 26084660 -> 26084598, Longueur: 91.413506m, Rue: Rue Lortet
Tronçon: 558818259 -> 558818257, Longueur: 164.72908m, Rue: Passage Dubois
Tronçon: 558818257 -> 558818259, Longueur: 164.72908m, Rue: Passage Dubois
Tronçon: 558818257 -> 58584511, Longueur: 44.441624m, Rue: Rue Anatole France
Tronçon: 1028229153 -> 60685056, Longueur: 73.95612m, Rue: Rue Alexis Perroncel
Tronçon: 21715067 -> 194605193, Longueur: 46.391113m, Rue: Avenue Franklin Roosevelt
Tronçon: 26317396 -> 25611400, Longueur: 83.93554m, Rue: Rue Saint-Isidore
Tronçon: 21715069 -> 21715068, Longueur: 11.610538m, Rue: Boulevard Pinel
Tronçon: 21715069 -> 21715067, Longueur: 47.93603m, Rue: Avenue Franklin Roosevelt
Tronçon: 26317393 -> 26155380, Longueur: 351.61423m, Rue: Avenue des Acacias
Tronçon: 21715068 -> 21715072, Longueur: 10.785523m, Rue: Avenue Rockefeller
Tronçon: 21715068 -> 657813243, Longueur: 42.897446m, Rue: Boulevard Pinel
Tronçon: 522100855 -> 1345284783, Longueur: 70.188835m, Rue: Rue Rampon
Tronçon: 522100855 -> 195271, Longueur: 197.0728m, Rue: Rue Roger Bréchan
Tronçon: 26317392 -> 1682387628, Longueur: 56.284775m, Rue: Route de Genas
Tronçon: 26317392 -> 2864952654, Longueur: 68.26572m, Rue: Impasse Victor Hugo
Tronçon: 26317392 -> 25611408, Longueur: 25.819494m, Rue: Route de Genas
Tronçon: 26027220 -> 21674804, Longueur: 89.14037m, Rue: Rue Servient
Tronçon: 26027220 -> 21604550, Longueur: 75.75598m, Rue: Avenue Maréchal de Saxe
Tronçon: 458730801 -> 458730786, Longueur: 159.40694m, Rue: Allée des Platanes
Tronçon: 458730801 -> 271151899, Longueur: 110.672226m, Rue: Boulevard Pinel
Tronçon: 1171868956 -> 35291698, Longueur: 136.54222m, Rue: Rue Mottet de Gérando
Tronçon: 1171868956 -> 130143380, Longueur: 116.040146m, Rue: Rue d'Austerlitz
Tronçon: 1171868956 -> 322191223, Longueur: 36.042397m, Rue: Place Bellevue
Tronçon: 26027224 -> 25306185, Longueur: 86.91489m, Rue: Rue Duguesclin
Tronçon: 26027224 -> 26027222, Longueur: 96.3518m, Rue: Rue Servient
Tronçon: 26027221 -> 26027220, Longueur: 74.86861m, Rue: Rue Servient
Tronçon: 26027221 -> 25306182, Longueur: 86.41546m, Rue: Rue Vendôme
Tronçon: 26027222 -> 26027230, Longueur: 77.1312m, Rue: Rue de Créqui
Tronçon: 26027222 -> 26027221, Longueur: 81.07439m, Rue: Rue Servient
Tronçon: 26027230 -> 26027231, Longueur: 81.70943m, Rue: Rue de Créqui
Tronçon: 26027231 -> 26027232, Longueur: 63.835476m, Rue: Rue de Créqui
Tronçon: 26027231 -> 26027233, Longueur: 96.490486m, Rue: Rue de Bonnel
Tronçon: 1250985273 -> 1250985265, Longueur: 12.065002m, Rue: Avenue Jean Mermoz
Tronçon: 1250985273 -> 1315984675, Longueur: 164.65242m, Rue: Boulevard Pinel
Tronçon: 26057098 -> 26057085, Longueur: 211.31693m, Rue: Rue Paul Bert
Tronçon: 1250985279 -> 27362552, Longueur: 190.61694m, Rue: Boulevard Pinel
Tronçon: 1250985279 -> 1250985266, Longueur: 11.400875m, Rue: Avenue Jean Mermoz
Tronçon: 1242371158 -> 1242371194, Longueur: 214.01912m, Rue: Rue Roger Lenoir
Tronçon: 1242371158 -> 58584493, Longueur: 108.028305m, Rue: Cours Émile Zola
Tronçon: 1242371158 -> 25932599, Longueur: 76.26711m, Rue: Cours Émile Zola
Tronçon: 87883332 -> 249084446, Longueur: 50.48321m, Rue: Avenue Aristide Briand
Tronçon: 87883332 -> 58584534, Longueur: 160.64204m, Rue: Rue Michel Servet
Tronçon: 26057008 -> 26057009, Longueur: 114.66006m, Rue: Quai Victor Augagneur
Tronçon: 252466525 -> 62026530, Longueur: 5.743965m, Rue: Montée Bonafous
Tronçon: 252466525 -> 252467947, Longueur: 483.38733m, Rue: Montée Bonafous
Tronçon: 252466525 -> 252466517, Longueur: 9.362183m, Rue: Place Louis Chazette
Tronçon: 252466525 -> 2571377366, Longueur: 25.454002m, Rue: Place Louis Chazette
Tronçon: 26057009 -> 26054497, Longueur: 67.73436m, Rue: Rue de Bonnel
Tronçon: 26057009 -> 821517829, Longueur: 80.9768m, Rue: Quai Victor Augagneur
Tronçon: 458730787 -> 458730786, Longueur: 22.518492m, Rue: Allée des Platanes
Tronçon: 458730786 -> 458730787, Longueur: 22.518492m, Rue: Allée des Platanes
Tronçon: 458730786 -> 458730801, Longueur: 159.40694m, Rue: Allée des Platanes
Tronçon: 1655658195 -> 25495340, Longueur: 60.359676m, Rue: 
Tronçon: 252466530 -> 35291298, Longueur: 26.173426m, Rue: Place Michel Servet
Tronçon: 252466530 -> 252466532, Longueur: 20.155586m, Rue: Place Michel Servet
Tronçon: 252466532 -> 252466533, Longueur: 24.980703m, Rue: Rue de Provence
Tronçon: 252466532 -> 35291294, Longueur: 100.26719m, Rue: Rue Royale
Tronçon: 646538715 -> 9214658, Longueur: 5.5960803m, Rue: Avenue Jean Jaurès
Tronçon: 646538715 -> 600816158, Longueur: 70.77815m, Rue: Avenue Jean Jaurès
Tronçon: 252466533 -> 252466532, Longueur: 24.980703m, Rue: Rue de Provence
Tronçon: 252466535 -> 35291298, Longueur: 41.368526m, Rue: Tunnel de la Croix-Rousse
Tronçon: 252466535 -> 242163349, Longueur: 95.58687m, Rue: Tunnel de la Croix-Rousse Pont de Lattre de Tassigny
Tronçon: 1288817934 -> 1259561375, Longueur: 83.691925m, Rue: Rue Professeur Louis Roche
Tronçon: 1288817934 -> 25335981, Longueur: 144.92577m, Rue: Rue de Montbrillant
Tronçon: 35224300 -> 35222969, Longueur: 75.61611m, Rue: Rue Imbert Colomès
Tronçon: 35224303 -> 35224300, Longueur: 74.26156m, Rue: Rue Imbert Colomès
Tronçon: 35224303 -> 35224293, Longueur: 49.96112m, Rue: Rue Chappet
Tronçon: 35224305 -> 35224289, Longueur: 54.26683m, Rue: Montée Saint-Sébastien
Tronçon: 35224305 -> 35224310, Longueur: 39.522015m, Rue: Montée Saint-Sébastien
Tronçon: 35224308 -> 25478602, Longueur: 64.1031m, Rue: Rue des Capucins
Tronçon: 35224308 -> 35224310, Longueur: 16.891924m, Rue: Rue du Griffon
Tronçon: 569050829 -> 1683287879, Longueur: 6.855355m, Rue: Avenue Leclerc
Tronçon: 3824873178 -> 25152621, Longueur: 15.469458m, Rue: Rue Tourville
Tronçon: 3824873178 -> 25152615, Longueur: 29.457174m, Rue: Rue Tourville
Tronçon: 26084642 -> 26084596, Longueur: 61.78466m, Rue: Rue de Gerland
Tronçon: 26084642 -> 26084661, Longueur: 50.259148m, Rue: Rue Victor Lagrange
Tronçon: 194609836 -> 34830610, Longueur: 490.88803m, Rue: Boulevard Laurent Bonnevay
Tronçon: 252466517 -> 62026530, Longueur: 8.467056m, Rue: Cours d'Herbouville
Tronçon: 252466517 -> 252466525, Longueur: 9.362183m, Rue: Place Louis Chazette
Tronçon: 251171031 -> 251171098, Longueur: 137.23657m, Rue: Rue de l'Est
Tronçon: 25452393 -> 25452392, Longueur: 75.45261m, Rue: Cours Gambetta
Tronçon: 25452392 -> 195252, Longueur: 130.16745m, Rue: Rue Louis Dansard
Tronçon: 25452392 -> 1352733757, Longueur: 9.444331m, Rue: Cours Gambetta
Tronçon: 569050800 -> 569050829, Longueur: 66.01441m, Rue: Avenue Leclerc
Tronçon: 569050800 -> 26084717, Longueur: 113.948845m, Rue: Rue Victor Lagrange
Tronçon: 55457276 -> 1679901320, Longueur: 75.53064m, Rue: Rue Pascal
Tronçon: 55457276 -> 55457281, Longueur: 136.14664m, Rue: Cours Tolstoï
Tronçon: 25614303 -> 26064143, Longueur: 127.122055m, Rue: Quai Général Sarrail
Tronçon: 25614303 -> 25319207, Longueur: 92.07778m, Rue: Cours Lafayette
Tronçon: 26057042 -> 26057043, Longueur: 77.693855m, Rue: Rue Paul Bert
Tronçon: 26057042 -> 2450730437, Longueur: 65.65574m, Rue: Rue Bonnefoi
Tronçon: 3824873194 -> 3824873178, Longueur: 31.360703m, Rue: Rue Tourville
Tronçon: 3824873194 -> 25152615, Longueur: 22.91674m, Rue: Rue Domer
Tronçon: 26057043 -> 320914499, Longueur: 67.118385m, Rue: Rue Villeroy
Tronçon: 26057043 -> 25306159, Longueur: 25.489933m, Rue: Rue Paul Bert
Tronçon: 4193445730 -> 55463826, Longueur: 6.4504447m, Rue: Rue Jean Jaurès
Tronçon: 4193445730 -> 55463796, Longueur: 99.45865m, Rue: Rue Jean Jaurès
Tronçon: 4193445730 -> 4193445733, Longueur: 74.169395m, Rue: Rue Raymond Terracher
Tronçon: 1682387539 -> 251050862, Longueur: 114.692825m, Rue: Rue des Prévoyants de l'Avenir
Tronçon: 25336175 -> 25336178, Longueur: 179.80255m, Rue: Rue Jean Renoir
Tronçon: 25336175 -> 25336179, Longueur: 129.12434m, Rue: Rue Jeanne Hachette
Tronçon: 25336175 -> 4428355731, Longueur: 514.477m, Rue: Rue Jeanne Hachette
Tronçon: 25336178 -> 25336189, Longueur: 222.6015m, Rue: Rue du Dauphiné
Tronçon: 25336178 -> 25336175, Longueur: 179.80255m, Rue: Rue Jean Renoir
Tronçon: 194609815 -> 194609836, Longueur: 504.5979m, Rue: Boulevard Laurent Bonnevay
Tronçon: 194609815 -> 244499791, Longueur: 193.06894m, Rue: Rue du 19 Mars 1962
Tronçon: 325213183 -> 325213187, Longueur: 130.32822m, Rue: Impasse Charles Lindbergh
Tronçon: 325213183 -> 26155538, Longueur: 73.98266m, Rue: Avenue Lacassagne
Tronçon: 4193445733 -> 2586814489, Longueur: 24.719471m, Rue: Rue Raymond Terracher
Tronçon: 4193445733 -> 4193445730, Longueur: 74.169395m, Rue: Rue Raymond Terracher
Tronçon: 325213187 -> 325213183, Longueur: 130.32822m, Rue: Impasse Charles Lindbergh
Tronçon: 55457281 -> 55457354, Longueur: 69.84076m, Rue: Cours Tolstoï
Tronçon: 55457281 -> 55474978, Longueur: 190.42087m, Rue: Rue Édouard Aynard
Tronçon: 25336189 -> 2026239409, Longueur: 73.50747m, Rue: Rue du Dauphiné
Tronçon: 25336189 -> 195271, Longueur: 157.39076m, Rue: Rue du Professeur Paul Sisley
Tronçon: 194609803 -> 194609815, Longueur: 105.49011m, Rue: Boulevard Laurent Bonnevay
Tronçon: 2018719148 -> 103755060, Longueur: 26.469484m, Rue: Place d'Arsonval
Tronçon: 2018719148 -> 1039285693, Longueur: 80.84599m, Rue: Cours Albert Thomas
Tronçon: 325213175 -> 649791301, Longueur: 50.0094m, Rue: Rue Trarieux
Tronçon: 325213175 -> 325213179, Longueur: 160.91843m, Rue: Rue Jean Quitout
Tronçon: 55457297 -> 60491705, Longueur: 63.551266m, Rue: Rue Paul Verlaine
Tronçon: 55457297 -> 4025995466, Longueur: 211.99525m, Rue: Rue Florian
Tronçon: 55457297 -> 55457314, Longueur: 103.32832m, Rue: Cours Tolstoï
Tronçon: 25336179 -> 250042857, Longueur: 48.468773m, Rue: Avenue Félix Faure
Tronçon: 25336179 -> 195261, Longueur: 127.18727m, Rue: Avenue Félix Faure
Tronçon: 25336179 -> 25336175, Longueur: 129.12434m, Rue: Rue Jeanne Hachette
Tronçon: 325213179 -> 26155540, Longueur: 54.832844m, Rue: Avenue Lacassagne
Tronçon: 3923472452 -> 35291288, Longueur: 44.03035m, Rue: Place Croix-Paquet
Tronçon: 3923472452 -> 35291292, Longueur: 39.84105m, Rue: Rue Roger Violi
Tronçon: 1370403200 -> 4150021194, Longueur: 7.0364823m, Rue: Rue Émile Decorps
Tronçon: 1370403200 -> 2284488019, Longueur: 101.103355m, Rue: Rue Émile Decorps
Tronçon: 3812424995 -> 18697385, Longueur: 44.747417m, Rue: Rue de la Madeleine
Tronçon: 26084601 -> 26084603, Longueur: 76.93941m, Rue: Rue Victor Lagrange
Tronçon: 26084601 -> 26084599, Longueur: 93.921196m, Rue: Rue de la Grande Famille
Tronçon: 26084600 -> 26084603, Longueur: 83.59167m, Rue: Rue des Bons Enfants
Tronçon: 26084600 -> 26084605, Longueur: 111.05496m, Rue: Rue Galland
Tronçon: 26084600 -> 637043151, Longueur: 81.40663m, Rue: Rue des Bons Enfants
Tronçon: 26084600 -> 26084599, Longueur: 76.08589m, Rue: Rue Galland
Tronçon: 26084603 -> 26084604, Longueur: 85.156555m, Rue: Rue Victor Lagrange
Tronçon: 26084603 -> 26084600, Longueur: 83.59167m, Rue: Rue des Bons Enfants
Tronçon: 283325404 -> 283325403, Longueur: 225.56123m, Rue: Rue Chateaubriand
Tronçon: 283325404 -> 283326996, Longueur: 78.93727m, Rue: Avenue Jean Jaurès
Tronçon: 283325404 -> 26120302, Longueur: 85.979126m, Rue: Avenue Jean Jaurès
Tronçon: 26084605 -> 26084600, Longueur: 111.05496m, Rue: Rue Galland
Tronçon: 26084605 -> 2804431850, Longueur: 2.9483309m, Rue: Rue des Verriers
Tronçon: 26084605 -> 26084606, Longueur: 80.85761m, Rue: Rue des Verriers
Tronçon: 283325403 -> 283325404, Longueur: 225.56123m, Rue: Rue Chateaubriand
Tronçon: 283325403 -> 26115845, Longueur: 124.23306m, Rue: Rue de Gerland
Tronçon: 283325403 -> 25468215, Longueur: 41.793312m, Rue: Rue de Gerland
Tronçon: 26084604 -> 26084609, Longueur: 160.21835m, Rue: Rue Victor Lagrange
Tronçon: 26084604 -> 2804431850, Longueur: 86.538345m, Rue: Rue des Verriers
Tronçon: 87883334 -> 58584528, Longueur: 163.73494m, Rue: Rue Paul Verlaine
Tronçon: 87883334 -> 249084446, Longueur: 51.39974m, Rue: Avenue Aristide Briand
Tronçon: 87883334 -> 58584527, Longueur: 165.78238m, Rue: Rue Paul Verlaine
Tronçon: 26084606 -> 4112101951, Longueur: 116.64377m, Rue: Rue Lortet
Tronçon: 26084606 -> 26084605, Longueur: 80.85761m, Rue: Rue des Verriers
Tronçon: 26084606 -> 637043151, Longueur: 108.58478m, Rue: Rue Lortet
Tronçon: 26084609 -> 3446506083, Longueur: 12.92072m, Rue: Rue Victor Lagrange
Tronçon: 26084609 -> 26131887, Longueur: 174.12933m, Rue: Rue du Professeur Zimmermann
Tronçon: 26084608 -> 21674912, Longueur: 103.59624m, Rue: Boulevard Yves Farge
Tronçon: 26084608 -> 2804431848, Longueur: 64.00386m, Rue: Boulevard Yves Farge
Tronçon: 26084608 -> 4112101951, Longueur: 88.84401m, Rue: Rue Lortet
Tronçon: 26084608 -> 26084719, Longueur: 73.462585m, Rue: Rue Gustave Nadaud
Tronçon: 1242371194 -> 1242371158, Longueur: 214.01912m, Rue: Rue Roger Lenoir
Tronçon: 1242371194 -> 1637473438, Longueur: 53.870914m, Rue: Rue Anatole France
Tronçon: 26057013 -> 21674898, Longueur: 81.704956m, Rue: Rue de la Victoire
Tronçon: 26057013 -> 21674901, Longueur: 51.518547m, Rue: Rue Montebello
Tronçon: 26106468 -> 26106464, Longueur: 68.30846m, Rue: Rue du Président Édouard Herriot
Tronçon: 26106468 -> 26106473, Longueur: 72.023415m, Rue: Rue du Plâtre
Tronçon: 26106468 -> 26106447, Longueur: 192.39197m, Rue: Rue du Bât-d'Argent, Rue du Bât d'Argent
Tronçon: 25337452 -> 25337455, Longueur: 51.1719m, Rue: Rue Creuzet
Tronçon: 25337452 -> 25337461, Longueur: 111.68881m, Rue: Rue Saint-Michel
Tronçon: 25337454 -> 25305955, Longueur: 109.5052m, Rue: Rue Claude Boyer
Tronçon: 25337454 -> 15925438, Longueur: 97.57156m, Rue: Grande Rue de la Guillotière
Tronçon: 25337450 -> 444667873, Longueur: 79.922615m, Rue: Rue de la Madeleine
Tronçon: 25337448 -> 25337450, Longueur: 79.41007m, Rue: Rue Montesquieu
Tronçon: 1513948135 -> 34500665, Longueur: 103.9578m, Rue: Rue Francis de Pressensé
Tronçon: 1513948135 -> 60685036, Longueur: 51.537525m, Rue: Cours André Philip
Tronçon: 1513948135 -> 34500653, Longueur: 97.15755m, Rue: Cours André Philip
Tronçon: 26106475 -> 26106481, Longueur: 70.68437m, Rue: Rue Longue
Tronçon: 26106475 -> 1032776498, Longueur: 49.321846m, Rue: Rue Pléney
Tronçon: 26106473 -> 26106475, Longueur: 81.70722m, Rue: Rue Pléney
Tronçon: 26106473 -> 25722214, Longueur: 35.288094m, Rue: Rue du Plâtre
Tronçon: 34385832 -> 34385840, Longueur: 77.5961m, Rue: Rue Garibaldi
Tronçon: 34385832 -> 1297040320, Longueur: 42.035843m, Rue: Rue Robert
Tronçon: 1465125837 -> 25258530, Longueur: 78.40906m, Rue: Rue d'Arménie
Tronçon: 1465125837 -> 2108824887, Longueur: 48.97536m, Rue: Rue Vendôme
Tronçon: 2450730437 -> 26079690, Longueur: 39.43058m, Rue: Rue Bonnefoi
Tronçon: 26106454 -> 26106448, Longueur: 75.34541m, Rue: Rue Neuve
Tronçon: 26106454 -> 26106483, Longueur: 127.82721m, Rue: Rue Neuve
Tronçon: 25337462 -> 25450962, Longueur: 83.20405m, Rue: Rue d'Anvers
Tronçon: 25337462 -> 25337463, Longueur: 45.00767m, Rue: Rue Montesquieu
Tronçon: 25337463 -> 25337461, Longueur: 60.524563m, Rue: Avenue Jean Jaurès
Tronçon: 25337463 -> 25337455, Longueur: 92.825195m, Rue: Rue Montesquieu
Tronçon: 25337464 -> 25337466, Longueur: 99.33781m, Rue: Rue Saint-Michel
Tronçon: 25337464 -> 25337467, Longueur: 90.39862m, Rue: Rue Sébastien Gryphe
Tronçon: 25337465 -> 26058163, Longueur: 33.743633m, Rue: Rue Béchevelin
Tronçon: 25337465 -> 25337469, Longueur: 60.993687m, Rue: Rue Béchevelin
Tronçon: 25337460 -> 25337459, Longueur: 48.631847m, Rue: Rue Saint-Michel
Tronçon: 25337460 -> 25337462, Longueur: 60.540493m, Rue: Rue d'Anvers
Tronçon: 25337461 -> 24009841, Longueur: 51.12456m, Rue: Avenue Jean Jaurès
Tronçon: 25337461 -> 25337460, Longueur: 23.412828m, Rue: Rue Saint-Michel
Tronçon: 25337459 -> 25337464, Longueur: 62.91071m, Rue: Rue Saint-Michel
Tronçon: 25337459 -> 25337458, Longueur: 60.48793m, Rue: Rue Chalopin
Tronçon: 34385840 -> 528993508, Longueur: 99.02811m, Rue: Rue Garibaldi
Tronçon: 34385840 -> 1026166670, Longueur: 76.4226m, Rue: Cours Lafayette
Tronçon: 25337455 -> 25337448, Longueur: 84.29086m, Rue: Rue Montesquieu
Tronçon: 25337455 -> 25337456, Longueur: 64.44327m, Rue: Rue Creuzet
Tronçon: 25337456 -> 25153074, Longueur: 117.96093m, Rue: Rue Creuzet
Tronçon: 25337456 -> 21604533, Longueur: 68.711266m, Rue: Rue de la Thibaudière
Tronçon: 25337456 -> 25153103, Longueur: 84.216705m, Rue: Rue de la Thibaudière
Tronçon: 2930837817 -> 409269455, Longueur: 102.82409m, Rue: Impasse de la Baudette
Tronçon: 25337457 -> 195250, Longueur: 78.31303m, Rue: Grande Rue de la Guillotière
Tronçon: 25337457 -> 25337452, Longueur: 90.95457m, Rue: Rue Creuzet
Tronçon: 25337458 -> 25337462, Longueur: 45.678165m, Rue: Rue Montesquieu
Tronçon: 25337458 -> 565447495, Longueur: 86.95501m, Rue: Rue Chalopin
Tronçon: 26106464 -> 1472054610, Longueur: 30.70738m, Rue: Rue Pizay
Tronçon: 26106464 -> 730804047, Longueur: 63.498356m, Rue: Rue du Président Édouard Herriot
Tronçon: 26106460 -> 1472054610, Longueur: 102.24986m, Rue: Rue Pizay
Tronçon: 26106460 -> 26480146, Longueur: 59.558266m, Rue: Rue Pizay
Tronçon: 55475052 -> 55474983, Longueur: 118.67187m, Rue: Rue Édouard Aynard
Tronçon: 26106449 -> 26106448, Longueur: 37.589275m, Rue: Rue de la Bourse
Tronçon: 26106449 -> 26106484, Longueur: 139.99698m, Rue: Rue Gentil
Tronçon: 26106447 -> 26480144, Longueur: 70.157745m, Rue: Rue du Garet
Tronçon: 26106447 -> 26480120, Longueur: 96.69802m, Rue: Rue du Bât d'Argent
Tronçon: 26106448 -> 26106447, Longueur: 88.5863m, Rue: Rue de la Bourse
Tronçon: 567809298 -> 1301805017, Longueur: 9.693007m, Rue: Allée Léopold Sédar Senghor
Tronçon: 567809298 -> 3002320972, Longueur: 54.95147m, Rue: Allée Léopold Sédar Senghor
Tronçon: 1026030602 -> 60755990, Longueur: 256.92346m, Rue: Rue François Gros
Tronçon: 1026030602 -> 1676885834, Longueur: 59.69655m, Rue: Route de Vienne
Tronçon: 25337466 -> 25337465, Longueur: 65.98547m, Rue: Rue Saint-Michel
Tronçon: 25337466 -> 25337468, Longueur: 61.27467m, Rue: Rue du Capitaine Robert Cluzan
Tronçon: 25337467 -> 663650280, Longueur: 65.44931m, Rue: Grande Rue de la Guillotière
Tronçon: 25337467 -> 25452393, Longueur: 157.67104m, Rue: Rue Sébastien Gryphe
Tronçon: 25337468 -> 25450960, Longueur: 90.19256m, Rue: Rue Montesquieu
Tronçon: 25337468 -> 25450965, Longueur: 77.853355m, Rue: Rue du Capitaine Robert Cluzan
Tronçon: 25337469 -> 25337468, Longueur: 69.15885m, Rue: Rue Montesquieu
Tronçon: 25337469 -> 663650175, Longueur: 23.370407m, Rue: Rue Béchevelin
Tronçon: 26106453 -> 26106477, Longueur: 126.040886m, Rue: Rue Mulet
Tronçon: 34499743 -> 1367639422, Longueur: 41.933548m, Rue: 
Tronçon: 26106451 -> 273216489, Longueur: 25.713573m, Rue: Place des Cordeliers
Tronçon: 26106451 -> 959373467, Longueur: 9.366242m, Rue: Rue de la Bourse
Tronçon: 34499745 -> 27512824, Longueur: 82.43598m, Rue: Rue de la Doua
Tronçon: 34499745 -> 195325673, Longueur: 225.54529m, Rue: Rue Léon Fabre
Tronçon: 34499745 -> 1028231661, Longueur: 224.0172m, Rue: Rue de la Doua
Tronçon: 3266667859 -> 244499777, Longueur: 499.03467m, Rue: Rue Jean Bouin
Tronçon: 3266667859 -> 244499815, Longueur: 18.80024m, Rue: Rue Jean Bouin
Tronçon: 279629983 -> 279629283, Longueur: 8.384981m, Rue: Rue du Quartier Neuf
Tronçon: 279629983 -> 1678996810, Longueur: 295.04138m, Rue: Avenue de Saint-Exupéry
Tronçon: 279629983 -> 1613914198, Longueur: 169.40163m, Rue: Rue Léon Bourgeois
Tronçon: 644880770 -> 21604600, Longueur: 69.56085m, Rue: Avenue Rockefeller
Tronçon: 644880770 -> 3760085988, Longueur: 7.9133387m, Rue: Rue Nungesser et Coli
Tronçon: 26064143 -> 26064162, Longueur: 16.0683m, Rue: Rue Vauban
Tronçon: 1468760675 -> 25622570, Longueur: 25.597965m, Rue: Avenue Leclerc
Tronçon: 1468760675 -> 25622571, Longueur: 21.51374m, Rue: Avenue Leclerc
Tronçon: 1026030617 -> 1676885834, Longueur: 9.763474m, Rue: Rue Henri Barbusse
Tronçon: 1026030617 -> 1026030676, Longueur: 14.449394m, Rue: Route de Vienne
Tronçon: 1026030617 -> 600873327, Longueur: 17.04185m, Rue: Route de Vienne
Tronçon: 1789612770 -> 1988133079, Longueur: 96.57666m, Rue: Rue Louis Bocquet
Tronçon: 1789612770 -> 1988133711, Longueur: 91.08942m, Rue: Rue Cyprian
Tronçon: 1789612770 -> 1835841713, Longueur: 78.78756m, Rue: Rue Cyprian
Tronçon: 26106405 -> 1504023584, Longueur: 28.448494m, Rue: Rue Tupin
Tronçon: 26106405 -> 26106404, Longueur: 94.97768m, Rue: Rue de Brest
Tronçon: 26106403 -> 26106297, Longueur: 91.4459m, Rue: Rue de Brest
Tronçon: 26106403 -> 25743299, Longueur: 57.500027m, Rue: Rue Thomassin
Tronçon: 26106404 -> 26106403, Longueur: 45.53704m, Rue: Rue de Brest
Tronçon: 26064162 -> 25614299, Longueur: 124.37893m, Rue: Quai Général Sarrail
Tronçon: 1026030630 -> 2431836610, Longueur: 11.945909m, Rue: Route de Vienne
Tronçon: 1026030630 -> 1026030602, Longueur: 12.044212m, Rue: Route de Vienne
]]></system-out>
  </testcase>
</testsuite>